[2023-10-03T11:33:12.048+0000] {taskinstance.py:1157} INFO - Dependencies all met for dep_context=non-requeueable deps ti=<TaskInstance: create_tables.create_MLcustomer_table scheduled__2023-10-02T00:00:00+00:00 [queued]>
[2023-10-03T11:33:12.063+0000] {taskinstance.py:1157} INFO - Dependencies all met for dep_context=requeueable deps ti=<TaskInstance: create_tables.create_MLcustomer_table scheduled__2023-10-02T00:00:00+00:00 [queued]>
[2023-10-03T11:33:12.064+0000] {taskinstance.py:1359} INFO - Starting attempt 1 of 1
[2023-10-03T11:33:12.085+0000] {taskinstance.py:1380} INFO - Executing <Task(PostgresOperator): create_MLcustomer_table> on 2023-10-02 00:00:00+00:00
[2023-10-03T11:33:12.093+0000] {standard_task_runner.py:57} INFO - Started process 76 to run task
[2023-10-03T11:33:12.098+0000] {standard_task_runner.py:84} INFO - Running: ['***', 'tasks', 'run', 'create_tables', 'create_MLcustomer_table', 'scheduled__2023-10-02T00:00:00+00:00', '--job-id', '115', '--raw', '--subdir', 'DAGS_FOLDER/process_data.py', '--cfg-path', '/tmp/tmpw16yzxg3']
[2023-10-03T11:33:12.100+0000] {standard_task_runner.py:85} INFO - Job 115: Subtask create_MLcustomer_table
[2023-10-03T11:33:12.168+0000] {task_command.py:415} INFO - Running <TaskInstance: create_tables.create_MLcustomer_table scheduled__2023-10-02T00:00:00+00:00 [running]> on host 512862c0b37b
[2023-10-03T11:33:12.292+0000] {taskinstance.py:1660} INFO - Exporting env vars: AIRFLOW_CTX_DAG_OWNER='***' AIRFLOW_CTX_DAG_ID='create_tables' AIRFLOW_CTX_TASK_ID='create_MLcustomer_table' AIRFLOW_CTX_EXECUTION_DATE='2023-10-02T00:00:00+00:00' AIRFLOW_CTX_TRY_NUMBER='1' AIRFLOW_CTX_DAG_RUN_ID='scheduled__2023-10-02T00:00:00+00:00'
[2023-10-03T11:33:12.294+0000] {sql.py:274} INFO - Executing: 
            CREATE TABLE IF NOT EXISTS machine_learning_customerchurn(
                state TEXT NULL,
                account_length INTEGER NULL,
                area_code INTEGER NULL,
                phone_number TEXT NULL,
                international_plan TEXT NULL,
                voice_mail_plan TEXT NULL,
                number_vmail_messages INTEGER NULL,
                total_day_minutes FLOAT NULL,
                total_day_calls INTEGER NULL,
                total_day_charge FLOAT NULL,
                total_eve_minutes FLOAT NULL,
                total_eve_calls INTEGER NULL,
                total_eve_charge FLOAT NULL,
                total_night_minutes FLOAT NULL,
                total_night_calls INTEGER NULL,
                total_night_charge FLOAT NULL,
                total_intl_minutes FLOAT NULL,
                total_intl_calls INTEGER NULL,
                total_intl_charge FLOAT NULL,
                customer_service_calls INTEGER NULL,
                churn BOOLEAN NULL
            );
        
[2023-10-03T11:33:12.310+0000] {base.py:73} INFO - Using connection ID 'postgres' for task execution.
[2023-10-03T11:33:12.333+0000] {base.py:73} INFO - Using connection ID 'postgres' for task execution.
[2023-10-03T11:33:12.341+0000] {sql.py:418} INFO - Running statement: 
            CREATE TABLE IF NOT EXISTS machine_learning_customerchurn(
                state TEXT NULL,
                account_length INTEGER NULL,
                area_code INTEGER NULL,
                phone_number TEXT NULL,
                international_plan TEXT NULL,
                voice_mail_plan TEXT NULL,
                number_vmail_messages INTEGER NULL,
                total_day_minutes FLOAT NULL,
                total_day_calls INTEGER NULL,
                total_day_charge FLOAT NULL,
                total_eve_minutes FLOAT NULL,
                total_eve_calls INTEGER NULL,
                total_eve_charge FLOAT NULL,
                total_night_minutes FLOAT NULL,
                total_night_calls INTEGER NULL,
                total_night_charge FLOAT NULL,
                total_intl_minutes FLOAT NULL,
                total_intl_calls INTEGER NULL,
                total_intl_charge FLOAT NULL,
                customer_service_calls INTEGER NULL,
                churn BOOLEAN NULL
            );
        , parameters: None
[2023-10-03T11:33:12.361+0000] {taskinstance.py:1398} INFO - Marking task as SUCCESS. dag_id=create_tables, task_id=create_MLcustomer_table, execution_date=20231002T000000, start_date=20231003T113312, end_date=20231003T113312
[2023-10-03T11:33:12.392+0000] {local_task_job_runner.py:228} INFO - Task exited with return code 0
[2023-10-03T11:33:12.419+0000] {taskinstance.py:2776} INFO - 1 downstream tasks scheduled from follow-on schedule check
