[2023-10-03T11:33:13.050+0000] {taskinstance.py:1157} INFO - Dependencies all met for dep_context=non-requeueable deps ti=<TaskInstance: create_tables.extr_data scheduled__2023-10-02T00:00:00+00:00 [queued]>
[2023-10-03T11:33:13.063+0000] {taskinstance.py:1157} INFO - Dependencies all met for dep_context=requeueable deps ti=<TaskInstance: create_tables.extr_data scheduled__2023-10-02T00:00:00+00:00 [queued]>
[2023-10-03T11:33:13.064+0000] {taskinstance.py:1359} INFO - Starting attempt 1 of 1
[2023-10-03T11:33:13.079+0000] {taskinstance.py:1380} INFO - Executing <Task(GenericTransfer): extr_data> on 2023-10-02 00:00:00+00:00
[2023-10-03T11:33:13.087+0000] {standard_task_runner.py:57} INFO - Started process 82 to run task
[2023-10-03T11:33:13.091+0000] {standard_task_runner.py:84} INFO - Running: ['***', 'tasks', 'run', 'create_tables', 'extr_data', 'scheduled__2023-10-02T00:00:00+00:00', '--job-id', '116', '--raw', '--subdir', 'DAGS_FOLDER/process_data.py', '--cfg-path', '/tmp/tmplsayhxu1']
[2023-10-03T11:33:13.093+0000] {standard_task_runner.py:85} INFO - Job 116: Subtask extr_data
[2023-10-03T11:33:13.149+0000] {task_command.py:415} INFO - Running <TaskInstance: create_tables.extr_data scheduled__2023-10-02T00:00:00+00:00 [running]> on host eb8068a047da
[2023-10-03T11:33:13.252+0000] {taskinstance.py:1660} INFO - Exporting env vars: AIRFLOW_CTX_DAG_OWNER='***' AIRFLOW_CTX_DAG_ID='create_tables' AIRFLOW_CTX_TASK_ID='extr_data' AIRFLOW_CTX_EXECUTION_DATE='2023-10-02T00:00:00+00:00' AIRFLOW_CTX_TRY_NUMBER='1' AIRFLOW_CTX_DAG_RUN_ID='scheduled__2023-10-02T00:00:00+00:00'
[2023-10-03T11:33:13.262+0000] {base.py:73} INFO - Using connection ID 'pgdatabase' for task execution.
[2023-10-03T11:33:13.273+0000] {base.py:73} INFO - Using connection ID 'postgres' for task execution.
[2023-10-03T11:33:13.274+0000] {generic_transfer.py:77} INFO - Extracting data from pgdatabase
[2023-10-03T11:33:13.275+0000] {generic_transfer.py:78} INFO - Executing: 
 SELECT state,account_length,area_code,phone_number,international_plan,voice_mail_plan,number_vmail_messages,total_day_minutes,total_day_calls,total_day_charge,total_eve_minutes,total_eve_calls,total_eve_charge,total_night_minutes,total_night_calls,total_night_charge,total_intl_minutes,total_intl_calls,total_intl_charge,customer_service_calls,churn FROM public.machine_learning_customerchurn WHERE customer_service_calls < 2;
[2023-10-03T11:33:13.283+0000] {base.py:73} INFO - Using connection ID 'pgdatabase' for task execution.
[2023-10-03T11:33:13.289+0000] {sql.py:418} INFO - Running statement: SELECT state,account_length,area_code,phone_number,international_plan,voice_mail_plan,number_vmail_messages,total_day_minutes,total_day_calls,total_day_charge,total_eve_minutes,total_eve_calls,total_eve_charge,total_night_minutes,total_night_calls,total_night_charge,total_intl_minutes,total_intl_calls,total_intl_charge,customer_service_calls,churn FROM public.machine_learning_customerchurn WHERE customer_service_calls < 2;, parameters: None
[2023-10-03T11:33:13.301+0000] {sql.py:427} INFO - Rows affected: 5634
[2023-10-03T11:33:13.323+0000] {generic_transfer.py:95} INFO - Running preoperator
[2023-10-03T11:33:13.324+0000] {generic_transfer.py:96} INFO - TRUNCATE TABLE machine_learning_customerchurn;
[2023-10-03T11:33:13.332+0000] {base.py:73} INFO - Using connection ID 'postgres' for task execution.
[2023-10-03T11:33:13.337+0000] {sql.py:418} INFO - Running statement: TRUNCATE TABLE machine_learning_customerchurn;, parameters: None
[2023-10-03T11:33:13.347+0000] {generic_transfer.py:105} INFO - Inserting rows into postgres
[2023-10-03T11:33:13.356+0000] {base.py:73} INFO - Using connection ID 'postgres' for task execution.
[2023-10-03T11:33:13.653+0000] {sql.py:512} INFO - Loaded 1000 rows into machine_learning_customerchurn so far
[2023-10-03T11:33:13.928+0000] {sql.py:512} INFO - Loaded 2000 rows into machine_learning_customerchurn so far
[2023-10-03T11:33:14.139+0000] {sql.py:512} INFO - Loaded 3000 rows into machine_learning_customerchurn so far
[2023-10-03T11:33:14.302+0000] {sql.py:512} INFO - Loaded 4000 rows into machine_learning_customerchurn so far
[2023-10-03T11:33:14.466+0000] {sql.py:512} INFO - Loaded 5000 rows into machine_learning_customerchurn so far
[2023-10-03T11:33:14.566+0000] {sql.py:515} INFO - Done loading. Loaded a total of 5634 rows into machine_learning_customerchurn
[2023-10-03T11:33:14.576+0000] {taskinstance.py:1398} INFO - Marking task as SUCCESS. dag_id=create_tables, task_id=extr_data, execution_date=20231002T000000, start_date=20231003T113313, end_date=20231003T113314
[2023-10-03T11:33:14.630+0000] {local_task_job_runner.py:228} INFO - Task exited with return code 0
[2023-10-03T11:33:14.645+0000] {taskinstance.py:2776} INFO - 0 downstream tasks scheduled from follow-on schedule check
