[2023-09-20T12:49:34.644+0000] {taskinstance.py:1165} INFO - Dependencies all met for <TaskInstance: create_ML_customerchurn.create_user_table manual__2023-09-20T12:49:32.815156+00:00 [queued]>
[2023-09-20T12:49:34.672+0000] {taskinstance.py:1165} INFO - Dependencies all met for <TaskInstance: create_ML_customerchurn.create_user_table manual__2023-09-20T12:49:32.815156+00:00 [queued]>
[2023-09-20T12:49:34.674+0000] {taskinstance.py:1362} INFO - 
--------------------------------------------------------------------------------
[2023-09-20T12:49:34.681+0000] {taskinstance.py:1363} INFO - Starting attempt 1 of 1
[2023-09-20T12:49:34.683+0000] {taskinstance.py:1364} INFO - 
--------------------------------------------------------------------------------
[2023-09-20T12:49:34.712+0000] {taskinstance.py:1383} INFO - Executing <Task(PostgresOperator): create_user_table> on 2023-09-20 12:49:32.815156+00:00
[2023-09-20T12:49:34.732+0000] {standard_task_runner.py:55} INFO - Started process 16255 to run task
[2023-09-20T12:49:34.744+0000] {standard_task_runner.py:82} INFO - Running: ['***', 'tasks', 'run', 'create_ML_customerchurn', 'create_user_table', 'manual__2023-09-20T12:49:32.815156+00:00', '--job-id', '13', '--raw', '--subdir', 'DAGS_FOLDER/copy_db.py', '--cfg-path', '/tmp/tmpbpyusc18']
[2023-09-20T12:49:34.745+0000] {standard_task_runner.py:83} INFO - Job 13: Subtask create_user_table
[2023-09-20T12:49:34.908+0000] {task_command.py:376} INFO - Running <TaskInstance: create_ML_customerchurn.create_user_table manual__2023-09-20T12:49:32.815156+00:00 [running]> on host 411713a30e55
[2023-09-20T12:49:35.077+0000] {taskinstance.py:1592} INFO - Exporting the following env vars:
AIRFLOW_CTX_DAG_OWNER=***
AIRFLOW_CTX_DAG_ID=create_ML_customerchurn
AIRFLOW_CTX_TASK_ID=create_user_table
AIRFLOW_CTX_EXECUTION_DATE=2023-09-20T12:49:32.815156+00:00
AIRFLOW_CTX_TRY_NUMBER=1
AIRFLOW_CTX_DAG_RUN_ID=manual__2023-09-20T12:49:32.815156+00:00
[2023-09-20T12:49:35.104+0000] {base.py:71} INFO - Using connection ID 'postgres' for task execution.
[2023-09-20T12:49:35.114+0000] {sql.py:315} INFO - Running statement: 
            CREATE TABLE IF NOT EXISTS users(
                first_name TEXT NULL,
                last_name TEXT NULL,
                email TEXT NULL,
                street_number SMALLINT NULL,
                street_name TEXT NULL,
                surburb TEXT NULL,
                post_code INTEGER NULL,
                state TEXT NULL, 
                country TEXT NULL
            );
        , parameters: None
[2023-09-20T12:49:35.162+0000] {taskinstance.py:1406} INFO - Marking task as SUCCESS. dag_id=create_ML_customerchurn, task_id=create_user_table, execution_date=20230920T124932, start_date=20230920T124934, end_date=20230920T124935
[2023-09-20T12:49:35.240+0000] {local_task_job.py:164} INFO - Task exited with return code 0
[2023-09-20T12:49:35.278+0000] {local_task_job.py:273} INFO - 0 downstream tasks scheduled from follow-on schedule check
