[2023-09-23T11:05:20.719+0000] {taskinstance.py:1165} INFO - Dependencies all met for <TaskInstance: process_data.get_data manual__2023-09-23T11:05:19.639467+00:00 [queued]>
[2023-09-23T11:05:20.728+0000] {taskinstance.py:1165} INFO - Dependencies all met for <TaskInstance: process_data.get_data manual__2023-09-23T11:05:19.639467+00:00 [queued]>
[2023-09-23T11:05:20.728+0000] {taskinstance.py:1362} INFO - 
--------------------------------------------------------------------------------
[2023-09-23T11:05:20.729+0000] {taskinstance.py:1363} INFO - Starting attempt 1 of 1
[2023-09-23T11:05:20.729+0000] {taskinstance.py:1364} INFO - 
--------------------------------------------------------------------------------
[2023-09-23T11:05:20.741+0000] {taskinstance.py:1383} INFO - Executing <Task(_PythonDecoratedOperator): get_data> on 2023-09-23 11:05:19.639467+00:00
[2023-09-23T11:05:20.746+0000] {standard_task_runner.py:55} INFO - Started process 1764 to run task
[2023-09-23T11:05:20.749+0000] {standard_task_runner.py:82} INFO - Running: ['***', 'tasks', 'run', 'process_data', 'get_data', 'manual__2023-09-23T11:05:19.639467+00:00', '--job-id', '77', '--raw', '--subdir', 'DAGS_FOLDER/data_retrieval.py', '--cfg-path', '/tmp/tmpt1nl97w_']
[2023-09-23T11:05:20.750+0000] {standard_task_runner.py:83} INFO - Job 77: Subtask get_data
[2023-09-23T11:05:20.800+0000] {task_command.py:376} INFO - Running <TaskInstance: process_data.get_data manual__2023-09-23T11:05:19.639467+00:00 [running]> on host 20e0c20d2e1d
[2023-09-23T11:05:20.849+0000] {taskinstance.py:1592} INFO - Exporting the following env vars:
AIRFLOW_CTX_DAG_OWNER=***
AIRFLOW_CTX_DAG_ID=process_data
AIRFLOW_CTX_TASK_ID=get_data
AIRFLOW_CTX_EXECUTION_DATE=2023-09-23T11:05:19.639467+00:00
AIRFLOW_CTX_TRY_NUMBER=1
AIRFLOW_CTX_DAG_RUN_ID=manual__2023-09-23T11:05:19.639467+00:00
[2023-09-23T11:05:20.856+0000] {base.py:71} INFO - Using connection ID 'pgdatabase' for task execution.
[2023-09-23T11:05:20.878+0000] {python.py:177} INFO - Done. Returned value was: None
[2023-09-23T11:05:20.887+0000] {taskinstance.py:1406} INFO - Marking task as SUCCESS. dag_id=process_data, task_id=get_data, execution_date=20230923T110519, start_date=20230923T110520, end_date=20230923T110520
[2023-09-23T11:05:20.921+0000] {local_task_job.py:164} INFO - Task exited with return code 0
[2023-09-23T11:05:20.936+0000] {local_task_job.py:273} INFO - 0 downstream tasks scheduled from follow-on schedule check
