[2023-09-24T02:01:26.466+0000] {taskinstance.py:1165} INFO - Dependencies all met for <TaskInstance: process_data.get_data scheduled__2023-09-23T00:00:00+00:00 [queued]>
[2023-09-24T02:01:26.486+0000] {taskinstance.py:1165} INFO - Dependencies all met for <TaskInstance: process_data.get_data scheduled__2023-09-23T00:00:00+00:00 [queued]>
[2023-09-24T02:01:26.487+0000] {taskinstance.py:1362} INFO - 
--------------------------------------------------------------------------------
[2023-09-24T02:01:26.488+0000] {taskinstance.py:1363} INFO - Starting attempt 1 of 1
[2023-09-24T02:01:26.488+0000] {taskinstance.py:1364} INFO - 
--------------------------------------------------------------------------------
[2023-09-24T02:01:26.518+0000] {taskinstance.py:1383} INFO - Executing <Task(_PythonDecoratedOperator): get_data> on 2023-09-23 00:00:00+00:00
[2023-09-24T02:01:26.527+0000] {standard_task_runner.py:55} INFO - Started process 75 to run task
[2023-09-24T02:01:26.534+0000] {standard_task_runner.py:82} INFO - Running: ['***', 'tasks', 'run', 'process_data', 'get_data', 'scheduled__2023-09-23T00:00:00+00:00', '--job-id', '91', '--raw', '--subdir', 'DAGS_FOLDER/data_retrieval.py', '--cfg-path', '/tmp/tmpk60lh85k']
[2023-09-24T02:01:26.535+0000] {standard_task_runner.py:83} INFO - Job 91: Subtask get_data
[2023-09-24T02:01:26.682+0000] {task_command.py:376} INFO - Running <TaskInstance: process_data.get_data scheduled__2023-09-23T00:00:00+00:00 [running]> on host 20e0c20d2e1d
[2023-09-24T02:01:26.835+0000] {taskinstance.py:1592} INFO - Exporting the following env vars:
AIRFLOW_CTX_DAG_OWNER=***
AIRFLOW_CTX_DAG_ID=process_data
AIRFLOW_CTX_TASK_ID=get_data
AIRFLOW_CTX_EXECUTION_DATE=2023-09-23T00:00:00+00:00
AIRFLOW_CTX_TRY_NUMBER=1
AIRFLOW_CTX_DAG_RUN_ID=scheduled__2023-09-23T00:00:00+00:00
[2023-09-24T02:01:26.853+0000] {base.py:71} INFO - Using connection ID 'pgdatabase' for task execution.
[2023-09-24T02:01:26.903+0000] {python.py:177} INFO - Done. Returned value was: None
[2023-09-24T02:01:26.922+0000] {taskinstance.py:1406} INFO - Marking task as SUCCESS. dag_id=process_data, task_id=get_data, execution_date=20230923T000000, start_date=20230924T020126, end_date=20230924T020126
[2023-09-24T02:01:26.987+0000] {local_task_job.py:164} INFO - Task exited with return code 0
[2023-09-24T02:01:27.023+0000] {local_task_job.py:273} INFO - 0 downstream tasks scheduled from follow-on schedule check
