[2023-09-24T02:01:21.256+0000] {processor.py:154} INFO - Started process (PID=46) to work on /opt/airflow/dags/data_retrieval.py
[2023-09-24T02:01:21.257+0000] {processor.py:756} INFO - Processing file /opt/airflow/dags/data_retrieval.py for tasks to queue
[2023-09-24T02:01:21.259+0000] {logging_mixin.py:120} INFO - [2023-09-24T02:01:21.259+0000] {dagbag.py:537} INFO - Filling up the DagBag from /opt/airflow/dags/data_retrieval.py
[2023-09-24T02:01:21.316+0000] {logging_mixin.py:120} WARNING - /home/airflow/.local/lib/python3.7/site-packages/airflow/models/dag.py:3437 RemovedInAirflow3Warning: Param `schedule_interval` is deprecated and will be removed in a future release. Please use `schedule` instead.
[2023-09-24T02:01:21.327+0000] {processor.py:766} INFO - DAG(s) dict_keys(['process_data']) retrieved from /opt/airflow/dags/data_retrieval.py
[2023-09-24T02:01:21.412+0000] {logging_mixin.py:120} INFO - [2023-09-24T02:01:21.412+0000] {dag.py:2585} INFO - Sync 1 DAGs
[2023-09-24T02:01:21.444+0000] {logging_mixin.py:120} INFO - [2023-09-24T02:01:21.444+0000] {dag.py:3340} INFO - Setting next_dagrun for process_data to 2023-09-23T00:00:00+00:00, run_after=2023-09-24T00:00:00+00:00
[2023-09-24T02:01:21.483+0000] {processor.py:176} INFO - Processing /opt/airflow/dags/data_retrieval.py took 0.231 seconds
[2023-09-24T02:01:51.715+0000] {processor.py:154} INFO - Started process (PID=81) to work on /opt/airflow/dags/data_retrieval.py
[2023-09-24T02:01:51.716+0000] {processor.py:756} INFO - Processing file /opt/airflow/dags/data_retrieval.py for tasks to queue
[2023-09-24T02:01:51.717+0000] {logging_mixin.py:120} INFO - [2023-09-24T02:01:51.717+0000] {dagbag.py:537} INFO - Filling up the DagBag from /opt/airflow/dags/data_retrieval.py
[2023-09-24T02:01:51.757+0000] {logging_mixin.py:120} WARNING - /home/airflow/.local/lib/python3.7/site-packages/airflow/models/dag.py:3437 RemovedInAirflow3Warning: Param `schedule_interval` is deprecated and will be removed in a future release. Please use `schedule` instead.
[2023-09-24T02:01:51.766+0000] {processor.py:766} INFO - DAG(s) dict_keys(['process_data']) retrieved from /opt/airflow/dags/data_retrieval.py
[2023-09-24T02:01:51.796+0000] {logging_mixin.py:120} INFO - [2023-09-24T02:01:51.796+0000] {dag.py:2585} INFO - Sync 1 DAGs
[2023-09-24T02:01:51.815+0000] {logging_mixin.py:120} INFO - [2023-09-24T02:01:51.815+0000] {dag.py:3340} INFO - Setting next_dagrun for process_data to 2023-09-24T00:00:00+00:00, run_after=2023-09-25T00:00:00+00:00
[2023-09-24T02:01:51.831+0000] {processor.py:176} INFO - Processing /opt/airflow/dags/data_retrieval.py took 0.118 seconds
[2023-09-24T02:02:22.249+0000] {processor.py:154} INFO - Started process (PID=111) to work on /opt/airflow/dags/data_retrieval.py
[2023-09-24T02:02:22.250+0000] {processor.py:756} INFO - Processing file /opt/airflow/dags/data_retrieval.py for tasks to queue
[2023-09-24T02:02:22.251+0000] {logging_mixin.py:120} INFO - [2023-09-24T02:02:22.251+0000] {dagbag.py:537} INFO - Filling up the DagBag from /opt/airflow/dags/data_retrieval.py
[2023-09-24T02:02:22.296+0000] {logging_mixin.py:120} WARNING - /home/airflow/.local/lib/python3.7/site-packages/airflow/models/dag.py:3437 RemovedInAirflow3Warning: Param `schedule_interval` is deprecated and will be removed in a future release. Please use `schedule` instead.
[2023-09-24T02:02:22.304+0000] {processor.py:766} INFO - DAG(s) dict_keys(['process_data']) retrieved from /opt/airflow/dags/data_retrieval.py
[2023-09-24T02:02:22.337+0000] {logging_mixin.py:120} INFO - [2023-09-24T02:02:22.337+0000] {dag.py:2585} INFO - Sync 1 DAGs
[2023-09-24T02:02:22.358+0000] {logging_mixin.py:120} INFO - [2023-09-24T02:02:22.358+0000] {dag.py:3340} INFO - Setting next_dagrun for process_data to 2023-09-24T00:00:00+00:00, run_after=2023-09-25T00:00:00+00:00
[2023-09-24T02:02:22.374+0000] {processor.py:176} INFO - Processing /opt/airflow/dags/data_retrieval.py took 0.128 seconds
[2023-09-24T02:02:52.752+0000] {processor.py:154} INFO - Started process (PID=132) to work on /opt/airflow/dags/data_retrieval.py
[2023-09-24T02:02:52.754+0000] {processor.py:756} INFO - Processing file /opt/airflow/dags/data_retrieval.py for tasks to queue
[2023-09-24T02:02:52.755+0000] {logging_mixin.py:120} INFO - [2023-09-24T02:02:52.755+0000] {dagbag.py:537} INFO - Filling up the DagBag from /opt/airflow/dags/data_retrieval.py
[2023-09-24T02:02:52.788+0000] {logging_mixin.py:120} WARNING - /home/airflow/.local/lib/python3.7/site-packages/airflow/models/dag.py:3437 RemovedInAirflow3Warning: Param `schedule_interval` is deprecated and will be removed in a future release. Please use `schedule` instead.
[2023-09-24T02:02:52.796+0000] {processor.py:766} INFO - DAG(s) dict_keys(['process_data']) retrieved from /opt/airflow/dags/data_retrieval.py
[2023-09-24T02:02:52.828+0000] {logging_mixin.py:120} INFO - [2023-09-24T02:02:52.828+0000] {dag.py:2585} INFO - Sync 1 DAGs
[2023-09-24T02:02:52.849+0000] {logging_mixin.py:120} INFO - [2023-09-24T02:02:52.849+0000] {dag.py:3340} INFO - Setting next_dagrun for process_data to 2023-09-24T00:00:00+00:00, run_after=2023-09-25T00:00:00+00:00
[2023-09-24T02:02:52.874+0000] {processor.py:176} INFO - Processing /opt/airflow/dags/data_retrieval.py took 0.125 seconds
[2023-09-24T02:03:23.160+0000] {processor.py:154} INFO - Started process (PID=161) to work on /opt/airflow/dags/data_retrieval.py
[2023-09-24T02:03:23.162+0000] {processor.py:756} INFO - Processing file /opt/airflow/dags/data_retrieval.py for tasks to queue
[2023-09-24T02:03:23.163+0000] {logging_mixin.py:120} INFO - [2023-09-24T02:03:23.163+0000] {dagbag.py:537} INFO - Filling up the DagBag from /opt/airflow/dags/data_retrieval.py
[2023-09-24T02:03:23.201+0000] {logging_mixin.py:120} WARNING - /home/airflow/.local/lib/python3.7/site-packages/airflow/models/dag.py:3437 RemovedInAirflow3Warning: Param `schedule_interval` is deprecated and will be removed in a future release. Please use `schedule` instead.
[2023-09-24T02:03:23.210+0000] {processor.py:766} INFO - DAG(s) dict_keys(['process_data']) retrieved from /opt/airflow/dags/data_retrieval.py
[2023-09-24T02:03:23.240+0000] {logging_mixin.py:120} INFO - [2023-09-24T02:03:23.240+0000] {dag.py:2585} INFO - Sync 1 DAGs
[2023-09-24T02:03:23.260+0000] {logging_mixin.py:120} INFO - [2023-09-24T02:03:23.260+0000] {dag.py:3340} INFO - Setting next_dagrun for process_data to 2023-09-24T00:00:00+00:00, run_after=2023-09-25T00:00:00+00:00
[2023-09-24T02:03:23.278+0000] {processor.py:176} INFO - Processing /opt/airflow/dags/data_retrieval.py took 0.120 seconds
[2023-09-24T02:03:53.685+0000] {processor.py:154} INFO - Started process (PID=191) to work on /opt/airflow/dags/data_retrieval.py
[2023-09-24T02:03:53.686+0000] {processor.py:756} INFO - Processing file /opt/airflow/dags/data_retrieval.py for tasks to queue
[2023-09-24T02:03:53.686+0000] {logging_mixin.py:120} INFO - [2023-09-24T02:03:53.686+0000] {dagbag.py:537} INFO - Filling up the DagBag from /opt/airflow/dags/data_retrieval.py
[2023-09-24T02:03:53.722+0000] {logging_mixin.py:120} WARNING - /home/airflow/.local/lib/python3.7/site-packages/airflow/models/dag.py:3437 RemovedInAirflow3Warning: Param `schedule_interval` is deprecated and will be removed in a future release. Please use `schedule` instead.
[2023-09-24T02:03:53.731+0000] {processor.py:766} INFO - DAG(s) dict_keys(['process_data']) retrieved from /opt/airflow/dags/data_retrieval.py
[2023-09-24T02:03:53.761+0000] {logging_mixin.py:120} INFO - [2023-09-24T02:03:53.761+0000] {dag.py:2585} INFO - Sync 1 DAGs
[2023-09-24T02:03:53.787+0000] {logging_mixin.py:120} INFO - [2023-09-24T02:03:53.787+0000] {dag.py:3340} INFO - Setting next_dagrun for process_data to 2023-09-24T00:00:00+00:00, run_after=2023-09-25T00:00:00+00:00
[2023-09-24T02:03:53.812+0000] {processor.py:176} INFO - Processing /opt/airflow/dags/data_retrieval.py took 0.130 seconds
[2023-09-24T02:04:24.069+0000] {processor.py:154} INFO - Started process (PID=221) to work on /opt/airflow/dags/data_retrieval.py
[2023-09-24T02:04:24.070+0000] {processor.py:756} INFO - Processing file /opt/airflow/dags/data_retrieval.py for tasks to queue
[2023-09-24T02:04:24.071+0000] {logging_mixin.py:120} INFO - [2023-09-24T02:04:24.071+0000] {dagbag.py:537} INFO - Filling up the DagBag from /opt/airflow/dags/data_retrieval.py
[2023-09-24T02:04:24.108+0000] {logging_mixin.py:120} WARNING - /home/airflow/.local/lib/python3.7/site-packages/airflow/models/dag.py:3437 RemovedInAirflow3Warning: Param `schedule_interval` is deprecated and will be removed in a future release. Please use `schedule` instead.
[2023-09-24T02:04:24.117+0000] {processor.py:766} INFO - DAG(s) dict_keys(['process_data']) retrieved from /opt/airflow/dags/data_retrieval.py
[2023-09-24T02:04:24.152+0000] {logging_mixin.py:120} INFO - [2023-09-24T02:04:24.152+0000] {dag.py:2585} INFO - Sync 1 DAGs
[2023-09-24T02:04:24.188+0000] {logging_mixin.py:120} INFO - [2023-09-24T02:04:24.188+0000] {dag.py:3340} INFO - Setting next_dagrun for process_data to 2023-09-24T00:00:00+00:00, run_after=2023-09-25T00:00:00+00:00
[2023-09-24T02:04:24.219+0000] {processor.py:176} INFO - Processing /opt/airflow/dags/data_retrieval.py took 0.153 seconds
[2023-09-24T02:04:54.548+0000] {processor.py:154} INFO - Started process (PID=242) to work on /opt/airflow/dags/data_retrieval.py
[2023-09-24T02:04:54.549+0000] {processor.py:756} INFO - Processing file /opt/airflow/dags/data_retrieval.py for tasks to queue
[2023-09-24T02:04:54.550+0000] {logging_mixin.py:120} INFO - [2023-09-24T02:04:54.550+0000] {dagbag.py:537} INFO - Filling up the DagBag from /opt/airflow/dags/data_retrieval.py
[2023-09-24T02:04:54.594+0000] {logging_mixin.py:120} WARNING - /home/airflow/.local/lib/python3.7/site-packages/airflow/models/dag.py:3437 RemovedInAirflow3Warning: Param `schedule_interval` is deprecated and will be removed in a future release. Please use `schedule` instead.
[2023-09-24T02:04:54.604+0000] {processor.py:766} INFO - DAG(s) dict_keys(['process_data']) retrieved from /opt/airflow/dags/data_retrieval.py
[2023-09-24T02:04:54.642+0000] {logging_mixin.py:120} INFO - [2023-09-24T02:04:54.642+0000] {dag.py:2585} INFO - Sync 1 DAGs
[2023-09-24T02:04:54.668+0000] {logging_mixin.py:120} INFO - [2023-09-24T02:04:54.668+0000] {dag.py:3340} INFO - Setting next_dagrun for process_data to 2023-09-24T00:00:00+00:00, run_after=2023-09-25T00:00:00+00:00
[2023-09-24T02:04:54.697+0000] {processor.py:176} INFO - Processing /opt/airflow/dags/data_retrieval.py took 0.152 seconds
[2023-09-24T02:05:25.009+0000] {processor.py:154} INFO - Started process (PID=272) to work on /opt/airflow/dags/data_retrieval.py
[2023-09-24T02:05:25.010+0000] {processor.py:756} INFO - Processing file /opt/airflow/dags/data_retrieval.py for tasks to queue
[2023-09-24T02:05:25.011+0000] {logging_mixin.py:120} INFO - [2023-09-24T02:05:25.010+0000] {dagbag.py:537} INFO - Filling up the DagBag from /opt/airflow/dags/data_retrieval.py
[2023-09-24T02:05:25.041+0000] {logging_mixin.py:120} WARNING - /home/airflow/.local/lib/python3.7/site-packages/airflow/models/dag.py:3437 RemovedInAirflow3Warning: Param `schedule_interval` is deprecated and will be removed in a future release. Please use `schedule` instead.
[2023-09-24T02:05:25.049+0000] {processor.py:766} INFO - DAG(s) dict_keys(['process_data']) retrieved from /opt/airflow/dags/data_retrieval.py
[2023-09-24T02:05:25.078+0000] {logging_mixin.py:120} INFO - [2023-09-24T02:05:25.078+0000] {dag.py:2585} INFO - Sync 1 DAGs
[2023-09-24T02:05:25.097+0000] {logging_mixin.py:120} INFO - [2023-09-24T02:05:25.097+0000] {dag.py:3340} INFO - Setting next_dagrun for process_data to 2023-09-24T00:00:00+00:00, run_after=2023-09-25T00:00:00+00:00
[2023-09-24T02:05:25.121+0000] {processor.py:176} INFO - Processing /opt/airflow/dags/data_retrieval.py took 0.115 seconds
[2023-09-24T02:05:55.496+0000] {processor.py:154} INFO - Started process (PID=301) to work on /opt/airflow/dags/data_retrieval.py
[2023-09-24T02:05:55.497+0000] {processor.py:756} INFO - Processing file /opt/airflow/dags/data_retrieval.py for tasks to queue
[2023-09-24T02:05:55.498+0000] {logging_mixin.py:120} INFO - [2023-09-24T02:05:55.498+0000] {dagbag.py:537} INFO - Filling up the DagBag from /opt/airflow/dags/data_retrieval.py
[2023-09-24T02:05:55.541+0000] {logging_mixin.py:120} WARNING - /home/airflow/.local/lib/python3.7/site-packages/airflow/models/dag.py:3437 RemovedInAirflow3Warning: Param `schedule_interval` is deprecated and will be removed in a future release. Please use `schedule` instead.
[2023-09-24T02:05:55.551+0000] {processor.py:766} INFO - DAG(s) dict_keys(['process_data']) retrieved from /opt/airflow/dags/data_retrieval.py
[2023-09-24T02:05:55.585+0000] {logging_mixin.py:120} INFO - [2023-09-24T02:05:55.585+0000] {dag.py:2585} INFO - Sync 1 DAGs
[2023-09-24T02:05:55.610+0000] {logging_mixin.py:120} INFO - [2023-09-24T02:05:55.610+0000] {dag.py:3340} INFO - Setting next_dagrun for process_data to 2023-09-24T00:00:00+00:00, run_after=2023-09-25T00:00:00+00:00
[2023-09-24T02:05:55.631+0000] {processor.py:176} INFO - Processing /opt/airflow/dags/data_retrieval.py took 0.141 seconds
[2023-09-24T02:06:25.941+0000] {processor.py:154} INFO - Started process (PID=331) to work on /opt/airflow/dags/data_retrieval.py
[2023-09-24T02:06:25.942+0000] {processor.py:756} INFO - Processing file /opt/airflow/dags/data_retrieval.py for tasks to queue
[2023-09-24T02:06:25.943+0000] {logging_mixin.py:120} INFO - [2023-09-24T02:06:25.942+0000] {dagbag.py:537} INFO - Filling up the DagBag from /opt/airflow/dags/data_retrieval.py
[2023-09-24T02:06:25.986+0000] {logging_mixin.py:120} WARNING - /home/airflow/.local/lib/python3.7/site-packages/airflow/models/dag.py:3437 RemovedInAirflow3Warning: Param `schedule_interval` is deprecated and will be removed in a future release. Please use `schedule` instead.
[2023-09-24T02:06:25.996+0000] {processor.py:766} INFO - DAG(s) dict_keys(['process_data']) retrieved from /opt/airflow/dags/data_retrieval.py
[2023-09-24T02:06:26.033+0000] {logging_mixin.py:120} INFO - [2023-09-24T02:06:26.033+0000] {dag.py:2585} INFO - Sync 1 DAGs
[2023-09-24T02:06:26.058+0000] {logging_mixin.py:120} INFO - [2023-09-24T02:06:26.058+0000] {dag.py:3340} INFO - Setting next_dagrun for process_data to 2023-09-24T00:00:00+00:00, run_after=2023-09-25T00:00:00+00:00
[2023-09-24T02:06:26.086+0000] {processor.py:176} INFO - Processing /opt/airflow/dags/data_retrieval.py took 0.149 seconds
[2023-09-24T02:06:56.497+0000] {processor.py:154} INFO - Started process (PID=352) to work on /opt/airflow/dags/data_retrieval.py
[2023-09-24T02:06:56.499+0000] {processor.py:756} INFO - Processing file /opt/airflow/dags/data_retrieval.py for tasks to queue
[2023-09-24T02:06:56.503+0000] {logging_mixin.py:120} INFO - [2023-09-24T02:06:56.502+0000] {dagbag.py:537} INFO - Filling up the DagBag from /opt/airflow/dags/data_retrieval.py
[2023-09-24T02:06:56.563+0000] {logging_mixin.py:120} WARNING - /home/airflow/.local/lib/python3.7/site-packages/airflow/models/dag.py:3437 RemovedInAirflow3Warning: Param `schedule_interval` is deprecated and will be removed in a future release. Please use `schedule` instead.
[2023-09-24T02:06:56.578+0000] {processor.py:766} INFO - DAG(s) dict_keys(['process_data']) retrieved from /opt/airflow/dags/data_retrieval.py
[2023-09-24T02:06:56.631+0000] {logging_mixin.py:120} INFO - [2023-09-24T02:06:56.630+0000] {dag.py:2585} INFO - Sync 1 DAGs
[2023-09-24T02:06:56.681+0000] {logging_mixin.py:120} INFO - [2023-09-24T02:06:56.681+0000] {dag.py:3340} INFO - Setting next_dagrun for process_data to 2023-09-24T00:00:00+00:00, run_after=2023-09-25T00:00:00+00:00
[2023-09-24T02:06:56.730+0000] {processor.py:176} INFO - Processing /opt/airflow/dags/data_retrieval.py took 0.237 seconds
[2023-09-24T02:07:26.980+0000] {processor.py:154} INFO - Started process (PID=382) to work on /opt/airflow/dags/data_retrieval.py
[2023-09-24T02:07:26.981+0000] {processor.py:756} INFO - Processing file /opt/airflow/dags/data_retrieval.py for tasks to queue
[2023-09-24T02:07:26.982+0000] {logging_mixin.py:120} INFO - [2023-09-24T02:07:26.982+0000] {dagbag.py:537} INFO - Filling up the DagBag from /opt/airflow/dags/data_retrieval.py
[2023-09-24T02:07:27.023+0000] {logging_mixin.py:120} WARNING - /home/airflow/.local/lib/python3.7/site-packages/airflow/models/dag.py:3437 RemovedInAirflow3Warning: Param `schedule_interval` is deprecated and will be removed in a future release. Please use `schedule` instead.
[2023-09-24T02:07:27.031+0000] {processor.py:766} INFO - DAG(s) dict_keys(['process_data']) retrieved from /opt/airflow/dags/data_retrieval.py
[2023-09-24T02:07:27.062+0000] {logging_mixin.py:120} INFO - [2023-09-24T02:07:27.062+0000] {dag.py:2585} INFO - Sync 1 DAGs
[2023-09-24T02:07:27.085+0000] {logging_mixin.py:120} INFO - [2023-09-24T02:07:27.085+0000] {dag.py:3340} INFO - Setting next_dagrun for process_data to 2023-09-24T00:00:00+00:00, run_after=2023-09-25T00:00:00+00:00
[2023-09-24T02:07:27.114+0000] {processor.py:176} INFO - Processing /opt/airflow/dags/data_retrieval.py took 0.137 seconds
[2023-09-24T02:07:57.451+0000] {processor.py:154} INFO - Started process (PID=413) to work on /opt/airflow/dags/data_retrieval.py
[2023-09-24T02:07:57.452+0000] {processor.py:756} INFO - Processing file /opt/airflow/dags/data_retrieval.py for tasks to queue
[2023-09-24T02:07:57.453+0000] {logging_mixin.py:120} INFO - [2023-09-24T02:07:57.453+0000] {dagbag.py:537} INFO - Filling up the DagBag from /opt/airflow/dags/data_retrieval.py
[2023-09-24T02:07:57.488+0000] {logging_mixin.py:120} WARNING - /home/airflow/.local/lib/python3.7/site-packages/airflow/models/dag.py:3437 RemovedInAirflow3Warning: Param `schedule_interval` is deprecated and will be removed in a future release. Please use `schedule` instead.
[2023-09-24T02:07:57.496+0000] {processor.py:766} INFO - DAG(s) dict_keys(['process_data']) retrieved from /opt/airflow/dags/data_retrieval.py
[2023-09-24T02:07:57.525+0000] {logging_mixin.py:120} INFO - [2023-09-24T02:07:57.525+0000] {dag.py:2585} INFO - Sync 1 DAGs
[2023-09-24T02:07:57.543+0000] {logging_mixin.py:120} INFO - [2023-09-24T02:07:57.543+0000] {dag.py:3340} INFO - Setting next_dagrun for process_data to 2023-09-24T00:00:00+00:00, run_after=2023-09-25T00:00:00+00:00
[2023-09-24T02:07:57.567+0000] {processor.py:176} INFO - Processing /opt/airflow/dags/data_retrieval.py took 0.118 seconds
[2023-09-24T02:08:27.871+0000] {processor.py:154} INFO - Started process (PID=443) to work on /opt/airflow/dags/data_retrieval.py
[2023-09-24T02:08:27.872+0000] {processor.py:756} INFO - Processing file /opt/airflow/dags/data_retrieval.py for tasks to queue
[2023-09-24T02:08:27.873+0000] {logging_mixin.py:120} INFO - [2023-09-24T02:08:27.873+0000] {dagbag.py:537} INFO - Filling up the DagBag from /opt/airflow/dags/data_retrieval.py
[2023-09-24T02:08:27.910+0000] {logging_mixin.py:120} WARNING - /home/airflow/.local/lib/python3.7/site-packages/airflow/models/dag.py:3437 RemovedInAirflow3Warning: Param `schedule_interval` is deprecated and will be removed in a future release. Please use `schedule` instead.
[2023-09-24T02:08:27.918+0000] {processor.py:766} INFO - DAG(s) dict_keys(['process_data']) retrieved from /opt/airflow/dags/data_retrieval.py
[2023-09-24T02:08:27.947+0000] {logging_mixin.py:120} INFO - [2023-09-24T02:08:27.947+0000] {dag.py:2585} INFO - Sync 1 DAGs
[2023-09-24T02:08:27.966+0000] {logging_mixin.py:120} INFO - [2023-09-24T02:08:27.966+0000] {dag.py:3340} INFO - Setting next_dagrun for process_data to 2023-09-24T00:00:00+00:00, run_after=2023-09-25T00:00:00+00:00
[2023-09-24T02:08:27.990+0000] {processor.py:176} INFO - Processing /opt/airflow/dags/data_retrieval.py took 0.122 seconds
[2023-09-24T02:08:58.271+0000] {processor.py:154} INFO - Started process (PID=465) to work on /opt/airflow/dags/data_retrieval.py
[2023-09-24T02:08:58.272+0000] {processor.py:756} INFO - Processing file /opt/airflow/dags/data_retrieval.py for tasks to queue
[2023-09-24T02:08:58.273+0000] {logging_mixin.py:120} INFO - [2023-09-24T02:08:58.273+0000] {dagbag.py:537} INFO - Filling up the DagBag from /opt/airflow/dags/data_retrieval.py
[2023-09-24T02:08:58.312+0000] {logging_mixin.py:120} WARNING - /home/airflow/.local/lib/python3.7/site-packages/airflow/models/dag.py:3437 RemovedInAirflow3Warning: Param `schedule_interval` is deprecated and will be removed in a future release. Please use `schedule` instead.
[2023-09-24T02:08:58.322+0000] {processor.py:766} INFO - DAG(s) dict_keys(['process_data']) retrieved from /opt/airflow/dags/data_retrieval.py
[2023-09-24T02:08:58.353+0000] {logging_mixin.py:120} INFO - [2023-09-24T02:08:58.353+0000] {dag.py:2585} INFO - Sync 1 DAGs
[2023-09-24T02:08:58.374+0000] {logging_mixin.py:120} INFO - [2023-09-24T02:08:58.374+0000] {dag.py:3340} INFO - Setting next_dagrun for process_data to 2023-09-24T00:00:00+00:00, run_after=2023-09-25T00:00:00+00:00
[2023-09-24T02:08:58.390+0000] {processor.py:176} INFO - Processing /opt/airflow/dags/data_retrieval.py took 0.122 seconds
[2023-09-24T02:10:18.244+0000] {processor.py:154} INFO - Started process (PID=47) to work on /opt/airflow/dags/data_retrieval.py
[2023-09-24T02:10:18.245+0000] {processor.py:756} INFO - Processing file /opt/airflow/dags/data_retrieval.py for tasks to queue
[2023-09-24T02:10:18.246+0000] {logging_mixin.py:120} INFO - [2023-09-24T02:10:18.246+0000] {dagbag.py:537} INFO - Filling up the DagBag from /opt/airflow/dags/data_retrieval.py
[2023-09-24T02:10:18.289+0000] {logging_mixin.py:120} WARNING - /home/airflow/.local/lib/python3.7/site-packages/airflow/models/dag.py:3437 RemovedInAirflow3Warning: Param `schedule_interval` is deprecated and will be removed in a future release. Please use `schedule` instead.
[2023-09-24T02:10:18.301+0000] {processor.py:766} INFO - DAG(s) dict_keys(['process_data']) retrieved from /opt/airflow/dags/data_retrieval.py
[2023-09-24T02:10:18.387+0000] {logging_mixin.py:120} INFO - [2023-09-24T02:10:18.387+0000] {dag.py:2585} INFO - Sync 1 DAGs
[2023-09-24T02:10:18.411+0000] {logging_mixin.py:120} INFO - [2023-09-24T02:10:18.411+0000] {dag.py:3340} INFO - Setting next_dagrun for process_data to 2023-09-24T00:00:00+00:00, run_after=2023-09-25T00:00:00+00:00
[2023-09-24T02:10:18.442+0000] {processor.py:176} INFO - Processing /opt/airflow/dags/data_retrieval.py took 0.202 seconds
[2023-09-24T02:10:48.733+0000] {processor.py:154} INFO - Started process (PID=78) to work on /opt/airflow/dags/data_retrieval.py
[2023-09-24T02:10:48.734+0000] {processor.py:756} INFO - Processing file /opt/airflow/dags/data_retrieval.py for tasks to queue
[2023-09-24T02:10:48.735+0000] {logging_mixin.py:120} INFO - [2023-09-24T02:10:48.735+0000] {dagbag.py:537} INFO - Filling up the DagBag from /opt/airflow/dags/data_retrieval.py
[2023-09-24T02:10:48.770+0000] {logging_mixin.py:120} WARNING - /home/airflow/.local/lib/python3.7/site-packages/airflow/models/dag.py:3437 RemovedInAirflow3Warning: Param `schedule_interval` is deprecated and will be removed in a future release. Please use `schedule` instead.
[2023-09-24T02:10:48.783+0000] {processor.py:766} INFO - DAG(s) dict_keys(['process_data']) retrieved from /opt/airflow/dags/data_retrieval.py
[2023-09-24T02:10:48.875+0000] {logging_mixin.py:120} INFO - [2023-09-24T02:10:48.875+0000] {dag.py:2585} INFO - Sync 1 DAGs
[2023-09-24T02:10:48.899+0000] {logging_mixin.py:120} INFO - [2023-09-24T02:10:48.899+0000] {dag.py:3340} INFO - Setting next_dagrun for process_data to 2023-09-24T00:00:00+00:00, run_after=2023-09-25T00:00:00+00:00
[2023-09-24T02:10:48.917+0000] {processor.py:176} INFO - Processing /opt/airflow/dags/data_retrieval.py took 0.186 seconds
[2023-09-24T02:11:19.226+0000] {processor.py:154} INFO - Started process (PID=108) to work on /opt/airflow/dags/data_retrieval.py
[2023-09-24T02:11:19.228+0000] {processor.py:756} INFO - Processing file /opt/airflow/dags/data_retrieval.py for tasks to queue
[2023-09-24T02:11:19.229+0000] {logging_mixin.py:120} INFO - [2023-09-24T02:11:19.228+0000] {dagbag.py:537} INFO - Filling up the DagBag from /opt/airflow/dags/data_retrieval.py
[2023-09-24T02:11:19.277+0000] {logging_mixin.py:120} WARNING - /home/airflow/.local/lib/python3.7/site-packages/airflow/models/dag.py:3437 RemovedInAirflow3Warning: Param `schedule_interval` is deprecated and will be removed in a future release. Please use `schedule` instead.
[2023-09-24T02:11:19.288+0000] {processor.py:766} INFO - DAG(s) dict_keys(['process_data']) retrieved from /opt/airflow/dags/data_retrieval.py
[2023-09-24T02:11:19.328+0000] {logging_mixin.py:120} INFO - [2023-09-24T02:11:19.328+0000] {dag.py:2585} INFO - Sync 1 DAGs
[2023-09-24T02:11:19.358+0000] {logging_mixin.py:120} INFO - [2023-09-24T02:11:19.358+0000] {dag.py:3340} INFO - Setting next_dagrun for process_data to 2023-09-24T00:00:00+00:00, run_after=2023-09-25T00:00:00+00:00
[2023-09-24T02:11:19.377+0000] {processor.py:176} INFO - Processing /opt/airflow/dags/data_retrieval.py took 0.153 seconds
[2023-09-24T02:11:49.701+0000] {processor.py:154} INFO - Started process (PID=129) to work on /opt/airflow/dags/data_retrieval.py
[2023-09-24T02:11:49.702+0000] {processor.py:756} INFO - Processing file /opt/airflow/dags/data_retrieval.py for tasks to queue
[2023-09-24T02:11:49.703+0000] {logging_mixin.py:120} INFO - [2023-09-24T02:11:49.702+0000] {dagbag.py:537} INFO - Filling up the DagBag from /opt/airflow/dags/data_retrieval.py
[2023-09-24T02:11:49.739+0000] {logging_mixin.py:120} WARNING - /home/airflow/.local/lib/python3.7/site-packages/airflow/models/dag.py:3437 RemovedInAirflow3Warning: Param `schedule_interval` is deprecated and will be removed in a future release. Please use `schedule` instead.
[2023-09-24T02:11:49.747+0000] {processor.py:766} INFO - DAG(s) dict_keys(['process_data']) retrieved from /opt/airflow/dags/data_retrieval.py
[2023-09-24T02:11:49.780+0000] {logging_mixin.py:120} INFO - [2023-09-24T02:11:49.780+0000] {dag.py:2585} INFO - Sync 1 DAGs
[2023-09-24T02:11:49.804+0000] {logging_mixin.py:120} INFO - [2023-09-24T02:11:49.804+0000] {dag.py:3340} INFO - Setting next_dagrun for process_data to 2023-09-24T00:00:00+00:00, run_after=2023-09-25T00:00:00+00:00
[2023-09-24T02:11:49.829+0000] {processor.py:176} INFO - Processing /opt/airflow/dags/data_retrieval.py took 0.131 seconds
[2023-09-24T02:12:20.122+0000] {processor.py:154} INFO - Started process (PID=159) to work on /opt/airflow/dags/data_retrieval.py
[2023-09-24T02:12:20.123+0000] {processor.py:756} INFO - Processing file /opt/airflow/dags/data_retrieval.py for tasks to queue
[2023-09-24T02:12:20.124+0000] {logging_mixin.py:120} INFO - [2023-09-24T02:12:20.124+0000] {dagbag.py:537} INFO - Filling up the DagBag from /opt/airflow/dags/data_retrieval.py
[2023-09-24T02:12:20.159+0000] {logging_mixin.py:120} WARNING - /home/airflow/.local/lib/python3.7/site-packages/airflow/models/dag.py:3437 RemovedInAirflow3Warning: Param `schedule_interval` is deprecated and will be removed in a future release. Please use `schedule` instead.
[2023-09-24T02:12:20.169+0000] {processor.py:766} INFO - DAG(s) dict_keys(['process_data']) retrieved from /opt/airflow/dags/data_retrieval.py
[2023-09-24T02:12:20.198+0000] {logging_mixin.py:120} INFO - [2023-09-24T02:12:20.198+0000] {dag.py:2585} INFO - Sync 1 DAGs
[2023-09-24T02:12:20.218+0000] {logging_mixin.py:120} INFO - [2023-09-24T02:12:20.218+0000] {dag.py:3340} INFO - Setting next_dagrun for process_data to 2023-09-24T00:00:00+00:00, run_after=2023-09-25T00:00:00+00:00
[2023-09-24T02:12:20.237+0000] {processor.py:176} INFO - Processing /opt/airflow/dags/data_retrieval.py took 0.118 seconds
[2023-09-24T02:12:50.684+0000] {processor.py:154} INFO - Started process (PID=190) to work on /opt/airflow/dags/data_retrieval.py
[2023-09-24T02:12:50.686+0000] {processor.py:756} INFO - Processing file /opt/airflow/dags/data_retrieval.py for tasks to queue
[2023-09-24T02:12:50.687+0000] {logging_mixin.py:120} INFO - [2023-09-24T02:12:50.687+0000] {dagbag.py:537} INFO - Filling up the DagBag from /opt/airflow/dags/data_retrieval.py
[2023-09-24T02:12:50.731+0000] {logging_mixin.py:120} WARNING - /home/airflow/.local/lib/python3.7/site-packages/airflow/models/dag.py:3437 RemovedInAirflow3Warning: Param `schedule_interval` is deprecated and will be removed in a future release. Please use `schedule` instead.
[2023-09-24T02:12:50.741+0000] {processor.py:766} INFO - DAG(s) dict_keys(['process_data']) retrieved from /opt/airflow/dags/data_retrieval.py
[2023-09-24T02:12:50.778+0000] {logging_mixin.py:120} INFO - [2023-09-24T02:12:50.778+0000] {dag.py:2585} INFO - Sync 1 DAGs
[2023-09-24T02:12:50.807+0000] {logging_mixin.py:120} INFO - [2023-09-24T02:12:50.807+0000] {dag.py:3340} INFO - Setting next_dagrun for process_data to 2023-09-24T00:00:00+00:00, run_after=2023-09-25T00:00:00+00:00
[2023-09-24T02:12:50.835+0000] {processor.py:176} INFO - Processing /opt/airflow/dags/data_retrieval.py took 0.154 seconds
[2023-09-24T02:13:21.160+0000] {processor.py:154} INFO - Started process (PID=220) to work on /opt/airflow/dags/data_retrieval.py
[2023-09-24T02:13:21.161+0000] {processor.py:756} INFO - Processing file /opt/airflow/dags/data_retrieval.py for tasks to queue
[2023-09-24T02:13:21.162+0000] {logging_mixin.py:120} INFO - [2023-09-24T02:13:21.162+0000] {dagbag.py:537} INFO - Filling up the DagBag from /opt/airflow/dags/data_retrieval.py
[2023-09-24T02:13:21.198+0000] {logging_mixin.py:120} WARNING - /home/airflow/.local/lib/python3.7/site-packages/airflow/models/dag.py:3437 RemovedInAirflow3Warning: Param `schedule_interval` is deprecated and will be removed in a future release. Please use `schedule` instead.
[2023-09-24T02:13:21.209+0000] {processor.py:766} INFO - DAG(s) dict_keys(['process_data']) retrieved from /opt/airflow/dags/data_retrieval.py
[2023-09-24T02:13:21.243+0000] {logging_mixin.py:120} INFO - [2023-09-24T02:13:21.242+0000] {dag.py:2585} INFO - Sync 1 DAGs
[2023-09-24T02:13:21.265+0000] {logging_mixin.py:120} INFO - [2023-09-24T02:13:21.264+0000] {dag.py:3340} INFO - Setting next_dagrun for process_data to 2023-09-24T00:00:00+00:00, run_after=2023-09-25T00:00:00+00:00
[2023-09-24T02:13:21.289+0000] {processor.py:176} INFO - Processing /opt/airflow/dags/data_retrieval.py took 0.131 seconds
[2023-09-24T02:13:51.563+0000] {processor.py:154} INFO - Started process (PID=241) to work on /opt/airflow/dags/data_retrieval.py
[2023-09-24T02:13:51.564+0000] {processor.py:756} INFO - Processing file /opt/airflow/dags/data_retrieval.py for tasks to queue
[2023-09-24T02:13:51.565+0000] {logging_mixin.py:120} INFO - [2023-09-24T02:13:51.565+0000] {dagbag.py:537} INFO - Filling up the DagBag from /opt/airflow/dags/data_retrieval.py
[2023-09-24T02:13:51.614+0000] {logging_mixin.py:120} WARNING - /home/airflow/.local/lib/python3.7/site-packages/airflow/models/dag.py:3437 RemovedInAirflow3Warning: Param `schedule_interval` is deprecated and will be removed in a future release. Please use `schedule` instead.
[2023-09-24T02:13:51.625+0000] {processor.py:766} INFO - DAG(s) dict_keys(['process_data']) retrieved from /opt/airflow/dags/data_retrieval.py
[2023-09-24T02:13:51.657+0000] {logging_mixin.py:120} INFO - [2023-09-24T02:13:51.657+0000] {dag.py:2585} INFO - Sync 1 DAGs
[2023-09-24T02:13:51.679+0000] {logging_mixin.py:120} INFO - [2023-09-24T02:13:51.678+0000] {dag.py:3340} INFO - Setting next_dagrun for process_data to 2023-09-24T00:00:00+00:00, run_after=2023-09-25T00:00:00+00:00
[2023-09-24T02:13:51.703+0000] {processor.py:176} INFO - Processing /opt/airflow/dags/data_retrieval.py took 0.143 seconds
[2023-09-24T02:14:22.083+0000] {processor.py:154} INFO - Started process (PID=272) to work on /opt/airflow/dags/data_retrieval.py
[2023-09-24T02:14:22.084+0000] {processor.py:756} INFO - Processing file /opt/airflow/dags/data_retrieval.py for tasks to queue
[2023-09-24T02:14:22.085+0000] {logging_mixin.py:120} INFO - [2023-09-24T02:14:22.085+0000] {dagbag.py:537} INFO - Filling up the DagBag from /opt/airflow/dags/data_retrieval.py
[2023-09-24T02:14:22.118+0000] {logging_mixin.py:120} WARNING - /home/airflow/.local/lib/python3.7/site-packages/airflow/models/dag.py:3437 RemovedInAirflow3Warning: Param `schedule_interval` is deprecated and will be removed in a future release. Please use `schedule` instead.
[2023-09-24T02:14:22.126+0000] {processor.py:766} INFO - DAG(s) dict_keys(['process_data']) retrieved from /opt/airflow/dags/data_retrieval.py
[2023-09-24T02:14:22.156+0000] {logging_mixin.py:120} INFO - [2023-09-24T02:14:22.156+0000] {dag.py:2585} INFO - Sync 1 DAGs
[2023-09-24T02:14:22.175+0000] {logging_mixin.py:120} INFO - [2023-09-24T02:14:22.175+0000] {dag.py:3340} INFO - Setting next_dagrun for process_data to 2023-09-24T00:00:00+00:00, run_after=2023-09-25T00:00:00+00:00
[2023-09-24T02:14:22.198+0000] {processor.py:176} INFO - Processing /opt/airflow/dags/data_retrieval.py took 0.118 seconds
[2023-09-24T02:14:52.592+0000] {processor.py:154} INFO - Started process (PID=302) to work on /opt/airflow/dags/data_retrieval.py
[2023-09-24T02:14:52.593+0000] {processor.py:756} INFO - Processing file /opt/airflow/dags/data_retrieval.py for tasks to queue
[2023-09-24T02:14:52.594+0000] {logging_mixin.py:120} INFO - [2023-09-24T02:14:52.594+0000] {dagbag.py:537} INFO - Filling up the DagBag from /opt/airflow/dags/data_retrieval.py
[2023-09-24T02:14:52.627+0000] {logging_mixin.py:120} WARNING - /home/airflow/.local/lib/python3.7/site-packages/airflow/models/dag.py:3437 RemovedInAirflow3Warning: Param `schedule_interval` is deprecated and will be removed in a future release. Please use `schedule` instead.
[2023-09-24T02:14:52.634+0000] {processor.py:766} INFO - DAG(s) dict_keys(['process_data']) retrieved from /opt/airflow/dags/data_retrieval.py
[2023-09-24T02:14:52.663+0000] {logging_mixin.py:120} INFO - [2023-09-24T02:14:52.663+0000] {dag.py:2585} INFO - Sync 1 DAGs
[2023-09-24T02:14:52.683+0000] {logging_mixin.py:120} INFO - [2023-09-24T02:14:52.683+0000] {dag.py:3340} INFO - Setting next_dagrun for process_data to 2023-09-24T00:00:00+00:00, run_after=2023-09-25T00:00:00+00:00
[2023-09-24T02:14:52.703+0000] {processor.py:176} INFO - Processing /opt/airflow/dags/data_retrieval.py took 0.114 seconds
[2023-09-24T02:15:23.086+0000] {processor.py:154} INFO - Started process (PID=332) to work on /opt/airflow/dags/data_retrieval.py
[2023-09-24T02:15:23.087+0000] {processor.py:756} INFO - Processing file /opt/airflow/dags/data_retrieval.py for tasks to queue
[2023-09-24T02:15:23.088+0000] {logging_mixin.py:120} INFO - [2023-09-24T02:15:23.088+0000] {dagbag.py:537} INFO - Filling up the DagBag from /opt/airflow/dags/data_retrieval.py
[2023-09-24T02:15:23.125+0000] {logging_mixin.py:120} WARNING - /home/airflow/.local/lib/python3.7/site-packages/airflow/models/dag.py:3437 RemovedInAirflow3Warning: Param `schedule_interval` is deprecated and will be removed in a future release. Please use `schedule` instead.
[2023-09-24T02:15:23.134+0000] {processor.py:766} INFO - DAG(s) dict_keys(['process_data']) retrieved from /opt/airflow/dags/data_retrieval.py
[2023-09-24T02:15:23.164+0000] {logging_mixin.py:120} INFO - [2023-09-24T02:15:23.164+0000] {dag.py:2585} INFO - Sync 1 DAGs
[2023-09-24T02:15:23.184+0000] {logging_mixin.py:120} INFO - [2023-09-24T02:15:23.184+0000] {dag.py:3340} INFO - Setting next_dagrun for process_data to 2023-09-24T00:00:00+00:00, run_after=2023-09-25T00:00:00+00:00
[2023-09-24T02:15:23.208+0000] {processor.py:176} INFO - Processing /opt/airflow/dags/data_retrieval.py took 0.124 seconds
[2023-09-24T02:15:53.538+0000] {processor.py:154} INFO - Started process (PID=353) to work on /opt/airflow/dags/data_retrieval.py
[2023-09-24T02:15:53.539+0000] {processor.py:756} INFO - Processing file /opt/airflow/dags/data_retrieval.py for tasks to queue
[2023-09-24T02:15:53.540+0000] {logging_mixin.py:120} INFO - [2023-09-24T02:15:53.540+0000] {dagbag.py:537} INFO - Filling up the DagBag from /opt/airflow/dags/data_retrieval.py
[2023-09-24T02:15:53.571+0000] {logging_mixin.py:120} WARNING - /home/airflow/.local/lib/python3.7/site-packages/airflow/models/dag.py:3437 RemovedInAirflow3Warning: Param `schedule_interval` is deprecated and will be removed in a future release. Please use `schedule` instead.
[2023-09-24T02:15:53.579+0000] {processor.py:766} INFO - DAG(s) dict_keys(['process_data']) retrieved from /opt/airflow/dags/data_retrieval.py
[2023-09-24T02:15:53.609+0000] {logging_mixin.py:120} INFO - [2023-09-24T02:15:53.609+0000] {dag.py:2585} INFO - Sync 1 DAGs
[2023-09-24T02:15:53.629+0000] {logging_mixin.py:120} INFO - [2023-09-24T02:15:53.629+0000] {dag.py:3340} INFO - Setting next_dagrun for process_data to 2023-09-24T00:00:00+00:00, run_after=2023-09-25T00:00:00+00:00
[2023-09-24T02:15:53.653+0000] {processor.py:176} INFO - Processing /opt/airflow/dags/data_retrieval.py took 0.116 seconds
[2023-09-24T02:16:23.955+0000] {processor.py:154} INFO - Started process (PID=384) to work on /opt/airflow/dags/data_retrieval.py
[2023-09-24T02:16:23.956+0000] {processor.py:756} INFO - Processing file /opt/airflow/dags/data_retrieval.py for tasks to queue
[2023-09-24T02:16:23.956+0000] {logging_mixin.py:120} INFO - [2023-09-24T02:16:23.956+0000] {dagbag.py:537} INFO - Filling up the DagBag from /opt/airflow/dags/data_retrieval.py
[2023-09-24T02:16:23.984+0000] {logging_mixin.py:120} WARNING - /home/airflow/.local/lib/python3.7/site-packages/airflow/models/dag.py:3437 RemovedInAirflow3Warning: Param `schedule_interval` is deprecated and will be removed in a future release. Please use `schedule` instead.
[2023-09-24T02:16:23.991+0000] {processor.py:766} INFO - DAG(s) dict_keys(['process_data']) retrieved from /opt/airflow/dags/data_retrieval.py
[2023-09-24T02:16:24.020+0000] {logging_mixin.py:120} INFO - [2023-09-24T02:16:24.020+0000] {dag.py:2585} INFO - Sync 1 DAGs
[2023-09-24T02:16:24.041+0000] {logging_mixin.py:120} INFO - [2023-09-24T02:16:24.041+0000] {dag.py:3340} INFO - Setting next_dagrun for process_data to 2023-09-24T00:00:00+00:00, run_after=2023-09-25T00:00:00+00:00
[2023-09-24T02:16:24.060+0000] {processor.py:176} INFO - Processing /opt/airflow/dags/data_retrieval.py took 0.107 seconds
[2023-09-24T02:16:54.436+0000] {processor.py:154} INFO - Started process (PID=414) to work on /opt/airflow/dags/data_retrieval.py
[2023-09-24T02:16:54.438+0000] {processor.py:756} INFO - Processing file /opt/airflow/dags/data_retrieval.py for tasks to queue
[2023-09-24T02:16:54.439+0000] {logging_mixin.py:120} INFO - [2023-09-24T02:16:54.439+0000] {dagbag.py:537} INFO - Filling up the DagBag from /opt/airflow/dags/data_retrieval.py
[2023-09-24T02:16:54.474+0000] {logging_mixin.py:120} WARNING - /home/airflow/.local/lib/python3.7/site-packages/airflow/models/dag.py:3437 RemovedInAirflow3Warning: Param `schedule_interval` is deprecated and will be removed in a future release. Please use `schedule` instead.
[2023-09-24T02:16:54.482+0000] {processor.py:766} INFO - DAG(s) dict_keys(['process_data']) retrieved from /opt/airflow/dags/data_retrieval.py
[2023-09-24T02:16:54.514+0000] {logging_mixin.py:120} INFO - [2023-09-24T02:16:54.514+0000] {dag.py:2585} INFO - Sync 1 DAGs
[2023-09-24T02:16:54.537+0000] {logging_mixin.py:120} INFO - [2023-09-24T02:16:54.537+0000] {dag.py:3340} INFO - Setting next_dagrun for process_data to 2023-09-24T00:00:00+00:00, run_after=2023-09-25T00:00:00+00:00
[2023-09-24T02:16:54.561+0000] {processor.py:176} INFO - Processing /opt/airflow/dags/data_retrieval.py took 0.128 seconds
[2023-09-24T02:17:24.882+0000] {processor.py:154} INFO - Started process (PID=445) to work on /opt/airflow/dags/data_retrieval.py
[2023-09-24T02:17:24.883+0000] {processor.py:756} INFO - Processing file /opt/airflow/dags/data_retrieval.py for tasks to queue
[2023-09-24T02:17:24.884+0000] {logging_mixin.py:120} INFO - [2023-09-24T02:17:24.884+0000] {dagbag.py:537} INFO - Filling up the DagBag from /opt/airflow/dags/data_retrieval.py
[2023-09-24T02:17:24.931+0000] {logging_mixin.py:120} WARNING - /home/airflow/.local/lib/python3.7/site-packages/airflow/models/dag.py:3437 RemovedInAirflow3Warning: Param `schedule_interval` is deprecated and will be removed in a future release. Please use `schedule` instead.
[2023-09-24T02:17:24.941+0000] {processor.py:766} INFO - DAG(s) dict_keys(['process_data']) retrieved from /opt/airflow/dags/data_retrieval.py
[2023-09-24T02:17:24.976+0000] {logging_mixin.py:120} INFO - [2023-09-24T02:17:24.976+0000] {dag.py:2585} INFO - Sync 1 DAGs
[2023-09-24T02:17:25.004+0000] {logging_mixin.py:120} INFO - [2023-09-24T02:17:25.004+0000] {dag.py:3340} INFO - Setting next_dagrun for process_data to 2023-09-24T00:00:00+00:00, run_after=2023-09-25T00:00:00+00:00
[2023-09-24T02:17:25.032+0000] {processor.py:176} INFO - Processing /opt/airflow/dags/data_retrieval.py took 0.155 seconds
[2023-09-24T02:17:55.377+0000] {processor.py:154} INFO - Started process (PID=466) to work on /opt/airflow/dags/data_retrieval.py
[2023-09-24T02:17:55.378+0000] {processor.py:756} INFO - Processing file /opt/airflow/dags/data_retrieval.py for tasks to queue
[2023-09-24T02:17:55.379+0000] {logging_mixin.py:120} INFO - [2023-09-24T02:17:55.379+0000] {dagbag.py:537} INFO - Filling up the DagBag from /opt/airflow/dags/data_retrieval.py
[2023-09-24T02:17:55.422+0000] {logging_mixin.py:120} WARNING - /home/airflow/.local/lib/python3.7/site-packages/airflow/models/dag.py:3437 RemovedInAirflow3Warning: Param `schedule_interval` is deprecated and will be removed in a future release. Please use `schedule` instead.
[2023-09-24T02:17:55.432+0000] {processor.py:766} INFO - DAG(s) dict_keys(['process_data']) retrieved from /opt/airflow/dags/data_retrieval.py
[2023-09-24T02:17:55.501+0000] {logging_mixin.py:120} INFO - [2023-09-24T02:17:55.500+0000] {dag.py:2585} INFO - Sync 1 DAGs
[2023-09-24T02:17:55.529+0000] {logging_mixin.py:120} INFO - [2023-09-24T02:17:55.529+0000] {dag.py:3340} INFO - Setting next_dagrun for process_data to 2023-09-24T00:00:00+00:00, run_after=2023-09-25T00:00:00+00:00
[2023-09-24T02:17:55.555+0000] {processor.py:176} INFO - Processing /opt/airflow/dags/data_retrieval.py took 0.181 seconds
[2023-09-24T02:18:25.878+0000] {processor.py:154} INFO - Started process (PID=497) to work on /opt/airflow/dags/data_retrieval.py
[2023-09-24T02:18:25.879+0000] {processor.py:756} INFO - Processing file /opt/airflow/dags/data_retrieval.py for tasks to queue
[2023-09-24T02:18:25.880+0000] {logging_mixin.py:120} INFO - [2023-09-24T02:18:25.879+0000] {dagbag.py:537} INFO - Filling up the DagBag from /opt/airflow/dags/data_retrieval.py
[2023-09-24T02:18:25.911+0000] {logging_mixin.py:120} WARNING - /home/airflow/.local/lib/python3.7/site-packages/airflow/models/dag.py:3437 RemovedInAirflow3Warning: Param `schedule_interval` is deprecated and will be removed in a future release. Please use `schedule` instead.
[2023-09-24T02:18:25.920+0000] {processor.py:766} INFO - DAG(s) dict_keys(['process_data']) retrieved from /opt/airflow/dags/data_retrieval.py
[2023-09-24T02:18:25.948+0000] {logging_mixin.py:120} INFO - [2023-09-24T02:18:25.948+0000] {dag.py:2585} INFO - Sync 1 DAGs
[2023-09-24T02:18:25.967+0000] {logging_mixin.py:120} INFO - [2023-09-24T02:18:25.967+0000] {dag.py:3340} INFO - Setting next_dagrun for process_data to 2023-09-24T00:00:00+00:00, run_after=2023-09-25T00:00:00+00:00
[2023-09-24T02:18:25.992+0000] {processor.py:176} INFO - Processing /opt/airflow/dags/data_retrieval.py took 0.116 seconds
[2023-09-24T02:18:56.364+0000] {processor.py:154} INFO - Started process (PID=527) to work on /opt/airflow/dags/data_retrieval.py
[2023-09-24T02:18:56.365+0000] {processor.py:756} INFO - Processing file /opt/airflow/dags/data_retrieval.py for tasks to queue
[2023-09-24T02:18:56.366+0000] {logging_mixin.py:120} INFO - [2023-09-24T02:18:56.366+0000] {dagbag.py:537} INFO - Filling up the DagBag from /opt/airflow/dags/data_retrieval.py
[2023-09-24T02:18:56.410+0000] {logging_mixin.py:120} WARNING - /home/airflow/.local/lib/python3.7/site-packages/airflow/models/dag.py:3437 RemovedInAirflow3Warning: Param `schedule_interval` is deprecated and will be removed in a future release. Please use `schedule` instead.
[2023-09-24T02:18:56.422+0000] {processor.py:766} INFO - DAG(s) dict_keys(['process_data']) retrieved from /opt/airflow/dags/data_retrieval.py
[2023-09-24T02:18:56.461+0000] {logging_mixin.py:120} INFO - [2023-09-24T02:18:56.461+0000] {dag.py:2585} INFO - Sync 1 DAGs
[2023-09-24T02:18:56.487+0000] {logging_mixin.py:120} INFO - [2023-09-24T02:18:56.487+0000] {dag.py:3340} INFO - Setting next_dagrun for process_data to 2023-09-24T00:00:00+00:00, run_after=2023-09-25T00:00:00+00:00
[2023-09-24T02:18:56.514+0000] {processor.py:176} INFO - Processing /opt/airflow/dags/data_retrieval.py took 0.153 seconds
[2023-09-24T02:19:26.894+0000] {processor.py:154} INFO - Started process (PID=549) to work on /opt/airflow/dags/data_retrieval.py
[2023-09-24T02:19:26.895+0000] {processor.py:756} INFO - Processing file /opt/airflow/dags/data_retrieval.py for tasks to queue
[2023-09-24T02:19:26.897+0000] {logging_mixin.py:120} INFO - [2023-09-24T02:19:26.897+0000] {dagbag.py:537} INFO - Filling up the DagBag from /opt/airflow/dags/data_retrieval.py
[2023-09-24T02:19:26.941+0000] {logging_mixin.py:120} WARNING - /home/airflow/.local/lib/python3.7/site-packages/airflow/models/dag.py:3437 RemovedInAirflow3Warning: Param `schedule_interval` is deprecated and will be removed in a future release. Please use `schedule` instead.
[2023-09-24T02:19:26.954+0000] {processor.py:766} INFO - DAG(s) dict_keys(['process_data']) retrieved from /opt/airflow/dags/data_retrieval.py
[2023-09-24T02:19:26.999+0000] {logging_mixin.py:120} INFO - [2023-09-24T02:19:26.998+0000] {dag.py:2585} INFO - Sync 1 DAGs
[2023-09-24T02:19:27.027+0000] {logging_mixin.py:120} INFO - [2023-09-24T02:19:27.026+0000] {dag.py:3340} INFO - Setting next_dagrun for process_data to 2023-09-24T00:00:00+00:00, run_after=2023-09-25T00:00:00+00:00
[2023-09-24T02:19:27.058+0000] {processor.py:176} INFO - Processing /opt/airflow/dags/data_retrieval.py took 0.167 seconds
[2023-09-24T02:19:57.420+0000] {processor.py:154} INFO - Started process (PID=579) to work on /opt/airflow/dags/data_retrieval.py
[2023-09-24T02:19:57.421+0000] {processor.py:756} INFO - Processing file /opt/airflow/dags/data_retrieval.py for tasks to queue
[2023-09-24T02:19:57.422+0000] {logging_mixin.py:120} INFO - [2023-09-24T02:19:57.422+0000] {dagbag.py:537} INFO - Filling up the DagBag from /opt/airflow/dags/data_retrieval.py
[2023-09-24T02:19:57.461+0000] {logging_mixin.py:120} WARNING - /home/airflow/.local/lib/python3.7/site-packages/airflow/models/dag.py:3437 RemovedInAirflow3Warning: Param `schedule_interval` is deprecated and will be removed in a future release. Please use `schedule` instead.
[2023-09-24T02:19:57.469+0000] {processor.py:766} INFO - DAG(s) dict_keys(['process_data']) retrieved from /opt/airflow/dags/data_retrieval.py
[2023-09-24T02:19:57.497+0000] {logging_mixin.py:120} INFO - [2023-09-24T02:19:57.497+0000] {dag.py:2585} INFO - Sync 1 DAGs
[2023-09-24T02:19:57.518+0000] {logging_mixin.py:120} INFO - [2023-09-24T02:19:57.518+0000] {dag.py:3340} INFO - Setting next_dagrun for process_data to 2023-09-24T00:00:00+00:00, run_after=2023-09-25T00:00:00+00:00
[2023-09-24T02:19:57.533+0000] {processor.py:176} INFO - Processing /opt/airflow/dags/data_retrieval.py took 0.115 seconds
[2023-09-24T02:20:27.961+0000] {processor.py:154} INFO - Started process (PID=609) to work on /opt/airflow/dags/data_retrieval.py
[2023-09-24T02:20:27.962+0000] {processor.py:756} INFO - Processing file /opt/airflow/dags/data_retrieval.py for tasks to queue
[2023-09-24T02:20:27.963+0000] {logging_mixin.py:120} INFO - [2023-09-24T02:20:27.962+0000] {dagbag.py:537} INFO - Filling up the DagBag from /opt/airflow/dags/data_retrieval.py
[2023-09-24T02:20:27.994+0000] {logging_mixin.py:120} WARNING - /home/airflow/.local/lib/python3.7/site-packages/airflow/models/dag.py:3437 RemovedInAirflow3Warning: Param `schedule_interval` is deprecated and will be removed in a future release. Please use `schedule` instead.
[2023-09-24T02:20:28.002+0000] {processor.py:766} INFO - DAG(s) dict_keys(['process_data']) retrieved from /opt/airflow/dags/data_retrieval.py
[2023-09-24T02:20:28.033+0000] {logging_mixin.py:120} INFO - [2023-09-24T02:20:28.032+0000] {dag.py:2585} INFO - Sync 1 DAGs
[2023-09-24T02:20:28.052+0000] {logging_mixin.py:120} INFO - [2023-09-24T02:20:28.052+0000] {dag.py:3340} INFO - Setting next_dagrun for process_data to 2023-09-24T00:00:00+00:00, run_after=2023-09-25T00:00:00+00:00
[2023-09-24T02:20:28.074+0000] {processor.py:176} INFO - Processing /opt/airflow/dags/data_retrieval.py took 0.116 seconds
[2023-09-24T02:20:58.373+0000] {processor.py:154} INFO - Started process (PID=640) to work on /opt/airflow/dags/data_retrieval.py
[2023-09-24T02:20:58.374+0000] {processor.py:756} INFO - Processing file /opt/airflow/dags/data_retrieval.py for tasks to queue
[2023-09-24T02:20:58.375+0000] {logging_mixin.py:120} INFO - [2023-09-24T02:20:58.375+0000] {dagbag.py:537} INFO - Filling up the DagBag from /opt/airflow/dags/data_retrieval.py
[2023-09-24T02:20:58.415+0000] {logging_mixin.py:120} WARNING - /home/airflow/.local/lib/python3.7/site-packages/airflow/models/dag.py:3437 RemovedInAirflow3Warning: Param `schedule_interval` is deprecated and will be removed in a future release. Please use `schedule` instead.
[2023-09-24T02:20:58.425+0000] {processor.py:766} INFO - DAG(s) dict_keys(['process_data']) retrieved from /opt/airflow/dags/data_retrieval.py
[2023-09-24T02:20:58.494+0000] {logging_mixin.py:120} INFO - [2023-09-24T02:20:58.494+0000] {dag.py:2585} INFO - Sync 1 DAGs
[2023-09-24T02:20:58.518+0000] {logging_mixin.py:120} INFO - [2023-09-24T02:20:58.518+0000] {dag.py:3340} INFO - Setting next_dagrun for process_data to 2023-09-24T00:00:00+00:00, run_after=2023-09-25T00:00:00+00:00
[2023-09-24T02:20:58.539+0000] {processor.py:176} INFO - Processing /opt/airflow/dags/data_retrieval.py took 0.168 seconds
[2023-09-24T02:21:28.860+0000] {processor.py:154} INFO - Started process (PID=661) to work on /opt/airflow/dags/data_retrieval.py
[2023-09-24T02:21:28.862+0000] {processor.py:756} INFO - Processing file /opt/airflow/dags/data_retrieval.py for tasks to queue
[2023-09-24T02:21:28.864+0000] {logging_mixin.py:120} INFO - [2023-09-24T02:21:28.863+0000] {dagbag.py:537} INFO - Filling up the DagBag from /opt/airflow/dags/data_retrieval.py
[2023-09-24T02:21:28.897+0000] {logging_mixin.py:120} WARNING - /home/airflow/.local/lib/python3.7/site-packages/airflow/models/dag.py:3437 RemovedInAirflow3Warning: Param `schedule_interval` is deprecated and will be removed in a future release. Please use `schedule` instead.
[2023-09-24T02:21:28.905+0000] {processor.py:766} INFO - DAG(s) dict_keys(['process_data']) retrieved from /opt/airflow/dags/data_retrieval.py
[2023-09-24T02:21:28.935+0000] {logging_mixin.py:120} INFO - [2023-09-24T02:21:28.935+0000] {dag.py:2585} INFO - Sync 1 DAGs
[2023-09-24T02:21:28.954+0000] {logging_mixin.py:120} INFO - [2023-09-24T02:21:28.954+0000] {dag.py:3340} INFO - Setting next_dagrun for process_data to 2023-09-24T00:00:00+00:00, run_after=2023-09-25T00:00:00+00:00
[2023-09-24T02:21:28.973+0000] {processor.py:176} INFO - Processing /opt/airflow/dags/data_retrieval.py took 0.116 seconds
[2023-09-24T02:21:59.259+0000] {processor.py:154} INFO - Started process (PID=691) to work on /opt/airflow/dags/data_retrieval.py
[2023-09-24T02:21:59.260+0000] {processor.py:756} INFO - Processing file /opt/airflow/dags/data_retrieval.py for tasks to queue
[2023-09-24T02:21:59.262+0000] {logging_mixin.py:120} INFO - [2023-09-24T02:21:59.261+0000] {dagbag.py:537} INFO - Filling up the DagBag from /opt/airflow/dags/data_retrieval.py
[2023-09-24T02:21:59.310+0000] {logging_mixin.py:120} WARNING - /home/airflow/.local/lib/python3.7/site-packages/airflow/models/dag.py:3437 RemovedInAirflow3Warning: Param `schedule_interval` is deprecated and will be removed in a future release. Please use `schedule` instead.
[2023-09-24T02:21:59.322+0000] {processor.py:766} INFO - DAG(s) dict_keys(['process_data']) retrieved from /opt/airflow/dags/data_retrieval.py
[2023-09-24T02:21:59.357+0000] {logging_mixin.py:120} INFO - [2023-09-24T02:21:59.357+0000] {dag.py:2585} INFO - Sync 1 DAGs
[2023-09-24T02:21:59.394+0000] {logging_mixin.py:120} INFO - [2023-09-24T02:21:59.393+0000] {dag.py:3340} INFO - Setting next_dagrun for process_data to 2023-09-24T00:00:00+00:00, run_after=2023-09-25T00:00:00+00:00
[2023-09-24T02:21:59.426+0000] {processor.py:176} INFO - Processing /opt/airflow/dags/data_retrieval.py took 0.169 seconds
[2023-09-24T02:22:29.746+0000] {processor.py:154} INFO - Started process (PID=720) to work on /opt/airflow/dags/data_retrieval.py
[2023-09-24T02:22:29.747+0000] {processor.py:756} INFO - Processing file /opt/airflow/dags/data_retrieval.py for tasks to queue
[2023-09-24T02:22:29.748+0000] {logging_mixin.py:120} INFO - [2023-09-24T02:22:29.748+0000] {dagbag.py:537} INFO - Filling up the DagBag from /opt/airflow/dags/data_retrieval.py
[2023-09-24T02:22:29.800+0000] {logging_mixin.py:120} WARNING - /home/airflow/.local/lib/python3.7/site-packages/airflow/models/dag.py:3437 RemovedInAirflow3Warning: Param `schedule_interval` is deprecated and will be removed in a future release. Please use `schedule` instead.
[2023-09-24T02:22:29.809+0000] {processor.py:766} INFO - DAG(s) dict_keys(['process_data']) retrieved from /opt/airflow/dags/data_retrieval.py
[2023-09-24T02:22:29.847+0000] {logging_mixin.py:120} INFO - [2023-09-24T02:22:29.847+0000] {dag.py:2585} INFO - Sync 1 DAGs
[2023-09-24T02:22:29.877+0000] {logging_mixin.py:120} INFO - [2023-09-24T02:22:29.877+0000] {dag.py:3340} INFO - Setting next_dagrun for process_data to 2023-09-24T00:00:00+00:00, run_after=2023-09-25T00:00:00+00:00
[2023-09-24T02:22:29.898+0000] {processor.py:176} INFO - Processing /opt/airflow/dags/data_retrieval.py took 0.155 seconds
[2023-09-24T02:23:00.210+0000] {processor.py:154} INFO - Started process (PID=741) to work on /opt/airflow/dags/data_retrieval.py
[2023-09-24T02:23:00.211+0000] {processor.py:756} INFO - Processing file /opt/airflow/dags/data_retrieval.py for tasks to queue
[2023-09-24T02:23:00.212+0000] {logging_mixin.py:120} INFO - [2023-09-24T02:23:00.212+0000] {dagbag.py:537} INFO - Filling up the DagBag from /opt/airflow/dags/data_retrieval.py
[2023-09-24T02:23:00.253+0000] {logging_mixin.py:120} WARNING - /home/airflow/.local/lib/python3.7/site-packages/airflow/models/dag.py:3437 RemovedInAirflow3Warning: Param `schedule_interval` is deprecated and will be removed in a future release. Please use `schedule` instead.
[2023-09-24T02:23:00.262+0000] {processor.py:766} INFO - DAG(s) dict_keys(['process_data']) retrieved from /opt/airflow/dags/data_retrieval.py
[2023-09-24T02:23:00.298+0000] {logging_mixin.py:120} INFO - [2023-09-24T02:23:00.298+0000] {dag.py:2585} INFO - Sync 1 DAGs
[2023-09-24T02:23:00.327+0000] {logging_mixin.py:120} INFO - [2023-09-24T02:23:00.327+0000] {dag.py:3340} INFO - Setting next_dagrun for process_data to 2023-09-24T00:00:00+00:00, run_after=2023-09-25T00:00:00+00:00
[2023-09-24T02:23:00.358+0000] {processor.py:176} INFO - Processing /opt/airflow/dags/data_retrieval.py took 0.150 seconds
