[2023-09-24T02:01:21.020+0000] {processor.py:154} INFO - Started process (PID=44) to work on /opt/airflow/dags/process_data.py
[2023-09-24T02:01:21.022+0000] {processor.py:756} INFO - Processing file /opt/airflow/dags/process_data.py for tasks to queue
[2023-09-24T02:01:21.023+0000] {logging_mixin.py:120} INFO - [2023-09-24T02:01:21.023+0000] {dagbag.py:537} INFO - Filling up the DagBag from /opt/airflow/dags/process_data.py
[2023-09-24T02:01:21.110+0000] {processor.py:766} INFO - DAG(s) dict_keys(['create_tables']) retrieved from /opt/airflow/dags/process_data.py
[2023-09-24T02:01:21.199+0000] {logging_mixin.py:120} INFO - [2023-09-24T02:01:21.198+0000] {dag.py:2585} INFO - Sync 1 DAGs
[2023-09-24T02:01:21.230+0000] {logging_mixin.py:120} INFO - [2023-09-24T02:01:21.230+0000] {dag.py:3340} INFO - Setting next_dagrun for create_tables to 2023-09-23T00:00:00+00:00, run_after=2023-09-24T00:00:00+00:00
[2023-09-24T02:01:21.268+0000] {processor.py:176} INFO - Processing /opt/airflow/dags/process_data.py took 0.252 seconds
[2023-09-24T02:01:51.590+0000] {processor.py:154} INFO - Started process (PID=79) to work on /opt/airflow/dags/process_data.py
[2023-09-24T02:01:51.591+0000] {processor.py:756} INFO - Processing file /opt/airflow/dags/process_data.py for tasks to queue
[2023-09-24T02:01:51.592+0000] {logging_mixin.py:120} INFO - [2023-09-24T02:01:51.592+0000] {dagbag.py:537} INFO - Filling up the DagBag from /opt/airflow/dags/process_data.py
[2023-09-24T02:01:51.660+0000] {processor.py:766} INFO - DAG(s) dict_keys(['create_tables']) retrieved from /opt/airflow/dags/process_data.py
[2023-09-24T02:01:51.693+0000] {logging_mixin.py:120} INFO - [2023-09-24T02:01:51.693+0000] {dag.py:2585} INFO - Sync 1 DAGs
[2023-09-24T02:01:51.719+0000] {logging_mixin.py:120} INFO - [2023-09-24T02:01:51.719+0000] {dag.py:3340} INFO - Setting next_dagrun for create_tables to 2023-09-24T00:00:00+00:00, run_after=2023-09-25T00:00:00+00:00
[2023-09-24T02:01:51.737+0000] {processor.py:176} INFO - Processing /opt/airflow/dags/process_data.py took 0.150 seconds
[2023-09-24T02:02:22.059+0000] {processor.py:154} INFO - Started process (PID=109) to work on /opt/airflow/dags/process_data.py
[2023-09-24T02:02:22.060+0000] {processor.py:756} INFO - Processing file /opt/airflow/dags/process_data.py for tasks to queue
[2023-09-24T02:02:22.061+0000] {logging_mixin.py:120} INFO - [2023-09-24T02:02:22.061+0000] {dagbag.py:537} INFO - Filling up the DagBag from /opt/airflow/dags/process_data.py
[2023-09-24T02:02:22.127+0000] {processor.py:766} INFO - DAG(s) dict_keys(['create_tables']) retrieved from /opt/airflow/dags/process_data.py
[2023-09-24T02:02:22.166+0000] {logging_mixin.py:120} INFO - [2023-09-24T02:02:22.166+0000] {dag.py:2585} INFO - Sync 1 DAGs
[2023-09-24T02:02:22.195+0000] {logging_mixin.py:120} INFO - [2023-09-24T02:02:22.195+0000] {dag.py:3340} INFO - Setting next_dagrun for create_tables to 2023-09-24T00:00:00+00:00, run_after=2023-09-25T00:00:00+00:00
[2023-09-24T02:02:22.223+0000] {processor.py:176} INFO - Processing /opt/airflow/dags/process_data.py took 0.167 seconds
[2023-09-24T02:02:52.545+0000] {processor.py:154} INFO - Started process (PID=130) to work on /opt/airflow/dags/process_data.py
[2023-09-24T02:02:52.546+0000] {processor.py:756} INFO - Processing file /opt/airflow/dags/process_data.py for tasks to queue
[2023-09-24T02:02:52.547+0000] {logging_mixin.py:120} INFO - [2023-09-24T02:02:52.546+0000] {dagbag.py:537} INFO - Filling up the DagBag from /opt/airflow/dags/process_data.py
[2023-09-24T02:02:52.605+0000] {processor.py:766} INFO - DAG(s) dict_keys(['create_tables']) retrieved from /opt/airflow/dags/process_data.py
[2023-09-24T02:02:52.637+0000] {logging_mixin.py:120} INFO - [2023-09-24T02:02:52.637+0000] {dag.py:2585} INFO - Sync 1 DAGs
[2023-09-24T02:02:52.657+0000] {logging_mixin.py:120} INFO - [2023-09-24T02:02:52.657+0000] {dag.py:3340} INFO - Setting next_dagrun for create_tables to 2023-09-24T00:00:00+00:00, run_after=2023-09-25T00:00:00+00:00
[2023-09-24T02:02:52.728+0000] {processor.py:176} INFO - Processing /opt/airflow/dags/process_data.py took 0.186 seconds
[2023-09-24T02:03:23.030+0000] {processor.py:154} INFO - Started process (PID=159) to work on /opt/airflow/dags/process_data.py
[2023-09-24T02:03:23.032+0000] {processor.py:756} INFO - Processing file /opt/airflow/dags/process_data.py for tasks to queue
[2023-09-24T02:03:23.033+0000] {logging_mixin.py:120} INFO - [2023-09-24T02:03:23.032+0000] {dagbag.py:537} INFO - Filling up the DagBag from /opt/airflow/dags/process_data.py
[2023-09-24T02:03:23.093+0000] {processor.py:766} INFO - DAG(s) dict_keys(['create_tables']) retrieved from /opt/airflow/dags/process_data.py
[2023-09-24T02:03:23.128+0000] {logging_mixin.py:120} INFO - [2023-09-24T02:03:23.128+0000] {dag.py:2585} INFO - Sync 1 DAGs
[2023-09-24T02:03:23.156+0000] {logging_mixin.py:120} INFO - [2023-09-24T02:03:23.155+0000] {dag.py:3340} INFO - Setting next_dagrun for create_tables to 2023-09-24T00:00:00+00:00, run_after=2023-09-25T00:00:00+00:00
[2023-09-24T02:03:23.176+0000] {processor.py:176} INFO - Processing /opt/airflow/dags/process_data.py took 0.148 seconds
[2023-09-24T02:03:53.501+0000] {processor.py:154} INFO - Started process (PID=189) to work on /opt/airflow/dags/process_data.py
[2023-09-24T02:03:53.502+0000] {processor.py:756} INFO - Processing file /opt/airflow/dags/process_data.py for tasks to queue
[2023-09-24T02:03:53.503+0000] {logging_mixin.py:120} INFO - [2023-09-24T02:03:53.503+0000] {dagbag.py:537} INFO - Filling up the DagBag from /opt/airflow/dags/process_data.py
[2023-09-24T02:03:53.573+0000] {processor.py:766} INFO - DAG(s) dict_keys(['create_tables']) retrieved from /opt/airflow/dags/process_data.py
[2023-09-24T02:03:53.610+0000] {logging_mixin.py:120} INFO - [2023-09-24T02:03:53.610+0000] {dag.py:2585} INFO - Sync 1 DAGs
[2023-09-24T02:03:53.638+0000] {logging_mixin.py:120} INFO - [2023-09-24T02:03:53.638+0000] {dag.py:3340} INFO - Setting next_dagrun for create_tables to 2023-09-24T00:00:00+00:00, run_after=2023-09-25T00:00:00+00:00
[2023-09-24T02:03:53.663+0000] {processor.py:176} INFO - Processing /opt/airflow/dags/process_data.py took 0.165 seconds
[2023-09-24T02:04:23.942+0000] {processor.py:154} INFO - Started process (PID=219) to work on /opt/airflow/dags/process_data.py
[2023-09-24T02:04:23.943+0000] {processor.py:756} INFO - Processing file /opt/airflow/dags/process_data.py for tasks to queue
[2023-09-24T02:04:23.944+0000] {logging_mixin.py:120} INFO - [2023-09-24T02:04:23.944+0000] {dagbag.py:537} INFO - Filling up the DagBag from /opt/airflow/dags/process_data.py
[2023-09-24T02:04:24.006+0000] {processor.py:766} INFO - DAG(s) dict_keys(['create_tables']) retrieved from /opt/airflow/dags/process_data.py
[2023-09-24T02:04:24.041+0000] {logging_mixin.py:120} INFO - [2023-09-24T02:04:24.041+0000] {dag.py:2585} INFO - Sync 1 DAGs
[2023-09-24T02:04:24.066+0000] {logging_mixin.py:120} INFO - [2023-09-24T02:04:24.066+0000] {dag.py:3340} INFO - Setting next_dagrun for create_tables to 2023-09-24T00:00:00+00:00, run_after=2023-09-25T00:00:00+00:00
[2023-09-24T02:04:24.086+0000] {processor.py:176} INFO - Processing /opt/airflow/dags/process_data.py took 0.146 seconds
[2023-09-24T02:04:54.419+0000] {processor.py:154} INFO - Started process (PID=240) to work on /opt/airflow/dags/process_data.py
[2023-09-24T02:04:54.420+0000] {processor.py:756} INFO - Processing file /opt/airflow/dags/process_data.py for tasks to queue
[2023-09-24T02:04:54.421+0000] {logging_mixin.py:120} INFO - [2023-09-24T02:04:54.421+0000] {dagbag.py:537} INFO - Filling up the DagBag from /opt/airflow/dags/process_data.py
[2023-09-24T02:04:54.488+0000] {processor.py:766} INFO - DAG(s) dict_keys(['create_tables']) retrieved from /opt/airflow/dags/process_data.py
[2023-09-24T02:04:54.524+0000] {logging_mixin.py:120} INFO - [2023-09-24T02:04:54.524+0000] {dag.py:2585} INFO - Sync 1 DAGs
[2023-09-24T02:04:54.551+0000] {logging_mixin.py:120} INFO - [2023-09-24T02:04:54.551+0000] {dag.py:3340} INFO - Setting next_dagrun for create_tables to 2023-09-24T00:00:00+00:00, run_after=2023-09-25T00:00:00+00:00
[2023-09-24T02:04:54.570+0000] {processor.py:176} INFO - Processing /opt/airflow/dags/process_data.py took 0.153 seconds
[2023-09-24T02:05:24.829+0000] {processor.py:154} INFO - Started process (PID=270) to work on /opt/airflow/dags/process_data.py
[2023-09-24T02:05:24.831+0000] {processor.py:756} INFO - Processing file /opt/airflow/dags/process_data.py for tasks to queue
[2023-09-24T02:05:24.832+0000] {logging_mixin.py:120} INFO - [2023-09-24T02:05:24.832+0000] {dagbag.py:537} INFO - Filling up the DagBag from /opt/airflow/dags/process_data.py
[2023-09-24T02:05:24.898+0000] {processor.py:766} INFO - DAG(s) dict_keys(['create_tables']) retrieved from /opt/airflow/dags/process_data.py
[2023-09-24T02:05:24.930+0000] {logging_mixin.py:120} INFO - [2023-09-24T02:05:24.930+0000] {dag.py:2585} INFO - Sync 1 DAGs
[2023-09-24T02:05:24.949+0000] {logging_mixin.py:120} INFO - [2023-09-24T02:05:24.949+0000] {dag.py:3340} INFO - Setting next_dagrun for create_tables to 2023-09-24T00:00:00+00:00, run_after=2023-09-25T00:00:00+00:00
[2023-09-24T02:05:24.986+0000] {processor.py:176} INFO - Processing /opt/airflow/dags/process_data.py took 0.160 seconds
[2023-09-24T02:05:55.282+0000] {processor.py:154} INFO - Started process (PID=299) to work on /opt/airflow/dags/process_data.py
[2023-09-24T02:05:55.284+0000] {processor.py:756} INFO - Processing file /opt/airflow/dags/process_data.py for tasks to queue
[2023-09-24T02:05:55.285+0000] {logging_mixin.py:120} INFO - [2023-09-24T02:05:55.285+0000] {dagbag.py:537} INFO - Filling up the DagBag from /opt/airflow/dags/process_data.py
[2023-09-24T02:05:55.369+0000] {processor.py:766} INFO - DAG(s) dict_keys(['create_tables']) retrieved from /opt/airflow/dags/process_data.py
[2023-09-24T02:05:55.413+0000] {logging_mixin.py:120} INFO - [2023-09-24T02:05:55.412+0000] {dag.py:2585} INFO - Sync 1 DAGs
[2023-09-24T02:05:55.444+0000] {logging_mixin.py:120} INFO - [2023-09-24T02:05:55.444+0000] {dag.py:3340} INFO - Setting next_dagrun for create_tables to 2023-09-24T00:00:00+00:00, run_after=2023-09-25T00:00:00+00:00
[2023-09-24T02:05:55.470+0000] {processor.py:176} INFO - Processing /opt/airflow/dags/process_data.py took 0.190 seconds
[2023-09-24T02:06:25.757+0000] {processor.py:154} INFO - Started process (PID=329) to work on /opt/airflow/dags/process_data.py
[2023-09-24T02:06:25.758+0000] {processor.py:756} INFO - Processing file /opt/airflow/dags/process_data.py for tasks to queue
[2023-09-24T02:06:25.759+0000] {logging_mixin.py:120} INFO - [2023-09-24T02:06:25.759+0000] {dagbag.py:537} INFO - Filling up the DagBag from /opt/airflow/dags/process_data.py
[2023-09-24T02:06:25.822+0000] {processor.py:766} INFO - DAG(s) dict_keys(['create_tables']) retrieved from /opt/airflow/dags/process_data.py
[2023-09-24T02:06:25.855+0000] {logging_mixin.py:120} INFO - [2023-09-24T02:06:25.855+0000] {dag.py:2585} INFO - Sync 1 DAGs
[2023-09-24T02:06:25.880+0000] {logging_mixin.py:120} INFO - [2023-09-24T02:06:25.879+0000] {dag.py:3340} INFO - Setting next_dagrun for create_tables to 2023-09-24T00:00:00+00:00, run_after=2023-09-25T00:00:00+00:00
[2023-09-24T02:06:25.917+0000] {processor.py:176} INFO - Processing /opt/airflow/dags/process_data.py took 0.163 seconds
[2023-09-24T02:06:56.270+0000] {processor.py:154} INFO - Started process (PID=350) to work on /opt/airflow/dags/process_data.py
[2023-09-24T02:06:56.273+0000] {processor.py:756} INFO - Processing file /opt/airflow/dags/process_data.py for tasks to queue
[2023-09-24T02:06:56.274+0000] {logging_mixin.py:120} INFO - [2023-09-24T02:06:56.274+0000] {dagbag.py:537} INFO - Filling up the DagBag from /opt/airflow/dags/process_data.py
[2023-09-24T02:06:56.376+0000] {processor.py:766} INFO - DAG(s) dict_keys(['create_tables']) retrieved from /opt/airflow/dags/process_data.py
[2023-09-24T02:06:56.428+0000] {logging_mixin.py:120} INFO - [2023-09-24T02:06:56.428+0000] {dag.py:2585} INFO - Sync 1 DAGs
[2023-09-24T02:06:56.463+0000] {logging_mixin.py:120} INFO - [2023-09-24T02:06:56.463+0000] {dag.py:3340} INFO - Setting next_dagrun for create_tables to 2023-09-24T00:00:00+00:00, run_after=2023-09-25T00:00:00+00:00
[2023-09-24T02:06:56.506+0000] {processor.py:176} INFO - Processing /opt/airflow/dags/process_data.py took 0.241 seconds
[2023-09-24T02:07:26.817+0000] {processor.py:154} INFO - Started process (PID=380) to work on /opt/airflow/dags/process_data.py
[2023-09-24T02:07:26.819+0000] {processor.py:756} INFO - Processing file /opt/airflow/dags/process_data.py for tasks to queue
[2023-09-24T02:07:26.820+0000] {logging_mixin.py:120} INFO - [2023-09-24T02:07:26.820+0000] {dagbag.py:537} INFO - Filling up the DagBag from /opt/airflow/dags/process_data.py
[2023-09-24T02:07:26.883+0000] {processor.py:766} INFO - DAG(s) dict_keys(['create_tables']) retrieved from /opt/airflow/dags/process_data.py
[2023-09-24T02:07:26.917+0000] {logging_mixin.py:120} INFO - [2023-09-24T02:07:26.917+0000] {dag.py:2585} INFO - Sync 1 DAGs
[2023-09-24T02:07:26.938+0000] {logging_mixin.py:120} INFO - [2023-09-24T02:07:26.937+0000] {dag.py:3340} INFO - Setting next_dagrun for create_tables to 2023-09-24T00:00:00+00:00, run_after=2023-09-25T00:00:00+00:00
[2023-09-24T02:07:26.958+0000] {processor.py:176} INFO - Processing /opt/airflow/dags/process_data.py took 0.146 seconds
[2023-09-24T02:07:57.283+0000] {processor.py:154} INFO - Started process (PID=411) to work on /opt/airflow/dags/process_data.py
[2023-09-24T02:07:57.284+0000] {processor.py:756} INFO - Processing file /opt/airflow/dags/process_data.py for tasks to queue
[2023-09-24T02:07:57.285+0000] {logging_mixin.py:120} INFO - [2023-09-24T02:07:57.285+0000] {dagbag.py:537} INFO - Filling up the DagBag from /opt/airflow/dags/process_data.py
[2023-09-24T02:07:57.338+0000] {processor.py:766} INFO - DAG(s) dict_keys(['create_tables']) retrieved from /opt/airflow/dags/process_data.py
[2023-09-24T02:07:57.368+0000] {logging_mixin.py:120} INFO - [2023-09-24T02:07:57.368+0000] {dag.py:2585} INFO - Sync 1 DAGs
[2023-09-24T02:07:57.387+0000] {logging_mixin.py:120} INFO - [2023-09-24T02:07:57.387+0000] {dag.py:3340} INFO - Setting next_dagrun for create_tables to 2023-09-24T00:00:00+00:00, run_after=2023-09-25T00:00:00+00:00
[2023-09-24T02:07:57.427+0000] {processor.py:176} INFO - Processing /opt/airflow/dags/process_data.py took 0.147 seconds
[2023-09-24T02:08:27.699+0000] {processor.py:154} INFO - Started process (PID=441) to work on /opt/airflow/dags/process_data.py
[2023-09-24T02:08:27.700+0000] {processor.py:756} INFO - Processing file /opt/airflow/dags/process_data.py for tasks to queue
[2023-09-24T02:08:27.701+0000] {logging_mixin.py:120} INFO - [2023-09-24T02:08:27.701+0000] {dagbag.py:537} INFO - Filling up the DagBag from /opt/airflow/dags/process_data.py
[2023-09-24T02:08:27.767+0000] {processor.py:766} INFO - DAG(s) dict_keys(['create_tables']) retrieved from /opt/airflow/dags/process_data.py
[2023-09-24T02:08:27.802+0000] {logging_mixin.py:120} INFO - [2023-09-24T02:08:27.802+0000] {dag.py:2585} INFO - Sync 1 DAGs
[2023-09-24T02:08:27.824+0000] {logging_mixin.py:120} INFO - [2023-09-24T02:08:27.824+0000] {dag.py:3340} INFO - Setting next_dagrun for create_tables to 2023-09-24T00:00:00+00:00, run_after=2023-09-25T00:00:00+00:00
[2023-09-24T02:08:27.847+0000] {processor.py:176} INFO - Processing /opt/airflow/dags/process_data.py took 0.150 seconds
[2023-09-24T02:08:58.151+0000] {processor.py:154} INFO - Started process (PID=463) to work on /opt/airflow/dags/process_data.py
[2023-09-24T02:08:58.152+0000] {processor.py:756} INFO - Processing file /opt/airflow/dags/process_data.py for tasks to queue
[2023-09-24T02:08:58.154+0000] {logging_mixin.py:120} INFO - [2023-09-24T02:08:58.153+0000] {dagbag.py:537} INFO - Filling up the DagBag from /opt/airflow/dags/process_data.py
[2023-09-24T02:08:58.217+0000] {processor.py:766} INFO - DAG(s) dict_keys(['create_tables']) retrieved from /opt/airflow/dags/process_data.py
[2023-09-24T02:08:58.251+0000] {logging_mixin.py:120} INFO - [2023-09-24T02:08:58.250+0000] {dag.py:2585} INFO - Sync 1 DAGs
[2023-09-24T02:08:58.276+0000] {logging_mixin.py:120} INFO - [2023-09-24T02:08:58.275+0000] {dag.py:3340} INFO - Setting next_dagrun for create_tables to 2023-09-24T00:00:00+00:00, run_after=2023-09-25T00:00:00+00:00
[2023-09-24T02:08:58.294+0000] {processor.py:176} INFO - Processing /opt/airflow/dags/process_data.py took 0.148 seconds
[2023-09-24T02:10:17.964+0000] {processor.py:154} INFO - Started process (PID=45) to work on /opt/airflow/dags/process_data.py
[2023-09-24T02:10:17.965+0000] {processor.py:756} INFO - Processing file /opt/airflow/dags/process_data.py for tasks to queue
[2023-09-24T02:10:17.966+0000] {logging_mixin.py:120} INFO - [2023-09-24T02:10:17.966+0000] {dagbag.py:537} INFO - Filling up the DagBag from /opt/airflow/dags/process_data.py
[2023-09-24T02:10:18.065+0000] {processor.py:766} INFO - DAG(s) dict_keys(['create_tables']) retrieved from /opt/airflow/dags/process_data.py
[2023-09-24T02:10:18.185+0000] {logging_mixin.py:120} INFO - [2023-09-24T02:10:18.185+0000] {dag.py:2585} INFO - Sync 1 DAGs
[2023-09-24T02:10:18.210+0000] {logging_mixin.py:120} INFO - [2023-09-24T02:10:18.210+0000] {dag.py:3340} INFO - Setting next_dagrun for create_tables to 2023-09-24T00:00:00+00:00, run_after=2023-09-25T00:00:00+00:00
[2023-09-24T02:10:18.238+0000] {processor.py:176} INFO - Processing /opt/airflow/dags/process_data.py took 0.277 seconds
[2023-09-24T02:10:48.561+0000] {processor.py:154} INFO - Started process (PID=76) to work on /opt/airflow/dags/process_data.py
[2023-09-24T02:10:48.562+0000] {processor.py:756} INFO - Processing file /opt/airflow/dags/process_data.py for tasks to queue
[2023-09-24T02:10:48.563+0000] {logging_mixin.py:120} INFO - [2023-09-24T02:10:48.563+0000] {dagbag.py:537} INFO - Filling up the DagBag from /opt/airflow/dags/process_data.py
[2023-09-24T02:10:48.621+0000] {processor.py:766} INFO - DAG(s) dict_keys(['create_tables']) retrieved from /opt/airflow/dags/process_data.py
[2023-09-24T02:10:48.651+0000] {logging_mixin.py:120} INFO - [2023-09-24T02:10:48.651+0000] {dag.py:2585} INFO - Sync 1 DAGs
[2023-09-24T02:10:48.671+0000] {logging_mixin.py:120} INFO - [2023-09-24T02:10:48.670+0000] {dag.py:3340} INFO - Setting next_dagrun for create_tables to 2023-09-24T00:00:00+00:00, run_after=2023-09-25T00:00:00+00:00
[2023-09-24T02:10:48.725+0000] {processor.py:176} INFO - Processing /opt/airflow/dags/process_data.py took 0.166 seconds
[2023-09-24T02:11:19.033+0000] {processor.py:154} INFO - Started process (PID=106) to work on /opt/airflow/dags/process_data.py
[2023-09-24T02:11:19.034+0000] {processor.py:756} INFO - Processing file /opt/airflow/dags/process_data.py for tasks to queue
[2023-09-24T02:11:19.035+0000] {logging_mixin.py:120} INFO - [2023-09-24T02:11:19.035+0000] {dagbag.py:537} INFO - Filling up the DagBag from /opt/airflow/dags/process_data.py
[2023-09-24T02:11:19.099+0000] {processor.py:766} INFO - DAG(s) dict_keys(['create_tables']) retrieved from /opt/airflow/dags/process_data.py
[2023-09-24T02:11:19.138+0000] {logging_mixin.py:120} INFO - [2023-09-24T02:11:19.138+0000] {dag.py:2585} INFO - Sync 1 DAGs
[2023-09-24T02:11:19.169+0000] {logging_mixin.py:120} INFO - [2023-09-24T02:11:19.169+0000] {dag.py:3340} INFO - Setting next_dagrun for create_tables to 2023-09-24T00:00:00+00:00, run_after=2023-09-25T00:00:00+00:00
[2023-09-24T02:11:19.200+0000] {processor.py:176} INFO - Processing /opt/airflow/dags/process_data.py took 0.169 seconds
[2023-09-24T02:11:49.515+0000] {processor.py:154} INFO - Started process (PID=127) to work on /opt/airflow/dags/process_data.py
[2023-09-24T02:11:49.516+0000] {processor.py:756} INFO - Processing file /opt/airflow/dags/process_data.py for tasks to queue
[2023-09-24T02:11:49.517+0000] {logging_mixin.py:120} INFO - [2023-09-24T02:11:49.517+0000] {dagbag.py:537} INFO - Filling up the DagBag from /opt/airflow/dags/process_data.py
[2023-09-24T02:11:49.582+0000] {processor.py:766} INFO - DAG(s) dict_keys(['create_tables']) retrieved from /opt/airflow/dags/process_data.py
[2023-09-24T02:11:49.614+0000] {logging_mixin.py:120} INFO - [2023-09-24T02:11:49.614+0000] {dag.py:2585} INFO - Sync 1 DAGs
[2023-09-24T02:11:49.640+0000] {logging_mixin.py:120} INFO - [2023-09-24T02:11:49.640+0000] {dag.py:3340} INFO - Setting next_dagrun for create_tables to 2023-09-24T00:00:00+00:00, run_after=2023-09-25T00:00:00+00:00
[2023-09-24T02:11:49.674+0000] {processor.py:176} INFO - Processing /opt/airflow/dags/process_data.py took 0.161 seconds
[2023-09-24T02:12:20.012+0000] {processor.py:154} INFO - Started process (PID=157) to work on /opt/airflow/dags/process_data.py
[2023-09-24T02:12:20.013+0000] {processor.py:756} INFO - Processing file /opt/airflow/dags/process_data.py for tasks to queue
[2023-09-24T02:12:20.014+0000] {logging_mixin.py:120} INFO - [2023-09-24T02:12:20.014+0000] {dagbag.py:537} INFO - Filling up the DagBag from /opt/airflow/dags/process_data.py
[2023-09-24T02:12:20.081+0000] {processor.py:766} INFO - DAG(s) dict_keys(['create_tables']) retrieved from /opt/airflow/dags/process_data.py
[2023-09-24T02:12:20.111+0000] {logging_mixin.py:120} INFO - [2023-09-24T02:12:20.111+0000] {dag.py:2585} INFO - Sync 1 DAGs
[2023-09-24T02:12:20.136+0000] {logging_mixin.py:120} INFO - [2023-09-24T02:12:20.136+0000] {dag.py:3340} INFO - Setting next_dagrun for create_tables to 2023-09-24T00:00:00+00:00, run_after=2023-09-25T00:00:00+00:00
[2023-09-24T02:12:20.152+0000] {processor.py:176} INFO - Processing /opt/airflow/dags/process_data.py took 0.142 seconds
[2023-09-24T02:12:50.472+0000] {processor.py:154} INFO - Started process (PID=188) to work on /opt/airflow/dags/process_data.py
[2023-09-24T02:12:50.473+0000] {processor.py:756} INFO - Processing file /opt/airflow/dags/process_data.py for tasks to queue
[2023-09-24T02:12:50.474+0000] {logging_mixin.py:120} INFO - [2023-09-24T02:12:50.474+0000] {dagbag.py:537} INFO - Filling up the DagBag from /opt/airflow/dags/process_data.py
[2023-09-24T02:12:50.555+0000] {processor.py:766} INFO - DAG(s) dict_keys(['create_tables']) retrieved from /opt/airflow/dags/process_data.py
[2023-09-24T02:12:50.598+0000] {logging_mixin.py:120} INFO - [2023-09-24T02:12:50.598+0000] {dag.py:2585} INFO - Sync 1 DAGs
[2023-09-24T02:12:50.631+0000] {logging_mixin.py:120} INFO - [2023-09-24T02:12:50.631+0000] {dag.py:3340} INFO - Setting next_dagrun for create_tables to 2023-09-24T00:00:00+00:00, run_after=2023-09-25T00:00:00+00:00
[2023-09-24T02:12:50.661+0000] {processor.py:176} INFO - Processing /opt/airflow/dags/process_data.py took 0.192 seconds
[2023-09-24T02:13:20.969+0000] {processor.py:154} INFO - Started process (PID=218) to work on /opt/airflow/dags/process_data.py
[2023-09-24T02:13:20.970+0000] {processor.py:756} INFO - Processing file /opt/airflow/dags/process_data.py for tasks to queue
[2023-09-24T02:13:20.971+0000] {logging_mixin.py:120} INFO - [2023-09-24T02:13:20.971+0000] {dagbag.py:537} INFO - Filling up the DagBag from /opt/airflow/dags/process_data.py
[2023-09-24T02:13:21.036+0000] {processor.py:766} INFO - DAG(s) dict_keys(['create_tables']) retrieved from /opt/airflow/dags/process_data.py
[2023-09-24T02:13:21.074+0000] {logging_mixin.py:120} INFO - [2023-09-24T02:13:21.074+0000] {dag.py:2585} INFO - Sync 1 DAGs
[2023-09-24T02:13:21.098+0000] {logging_mixin.py:120} INFO - [2023-09-24T02:13:21.098+0000] {dag.py:3340} INFO - Setting next_dagrun for create_tables to 2023-09-24T00:00:00+00:00, run_after=2023-09-25T00:00:00+00:00
[2023-09-24T02:13:21.136+0000] {processor.py:176} INFO - Processing /opt/airflow/dags/process_data.py took 0.170 seconds
[2023-09-24T02:13:51.434+0000] {processor.py:154} INFO - Started process (PID=239) to work on /opt/airflow/dags/process_data.py
[2023-09-24T02:13:51.434+0000] {processor.py:756} INFO - Processing file /opt/airflow/dags/process_data.py for tasks to queue
[2023-09-24T02:13:51.435+0000] {logging_mixin.py:120} INFO - [2023-09-24T02:13:51.435+0000] {dagbag.py:537} INFO - Filling up the DagBag from /opt/airflow/dags/process_data.py
[2023-09-24T02:13:51.497+0000] {processor.py:766} INFO - DAG(s) dict_keys(['create_tables']) retrieved from /opt/airflow/dags/process_data.py
[2023-09-24T02:13:51.532+0000] {logging_mixin.py:120} INFO - [2023-09-24T02:13:51.532+0000] {dag.py:2585} INFO - Sync 1 DAGs
[2023-09-24T02:13:51.555+0000] {logging_mixin.py:120} INFO - [2023-09-24T02:13:51.555+0000] {dag.py:3340} INFO - Setting next_dagrun for create_tables to 2023-09-24T00:00:00+00:00, run_after=2023-09-25T00:00:00+00:00
[2023-09-24T02:13:51.573+0000] {processor.py:176} INFO - Processing /opt/airflow/dags/process_data.py took 0.141 seconds
[2023-09-24T02:14:21.907+0000] {processor.py:154} INFO - Started process (PID=270) to work on /opt/airflow/dags/process_data.py
[2023-09-24T02:14:21.908+0000] {processor.py:756} INFO - Processing file /opt/airflow/dags/process_data.py for tasks to queue
[2023-09-24T02:14:21.909+0000] {logging_mixin.py:120} INFO - [2023-09-24T02:14:21.909+0000] {dagbag.py:537} INFO - Filling up the DagBag from /opt/airflow/dags/process_data.py
[2023-09-24T02:14:21.968+0000] {processor.py:766} INFO - DAG(s) dict_keys(['create_tables']) retrieved from /opt/airflow/dags/process_data.py
[2023-09-24T02:14:21.998+0000] {logging_mixin.py:120} INFO - [2023-09-24T02:14:21.998+0000] {dag.py:2585} INFO - Sync 1 DAGs
[2023-09-24T02:14:22.017+0000] {logging_mixin.py:120} INFO - [2023-09-24T02:14:22.017+0000] {dag.py:3340} INFO - Setting next_dagrun for create_tables to 2023-09-24T00:00:00+00:00, run_after=2023-09-25T00:00:00+00:00
[2023-09-24T02:14:22.058+0000] {processor.py:176} INFO - Processing /opt/airflow/dags/process_data.py took 0.154 seconds
[2023-09-24T02:14:52.420+0000] {processor.py:154} INFO - Started process (PID=300) to work on /opt/airflow/dags/process_data.py
[2023-09-24T02:14:52.421+0000] {processor.py:756} INFO - Processing file /opt/airflow/dags/process_data.py for tasks to queue
[2023-09-24T02:14:52.422+0000] {logging_mixin.py:120} INFO - [2023-09-24T02:14:52.422+0000] {dagbag.py:537} INFO - Filling up the DagBag from /opt/airflow/dags/process_data.py
[2023-09-24T02:14:52.478+0000] {processor.py:766} INFO - DAG(s) dict_keys(['create_tables']) retrieved from /opt/airflow/dags/process_data.py
[2023-09-24T02:14:52.510+0000] {logging_mixin.py:120} INFO - [2023-09-24T02:14:52.510+0000] {dag.py:2585} INFO - Sync 1 DAGs
[2023-09-24T02:14:52.530+0000] {logging_mixin.py:120} INFO - [2023-09-24T02:14:52.530+0000] {dag.py:3340} INFO - Setting next_dagrun for create_tables to 2023-09-24T00:00:00+00:00, run_after=2023-09-25T00:00:00+00:00
[2023-09-24T02:14:52.569+0000] {processor.py:176} INFO - Processing /opt/airflow/dags/process_data.py took 0.151 seconds
[2023-09-24T02:15:22.893+0000] {processor.py:154} INFO - Started process (PID=330) to work on /opt/airflow/dags/process_data.py
[2023-09-24T02:15:22.894+0000] {processor.py:756} INFO - Processing file /opt/airflow/dags/process_data.py for tasks to queue
[2023-09-24T02:15:22.895+0000] {logging_mixin.py:120} INFO - [2023-09-24T02:15:22.895+0000] {dagbag.py:537} INFO - Filling up the DagBag from /opt/airflow/dags/process_data.py
[2023-09-24T02:15:22.957+0000] {processor.py:766} INFO - DAG(s) dict_keys(['create_tables']) retrieved from /opt/airflow/dags/process_data.py
[2023-09-24T02:15:22.991+0000] {logging_mixin.py:120} INFO - [2023-09-24T02:15:22.990+0000] {dag.py:2585} INFO - Sync 1 DAGs
[2023-09-24T02:15:23.014+0000] {logging_mixin.py:120} INFO - [2023-09-24T02:15:23.013+0000] {dag.py:3340} INFO - Setting next_dagrun for create_tables to 2023-09-24T00:00:00+00:00, run_after=2023-09-25T00:00:00+00:00
[2023-09-24T02:15:23.064+0000] {processor.py:176} INFO - Processing /opt/airflow/dags/process_data.py took 0.174 seconds
[2023-09-24T02:15:53.372+0000] {processor.py:154} INFO - Started process (PID=351) to work on /opt/airflow/dags/process_data.py
[2023-09-24T02:15:53.373+0000] {processor.py:756} INFO - Processing file /opt/airflow/dags/process_data.py for tasks to queue
[2023-09-24T02:15:53.373+0000] {logging_mixin.py:120} INFO - [2023-09-24T02:15:53.373+0000] {dagbag.py:537} INFO - Filling up the DagBag from /opt/airflow/dags/process_data.py
[2023-09-24T02:15:53.429+0000] {processor.py:766} INFO - DAG(s) dict_keys(['create_tables']) retrieved from /opt/airflow/dags/process_data.py
[2023-09-24T02:15:53.458+0000] {logging_mixin.py:120} INFO - [2023-09-24T02:15:53.458+0000] {dag.py:2585} INFO - Sync 1 DAGs
[2023-09-24T02:15:53.478+0000] {logging_mixin.py:120} INFO - [2023-09-24T02:15:53.478+0000] {dag.py:3340} INFO - Setting next_dagrun for create_tables to 2023-09-24T00:00:00+00:00, run_after=2023-09-25T00:00:00+00:00
[2023-09-24T02:15:53.516+0000] {processor.py:176} INFO - Processing /opt/airflow/dags/process_data.py took 0.147 seconds
[2023-09-24T02:16:23.789+0000] {processor.py:154} INFO - Started process (PID=382) to work on /opt/airflow/dags/process_data.py
[2023-09-24T02:16:23.790+0000] {processor.py:756} INFO - Processing file /opt/airflow/dags/process_data.py for tasks to queue
[2023-09-24T02:16:23.790+0000] {logging_mixin.py:120} INFO - [2023-09-24T02:16:23.790+0000] {dagbag.py:537} INFO - Filling up the DagBag from /opt/airflow/dags/process_data.py
[2023-09-24T02:16:23.848+0000] {processor.py:766} INFO - DAG(s) dict_keys(['create_tables']) retrieved from /opt/airflow/dags/process_data.py
[2023-09-24T02:16:23.878+0000] {logging_mixin.py:120} INFO - [2023-09-24T02:16:23.878+0000] {dag.py:2585} INFO - Sync 1 DAGs
[2023-09-24T02:16:23.897+0000] {logging_mixin.py:120} INFO - [2023-09-24T02:16:23.897+0000] {dag.py:3340} INFO - Setting next_dagrun for create_tables to 2023-09-24T00:00:00+00:00, run_after=2023-09-25T00:00:00+00:00
[2023-09-24T02:16:23.936+0000] {processor.py:176} INFO - Processing /opt/airflow/dags/process_data.py took 0.149 seconds
[2023-09-24T02:16:54.241+0000] {processor.py:154} INFO - Started process (PID=412) to work on /opt/airflow/dags/process_data.py
[2023-09-24T02:16:54.242+0000] {processor.py:756} INFO - Processing file /opt/airflow/dags/process_data.py for tasks to queue
[2023-09-24T02:16:54.244+0000] {logging_mixin.py:120} INFO - [2023-09-24T02:16:54.243+0000] {dagbag.py:537} INFO - Filling up the DagBag from /opt/airflow/dags/process_data.py
[2023-09-24T02:16:54.318+0000] {processor.py:766} INFO - DAG(s) dict_keys(['create_tables']) retrieved from /opt/airflow/dags/process_data.py
[2023-09-24T02:16:54.350+0000] {logging_mixin.py:120} INFO - [2023-09-24T02:16:54.350+0000] {dag.py:2585} INFO - Sync 1 DAGs
[2023-09-24T02:16:54.379+0000] {logging_mixin.py:120} INFO - [2023-09-24T02:16:54.379+0000] {dag.py:3340} INFO - Setting next_dagrun for create_tables to 2023-09-24T00:00:00+00:00, run_after=2023-09-25T00:00:00+00:00
[2023-09-24T02:16:54.412+0000] {processor.py:176} INFO - Processing /opt/airflow/dags/process_data.py took 0.175 seconds
[2023-09-24T02:17:24.668+0000] {processor.py:154} INFO - Started process (PID=443) to work on /opt/airflow/dags/process_data.py
[2023-09-24T02:17:24.669+0000] {processor.py:756} INFO - Processing file /opt/airflow/dags/process_data.py for tasks to queue
[2023-09-24T02:17:24.670+0000] {logging_mixin.py:120} INFO - [2023-09-24T02:17:24.670+0000] {dagbag.py:537} INFO - Filling up the DagBag from /opt/airflow/dags/process_data.py
[2023-09-24T02:17:24.746+0000] {processor.py:766} INFO - DAG(s) dict_keys(['create_tables']) retrieved from /opt/airflow/dags/process_data.py
[2023-09-24T02:17:24.786+0000] {logging_mixin.py:120} INFO - [2023-09-24T02:17:24.785+0000] {dag.py:2585} INFO - Sync 1 DAGs
[2023-09-24T02:17:24.812+0000] {logging_mixin.py:120} INFO - [2023-09-24T02:17:24.811+0000] {dag.py:3340} INFO - Setting next_dagrun for create_tables to 2023-09-24T00:00:00+00:00, run_after=2023-09-25T00:00:00+00:00
[2023-09-24T02:17:24.851+0000] {processor.py:176} INFO - Processing /opt/airflow/dags/process_data.py took 0.187 seconds
[2023-09-24T02:17:55.197+0000] {processor.py:154} INFO - Started process (PID=464) to work on /opt/airflow/dags/process_data.py
[2023-09-24T02:17:55.198+0000] {processor.py:756} INFO - Processing file /opt/airflow/dags/process_data.py for tasks to queue
[2023-09-24T02:17:55.199+0000] {logging_mixin.py:120} INFO - [2023-09-24T02:17:55.199+0000] {dagbag.py:537} INFO - Filling up the DagBag from /opt/airflow/dags/process_data.py
[2023-09-24T02:17:55.256+0000] {processor.py:766} INFO - DAG(s) dict_keys(['create_tables']) retrieved from /opt/airflow/dags/process_data.py
[2023-09-24T02:17:55.287+0000] {logging_mixin.py:120} INFO - [2023-09-24T02:17:55.287+0000] {dag.py:2585} INFO - Sync 1 DAGs
[2023-09-24T02:17:55.306+0000] {logging_mixin.py:120} INFO - [2023-09-24T02:17:55.306+0000] {dag.py:3340} INFO - Setting next_dagrun for create_tables to 2023-09-24T00:00:00+00:00, run_after=2023-09-25T00:00:00+00:00
[2023-09-24T02:17:55.354+0000] {processor.py:176} INFO - Processing /opt/airflow/dags/process_data.py took 0.160 seconds
[2023-09-24T02:18:25.688+0000] {processor.py:154} INFO - Started process (PID=495) to work on /opt/airflow/dags/process_data.py
[2023-09-24T02:18:25.689+0000] {processor.py:756} INFO - Processing file /opt/airflow/dags/process_data.py for tasks to queue
[2023-09-24T02:18:25.690+0000] {logging_mixin.py:120} INFO - [2023-09-24T02:18:25.690+0000] {dagbag.py:537} INFO - Filling up the DagBag from /opt/airflow/dags/process_data.py
[2023-09-24T02:18:25.760+0000] {processor.py:766} INFO - DAG(s) dict_keys(['create_tables']) retrieved from /opt/airflow/dags/process_data.py
[2023-09-24T02:18:25.795+0000] {logging_mixin.py:120} INFO - [2023-09-24T02:18:25.795+0000] {dag.py:2585} INFO - Sync 1 DAGs
[2023-09-24T02:18:25.818+0000] {logging_mixin.py:120} INFO - [2023-09-24T02:18:25.818+0000] {dag.py:3340} INFO - Setting next_dagrun for create_tables to 2023-09-24T00:00:00+00:00, run_after=2023-09-25T00:00:00+00:00
[2023-09-24T02:18:25.855+0000] {processor.py:176} INFO - Processing /opt/airflow/dags/process_data.py took 0.170 seconds
[2023-09-24T02:18:56.222+0000] {processor.py:154} INFO - Started process (PID=525) to work on /opt/airflow/dags/process_data.py
[2023-09-24T02:18:56.223+0000] {processor.py:756} INFO - Processing file /opt/airflow/dags/process_data.py for tasks to queue
[2023-09-24T02:18:56.224+0000] {logging_mixin.py:120} INFO - [2023-09-24T02:18:56.224+0000] {dagbag.py:537} INFO - Filling up the DagBag from /opt/airflow/dags/process_data.py
[2023-09-24T02:18:56.292+0000] {processor.py:766} INFO - DAG(s) dict_keys(['create_tables']) retrieved from /opt/airflow/dags/process_data.py
[2023-09-24T02:18:56.328+0000] {logging_mixin.py:120} INFO - [2023-09-24T02:18:56.328+0000] {dag.py:2585} INFO - Sync 1 DAGs
[2023-09-24T02:18:56.359+0000] {logging_mixin.py:120} INFO - [2023-09-24T02:18:56.359+0000] {dag.py:3340} INFO - Setting next_dagrun for create_tables to 2023-09-24T00:00:00+00:00, run_after=2023-09-25T00:00:00+00:00
[2023-09-24T02:18:56.380+0000] {processor.py:176} INFO - Processing /opt/airflow/dags/process_data.py took 0.161 seconds
[2023-09-24T02:19:26.668+0000] {processor.py:154} INFO - Started process (PID=547) to work on /opt/airflow/dags/process_data.py
[2023-09-24T02:19:26.669+0000] {processor.py:756} INFO - Processing file /opt/airflow/dags/process_data.py for tasks to queue
[2023-09-24T02:19:26.670+0000] {logging_mixin.py:120} INFO - [2023-09-24T02:19:26.670+0000] {dagbag.py:537} INFO - Filling up the DagBag from /opt/airflow/dags/process_data.py
[2023-09-24T02:19:26.736+0000] {processor.py:766} INFO - DAG(s) dict_keys(['create_tables']) retrieved from /opt/airflow/dags/process_data.py
[2023-09-24T02:19:26.811+0000] {logging_mixin.py:120} INFO - [2023-09-24T02:19:26.810+0000] {dag.py:2585} INFO - Sync 1 DAGs
[2023-09-24T02:19:26.842+0000] {logging_mixin.py:120} INFO - [2023-09-24T02:19:26.842+0000] {dag.py:3340} INFO - Setting next_dagrun for create_tables to 2023-09-24T00:00:00+00:00, run_after=2023-09-25T00:00:00+00:00
[2023-09-24T02:19:26.867+0000] {processor.py:176} INFO - Processing /opt/airflow/dags/process_data.py took 0.203 seconds
[2023-09-24T02:19:57.254+0000] {processor.py:154} INFO - Started process (PID=577) to work on /opt/airflow/dags/process_data.py
[2023-09-24T02:19:57.255+0000] {processor.py:756} INFO - Processing file /opt/airflow/dags/process_data.py for tasks to queue
[2023-09-24T02:19:57.256+0000] {logging_mixin.py:120} INFO - [2023-09-24T02:19:57.256+0000] {dagbag.py:537} INFO - Filling up the DagBag from /opt/airflow/dags/process_data.py
[2023-09-24T02:19:57.324+0000] {processor.py:766} INFO - DAG(s) dict_keys(['create_tables']) retrieved from /opt/airflow/dags/process_data.py
[2023-09-24T02:19:57.386+0000] {logging_mixin.py:120} INFO - [2023-09-24T02:19:57.386+0000] {dag.py:2585} INFO - Sync 1 DAGs
[2023-09-24T02:19:57.408+0000] {logging_mixin.py:120} INFO - [2023-09-24T02:19:57.408+0000] {dag.py:3340} INFO - Setting next_dagrun for create_tables to 2023-09-24T00:00:00+00:00, run_after=2023-09-25T00:00:00+00:00
[2023-09-24T02:19:57.431+0000] {processor.py:176} INFO - Processing /opt/airflow/dags/process_data.py took 0.179 seconds
[2023-09-24T02:20:27.806+0000] {processor.py:154} INFO - Started process (PID=607) to work on /opt/airflow/dags/process_data.py
[2023-09-24T02:20:27.807+0000] {processor.py:756} INFO - Processing file /opt/airflow/dags/process_data.py for tasks to queue
[2023-09-24T02:20:27.808+0000] {logging_mixin.py:120} INFO - [2023-09-24T02:20:27.808+0000] {dagbag.py:537} INFO - Filling up the DagBag from /opt/airflow/dags/process_data.py
[2023-09-24T02:20:27.864+0000] {processor.py:766} INFO - DAG(s) dict_keys(['create_tables']) retrieved from /opt/airflow/dags/process_data.py
[2023-09-24T02:20:27.896+0000] {logging_mixin.py:120} INFO - [2023-09-24T02:20:27.895+0000] {dag.py:2585} INFO - Sync 1 DAGs
[2023-09-24T02:20:27.917+0000] {logging_mixin.py:120} INFO - [2023-09-24T02:20:27.917+0000] {dag.py:3340} INFO - Setting next_dagrun for create_tables to 2023-09-24T00:00:00+00:00, run_after=2023-09-25T00:00:00+00:00
[2023-09-24T02:20:27.938+0000] {processor.py:176} INFO - Processing /opt/airflow/dags/process_data.py took 0.134 seconds
[2023-09-24T02:20:58.247+0000] {processor.py:154} INFO - Started process (PID=638) to work on /opt/airflow/dags/process_data.py
[2023-09-24T02:20:58.248+0000] {processor.py:756} INFO - Processing file /opt/airflow/dags/process_data.py for tasks to queue
[2023-09-24T02:20:58.249+0000] {logging_mixin.py:120} INFO - [2023-09-24T02:20:58.249+0000] {dagbag.py:537} INFO - Filling up the DagBag from /opt/airflow/dags/process_data.py
[2023-09-24T02:20:58.312+0000] {processor.py:766} INFO - DAG(s) dict_keys(['create_tables']) retrieved from /opt/airflow/dags/process_data.py
[2023-09-24T02:20:58.351+0000] {logging_mixin.py:120} INFO - [2023-09-24T02:20:58.351+0000] {dag.py:2585} INFO - Sync 1 DAGs
[2023-09-24T02:20:58.377+0000] {logging_mixin.py:120} INFO - [2023-09-24T02:20:58.376+0000] {dag.py:3340} INFO - Setting next_dagrun for create_tables to 2023-09-24T00:00:00+00:00, run_after=2023-09-25T00:00:00+00:00
[2023-09-24T02:20:58.395+0000] {processor.py:176} INFO - Processing /opt/airflow/dags/process_data.py took 0.150 seconds
[2023-09-24T02:21:28.702+0000] {processor.py:154} INFO - Started process (PID=659) to work on /opt/airflow/dags/process_data.py
[2023-09-24T02:21:28.703+0000] {processor.py:756} INFO - Processing file /opt/airflow/dags/process_data.py for tasks to queue
[2023-09-24T02:21:28.705+0000] {logging_mixin.py:120} INFO - [2023-09-24T02:21:28.704+0000] {dagbag.py:537} INFO - Filling up the DagBag from /opt/airflow/dags/process_data.py
[2023-09-24T02:21:28.762+0000] {processor.py:766} INFO - DAG(s) dict_keys(['create_tables']) retrieved from /opt/airflow/dags/process_data.py
[2023-09-24T02:21:28.794+0000] {logging_mixin.py:120} INFO - [2023-09-24T02:21:28.794+0000] {dag.py:2585} INFO - Sync 1 DAGs
[2023-09-24T02:21:28.817+0000] {logging_mixin.py:120} INFO - [2023-09-24T02:21:28.817+0000] {dag.py:3340} INFO - Setting next_dagrun for create_tables to 2023-09-24T00:00:00+00:00, run_after=2023-09-25T00:00:00+00:00
[2023-09-24T02:21:28.837+0000] {processor.py:176} INFO - Processing /opt/airflow/dags/process_data.py took 0.137 seconds
[2023-09-24T02:21:59.104+0000] {processor.py:154} INFO - Started process (PID=689) to work on /opt/airflow/dags/process_data.py
[2023-09-24T02:21:59.105+0000] {processor.py:756} INFO - Processing file /opt/airflow/dags/process_data.py for tasks to queue
[2023-09-24T02:21:59.106+0000] {logging_mixin.py:120} INFO - [2023-09-24T02:21:59.106+0000] {dagbag.py:537} INFO - Filling up the DagBag from /opt/airflow/dags/process_data.py
[2023-09-24T02:21:59.193+0000] {processor.py:766} INFO - DAG(s) dict_keys(['create_tables']) retrieved from /opt/airflow/dags/process_data.py
[2023-09-24T02:21:59.236+0000] {logging_mixin.py:120} INFO - [2023-09-24T02:21:59.235+0000] {dag.py:2585} INFO - Sync 1 DAGs
[2023-09-24T02:21:59.269+0000] {logging_mixin.py:120} INFO - [2023-09-24T02:21:59.269+0000] {dag.py:3340} INFO - Setting next_dagrun for create_tables to 2023-09-24T00:00:00+00:00, run_after=2023-09-25T00:00:00+00:00
[2023-09-24T02:21:59.294+0000] {processor.py:176} INFO - Processing /opt/airflow/dags/process_data.py took 0.193 seconds
[2023-09-24T02:22:29.619+0000] {processor.py:154} INFO - Started process (PID=718) to work on /opt/airflow/dags/process_data.py
[2023-09-24T02:22:29.620+0000] {processor.py:756} INFO - Processing file /opt/airflow/dags/process_data.py for tasks to queue
[2023-09-24T02:22:29.621+0000] {logging_mixin.py:120} INFO - [2023-09-24T02:22:29.621+0000] {dagbag.py:537} INFO - Filling up the DagBag from /opt/airflow/dags/process_data.py
[2023-09-24T02:22:29.686+0000] {processor.py:766} INFO - DAG(s) dict_keys(['create_tables']) retrieved from /opt/airflow/dags/process_data.py
[2023-09-24T02:22:29.720+0000] {logging_mixin.py:120} INFO - [2023-09-24T02:22:29.720+0000] {dag.py:2585} INFO - Sync 1 DAGs
[2023-09-24T02:22:29.749+0000] {logging_mixin.py:120} INFO - [2023-09-24T02:22:29.748+0000] {dag.py:3340} INFO - Setting next_dagrun for create_tables to 2023-09-24T00:00:00+00:00, run_after=2023-09-25T00:00:00+00:00
[2023-09-24T02:22:29.773+0000] {processor.py:176} INFO - Processing /opt/airflow/dags/process_data.py took 0.157 seconds
[2023-09-24T02:23:00.072+0000] {processor.py:154} INFO - Started process (PID=739) to work on /opt/airflow/dags/process_data.py
[2023-09-24T02:23:00.073+0000] {processor.py:756} INFO - Processing file /opt/airflow/dags/process_data.py for tasks to queue
[2023-09-24T02:23:00.074+0000] {logging_mixin.py:120} INFO - [2023-09-24T02:23:00.074+0000] {dagbag.py:537} INFO - Filling up the DagBag from /opt/airflow/dags/process_data.py
[2023-09-24T02:23:00.145+0000] {processor.py:766} INFO - DAG(s) dict_keys(['create_tables']) retrieved from /opt/airflow/dags/process_data.py
[2023-09-24T02:23:00.179+0000] {logging_mixin.py:120} INFO - [2023-09-24T02:23:00.179+0000] {dag.py:2585} INFO - Sync 1 DAGs
[2023-09-24T02:23:00.205+0000] {logging_mixin.py:120} INFO - [2023-09-24T02:23:00.204+0000] {dag.py:3340} INFO - Setting next_dagrun for create_tables to 2023-09-24T00:00:00+00:00, run_after=2023-09-25T00:00:00+00:00
[2023-09-24T02:23:00.223+0000] {processor.py:176} INFO - Processing /opt/airflow/dags/process_data.py took 0.154 seconds
