[2023-10-03T11:33:00.988+0000] {processor.py:157} INFO - Started process (PID=52) to work on /opt/airflow/dags/data_retrieval.py
[2023-10-03T11:33:00.990+0000] {processor.py:829} INFO - Processing file /opt/airflow/dags/data_retrieval.py for tasks to queue
[2023-10-03T11:33:00.999+0000] {logging_mixin.py:151} INFO - [2023-10-03T11:33:00.999+0000] {dagbag.py:539} INFO - Filling up the DagBag from /opt/airflow/dags/data_retrieval.py
[2023-10-03T11:33:01.053+0000] {processor.py:839} INFO - DAG(s) dict_keys(['process_data']) retrieved from /opt/airflow/dags/data_retrieval.py
[2023-10-03T11:33:01.243+0000] {logging_mixin.py:151} INFO - [2023-10-03T11:33:01.242+0000] {security.py:708} INFO - Not syncing DAG-level permissions for DAG 'DAG:process_data' as access control is unset.
[2023-10-03T11:33:01.245+0000] {logging_mixin.py:151} INFO - [2023-10-03T11:33:01.244+0000] {dag.py:2915} INFO - Sync 1 DAGs
[2023-10-03T11:33:01.282+0000] {logging_mixin.py:151} INFO - [2023-10-03T11:33:01.282+0000] {dag.py:3696} INFO - Setting next_dagrun for process_data to 2023-10-02T00:00:00+00:00, run_after=2023-10-03T00:00:00+00:00
[2023-10-03T11:33:01.327+0000] {processor.py:179} INFO - Processing /opt/airflow/dags/data_retrieval.py took 0.344 seconds
[2023-10-03T11:33:31.454+0000] {processor.py:157} INFO - Started process (PID=75) to work on /opt/airflow/dags/data_retrieval.py
[2023-10-03T11:33:31.455+0000] {processor.py:829} INFO - Processing file /opt/airflow/dags/data_retrieval.py for tasks to queue
[2023-10-03T11:33:31.457+0000] {logging_mixin.py:151} INFO - [2023-10-03T11:33:31.456+0000] {dagbag.py:539} INFO - Filling up the DagBag from /opt/airflow/dags/data_retrieval.py
[2023-10-03T11:33:31.475+0000] {processor.py:839} INFO - DAG(s) dict_keys(['process_data']) retrieved from /opt/airflow/dags/data_retrieval.py
[2023-10-03T11:33:31.496+0000] {logging_mixin.py:151} INFO - [2023-10-03T11:33:31.496+0000] {dag.py:2915} INFO - Sync 1 DAGs
[2023-10-03T11:33:31.515+0000] {logging_mixin.py:151} INFO - [2023-10-03T11:33:31.514+0000] {dag.py:3696} INFO - Setting next_dagrun for process_data to 2023-10-03T00:00:00+00:00, run_after=2023-10-04T00:00:00+00:00
[2023-10-03T11:33:31.534+0000] {processor.py:179} INFO - Processing /opt/airflow/dags/data_retrieval.py took 0.083 seconds
[2023-10-03T11:34:01.907+0000] {processor.py:157} INFO - Started process (PID=102) to work on /opt/airflow/dags/data_retrieval.py
[2023-10-03T11:34:01.908+0000] {processor.py:829} INFO - Processing file /opt/airflow/dags/data_retrieval.py for tasks to queue
[2023-10-03T11:34:01.910+0000] {logging_mixin.py:151} INFO - [2023-10-03T11:34:01.910+0000] {dagbag.py:539} INFO - Filling up the DagBag from /opt/airflow/dags/data_retrieval.py
[2023-10-03T11:34:01.931+0000] {processor.py:839} INFO - DAG(s) dict_keys(['process_data']) retrieved from /opt/airflow/dags/data_retrieval.py
[2023-10-03T11:34:01.958+0000] {logging_mixin.py:151} INFO - [2023-10-03T11:34:01.957+0000] {dag.py:2915} INFO - Sync 1 DAGs
[2023-10-03T11:34:01.984+0000] {logging_mixin.py:151} INFO - [2023-10-03T11:34:01.984+0000] {dag.py:3696} INFO - Setting next_dagrun for process_data to 2023-10-03T00:00:00+00:00, run_after=2023-10-04T00:00:00+00:00
[2023-10-03T11:34:02.004+0000] {processor.py:179} INFO - Processing /opt/airflow/dags/data_retrieval.py took 0.101 seconds
[2023-10-03T11:34:32.361+0000] {processor.py:157} INFO - Started process (PID=121) to work on /opt/airflow/dags/data_retrieval.py
[2023-10-03T11:34:32.362+0000] {processor.py:829} INFO - Processing file /opt/airflow/dags/data_retrieval.py for tasks to queue
[2023-10-03T11:34:32.364+0000] {logging_mixin.py:151} INFO - [2023-10-03T11:34:32.364+0000] {dagbag.py:539} INFO - Filling up the DagBag from /opt/airflow/dags/data_retrieval.py
[2023-10-03T11:34:32.384+0000] {processor.py:839} INFO - DAG(s) dict_keys(['process_data']) retrieved from /opt/airflow/dags/data_retrieval.py
[2023-10-03T11:34:32.411+0000] {logging_mixin.py:151} INFO - [2023-10-03T11:34:32.411+0000] {dag.py:2915} INFO - Sync 1 DAGs
[2023-10-03T11:34:32.434+0000] {logging_mixin.py:151} INFO - [2023-10-03T11:34:32.434+0000] {dag.py:3696} INFO - Setting next_dagrun for process_data to 2023-10-03T00:00:00+00:00, run_after=2023-10-04T00:00:00+00:00
[2023-10-03T11:34:32.455+0000] {processor.py:179} INFO - Processing /opt/airflow/dags/data_retrieval.py took 0.098 seconds
[2023-10-03T11:35:02.832+0000] {processor.py:157} INFO - Started process (PID=148) to work on /opt/airflow/dags/data_retrieval.py
[2023-10-03T11:35:02.833+0000] {processor.py:829} INFO - Processing file /opt/airflow/dags/data_retrieval.py for tasks to queue
[2023-10-03T11:35:02.836+0000] {logging_mixin.py:151} INFO - [2023-10-03T11:35:02.835+0000] {dagbag.py:539} INFO - Filling up the DagBag from /opt/airflow/dags/data_retrieval.py
[2023-10-03T11:35:02.857+0000] {processor.py:839} INFO - DAG(s) dict_keys(['process_data']) retrieved from /opt/airflow/dags/data_retrieval.py
[2023-10-03T11:35:02.881+0000] {logging_mixin.py:151} INFO - [2023-10-03T11:35:02.881+0000] {dag.py:2915} INFO - Sync 1 DAGs
[2023-10-03T11:35:02.903+0000] {logging_mixin.py:151} INFO - [2023-10-03T11:35:02.902+0000] {dag.py:3696} INFO - Setting next_dagrun for process_data to 2023-10-03T00:00:00+00:00, run_after=2023-10-04T00:00:00+00:00
[2023-10-03T11:35:02.927+0000] {processor.py:179} INFO - Processing /opt/airflow/dags/data_retrieval.py took 0.098 seconds
