[2023-10-03T11:33:00.174+0000] {processor.py:157} INFO - Started process (PID=50) to work on /opt/airflow/dags/process_data.py
[2023-10-03T11:33:00.175+0000] {processor.py:829} INFO - Processing file /opt/airflow/dags/process_data.py for tasks to queue
[2023-10-03T11:33:00.179+0000] {logging_mixin.py:151} INFO - [2023-10-03T11:33:00.179+0000] {dagbag.py:539} INFO - Filling up the DagBag from /opt/airflow/dags/process_data.py
[2023-10-03T11:33:00.357+0000] {processor.py:839} INFO - DAG(s) dict_keys(['create_tables']) retrieved from /opt/airflow/dags/process_data.py
[2023-10-03T11:33:00.798+0000] {logging_mixin.py:151} INFO - [2023-10-03T11:33:00.798+0000] {security.py:708} INFO - Not syncing DAG-level permissions for DAG 'DAG:create_tables' as access control is unset.
[2023-10-03T11:33:00.800+0000] {logging_mixin.py:151} INFO - [2023-10-03T11:33:00.799+0000] {dag.py:2915} INFO - Sync 1 DAGs
[2023-10-03T11:33:00.842+0000] {logging_mixin.py:151} INFO - [2023-10-03T11:33:00.842+0000] {dag.py:3696} INFO - Setting next_dagrun for create_tables to 2023-10-02T00:00:00+00:00, run_after=2023-10-03T00:00:00+00:00
[2023-10-03T11:33:00.889+0000] {processor.py:179} INFO - Processing /opt/airflow/dags/process_data.py took 0.729 seconds
[2023-10-03T11:33:31.285+0000] {processor.py:157} INFO - Started process (PID=73) to work on /opt/airflow/dags/process_data.py
[2023-10-03T11:33:31.286+0000] {processor.py:829} INFO - Processing file /opt/airflow/dags/process_data.py for tasks to queue
[2023-10-03T11:33:31.288+0000] {logging_mixin.py:151} INFO - [2023-10-03T11:33:31.288+0000] {dagbag.py:539} INFO - Filling up the DagBag from /opt/airflow/dags/process_data.py
[2023-10-03T11:33:31.306+0000] {processor.py:839} INFO - DAG(s) dict_keys(['create_tables']) retrieved from /opt/airflow/dags/process_data.py
[2023-10-03T11:33:31.331+0000] {logging_mixin.py:151} INFO - [2023-10-03T11:33:31.331+0000] {dag.py:2915} INFO - Sync 1 DAGs
[2023-10-03T11:33:31.351+0000] {logging_mixin.py:151} INFO - [2023-10-03T11:33:31.351+0000] {dag.py:3696} INFO - Setting next_dagrun for create_tables to 2023-10-03T00:00:00+00:00, run_after=2023-10-04T00:00:00+00:00
[2023-10-03T11:33:31.418+0000] {processor.py:179} INFO - Processing /opt/airflow/dags/process_data.py took 0.136 seconds
[2023-10-03T11:34:01.751+0000] {processor.py:157} INFO - Started process (PID=100) to work on /opt/airflow/dags/process_data.py
[2023-10-03T11:34:01.755+0000] {processor.py:829} INFO - Processing file /opt/airflow/dags/process_data.py for tasks to queue
[2023-10-03T11:34:01.759+0000] {logging_mixin.py:151} INFO - [2023-10-03T11:34:01.758+0000] {dagbag.py:539} INFO - Filling up the DagBag from /opt/airflow/dags/process_data.py
[2023-10-03T11:34:01.797+0000] {processor.py:839} INFO - DAG(s) dict_keys(['create_tables']) retrieved from /opt/airflow/dags/process_data.py
[2023-10-03T11:34:01.833+0000] {logging_mixin.py:151} INFO - [2023-10-03T11:34:01.833+0000] {dag.py:2915} INFO - Sync 1 DAGs
[2023-10-03T11:34:01.856+0000] {logging_mixin.py:151} INFO - [2023-10-03T11:34:01.856+0000] {dag.py:3696} INFO - Setting next_dagrun for create_tables to 2023-10-03T00:00:00+00:00, run_after=2023-10-04T00:00:00+00:00
[2023-10-03T11:34:01.877+0000] {processor.py:179} INFO - Processing /opt/airflow/dags/process_data.py took 0.135 seconds
[2023-10-03T11:34:32.184+0000] {processor.py:157} INFO - Started process (PID=119) to work on /opt/airflow/dags/process_data.py
[2023-10-03T11:34:32.185+0000] {processor.py:829} INFO - Processing file /opt/airflow/dags/process_data.py for tasks to queue
[2023-10-03T11:34:32.187+0000] {logging_mixin.py:151} INFO - [2023-10-03T11:34:32.187+0000] {dagbag.py:539} INFO - Filling up the DagBag from /opt/airflow/dags/process_data.py
[2023-10-03T11:34:32.205+0000] {processor.py:839} INFO - DAG(s) dict_keys(['create_tables']) retrieved from /opt/airflow/dags/process_data.py
[2023-10-03T11:34:32.236+0000] {logging_mixin.py:151} INFO - [2023-10-03T11:34:32.236+0000] {dag.py:2915} INFO - Sync 1 DAGs
[2023-10-03T11:34:32.254+0000] {logging_mixin.py:151} INFO - [2023-10-03T11:34:32.253+0000] {dag.py:3696} INFO - Setting next_dagrun for create_tables to 2023-10-03T00:00:00+00:00, run_after=2023-10-04T00:00:00+00:00
[2023-10-03T11:34:32.329+0000] {processor.py:179} INFO - Processing /opt/airflow/dags/process_data.py took 0.148 seconds
[2023-10-03T11:35:02.683+0000] {processor.py:157} INFO - Started process (PID=146) to work on /opt/airflow/dags/process_data.py
[2023-10-03T11:35:02.684+0000] {processor.py:829} INFO - Processing file /opt/airflow/dags/process_data.py for tasks to queue
[2023-10-03T11:35:02.687+0000] {logging_mixin.py:151} INFO - [2023-10-03T11:35:02.687+0000] {dagbag.py:539} INFO - Filling up the DagBag from /opt/airflow/dags/process_data.py
[2023-10-03T11:35:02.714+0000] {processor.py:839} INFO - DAG(s) dict_keys(['create_tables']) retrieved from /opt/airflow/dags/process_data.py
[2023-10-03T11:35:02.747+0000] {logging_mixin.py:151} INFO - [2023-10-03T11:35:02.747+0000] {dag.py:2915} INFO - Sync 1 DAGs
[2023-10-03T11:35:02.774+0000] {logging_mixin.py:151} INFO - [2023-10-03T11:35:02.774+0000] {dag.py:3696} INFO - Setting next_dagrun for create_tables to 2023-10-03T00:00:00+00:00, run_after=2023-10-04T00:00:00+00:00
[2023-10-03T11:35:02.798+0000] {processor.py:179} INFO - Processing /opt/airflow/dags/process_data.py took 0.120 seconds
