[2023-10-03T11:33:00.182+0000] {processor.py:157} INFO - Started process (PID=51) to work on /opt/airflow/dags/transfer_data.py
[2023-10-03T11:33:00.186+0000] {processor.py:829} INFO - Processing file /opt/airflow/dags/transfer_data.py for tasks to queue
[2023-10-03T11:33:00.221+0000] {logging_mixin.py:151} INFO - [2023-10-03T11:33:00.220+0000] {dagbag.py:539} INFO - Filling up the DagBag from /opt/airflow/dags/transfer_data.py
[2023-10-03T11:33:00.352+0000] {processor.py:839} INFO - DAG(s) dict_keys(['extract_data']) retrieved from /opt/airflow/dags/transfer_data.py
[2023-10-03T11:33:00.794+0000] {logging_mixin.py:151} INFO - [2023-10-03T11:33:00.793+0000] {security.py:708} INFO - Not syncing DAG-level permissions for DAG 'DAG:extract_data' as access control is unset.
[2023-10-03T11:33:00.795+0000] {logging_mixin.py:151} INFO - [2023-10-03T11:33:00.794+0000] {dag.py:2915} INFO - Sync 1 DAGs
[2023-10-03T11:33:00.839+0000] {logging_mixin.py:151} INFO - [2023-10-03T11:33:00.839+0000] {dag.py:3696} INFO - Setting next_dagrun for extract_data to 2023-10-02T00:00:00+00:00, run_after=2023-10-03T00:00:00+00:00
[2023-10-03T11:33:00.887+0000] {processor.py:179} INFO - Processing /opt/airflow/dags/transfer_data.py took 0.709 seconds
[2023-10-03T11:33:31.291+0000] {processor.py:157} INFO - Started process (PID=74) to work on /opt/airflow/dags/transfer_data.py
[2023-10-03T11:33:31.292+0000] {processor.py:829} INFO - Processing file /opt/airflow/dags/transfer_data.py for tasks to queue
[2023-10-03T11:33:31.294+0000] {logging_mixin.py:151} INFO - [2023-10-03T11:33:31.294+0000] {dagbag.py:539} INFO - Filling up the DagBag from /opt/airflow/dags/transfer_data.py
[2023-10-03T11:33:31.311+0000] {processor.py:839} INFO - DAG(s) dict_keys(['extract_data']) retrieved from /opt/airflow/dags/transfer_data.py
[2023-10-03T11:33:31.335+0000] {logging_mixin.py:151} INFO - [2023-10-03T11:33:31.335+0000] {dag.py:2915} INFO - Sync 1 DAGs
[2023-10-03T11:33:31.355+0000] {logging_mixin.py:151} INFO - [2023-10-03T11:33:31.354+0000] {dag.py:3696} INFO - Setting next_dagrun for extract_data to 2023-10-03T00:00:00+00:00, run_after=2023-10-04T00:00:00+00:00
[2023-10-03T11:33:31.418+0000] {processor.py:179} INFO - Processing /opt/airflow/dags/transfer_data.py took 0.130 seconds
[2023-10-03T11:34:01.784+0000] {processor.py:157} INFO - Started process (PID=101) to work on /opt/airflow/dags/transfer_data.py
[2023-10-03T11:34:01.785+0000] {processor.py:829} INFO - Processing file /opt/airflow/dags/transfer_data.py for tasks to queue
[2023-10-03T11:34:01.790+0000] {logging_mixin.py:151} INFO - [2023-10-03T11:34:01.790+0000] {dagbag.py:539} INFO - Filling up the DagBag from /opt/airflow/dags/transfer_data.py
[2023-10-03T11:34:01.822+0000] {processor.py:839} INFO - DAG(s) dict_keys(['extract_data']) retrieved from /opt/airflow/dags/transfer_data.py
[2023-10-03T11:34:01.850+0000] {logging_mixin.py:151} INFO - [2023-10-03T11:34:01.850+0000] {dag.py:2915} INFO - Sync 1 DAGs
[2023-10-03T11:34:01.875+0000] {logging_mixin.py:151} INFO - [2023-10-03T11:34:01.874+0000] {dag.py:3696} INFO - Setting next_dagrun for extract_data to 2023-10-03T00:00:00+00:00, run_after=2023-10-04T00:00:00+00:00
[2023-10-03T11:34:01.900+0000] {processor.py:179} INFO - Processing /opt/airflow/dags/transfer_data.py took 0.132 seconds
[2023-10-03T11:34:32.192+0000] {processor.py:157} INFO - Started process (PID=120) to work on /opt/airflow/dags/transfer_data.py
[2023-10-03T11:34:32.194+0000] {processor.py:829} INFO - Processing file /opt/airflow/dags/transfer_data.py for tasks to queue
[2023-10-03T11:34:32.195+0000] {logging_mixin.py:151} INFO - [2023-10-03T11:34:32.195+0000] {dagbag.py:539} INFO - Filling up the DagBag from /opt/airflow/dags/transfer_data.py
[2023-10-03T11:34:32.211+0000] {processor.py:839} INFO - DAG(s) dict_keys(['extract_data']) retrieved from /opt/airflow/dags/transfer_data.py
[2023-10-03T11:34:32.235+0000] {logging_mixin.py:151} INFO - [2023-10-03T11:34:32.234+0000] {dag.py:2915} INFO - Sync 1 DAGs
[2023-10-03T11:34:32.253+0000] {logging_mixin.py:151} INFO - [2023-10-03T11:34:32.253+0000] {dag.py:3696} INFO - Setting next_dagrun for extract_data to 2023-10-03T00:00:00+00:00, run_after=2023-10-04T00:00:00+00:00
[2023-10-03T11:34:32.329+0000] {processor.py:179} INFO - Processing /opt/airflow/dags/transfer_data.py took 0.139 seconds
[2023-10-03T11:35:02.691+0000] {processor.py:157} INFO - Started process (PID=147) to work on /opt/airflow/dags/transfer_data.py
[2023-10-03T11:35:02.692+0000] {processor.py:829} INFO - Processing file /opt/airflow/dags/transfer_data.py for tasks to queue
[2023-10-03T11:35:02.696+0000] {logging_mixin.py:151} INFO - [2023-10-03T11:35:02.695+0000] {dagbag.py:539} INFO - Filling up the DagBag from /opt/airflow/dags/transfer_data.py
[2023-10-03T11:35:02.724+0000] {processor.py:839} INFO - DAG(s) dict_keys(['extract_data']) retrieved from /opt/airflow/dags/transfer_data.py
[2023-10-03T11:35:02.762+0000] {logging_mixin.py:151} INFO - [2023-10-03T11:35:02.762+0000] {dag.py:2915} INFO - Sync 1 DAGs
[2023-10-03T11:35:02.788+0000] {logging_mixin.py:151} INFO - [2023-10-03T11:35:02.788+0000] {dag.py:3696} INFO - Setting next_dagrun for extract_data to 2023-10-03T00:00:00+00:00, run_after=2023-10-04T00:00:00+00:00
[2023-10-03T11:35:02.812+0000] {processor.py:179} INFO - Processing /opt/airflow/dags/transfer_data.py took 0.125 seconds
