[2023-09-23T00:02:16.219+0000] {taskinstance.py:1165} INFO - Dependencies all met for <TaskInstance: create_multi_table.create_users_table scheduled__2023-09-22T00:00:00+00:00 [queued]>
[2023-09-23T00:02:16.233+0000] {taskinstance.py:1165} INFO - Dependencies all met for <TaskInstance: create_multi_table.create_users_table scheduled__2023-09-22T00:00:00+00:00 [queued]>
[2023-09-23T00:02:16.233+0000] {taskinstance.py:1362} INFO - 
--------------------------------------------------------------------------------
[2023-09-23T00:02:16.235+0000] {taskinstance.py:1363} INFO - Starting attempt 1 of 1
[2023-09-23T00:02:16.236+0000] {taskinstance.py:1364} INFO - 
--------------------------------------------------------------------------------
[2023-09-23T00:02:16.255+0000] {taskinstance.py:1383} INFO - Executing <Task(PostgresOperator): create_users_table> on 2023-09-22 00:00:00+00:00
[2023-09-23T00:02:16.260+0000] {standard_task_runner.py:55} INFO - Started process 72 to run task
[2023-09-23T00:02:16.263+0000] {standard_task_runner.py:82} INFO - Running: ['***', 'tasks', 'run', 'create_multi_table', 'create_users_table', 'scheduled__2023-09-22T00:00:00+00:00', '--job-id', '53', '--raw', '--subdir', 'DAGS_FOLDER/crt_tbls_trs_data.py', '--cfg-path', '/tmp/tmpizbaamex']
[2023-09-23T00:02:16.264+0000] {standard_task_runner.py:83} INFO - Job 53: Subtask create_users_table
[2023-09-23T00:02:16.338+0000] {task_command.py:376} INFO - Running <TaskInstance: create_multi_table.create_users_table scheduled__2023-09-22T00:00:00+00:00 [running]> on host c71b9a166a04
[2023-09-23T00:02:16.491+0000] {taskinstance.py:1592} INFO - Exporting the following env vars:
AIRFLOW_CTX_DAG_OWNER=***
AIRFLOW_CTX_DAG_ID=create_multi_table
AIRFLOW_CTX_TASK_ID=create_users_table
AIRFLOW_CTX_EXECUTION_DATE=2023-09-22T00:00:00+00:00
AIRFLOW_CTX_TRY_NUMBER=1
AIRFLOW_CTX_DAG_RUN_ID=scheduled__2023-09-22T00:00:00+00:00
[2023-09-23T00:02:16.506+0000] {base.py:71} INFO - Using connection ID 'postgres' for task execution.
[2023-09-23T00:02:16.512+0000] {sql.py:315} INFO - Running statement: 
            CREATE TABLE IF NOT EXISTS users(
                first_name TEXT NULL,
                last_name TEXT NULL,
                email TEXT NULL,
                street_number SMALLINT NULL,
                street_name TEXT NULL,
                surburb TEXT NULL,
                post_code INTEGER NULL,
                state TEXT NULL,
                country TEXT NULL
            );
        , parameters: None
[2023-09-23T00:02:16.514+0000] {postgres.py:96} INFO - NOTICE:  relation "users" already exists, skipping

[2023-09-23T00:02:16.526+0000] {taskinstance.py:1406} INFO - Marking task as SUCCESS. dag_id=create_multi_table, task_id=create_users_table, execution_date=20230922T000000, start_date=20230923T000216, end_date=20230923T000216
[2023-09-23T00:02:16.557+0000] {local_task_job.py:164} INFO - Task exited with return code 0
[2023-09-23T00:02:16.602+0000] {local_task_job.py:273} INFO - 1 downstream tasks scheduled from follow-on schedule check
