[2023-09-23T12:53:15.799+0000] {taskinstance.py:1165} INFO - Dependencies all met for <TaskInstance: process_data.get_data manual__2023-09-23T12:53:14.349874+00:00 [queued]>
[2023-09-23T12:53:15.812+0000] {taskinstance.py:1165} INFO - Dependencies all met for <TaskInstance: process_data.get_data manual__2023-09-23T12:53:14.349874+00:00 [queued]>
[2023-09-23T12:53:15.813+0000] {taskinstance.py:1362} INFO - 
--------------------------------------------------------------------------------
[2023-09-23T12:53:15.813+0000] {taskinstance.py:1363} INFO - Starting attempt 1 of 1
[2023-09-23T12:53:15.814+0000] {taskinstance.py:1364} INFO - 
--------------------------------------------------------------------------------
[2023-09-23T12:53:15.828+0000] {taskinstance.py:1383} INFO - Executing <Task(_PythonDecoratedOperator): get_data> on 2023-09-23 12:53:14.349874+00:00
[2023-09-23T12:53:15.833+0000] {standard_task_runner.py:55} INFO - Started process 6926 to run task
[2023-09-23T12:53:15.836+0000] {standard_task_runner.py:82} INFO - Running: ['***', 'tasks', 'run', 'process_data', 'get_data', 'manual__2023-09-23T12:53:14.349874+00:00', '--job-id', '85', '--raw', '--subdir', 'DAGS_FOLDER/data_retrieval.py', '--cfg-path', '/tmp/tmpyawl1dl0']
[2023-09-23T12:53:15.837+0000] {standard_task_runner.py:83} INFO - Job 85: Subtask get_data
[2023-09-23T12:53:15.894+0000] {task_command.py:376} INFO - Running <TaskInstance: process_data.get_data manual__2023-09-23T12:53:14.349874+00:00 [running]> on host 20e0c20d2e1d
[2023-09-23T12:53:15.958+0000] {taskinstance.py:1592} INFO - Exporting the following env vars:
AIRFLOW_CTX_DAG_OWNER=***
AIRFLOW_CTX_DAG_ID=process_data
AIRFLOW_CTX_TASK_ID=get_data
AIRFLOW_CTX_EXECUTION_DATE=2023-09-23T12:53:14.349874+00:00
AIRFLOW_CTX_TRY_NUMBER=1
AIRFLOW_CTX_DAG_RUN_ID=manual__2023-09-23T12:53:14.349874+00:00
[2023-09-23T12:53:15.967+0000] {base.py:71} INFO - Using connection ID 'pgdatabase' for task execution.
[2023-09-23T12:53:15.991+0000] {python.py:177} INFO - Done. Returned value was: None
[2023-09-23T12:53:16.000+0000] {taskinstance.py:1406} INFO - Marking task as SUCCESS. dag_id=process_data, task_id=get_data, execution_date=20230923T125314, start_date=20230923T125315, end_date=20230923T125316
[2023-09-23T12:53:16.049+0000] {local_task_job.py:164} INFO - Task exited with return code 0
[2023-09-23T12:53:16.067+0000] {local_task_job.py:273} INFO - 0 downstream tasks scheduled from follow-on schedule check
