[2023-10-03T11:33:10.040+0000] {taskinstance.py:1157} INFO - Dependencies all met for dep_context=non-requeueable deps ti=<TaskInstance: create_tables.create_users_table scheduled__2023-10-02T00:00:00+00:00 [queued]>
[2023-10-03T11:33:10.057+0000] {taskinstance.py:1157} INFO - Dependencies all met for dep_context=requeueable deps ti=<TaskInstance: create_tables.create_users_table scheduled__2023-10-02T00:00:00+00:00 [queued]>
[2023-10-03T11:33:10.058+0000] {taskinstance.py:1359} INFO - Starting attempt 1 of 1
[2023-10-03T11:33:10.082+0000] {taskinstance.py:1380} INFO - Executing <Task(PostgresOperator): create_users_table> on 2023-10-02 00:00:00+00:00
[2023-10-03T11:33:10.092+0000] {standard_task_runner.py:57} INFO - Started process 72 to run task
[2023-10-03T11:33:10.113+0000] {standard_task_runner.py:84} INFO - Running: ['***', 'tasks', 'run', 'create_tables', 'create_users_table', 'scheduled__2023-10-02T00:00:00+00:00', '--job-id', '112', '--raw', '--subdir', 'DAGS_FOLDER/process_data.py', '--cfg-path', '/tmp/tmpv05pict7']
[2023-10-03T11:33:10.115+0000] {standard_task_runner.py:85} INFO - Job 112: Subtask create_users_table
[2023-10-03T11:33:10.242+0000] {task_command.py:415} INFO - Running <TaskInstance: create_tables.create_users_table scheduled__2023-10-02T00:00:00+00:00 [running]> on host eb8068a047da
[2023-10-03T11:33:10.362+0000] {taskinstance.py:1660} INFO - Exporting env vars: AIRFLOW_CTX_DAG_OWNER='***' AIRFLOW_CTX_DAG_ID='create_tables' AIRFLOW_CTX_TASK_ID='create_users_table' AIRFLOW_CTX_EXECUTION_DATE='2023-10-02T00:00:00+00:00' AIRFLOW_CTX_TRY_NUMBER='1' AIRFLOW_CTX_DAG_RUN_ID='scheduled__2023-10-02T00:00:00+00:00'
[2023-10-03T11:33:10.363+0000] {sql.py:274} INFO - Executing: 
            CREATE TABLE IF NOT EXISTS users(
                first_name TEXT NULL,
                last_name TEXT NULL,
                email TEXT NULL,
                street_number SMALLINT NULL,
                street_name TEXT NULL,
                surburb TEXT NULL,
                post_code INTEGER NULL,
                state TEXT NULL,
                country TEXT NULL
            );
        
[2023-10-03T11:33:10.380+0000] {base.py:73} INFO - Using connection ID 'postgres' for task execution.
[2023-10-03T11:33:10.392+0000] {base.py:73} INFO - Using connection ID 'postgres' for task execution.
[2023-10-03T11:33:10.398+0000] {sql.py:418} INFO - Running statement: 
            CREATE TABLE IF NOT EXISTS users(
                first_name TEXT NULL,
                last_name TEXT NULL,
                email TEXT NULL,
                street_number SMALLINT NULL,
                street_name TEXT NULL,
                surburb TEXT NULL,
                post_code INTEGER NULL,
                state TEXT NULL,
                country TEXT NULL
            );
        , parameters: None
[2023-10-03T11:33:10.411+0000] {taskinstance.py:1398} INFO - Marking task as SUCCESS. dag_id=create_tables, task_id=create_users_table, execution_date=20231002T000000, start_date=20231003T113310, end_date=20231003T113310
[2023-10-03T11:33:10.438+0000] {local_task_job_runner.py:228} INFO - Task exited with return code 0
[2023-10-03T11:33:10.475+0000] {taskinstance.py:2776} INFO - 1 downstream tasks scheduled from follow-on schedule check
