[2023-09-19T08:33:32.634+0000] {processor.py:154} INFO - Started process (PID=78) to work on /home/airflow/.local/lib/python3.7/site-packages/airflow/example_dags/example_branch_datetime_operator.py
[2023-09-19T08:33:32.638+0000] {processor.py:756} INFO - Processing file /home/airflow/.local/lib/python3.7/site-packages/airflow/example_dags/example_branch_datetime_operator.py for tasks to queue
[2023-09-19T08:33:32.640+0000] {logging_mixin.py:120} INFO - [2023-09-19T08:33:32.640+0000] {dagbag.py:537} INFO - Filling up the DagBag from /home/airflow/.local/lib/python3.7/site-packages/airflow/example_dags/example_branch_datetime_operator.py
[2023-09-19T08:33:32.682+0000] {processor.py:766} INFO - DAG(s) dict_keys(['example_branch_datetime_operator_2', 'example_branch_datetime_operator_3', 'example_branch_datetime_operator']) retrieved from /home/airflow/.local/lib/python3.7/site-packages/airflow/example_dags/example_branch_datetime_operator.py
[2023-09-19T08:33:32.957+0000] {logging_mixin.py:120} INFO - [2023-09-19T08:33:32.957+0000] {manager.py:507} INFO - Created Permission View: can edit on DAG:example_branch_datetime_operator_2
[2023-09-19T08:33:32.976+0000] {logging_mixin.py:120} INFO - [2023-09-19T08:33:32.976+0000] {manager.py:507} INFO - Created Permission View: can delete on DAG:example_branch_datetime_operator_2
[2023-09-19T08:33:32.991+0000] {logging_mixin.py:120} INFO - [2023-09-19T08:33:32.991+0000] {manager.py:507} INFO - Created Permission View: can read on DAG:example_branch_datetime_operator_2
[2023-09-19T08:33:33.020+0000] {logging_mixin.py:120} INFO - [2023-09-19T08:33:33.019+0000] {manager.py:507} INFO - Created Permission View: can edit on DAG:example_branch_datetime_operator_3
[2023-09-19T08:33:33.033+0000] {logging_mixin.py:120} INFO - [2023-09-19T08:33:33.032+0000] {manager.py:507} INFO - Created Permission View: can delete on DAG:example_branch_datetime_operator_3
[2023-09-19T08:33:33.048+0000] {logging_mixin.py:120} INFO - [2023-09-19T08:33:33.048+0000] {manager.py:507} INFO - Created Permission View: can read on DAG:example_branch_datetime_operator_3
[2023-09-19T08:33:33.073+0000] {logging_mixin.py:120} INFO - [2023-09-19T08:33:33.073+0000] {manager.py:507} INFO - Created Permission View: can edit on DAG:example_branch_datetime_operator
[2023-09-19T08:33:33.086+0000] {logging_mixin.py:120} INFO - [2023-09-19T08:33:33.086+0000] {manager.py:507} INFO - Created Permission View: can delete on DAG:example_branch_datetime_operator
[2023-09-19T08:33:33.097+0000] {logging_mixin.py:120} INFO - [2023-09-19T08:33:33.097+0000] {manager.py:507} INFO - Created Permission View: can read on DAG:example_branch_datetime_operator
[2023-09-19T08:33:33.099+0000] {logging_mixin.py:120} INFO - [2023-09-19T08:33:33.098+0000] {dag.py:2585} INFO - Sync 3 DAGs
[2023-09-19T08:33:33.117+0000] {logging_mixin.py:120} INFO - [2023-09-19T08:33:33.117+0000] {dag.py:2606} INFO - Creating ORM DAG for example_branch_datetime_operator
[2023-09-19T08:33:33.120+0000] {logging_mixin.py:120} INFO - [2023-09-19T08:33:33.120+0000] {dag.py:2606} INFO - Creating ORM DAG for example_branch_datetime_operator_2
[2023-09-19T08:33:33.123+0000] {logging_mixin.py:120} INFO - [2023-09-19T08:33:33.123+0000] {dag.py:2606} INFO - Creating ORM DAG for example_branch_datetime_operator_3
[2023-09-19T08:33:33.140+0000] {logging_mixin.py:120} INFO - [2023-09-19T08:33:33.140+0000] {dag.py:3340} INFO - Setting next_dagrun for example_branch_datetime_operator to 2023-09-18T00:00:00+00:00, run_after=2023-09-19T00:00:00+00:00
[2023-09-19T08:33:33.143+0000] {logging_mixin.py:120} INFO - [2023-09-19T08:33:33.143+0000] {dag.py:3340} INFO - Setting next_dagrun for example_branch_datetime_operator_2 to 2023-09-18T00:00:00+00:00, run_after=2023-09-19T00:00:00+00:00
[2023-09-19T08:33:33.145+0000] {logging_mixin.py:120} INFO - [2023-09-19T08:33:33.145+0000] {dag.py:3340} INFO - Setting next_dagrun for example_branch_datetime_operator_3 to 2023-09-18T00:00:00+00:00, run_after=2023-09-19T00:00:00+00:00
[2023-09-19T08:33:33.189+0000] {processor.py:176} INFO - Processing /home/airflow/.local/lib/python3.7/site-packages/airflow/example_dags/example_branch_datetime_operator.py took 0.562 seconds
[2023-09-19T08:34:04.010+0000] {processor.py:154} INFO - Started process (PID=142) to work on /home/airflow/.local/lib/python3.7/site-packages/airflow/example_dags/example_branch_datetime_operator.py
[2023-09-19T08:34:04.011+0000] {processor.py:756} INFO - Processing file /home/airflow/.local/lib/python3.7/site-packages/airflow/example_dags/example_branch_datetime_operator.py for tasks to queue
[2023-09-19T08:34:04.012+0000] {logging_mixin.py:120} INFO - [2023-09-19T08:34:04.012+0000] {dagbag.py:537} INFO - Filling up the DagBag from /home/airflow/.local/lib/python3.7/site-packages/airflow/example_dags/example_branch_datetime_operator.py
[2023-09-19T08:34:04.036+0000] {processor.py:766} INFO - DAG(s) dict_keys(['example_branch_datetime_operator_2', 'example_branch_datetime_operator_3', 'example_branch_datetime_operator']) retrieved from /home/airflow/.local/lib/python3.7/site-packages/airflow/example_dags/example_branch_datetime_operator.py
[2023-09-19T08:34:04.096+0000] {logging_mixin.py:120} INFO - [2023-09-19T08:34:04.096+0000] {dag.py:2585} INFO - Sync 3 DAGs
[2023-09-19T08:34:04.124+0000] {logging_mixin.py:120} INFO - [2023-09-19T08:34:04.124+0000] {dag.py:3340} INFO - Setting next_dagrun for example_branch_datetime_operator to 2023-09-18T00:00:00+00:00, run_after=2023-09-19T00:00:00+00:00
[2023-09-19T08:34:04.129+0000] {logging_mixin.py:120} INFO - [2023-09-19T08:34:04.129+0000] {dag.py:3340} INFO - Setting next_dagrun for example_branch_datetime_operator_2 to 2023-09-18T00:00:00+00:00, run_after=2023-09-19T00:00:00+00:00
[2023-09-19T08:34:04.135+0000] {logging_mixin.py:120} INFO - [2023-09-19T08:34:04.134+0000] {dag.py:3340} INFO - Setting next_dagrun for example_branch_datetime_operator_3 to 2023-09-18T00:00:00+00:00, run_after=2023-09-19T00:00:00+00:00
[2023-09-19T08:34:04.160+0000] {processor.py:176} INFO - Processing /home/airflow/.local/lib/python3.7/site-packages/airflow/example_dags/example_branch_datetime_operator.py took 0.155 seconds
[2023-09-19T08:34:34.456+0000] {processor.py:154} INFO - Started process (PID=197) to work on /home/airflow/.local/lib/python3.7/site-packages/airflow/example_dags/example_branch_datetime_operator.py
[2023-09-19T08:34:34.458+0000] {processor.py:756} INFO - Processing file /home/airflow/.local/lib/python3.7/site-packages/airflow/example_dags/example_branch_datetime_operator.py for tasks to queue
[2023-09-19T08:34:34.460+0000] {logging_mixin.py:120} INFO - [2023-09-19T08:34:34.460+0000] {dagbag.py:537} INFO - Filling up the DagBag from /home/airflow/.local/lib/python3.7/site-packages/airflow/example_dags/example_branch_datetime_operator.py
[2023-09-19T08:34:34.480+0000] {processor.py:766} INFO - DAG(s) dict_keys(['example_branch_datetime_operator_2', 'example_branch_datetime_operator_3', 'example_branch_datetime_operator']) retrieved from /home/airflow/.local/lib/python3.7/site-packages/airflow/example_dags/example_branch_datetime_operator.py
[2023-09-19T08:34:34.570+0000] {logging_mixin.py:120} INFO - [2023-09-19T08:34:34.570+0000] {dag.py:2585} INFO - Sync 3 DAGs
[2023-09-19T08:34:34.605+0000] {logging_mixin.py:120} INFO - [2023-09-19T08:34:34.605+0000] {dag.py:3340} INFO - Setting next_dagrun for example_branch_datetime_operator to 2023-09-18T00:00:00+00:00, run_after=2023-09-19T00:00:00+00:00
[2023-09-19T08:34:34.611+0000] {logging_mixin.py:120} INFO - [2023-09-19T08:34:34.610+0000] {dag.py:3340} INFO - Setting next_dagrun for example_branch_datetime_operator_2 to 2023-09-18T00:00:00+00:00, run_after=2023-09-19T00:00:00+00:00
[2023-09-19T08:34:34.613+0000] {logging_mixin.py:120} INFO - [2023-09-19T08:34:34.613+0000] {dag.py:3340} INFO - Setting next_dagrun for example_branch_datetime_operator_3 to 2023-09-18T00:00:00+00:00, run_after=2023-09-19T00:00:00+00:00
[2023-09-19T08:34:34.684+0000] {processor.py:176} INFO - Processing /home/airflow/.local/lib/python3.7/site-packages/airflow/example_dags/example_branch_datetime_operator.py took 0.231 seconds
[2023-09-19T08:35:05.020+0000] {processor.py:154} INFO - Started process (PID=260) to work on /home/airflow/.local/lib/python3.7/site-packages/airflow/example_dags/example_branch_datetime_operator.py
[2023-09-19T08:35:05.023+0000] {processor.py:756} INFO - Processing file /home/airflow/.local/lib/python3.7/site-packages/airflow/example_dags/example_branch_datetime_operator.py for tasks to queue
[2023-09-19T08:35:05.025+0000] {logging_mixin.py:120} INFO - [2023-09-19T08:35:05.024+0000] {dagbag.py:537} INFO - Filling up the DagBag from /home/airflow/.local/lib/python3.7/site-packages/airflow/example_dags/example_branch_datetime_operator.py
[2023-09-19T08:35:05.052+0000] {processor.py:766} INFO - DAG(s) dict_keys(['example_branch_datetime_operator', 'example_branch_datetime_operator_2', 'example_branch_datetime_operator_3']) retrieved from /home/airflow/.local/lib/python3.7/site-packages/airflow/example_dags/example_branch_datetime_operator.py
[2023-09-19T08:35:05.157+0000] {logging_mixin.py:120} INFO - [2023-09-19T08:35:05.157+0000] {dag.py:2585} INFO - Sync 3 DAGs
[2023-09-19T08:35:05.197+0000] {logging_mixin.py:120} INFO - [2023-09-19T08:35:05.197+0000] {dag.py:3340} INFO - Setting next_dagrun for example_branch_datetime_operator to 2023-09-18T00:00:00+00:00, run_after=2023-09-19T00:00:00+00:00
[2023-09-19T08:35:05.208+0000] {logging_mixin.py:120} INFO - [2023-09-19T08:35:05.208+0000] {dag.py:3340} INFO - Setting next_dagrun for example_branch_datetime_operator_2 to 2023-09-18T00:00:00+00:00, run_after=2023-09-19T00:00:00+00:00
[2023-09-19T08:35:05.211+0000] {logging_mixin.py:120} INFO - [2023-09-19T08:35:05.211+0000] {dag.py:3340} INFO - Setting next_dagrun for example_branch_datetime_operator_3 to 2023-09-18T00:00:00+00:00, run_after=2023-09-19T00:00:00+00:00
[2023-09-19T08:35:05.292+0000] {processor.py:176} INFO - Processing /home/airflow/.local/lib/python3.7/site-packages/airflow/example_dags/example_branch_datetime_operator.py took 0.279 seconds
[2023-09-19T08:35:35.633+0000] {processor.py:154} INFO - Started process (PID=323) to work on /home/airflow/.local/lib/python3.7/site-packages/airflow/example_dags/example_branch_datetime_operator.py
[2023-09-19T08:35:35.634+0000] {processor.py:756} INFO - Processing file /home/airflow/.local/lib/python3.7/site-packages/airflow/example_dags/example_branch_datetime_operator.py for tasks to queue
[2023-09-19T08:35:35.636+0000] {logging_mixin.py:120} INFO - [2023-09-19T08:35:35.636+0000] {dagbag.py:537} INFO - Filling up the DagBag from /home/airflow/.local/lib/python3.7/site-packages/airflow/example_dags/example_branch_datetime_operator.py
[2023-09-19T08:35:35.664+0000] {processor.py:766} INFO - DAG(s) dict_keys(['example_branch_datetime_operator_2', 'example_branch_datetime_operator', 'example_branch_datetime_operator_3']) retrieved from /home/airflow/.local/lib/python3.7/site-packages/airflow/example_dags/example_branch_datetime_operator.py
[2023-09-19T08:35:35.726+0000] {logging_mixin.py:120} INFO - [2023-09-19T08:35:35.726+0000] {dag.py:2585} INFO - Sync 3 DAGs
[2023-09-19T08:35:35.756+0000] {logging_mixin.py:120} INFO - [2023-09-19T08:35:35.756+0000] {dag.py:3340} INFO - Setting next_dagrun for example_branch_datetime_operator to 2023-09-18T00:00:00+00:00, run_after=2023-09-19T00:00:00+00:00
[2023-09-19T08:35:35.762+0000] {logging_mixin.py:120} INFO - [2023-09-19T08:35:35.762+0000] {dag.py:3340} INFO - Setting next_dagrun for example_branch_datetime_operator_2 to 2023-09-18T00:00:00+00:00, run_after=2023-09-19T00:00:00+00:00
[2023-09-19T08:35:35.767+0000] {logging_mixin.py:120} INFO - [2023-09-19T08:35:35.766+0000] {dag.py:3340} INFO - Setting next_dagrun for example_branch_datetime_operator_3 to 2023-09-18T00:00:00+00:00, run_after=2023-09-19T00:00:00+00:00
[2023-09-19T08:35:35.800+0000] {processor.py:176} INFO - Processing /home/airflow/.local/lib/python3.7/site-packages/airflow/example_dags/example_branch_datetime_operator.py took 0.171 seconds
