[2023-09-19T08:33:35.129+0000] {processor.py:154} INFO - Started process (PID=87) to work on /home/airflow/.local/lib/python3.7/site-packages/airflow/example_dags/example_xcomargs.py
[2023-09-19T08:33:35.131+0000] {processor.py:756} INFO - Processing file /home/airflow/.local/lib/python3.7/site-packages/airflow/example_dags/example_xcomargs.py for tasks to queue
[2023-09-19T08:33:35.134+0000] {logging_mixin.py:120} INFO - [2023-09-19T08:33:35.133+0000] {dagbag.py:537} INFO - Filling up the DagBag from /home/airflow/.local/lib/python3.7/site-packages/airflow/example_dags/example_xcomargs.py
[2023-09-19T08:33:35.182+0000] {processor.py:766} INFO - DAG(s) dict_keys(['example_xcom_args', 'example_xcom_args_with_operators']) retrieved from /home/airflow/.local/lib/python3.7/site-packages/airflow/example_dags/example_xcomargs.py
[2023-09-19T08:33:35.424+0000] {logging_mixin.py:120} INFO - [2023-09-19T08:33:35.423+0000] {manager.py:507} INFO - Created Permission View: can edit on DAG:example_xcom_args
[2023-09-19T08:33:35.455+0000] {logging_mixin.py:120} INFO - [2023-09-19T08:33:35.455+0000] {manager.py:507} INFO - Created Permission View: can delete on DAG:example_xcom_args
[2023-09-19T08:33:35.475+0000] {logging_mixin.py:120} INFO - [2023-09-19T08:33:35.474+0000] {manager.py:507} INFO - Created Permission View: can read on DAG:example_xcom_args
[2023-09-19T08:33:35.507+0000] {logging_mixin.py:120} INFO - [2023-09-19T08:33:35.507+0000] {manager.py:507} INFO - Created Permission View: can edit on DAG:example_xcom_args_with_operators
[2023-09-19T08:33:35.528+0000] {logging_mixin.py:120} INFO - [2023-09-19T08:33:35.527+0000] {manager.py:507} INFO - Created Permission View: can delete on DAG:example_xcom_args_with_operators
[2023-09-19T08:33:35.546+0000] {logging_mixin.py:120} INFO - [2023-09-19T08:33:35.545+0000] {manager.py:507} INFO - Created Permission View: can read on DAG:example_xcom_args_with_operators
[2023-09-19T08:33:35.547+0000] {logging_mixin.py:120} INFO - [2023-09-19T08:33:35.547+0000] {dag.py:2585} INFO - Sync 2 DAGs
[2023-09-19T08:33:35.569+0000] {logging_mixin.py:120} INFO - [2023-09-19T08:33:35.569+0000] {dag.py:2606} INFO - Creating ORM DAG for example_xcom_args
[2023-09-19T08:33:35.571+0000] {logging_mixin.py:120} INFO - [2023-09-19T08:33:35.570+0000] {dag.py:2606} INFO - Creating ORM DAG for example_xcom_args_with_operators
[2023-09-19T08:33:35.588+0000] {logging_mixin.py:120} INFO - [2023-09-19T08:33:35.588+0000] {dag.py:3340} INFO - Setting next_dagrun for example_xcom_args to None, run_after=None
[2023-09-19T08:33:35.590+0000] {logging_mixin.py:120} INFO - [2023-09-19T08:33:35.589+0000] {dag.py:3340} INFO - Setting next_dagrun for example_xcom_args_with_operators to None, run_after=None
[2023-09-19T08:33:35.624+0000] {processor.py:176} INFO - Processing /home/airflow/.local/lib/python3.7/site-packages/airflow/example_dags/example_xcomargs.py took 0.499 seconds
[2023-09-19T08:34:06.101+0000] {processor.py:154} INFO - Started process (PID=151) to work on /home/airflow/.local/lib/python3.7/site-packages/airflow/example_dags/example_xcomargs.py
[2023-09-19T08:34:06.102+0000] {processor.py:756} INFO - Processing file /home/airflow/.local/lib/python3.7/site-packages/airflow/example_dags/example_xcomargs.py for tasks to queue
[2023-09-19T08:34:06.103+0000] {logging_mixin.py:120} INFO - [2023-09-19T08:34:06.103+0000] {dagbag.py:537} INFO - Filling up the DagBag from /home/airflow/.local/lib/python3.7/site-packages/airflow/example_dags/example_xcomargs.py
[2023-09-19T08:34:06.126+0000] {processor.py:766} INFO - DAG(s) dict_keys(['example_xcom_args_with_operators', 'example_xcom_args']) retrieved from /home/airflow/.local/lib/python3.7/site-packages/airflow/example_dags/example_xcomargs.py
[2023-09-19T08:34:06.167+0000] {logging_mixin.py:120} INFO - [2023-09-19T08:34:06.167+0000] {dag.py:2585} INFO - Sync 2 DAGs
[2023-09-19T08:34:06.192+0000] {logging_mixin.py:120} INFO - [2023-09-19T08:34:06.191+0000] {dag.py:3340} INFO - Setting next_dagrun for example_xcom_args to None, run_after=None
[2023-09-19T08:34:06.195+0000] {logging_mixin.py:120} INFO - [2023-09-19T08:34:06.195+0000] {dag.py:3340} INFO - Setting next_dagrun for example_xcom_args_with_operators to None, run_after=None
[2023-09-19T08:34:06.218+0000] {processor.py:176} INFO - Processing /home/airflow/.local/lib/python3.7/site-packages/airflow/example_dags/example_xcomargs.py took 0.120 seconds
[2023-09-19T08:34:36.584+0000] {processor.py:154} INFO - Started process (PID=215) to work on /home/airflow/.local/lib/python3.7/site-packages/airflow/example_dags/example_xcomargs.py
[2023-09-19T08:34:36.586+0000] {processor.py:756} INFO - Processing file /home/airflow/.local/lib/python3.7/site-packages/airflow/example_dags/example_xcomargs.py for tasks to queue
[2023-09-19T08:34:36.587+0000] {logging_mixin.py:120} INFO - [2023-09-19T08:34:36.587+0000] {dagbag.py:537} INFO - Filling up the DagBag from /home/airflow/.local/lib/python3.7/site-packages/airflow/example_dags/example_xcomargs.py
[2023-09-19T08:34:36.610+0000] {processor.py:766} INFO - DAG(s) dict_keys(['example_xcom_args_with_operators', 'example_xcom_args']) retrieved from /home/airflow/.local/lib/python3.7/site-packages/airflow/example_dags/example_xcomargs.py
[2023-09-19T08:34:36.663+0000] {logging_mixin.py:120} INFO - [2023-09-19T08:34:36.663+0000] {dag.py:2585} INFO - Sync 2 DAGs
[2023-09-19T08:34:36.696+0000] {logging_mixin.py:120} INFO - [2023-09-19T08:34:36.696+0000] {dag.py:3340} INFO - Setting next_dagrun for example_xcom_args to None, run_after=None
[2023-09-19T08:34:36.700+0000] {logging_mixin.py:120} INFO - [2023-09-19T08:34:36.700+0000] {dag.py:3340} INFO - Setting next_dagrun for example_xcom_args_with_operators to None, run_after=None
[2023-09-19T08:34:36.717+0000] {processor.py:176} INFO - Processing /home/airflow/.local/lib/python3.7/site-packages/airflow/example_dags/example_xcomargs.py took 0.136 seconds
[2023-09-19T08:35:07.034+0000] {processor.py:154} INFO - Started process (PID=269) to work on /home/airflow/.local/lib/python3.7/site-packages/airflow/example_dags/example_xcomargs.py
[2023-09-19T08:35:07.035+0000] {processor.py:756} INFO - Processing file /home/airflow/.local/lib/python3.7/site-packages/airflow/example_dags/example_xcomargs.py for tasks to queue
[2023-09-19T08:35:07.036+0000] {logging_mixin.py:120} INFO - [2023-09-19T08:35:07.036+0000] {dagbag.py:537} INFO - Filling up the DagBag from /home/airflow/.local/lib/python3.7/site-packages/airflow/example_dags/example_xcomargs.py
[2023-09-19T08:35:07.064+0000] {processor.py:766} INFO - DAG(s) dict_keys(['example_xcom_args_with_operators', 'example_xcom_args']) retrieved from /home/airflow/.local/lib/python3.7/site-packages/airflow/example_dags/example_xcomargs.py
[2023-09-19T08:35:07.119+0000] {logging_mixin.py:120} INFO - [2023-09-19T08:35:07.119+0000] {dag.py:2585} INFO - Sync 2 DAGs
[2023-09-19T08:35:07.147+0000] {logging_mixin.py:120} INFO - [2023-09-19T08:35:07.147+0000] {dag.py:3340} INFO - Setting next_dagrun for example_xcom_args to None, run_after=None
[2023-09-19T08:35:07.153+0000] {logging_mixin.py:120} INFO - [2023-09-19T08:35:07.153+0000] {dag.py:3340} INFO - Setting next_dagrun for example_xcom_args_with_operators to None, run_after=None
[2023-09-19T08:35:07.178+0000] {processor.py:176} INFO - Processing /home/airflow/.local/lib/python3.7/site-packages/airflow/example_dags/example_xcomargs.py took 0.148 seconds
[2023-09-19T08:35:37.608+0000] {processor.py:154} INFO - Started process (PID=332) to work on /home/airflow/.local/lib/python3.7/site-packages/airflow/example_dags/example_xcomargs.py
[2023-09-19T08:35:37.609+0000] {processor.py:756} INFO - Processing file /home/airflow/.local/lib/python3.7/site-packages/airflow/example_dags/example_xcomargs.py for tasks to queue
[2023-09-19T08:35:37.611+0000] {logging_mixin.py:120} INFO - [2023-09-19T08:35:37.611+0000] {dagbag.py:537} INFO - Filling up the DagBag from /home/airflow/.local/lib/python3.7/site-packages/airflow/example_dags/example_xcomargs.py
[2023-09-19T08:35:37.641+0000] {processor.py:766} INFO - DAG(s) dict_keys(['example_xcom_args', 'example_xcom_args_with_operators']) retrieved from /home/airflow/.local/lib/python3.7/site-packages/airflow/example_dags/example_xcomargs.py
[2023-09-19T08:35:37.711+0000] {logging_mixin.py:120} INFO - [2023-09-19T08:35:37.710+0000] {dag.py:2585} INFO - Sync 2 DAGs
[2023-09-19T08:35:37.752+0000] {logging_mixin.py:120} INFO - [2023-09-19T08:35:37.751+0000] {dag.py:3340} INFO - Setting next_dagrun for example_xcom_args to None, run_after=None
[2023-09-19T08:35:37.758+0000] {logging_mixin.py:120} INFO - [2023-09-19T08:35:37.758+0000] {dag.py:3340} INFO - Setting next_dagrun for example_xcom_args_with_operators to None, run_after=None
[2023-09-19T08:35:37.791+0000] {processor.py:176} INFO - Processing /home/airflow/.local/lib/python3.7/site-packages/airflow/example_dags/example_xcomargs.py took 0.187 seconds
