[2023-09-19T08:33:29.374+0000] {processor.py:154} INFO - Started process (PID=61) to work on /home/airflow/.local/lib/python3.7/site-packages/airflow/example_dags/example_dag_decorator.py
[2023-09-19T08:33:29.376+0000] {processor.py:756} INFO - Processing file /home/airflow/.local/lib/python3.7/site-packages/airflow/example_dags/example_dag_decorator.py for tasks to queue
[2023-09-19T08:33:29.378+0000] {logging_mixin.py:120} INFO - [2023-09-19T08:33:29.378+0000] {dagbag.py:537} INFO - Filling up the DagBag from /home/airflow/.local/lib/python3.7/site-packages/airflow/example_dags/example_dag_decorator.py
[2023-09-19T08:33:29.410+0000] {logging_mixin.py:120} INFO - [2023-09-19T08:33:29.410+0000] {taskmixin.py:205} WARNING - Dependency <Task(_PythonDecoratedOperator): prepare_email>, send_email already registered for DAG: example_dag_decorator
[2023-09-19T08:33:29.411+0000] {logging_mixin.py:120} INFO - [2023-09-19T08:33:29.411+0000] {taskmixin.py:205} WARNING - Dependency <Task(EmailOperator): send_email>, prepare_email already registered for DAG: example_dag_decorator
[2023-09-19T08:33:29.440+0000] {processor.py:766} INFO - DAG(s) dict_keys(['example_dag_decorator']) retrieved from /home/airflow/.local/lib/python3.7/site-packages/airflow/example_dags/example_dag_decorator.py
[2023-09-19T08:33:29.640+0000] {logging_mixin.py:120} INFO - [2023-09-19T08:33:29.639+0000] {manager.py:507} INFO - Created Permission View: can edit on DAG:example_dag_decorator
[2023-09-19T08:33:29.667+0000] {logging_mixin.py:120} INFO - [2023-09-19T08:33:29.666+0000] {manager.py:507} INFO - Created Permission View: can delete on DAG:example_dag_decorator
[2023-09-19T08:33:29.690+0000] {logging_mixin.py:120} INFO - [2023-09-19T08:33:29.689+0000] {manager.py:507} INFO - Created Permission View: can read on DAG:example_dag_decorator
[2023-09-19T08:33:29.691+0000] {logging_mixin.py:120} INFO - [2023-09-19T08:33:29.691+0000] {dag.py:2585} INFO - Sync 1 DAGs
[2023-09-19T08:33:29.725+0000] {logging_mixin.py:120} INFO - [2023-09-19T08:33:29.725+0000] {dag.py:2606} INFO - Creating ORM DAG for example_dag_decorator
[2023-09-19T08:33:29.755+0000] {logging_mixin.py:120} INFO - [2023-09-19T08:33:29.754+0000] {dag.py:3340} INFO - Setting next_dagrun for example_dag_decorator to None, run_after=None
[2023-09-19T08:33:29.810+0000] {processor.py:176} INFO - Processing /home/airflow/.local/lib/python3.7/site-packages/airflow/example_dags/example_dag_decorator.py took 0.441 seconds
[2023-09-19T08:34:00.264+0000] {processor.py:154} INFO - Started process (PID=116) to work on /home/airflow/.local/lib/python3.7/site-packages/airflow/example_dags/example_dag_decorator.py
[2023-09-19T08:34:00.265+0000] {processor.py:756} INFO - Processing file /home/airflow/.local/lib/python3.7/site-packages/airflow/example_dags/example_dag_decorator.py for tasks to queue
[2023-09-19T08:34:00.266+0000] {logging_mixin.py:120} INFO - [2023-09-19T08:34:00.266+0000] {dagbag.py:537} INFO - Filling up the DagBag from /home/airflow/.local/lib/python3.7/site-packages/airflow/example_dags/example_dag_decorator.py
[2023-09-19T08:34:00.282+0000] {logging_mixin.py:120} INFO - [2023-09-19T08:34:00.281+0000] {taskmixin.py:205} WARNING - Dependency <Task(_PythonDecoratedOperator): prepare_email>, send_email already registered for DAG: example_dag_decorator
[2023-09-19T08:34:00.282+0000] {logging_mixin.py:120} INFO - [2023-09-19T08:34:00.282+0000] {taskmixin.py:205} WARNING - Dependency <Task(EmailOperator): send_email>, prepare_email already registered for DAG: example_dag_decorator
[2023-09-19T08:34:00.294+0000] {processor.py:766} INFO - DAG(s) dict_keys(['example_dag_decorator']) retrieved from /home/airflow/.local/lib/python3.7/site-packages/airflow/example_dags/example_dag_decorator.py
[2023-09-19T08:34:00.371+0000] {logging_mixin.py:120} INFO - [2023-09-19T08:34:00.370+0000] {dag.py:2585} INFO - Sync 1 DAGs
[2023-09-19T08:34:00.392+0000] {logging_mixin.py:120} INFO - [2023-09-19T08:34:00.391+0000] {dag.py:3340} INFO - Setting next_dagrun for example_dag_decorator to None, run_after=None
[2023-09-19T08:34:00.411+0000] {processor.py:176} INFO - Processing /home/airflow/.local/lib/python3.7/site-packages/airflow/example_dags/example_dag_decorator.py took 0.149 seconds
[2023-09-19T08:34:30.960+0000] {processor.py:154} INFO - Started process (PID=180) to work on /home/airflow/.local/lib/python3.7/site-packages/airflow/example_dags/example_dag_decorator.py
[2023-09-19T08:34:30.962+0000] {processor.py:756} INFO - Processing file /home/airflow/.local/lib/python3.7/site-packages/airflow/example_dags/example_dag_decorator.py for tasks to queue
[2023-09-19T08:34:30.962+0000] {logging_mixin.py:120} INFO - [2023-09-19T08:34:30.962+0000] {dagbag.py:537} INFO - Filling up the DagBag from /home/airflow/.local/lib/python3.7/site-packages/airflow/example_dags/example_dag_decorator.py
[2023-09-19T08:34:30.978+0000] {logging_mixin.py:120} INFO - [2023-09-19T08:34:30.977+0000] {taskmixin.py:205} WARNING - Dependency <Task(_PythonDecoratedOperator): prepare_email>, send_email already registered for DAG: example_dag_decorator
[2023-09-19T08:34:30.978+0000] {logging_mixin.py:120} INFO - [2023-09-19T08:34:30.978+0000] {taskmixin.py:205} WARNING - Dependency <Task(EmailOperator): send_email>, prepare_email already registered for DAG: example_dag_decorator
[2023-09-19T08:34:30.993+0000] {processor.py:766} INFO - DAG(s) dict_keys(['example_dag_decorator']) retrieved from /home/airflow/.local/lib/python3.7/site-packages/airflow/example_dags/example_dag_decorator.py
[2023-09-19T08:34:31.075+0000] {logging_mixin.py:120} INFO - [2023-09-19T08:34:31.074+0000] {dag.py:2585} INFO - Sync 1 DAGs
[2023-09-19T08:34:31.096+0000] {logging_mixin.py:120} INFO - [2023-09-19T08:34:31.096+0000] {dag.py:3340} INFO - Setting next_dagrun for example_dag_decorator to None, run_after=None
[2023-09-19T08:34:31.120+0000] {processor.py:176} INFO - Processing /home/airflow/.local/lib/python3.7/site-packages/airflow/example_dags/example_dag_decorator.py took 0.163 seconds
[2023-09-19T08:35:01.525+0000] {processor.py:154} INFO - Started process (PID=243) to work on /home/airflow/.local/lib/python3.7/site-packages/airflow/example_dags/example_dag_decorator.py
[2023-09-19T08:35:01.526+0000] {processor.py:756} INFO - Processing file /home/airflow/.local/lib/python3.7/site-packages/airflow/example_dags/example_dag_decorator.py for tasks to queue
[2023-09-19T08:35:01.527+0000] {logging_mixin.py:120} INFO - [2023-09-19T08:35:01.527+0000] {dagbag.py:537} INFO - Filling up the DagBag from /home/airflow/.local/lib/python3.7/site-packages/airflow/example_dags/example_dag_decorator.py
[2023-09-19T08:35:01.542+0000] {logging_mixin.py:120} INFO - [2023-09-19T08:35:01.542+0000] {taskmixin.py:205} WARNING - Dependency <Task(_PythonDecoratedOperator): prepare_email>, send_email already registered for DAG: example_dag_decorator
[2023-09-19T08:35:01.543+0000] {logging_mixin.py:120} INFO - [2023-09-19T08:35:01.543+0000] {taskmixin.py:205} WARNING - Dependency <Task(EmailOperator): send_email>, prepare_email already registered for DAG: example_dag_decorator
[2023-09-19T08:35:01.556+0000] {processor.py:766} INFO - DAG(s) dict_keys(['example_dag_decorator']) retrieved from /home/airflow/.local/lib/python3.7/site-packages/airflow/example_dags/example_dag_decorator.py
[2023-09-19T08:35:01.636+0000] {logging_mixin.py:120} INFO - [2023-09-19T08:35:01.636+0000] {dag.py:2585} INFO - Sync 1 DAGs
[2023-09-19T08:35:01.663+0000] {logging_mixin.py:120} INFO - [2023-09-19T08:35:01.663+0000] {dag.py:3340} INFO - Setting next_dagrun for example_dag_decorator to None, run_after=None
[2023-09-19T08:35:01.687+0000] {processor.py:176} INFO - Processing /home/airflow/.local/lib/python3.7/site-packages/airflow/example_dags/example_dag_decorator.py took 0.166 seconds
[2023-09-19T08:35:32.027+0000] {processor.py:154} INFO - Started process (PID=297) to work on /home/airflow/.local/lib/python3.7/site-packages/airflow/example_dags/example_dag_decorator.py
[2023-09-19T08:35:32.028+0000] {processor.py:756} INFO - Processing file /home/airflow/.local/lib/python3.7/site-packages/airflow/example_dags/example_dag_decorator.py for tasks to queue
[2023-09-19T08:35:32.030+0000] {logging_mixin.py:120} INFO - [2023-09-19T08:35:32.030+0000] {dagbag.py:537} INFO - Filling up the DagBag from /home/airflow/.local/lib/python3.7/site-packages/airflow/example_dags/example_dag_decorator.py
[2023-09-19T08:35:32.054+0000] {logging_mixin.py:120} INFO - [2023-09-19T08:35:32.054+0000] {taskmixin.py:205} WARNING - Dependency <Task(_PythonDecoratedOperator): prepare_email>, send_email already registered for DAG: example_dag_decorator
[2023-09-19T08:35:32.056+0000] {logging_mixin.py:120} INFO - [2023-09-19T08:35:32.055+0000] {taskmixin.py:205} WARNING - Dependency <Task(EmailOperator): send_email>, prepare_email already registered for DAG: example_dag_decorator
[2023-09-19T08:35:32.078+0000] {processor.py:766} INFO - DAG(s) dict_keys(['example_dag_decorator']) retrieved from /home/airflow/.local/lib/python3.7/site-packages/airflow/example_dags/example_dag_decorator.py
[2023-09-19T08:35:32.197+0000] {logging_mixin.py:120} INFO - [2023-09-19T08:35:32.197+0000] {dag.py:2585} INFO - Sync 1 DAGs
[2023-09-19T08:35:32.230+0000] {logging_mixin.py:120} INFO - [2023-09-19T08:35:32.230+0000] {dag.py:3340} INFO - Setting next_dagrun for example_dag_decorator to None, run_after=None
[2023-09-19T08:35:32.280+0000] {processor.py:176} INFO - Processing /home/airflow/.local/lib/python3.7/site-packages/airflow/example_dags/example_dag_decorator.py took 0.257 seconds
