[2023-09-19T08:33:29.132+0000] {processor.py:154} INFO - Started process (PID=60) to work on /home/airflow/.local/lib/python3.7/site-packages/airflow/example_dags/example_branch_operator_decorator.py
[2023-09-19T08:33:29.134+0000] {processor.py:756} INFO - Processing file /home/airflow/.local/lib/python3.7/site-packages/airflow/example_dags/example_branch_operator_decorator.py for tasks to queue
[2023-09-19T08:33:29.136+0000] {logging_mixin.py:120} INFO - [2023-09-19T08:33:29.136+0000] {dagbag.py:537} INFO - Filling up the DagBag from /home/airflow/.local/lib/python3.7/site-packages/airflow/example_dags/example_branch_operator_decorator.py
[2023-09-19T08:33:29.177+0000] {processor.py:766} INFO - DAG(s) dict_keys(['example_branch_python_operator_decorator']) retrieved from /home/airflow/.local/lib/python3.7/site-packages/airflow/example_dags/example_branch_operator_decorator.py
[2023-09-19T08:33:29.390+0000] {logging_mixin.py:120} INFO - [2023-09-19T08:33:29.390+0000] {manager.py:507} INFO - Created Permission View: can edit on DAG:example_branch_python_operator_decorator
[2023-09-19T08:33:29.410+0000] {logging_mixin.py:120} INFO - [2023-09-19T08:33:29.410+0000] {manager.py:507} INFO - Created Permission View: can delete on DAG:example_branch_python_operator_decorator
[2023-09-19T08:33:29.425+0000] {logging_mixin.py:120} INFO - [2023-09-19T08:33:29.425+0000] {manager.py:507} INFO - Created Permission View: can read on DAG:example_branch_python_operator_decorator
[2023-09-19T08:33:29.426+0000] {logging_mixin.py:120} INFO - [2023-09-19T08:33:29.426+0000] {dag.py:2585} INFO - Sync 1 DAGs
[2023-09-19T08:33:29.445+0000] {logging_mixin.py:120} INFO - [2023-09-19T08:33:29.445+0000] {dag.py:2606} INFO - Creating ORM DAG for example_branch_python_operator_decorator
[2023-09-19T08:33:29.467+0000] {logging_mixin.py:120} INFO - [2023-09-19T08:33:29.466+0000] {dag.py:3340} INFO - Setting next_dagrun for example_branch_python_operator_decorator to 2023-09-18T00:00:00+00:00, run_after=2023-09-19T00:00:00+00:00
[2023-09-19T08:33:29.510+0000] {processor.py:176} INFO - Processing /home/airflow/.local/lib/python3.7/site-packages/airflow/example_dags/example_branch_operator_decorator.py took 0.384 seconds
[2023-09-19T08:34:00.118+0000] {processor.py:154} INFO - Started process (PID=115) to work on /home/airflow/.local/lib/python3.7/site-packages/airflow/example_dags/example_branch_operator_decorator.py
[2023-09-19T08:34:00.120+0000] {processor.py:756} INFO - Processing file /home/airflow/.local/lib/python3.7/site-packages/airflow/example_dags/example_branch_operator_decorator.py for tasks to queue
[2023-09-19T08:34:00.121+0000] {logging_mixin.py:120} INFO - [2023-09-19T08:34:00.121+0000] {dagbag.py:537} INFO - Filling up the DagBag from /home/airflow/.local/lib/python3.7/site-packages/airflow/example_dags/example_branch_operator_decorator.py
[2023-09-19T08:34:00.147+0000] {processor.py:766} INFO - DAG(s) dict_keys(['example_branch_python_operator_decorator']) retrieved from /home/airflow/.local/lib/python3.7/site-packages/airflow/example_dags/example_branch_operator_decorator.py
[2023-09-19T08:34:00.187+0000] {logging_mixin.py:120} INFO - [2023-09-19T08:34:00.187+0000] {dag.py:2585} INFO - Sync 1 DAGs
[2023-09-19T08:34:00.209+0000] {logging_mixin.py:120} INFO - [2023-09-19T08:34:00.209+0000] {dag.py:3340} INFO - Setting next_dagrun for example_branch_python_operator_decorator to 2023-09-18T00:00:00+00:00, run_after=2023-09-19T00:00:00+00:00
[2023-09-19T08:34:00.237+0000] {processor.py:176} INFO - Processing /home/airflow/.local/lib/python3.7/site-packages/airflow/example_dags/example_branch_operator_decorator.py took 0.122 seconds
[2023-09-19T08:34:30.960+0000] {processor.py:154} INFO - Started process (PID=179) to work on /home/airflow/.local/lib/python3.7/site-packages/airflow/example_dags/example_branch_operator_decorator.py
[2023-09-19T08:34:30.961+0000] {processor.py:756} INFO - Processing file /home/airflow/.local/lib/python3.7/site-packages/airflow/example_dags/example_branch_operator_decorator.py for tasks to queue
[2023-09-19T08:34:30.962+0000] {logging_mixin.py:120} INFO - [2023-09-19T08:34:30.962+0000] {dagbag.py:537} INFO - Filling up the DagBag from /home/airflow/.local/lib/python3.7/site-packages/airflow/example_dags/example_branch_operator_decorator.py
[2023-09-19T08:34:30.987+0000] {processor.py:766} INFO - DAG(s) dict_keys(['example_branch_python_operator_decorator']) retrieved from /home/airflow/.local/lib/python3.7/site-packages/airflow/example_dags/example_branch_operator_decorator.py
[2023-09-19T08:34:31.034+0000] {logging_mixin.py:120} INFO - [2023-09-19T08:34:31.034+0000] {dag.py:2585} INFO - Sync 1 DAGs
[2023-09-19T08:34:31.061+0000] {logging_mixin.py:120} INFO - [2023-09-19T08:34:31.061+0000] {dag.py:3340} INFO - Setting next_dagrun for example_branch_python_operator_decorator to 2023-09-18T00:00:00+00:00, run_after=2023-09-19T00:00:00+00:00
[2023-09-19T08:34:31.089+0000] {processor.py:176} INFO - Processing /home/airflow/.local/lib/python3.7/site-packages/airflow/example_dags/example_branch_operator_decorator.py took 0.132 seconds
[2023-09-19T08:35:01.525+0000] {processor.py:154} INFO - Started process (PID=242) to work on /home/airflow/.local/lib/python3.7/site-packages/airflow/example_dags/example_branch_operator_decorator.py
[2023-09-19T08:35:01.526+0000] {processor.py:756} INFO - Processing file /home/airflow/.local/lib/python3.7/site-packages/airflow/example_dags/example_branch_operator_decorator.py for tasks to queue
[2023-09-19T08:35:01.527+0000] {logging_mixin.py:120} INFO - [2023-09-19T08:35:01.527+0000] {dagbag.py:537} INFO - Filling up the DagBag from /home/airflow/.local/lib/python3.7/site-packages/airflow/example_dags/example_branch_operator_decorator.py
[2023-09-19T08:35:01.551+0000] {processor.py:766} INFO - DAG(s) dict_keys(['example_branch_python_operator_decorator']) retrieved from /home/airflow/.local/lib/python3.7/site-packages/airflow/example_dags/example_branch_operator_decorator.py
[2023-09-19T08:35:01.594+0000] {logging_mixin.py:120} INFO - [2023-09-19T08:35:01.594+0000] {dag.py:2585} INFO - Sync 1 DAGs
[2023-09-19T08:35:01.619+0000] {logging_mixin.py:120} INFO - [2023-09-19T08:35:01.619+0000] {dag.py:3340} INFO - Setting next_dagrun for example_branch_python_operator_decorator to 2023-09-18T00:00:00+00:00, run_after=2023-09-19T00:00:00+00:00
[2023-09-19T08:35:01.646+0000] {processor.py:176} INFO - Processing /home/airflow/.local/lib/python3.7/site-packages/airflow/example_dags/example_branch_operator_decorator.py took 0.125 seconds
[2023-09-19T08:35:32.026+0000] {processor.py:154} INFO - Started process (PID=296) to work on /home/airflow/.local/lib/python3.7/site-packages/airflow/example_dags/example_branch_operator_decorator.py
[2023-09-19T08:35:32.028+0000] {processor.py:756} INFO - Processing file /home/airflow/.local/lib/python3.7/site-packages/airflow/example_dags/example_branch_operator_decorator.py for tasks to queue
[2023-09-19T08:35:32.030+0000] {logging_mixin.py:120} INFO - [2023-09-19T08:35:32.029+0000] {dagbag.py:537} INFO - Filling up the DagBag from /home/airflow/.local/lib/python3.7/site-packages/airflow/example_dags/example_branch_operator_decorator.py
[2023-09-19T08:35:32.067+0000] {processor.py:766} INFO - DAG(s) dict_keys(['example_branch_python_operator_decorator']) retrieved from /home/airflow/.local/lib/python3.7/site-packages/airflow/example_dags/example_branch_operator_decorator.py
[2023-09-19T08:35:32.140+0000] {logging_mixin.py:120} INFO - [2023-09-19T08:35:32.139+0000] {dag.py:2585} INFO - Sync 1 DAGs
[2023-09-19T08:35:32.175+0000] {logging_mixin.py:120} INFO - [2023-09-19T08:35:32.175+0000] {dag.py:3340} INFO - Setting next_dagrun for example_branch_python_operator_decorator to 2023-09-18T00:00:00+00:00, run_after=2023-09-19T00:00:00+00:00
[2023-09-19T08:35:32.222+0000] {processor.py:176} INFO - Processing /home/airflow/.local/lib/python3.7/site-packages/airflow/example_dags/example_branch_operator_decorator.py took 0.199 seconds
