[2023-09-19T08:33:34.503+0000] {processor.py:154} INFO - Started process (PID=85) to work on /home/airflow/.local/lib/python3.7/site-packages/airflow/example_dags/example_subdag_operator.py
[2023-09-19T08:33:34.504+0000] {processor.py:756} INFO - Processing file /home/airflow/.local/lib/python3.7/site-packages/airflow/example_dags/example_subdag_operator.py for tasks to queue
[2023-09-19T08:33:34.506+0000] {logging_mixin.py:120} INFO - [2023-09-19T08:33:34.506+0000] {dagbag.py:537} INFO - Filling up the DagBag from /home/airflow/.local/lib/python3.7/site-packages/airflow/example_dags/example_subdag_operator.py
[2023-09-19T08:33:34.558+0000] {processor.py:766} INFO - DAG(s) dict_keys(['example_subdag_operator.section-1', 'example_subdag_operator.section-2', 'example_subdag_operator']) retrieved from /home/airflow/.local/lib/python3.7/site-packages/airflow/example_dags/example_subdag_operator.py
[2023-09-19T08:33:34.959+0000] {logging_mixin.py:120} INFO - [2023-09-19T08:33:34.958+0000] {manager.py:507} INFO - Created Permission View: can edit on DAG:example_subdag_operator
[2023-09-19T08:33:34.975+0000] {logging_mixin.py:120} INFO - [2023-09-19T08:33:34.975+0000] {manager.py:507} INFO - Created Permission View: can delete on DAG:example_subdag_operator
[2023-09-19T08:33:34.988+0000] {logging_mixin.py:120} INFO - [2023-09-19T08:33:34.988+0000] {manager.py:507} INFO - Created Permission View: can read on DAG:example_subdag_operator
[2023-09-19T08:33:34.989+0000] {logging_mixin.py:120} INFO - [2023-09-19T08:33:34.989+0000] {dag.py:2585} INFO - Sync 3 DAGs
[2023-09-19T08:33:35.006+0000] {logging_mixin.py:120} INFO - [2023-09-19T08:33:35.006+0000] {dag.py:2606} INFO - Creating ORM DAG for example_subdag_operator.section-1
[2023-09-19T08:33:35.007+0000] {logging_mixin.py:120} INFO - [2023-09-19T08:33:35.007+0000] {dag.py:2606} INFO - Creating ORM DAG for example_subdag_operator.section-2
[2023-09-19T08:33:35.009+0000] {logging_mixin.py:120} INFO - [2023-09-19T08:33:35.008+0000] {dag.py:2606} INFO - Creating ORM DAG for example_subdag_operator
[2023-09-19T08:33:35.031+0000] {logging_mixin.py:120} INFO - [2023-09-19T08:33:35.031+0000] {dag.py:3340} INFO - Setting next_dagrun for example_subdag_operator to 2022-01-01T00:00:00+00:00, run_after=2022-01-01T00:00:00+00:00
[2023-09-19T08:33:35.033+0000] {logging_mixin.py:120} INFO - [2023-09-19T08:33:35.032+0000] {dag.py:3340} INFO - Setting next_dagrun for example_subdag_operator.section-1 to None, run_after=None
[2023-09-19T08:33:35.034+0000] {logging_mixin.py:120} INFO - [2023-09-19T08:33:35.034+0000] {dag.py:3340} INFO - Setting next_dagrun for example_subdag_operator.section-2 to None, run_after=None
[2023-09-19T08:33:35.051+0000] {logging_mixin.py:120} INFO - [2023-09-19T08:33:35.050+0000] {dag.py:2585} INFO - Sync 2 DAGs
[2023-09-19T08:33:35.060+0000] {logging_mixin.py:120} INFO - [2023-09-19T08:33:35.060+0000] {dag.py:3340} INFO - Setting next_dagrun for example_subdag_operator.section-1 to None, run_after=None
[2023-09-19T08:33:35.065+0000] {logging_mixin.py:120} INFO - [2023-09-19T08:33:35.065+0000] {dag.py:3340} INFO - Setting next_dagrun for example_subdag_operator.section-2 to None, run_after=None
[2023-09-19T08:33:35.088+0000] {processor.py:176} INFO - Processing /home/airflow/.local/lib/python3.7/site-packages/airflow/example_dags/example_subdag_operator.py took 0.591 seconds
[2023-09-19T08:34:05.854+0000] {processor.py:154} INFO - Started process (PID=149) to work on /home/airflow/.local/lib/python3.7/site-packages/airflow/example_dags/example_subdag_operator.py
[2023-09-19T08:34:05.855+0000] {processor.py:756} INFO - Processing file /home/airflow/.local/lib/python3.7/site-packages/airflow/example_dags/example_subdag_operator.py for tasks to queue
[2023-09-19T08:34:05.856+0000] {logging_mixin.py:120} INFO - [2023-09-19T08:34:05.856+0000] {dagbag.py:537} INFO - Filling up the DagBag from /home/airflow/.local/lib/python3.7/site-packages/airflow/example_dags/example_subdag_operator.py
[2023-09-19T08:34:05.889+0000] {processor.py:766} INFO - DAG(s) dict_keys(['example_subdag_operator.section-1', 'example_subdag_operator.section-2', 'example_subdag_operator']) retrieved from /home/airflow/.local/lib/python3.7/site-packages/airflow/example_dags/example_subdag_operator.py
[2023-09-19T08:34:06.039+0000] {logging_mixin.py:120} INFO - [2023-09-19T08:34:06.039+0000] {dag.py:2585} INFO - Sync 3 DAGs
[2023-09-19T08:34:06.059+0000] {logging_mixin.py:120} INFO - [2023-09-19T08:34:06.059+0000] {dag.py:3340} INFO - Setting next_dagrun for example_subdag_operator to 2022-01-01T00:00:00+00:00, run_after=2022-01-01T00:00:00+00:00
[2023-09-19T08:34:06.062+0000] {logging_mixin.py:120} INFO - [2023-09-19T08:34:06.062+0000] {dag.py:3340} INFO - Setting next_dagrun for example_subdag_operator.section-1 to None, run_after=None
[2023-09-19T08:34:06.065+0000] {logging_mixin.py:120} INFO - [2023-09-19T08:34:06.064+0000] {dag.py:3340} INFO - Setting next_dagrun for example_subdag_operator.section-2 to None, run_after=None
[2023-09-19T08:34:06.071+0000] {logging_mixin.py:120} INFO - [2023-09-19T08:34:06.071+0000] {dag.py:2585} INFO - Sync 2 DAGs
[2023-09-19T08:34:06.078+0000] {logging_mixin.py:120} INFO - [2023-09-19T08:34:06.078+0000] {dag.py:3340} INFO - Setting next_dagrun for example_subdag_operator.section-1 to None, run_after=None
[2023-09-19T08:34:06.079+0000] {logging_mixin.py:120} INFO - [2023-09-19T08:34:06.079+0000] {dag.py:3340} INFO - Setting next_dagrun for example_subdag_operator.section-2 to None, run_after=None
[2023-09-19T08:34:06.094+0000] {processor.py:176} INFO - Processing /home/airflow/.local/lib/python3.7/site-packages/airflow/example_dags/example_subdag_operator.py took 0.243 seconds
[2023-09-19T08:34:36.247+0000] {processor.py:154} INFO - Started process (PID=213) to work on /home/airflow/.local/lib/python3.7/site-packages/airflow/example_dags/example_subdag_operator.py
[2023-09-19T08:34:36.248+0000] {processor.py:756} INFO - Processing file /home/airflow/.local/lib/python3.7/site-packages/airflow/example_dags/example_subdag_operator.py for tasks to queue
[2023-09-19T08:34:36.250+0000] {logging_mixin.py:120} INFO - [2023-09-19T08:34:36.249+0000] {dagbag.py:537} INFO - Filling up the DagBag from /home/airflow/.local/lib/python3.7/site-packages/airflow/example_dags/example_subdag_operator.py
[2023-09-19T08:34:36.286+0000] {processor.py:766} INFO - DAG(s) dict_keys(['example_subdag_operator.section-1', 'example_subdag_operator.section-2', 'example_subdag_operator']) retrieved from /home/airflow/.local/lib/python3.7/site-packages/airflow/example_dags/example_subdag_operator.py
[2023-09-19T08:34:36.450+0000] {logging_mixin.py:120} INFO - [2023-09-19T08:34:36.450+0000] {dag.py:2585} INFO - Sync 3 DAGs
[2023-09-19T08:34:36.475+0000] {logging_mixin.py:120} INFO - [2023-09-19T08:34:36.475+0000] {dag.py:3340} INFO - Setting next_dagrun for example_subdag_operator to 2022-01-01T00:00:00+00:00, run_after=2022-01-01T00:00:00+00:00
[2023-09-19T08:34:36.479+0000] {logging_mixin.py:120} INFO - [2023-09-19T08:34:36.478+0000] {dag.py:3340} INFO - Setting next_dagrun for example_subdag_operator.section-1 to None, run_after=None
[2023-09-19T08:34:36.481+0000] {logging_mixin.py:120} INFO - [2023-09-19T08:34:36.481+0000] {dag.py:3340} INFO - Setting next_dagrun for example_subdag_operator.section-2 to None, run_after=None
[2023-09-19T08:34:36.495+0000] {logging_mixin.py:120} INFO - [2023-09-19T08:34:36.495+0000] {dag.py:2585} INFO - Sync 2 DAGs
[2023-09-19T08:34:36.502+0000] {logging_mixin.py:120} INFO - [2023-09-19T08:34:36.502+0000] {dag.py:3340} INFO - Setting next_dagrun for example_subdag_operator.section-1 to None, run_after=None
[2023-09-19T08:34:36.503+0000] {logging_mixin.py:120} INFO - [2023-09-19T08:34:36.503+0000] {dag.py:3340} INFO - Setting next_dagrun for example_subdag_operator.section-2 to None, run_after=None
[2023-09-19T08:34:36.545+0000] {processor.py:176} INFO - Processing /home/airflow/.local/lib/python3.7/site-packages/airflow/example_dags/example_subdag_operator.py took 0.301 seconds
[2023-09-19T08:35:06.778+0000] {processor.py:154} INFO - Started process (PID=267) to work on /home/airflow/.local/lib/python3.7/site-packages/airflow/example_dags/example_subdag_operator.py
[2023-09-19T08:35:06.780+0000] {processor.py:756} INFO - Processing file /home/airflow/.local/lib/python3.7/site-packages/airflow/example_dags/example_subdag_operator.py for tasks to queue
[2023-09-19T08:35:06.781+0000] {logging_mixin.py:120} INFO - [2023-09-19T08:35:06.781+0000] {dagbag.py:537} INFO - Filling up the DagBag from /home/airflow/.local/lib/python3.7/site-packages/airflow/example_dags/example_subdag_operator.py
[2023-09-19T08:35:06.814+0000] {processor.py:766} INFO - DAG(s) dict_keys(['example_subdag_operator.section-1', 'example_subdag_operator.section-2', 'example_subdag_operator']) retrieved from /home/airflow/.local/lib/python3.7/site-packages/airflow/example_dags/example_subdag_operator.py
[2023-09-19T08:35:06.965+0000] {logging_mixin.py:120} INFO - [2023-09-19T08:35:06.965+0000] {dag.py:2585} INFO - Sync 3 DAGs
[2023-09-19T08:35:06.991+0000] {logging_mixin.py:120} INFO - [2023-09-19T08:35:06.991+0000] {dag.py:3340} INFO - Setting next_dagrun for example_subdag_operator to 2022-01-01T00:00:00+00:00, run_after=2022-01-01T00:00:00+00:00
[2023-09-19T08:35:06.996+0000] {logging_mixin.py:120} INFO - [2023-09-19T08:35:06.995+0000] {dag.py:3340} INFO - Setting next_dagrun for example_subdag_operator.section-1 to None, run_after=None
[2023-09-19T08:35:06.998+0000] {logging_mixin.py:120} INFO - [2023-09-19T08:35:06.998+0000] {dag.py:3340} INFO - Setting next_dagrun for example_subdag_operator.section-2 to None, run_after=None
[2023-09-19T08:35:07.006+0000] {logging_mixin.py:120} INFO - [2023-09-19T08:35:07.006+0000] {dag.py:2585} INFO - Sync 2 DAGs
[2023-09-19T08:35:07.014+0000] {logging_mixin.py:120} INFO - [2023-09-19T08:35:07.013+0000] {dag.py:3340} INFO - Setting next_dagrun for example_subdag_operator.section-1 to None, run_after=None
[2023-09-19T08:35:07.015+0000] {logging_mixin.py:120} INFO - [2023-09-19T08:35:07.015+0000] {dag.py:3340} INFO - Setting next_dagrun for example_subdag_operator.section-2 to None, run_after=None
[2023-09-19T08:35:07.033+0000] {processor.py:176} INFO - Processing /home/airflow/.local/lib/python3.7/site-packages/airflow/example_dags/example_subdag_operator.py took 0.258 seconds
[2023-09-19T08:35:37.227+0000] {processor.py:154} INFO - Started process (PID=330) to work on /home/airflow/.local/lib/python3.7/site-packages/airflow/example_dags/example_subdag_operator.py
[2023-09-19T08:35:37.230+0000] {processor.py:756} INFO - Processing file /home/airflow/.local/lib/python3.7/site-packages/airflow/example_dags/example_subdag_operator.py for tasks to queue
[2023-09-19T08:35:37.232+0000] {logging_mixin.py:120} INFO - [2023-09-19T08:35:37.231+0000] {dagbag.py:537} INFO - Filling up the DagBag from /home/airflow/.local/lib/python3.7/site-packages/airflow/example_dags/example_subdag_operator.py
[2023-09-19T08:35:37.295+0000] {processor.py:766} INFO - DAG(s) dict_keys(['example_subdag_operator.section-1', 'example_subdag_operator.section-2', 'example_subdag_operator']) retrieved from /home/airflow/.local/lib/python3.7/site-packages/airflow/example_dags/example_subdag_operator.py
[2023-09-19T08:35:37.514+0000] {logging_mixin.py:120} INFO - [2023-09-19T08:35:37.513+0000] {dag.py:2585} INFO - Sync 3 DAGs
[2023-09-19T08:35:37.545+0000] {logging_mixin.py:120} INFO - [2023-09-19T08:35:37.545+0000] {dag.py:3340} INFO - Setting next_dagrun for example_subdag_operator to 2022-01-01T00:00:00+00:00, run_after=2022-01-01T00:00:00+00:00
[2023-09-19T08:35:37.551+0000] {logging_mixin.py:120} INFO - [2023-09-19T08:35:37.551+0000] {dag.py:3340} INFO - Setting next_dagrun for example_subdag_operator.section-1 to None, run_after=None
[2023-09-19T08:35:37.555+0000] {logging_mixin.py:120} INFO - [2023-09-19T08:35:37.555+0000] {dag.py:3340} INFO - Setting next_dagrun for example_subdag_operator.section-2 to None, run_after=None
[2023-09-19T08:35:37.564+0000] {logging_mixin.py:120} INFO - [2023-09-19T08:35:37.564+0000] {dag.py:2585} INFO - Sync 2 DAGs
[2023-09-19T08:35:37.573+0000] {logging_mixin.py:120} INFO - [2023-09-19T08:35:37.572+0000] {dag.py:3340} INFO - Setting next_dagrun for example_subdag_operator.section-1 to None, run_after=None
[2023-09-19T08:35:37.574+0000] {logging_mixin.py:120} INFO - [2023-09-19T08:35:37.574+0000] {dag.py:3340} INFO - Setting next_dagrun for example_subdag_operator.section-2 to None, run_after=None
[2023-09-19T08:35:37.593+0000] {processor.py:176} INFO - Processing /home/airflow/.local/lib/python3.7/site-packages/airflow/example_dags/example_subdag_operator.py took 0.370 seconds
