[2023-09-19T08:33:31.375+0000] {processor.py:154} INFO - Started process (PID=71) to work on /home/airflow/.local/lib/python3.7/site-packages/airflow/example_dags/example_latest_only.py
[2023-09-19T08:33:31.377+0000] {processor.py:756} INFO - Processing file /home/airflow/.local/lib/python3.7/site-packages/airflow/example_dags/example_latest_only.py for tasks to queue
[2023-09-19T08:33:31.378+0000] {logging_mixin.py:120} INFO - [2023-09-19T08:33:31.378+0000] {dagbag.py:537} INFO - Filling up the DagBag from /home/airflow/.local/lib/python3.7/site-packages/airflow/example_dags/example_latest_only.py
[2023-09-19T08:33:31.399+0000] {processor.py:766} INFO - DAG(s) dict_keys(['latest_only']) retrieved from /home/airflow/.local/lib/python3.7/site-packages/airflow/example_dags/example_latest_only.py
[2023-09-19T08:33:31.535+0000] {logging_mixin.py:120} INFO - [2023-09-19T08:33:31.534+0000] {manager.py:507} INFO - Created Permission View: can edit on DAG:latest_only
[2023-09-19T08:33:31.557+0000] {logging_mixin.py:120} INFO - [2023-09-19T08:33:31.557+0000] {manager.py:507} INFO - Created Permission View: can delete on DAG:latest_only
[2023-09-19T08:33:31.567+0000] {logging_mixin.py:120} INFO - [2023-09-19T08:33:31.566+0000] {manager.py:507} INFO - Created Permission View: can read on DAG:latest_only
[2023-09-19T08:33:31.571+0000] {logging_mixin.py:120} INFO - [2023-09-19T08:33:31.570+0000] {dag.py:2585} INFO - Sync 1 DAGs
[2023-09-19T08:33:31.591+0000] {logging_mixin.py:120} INFO - [2023-09-19T08:33:31.591+0000] {dag.py:2606} INFO - Creating ORM DAG for latest_only
[2023-09-19T08:33:31.607+0000] {logging_mixin.py:120} INFO - [2023-09-19T08:33:31.607+0000] {dag.py:3340} INFO - Setting next_dagrun for latest_only to 2023-09-19T04:33:31.607370+00:00, run_after=2023-09-19T08:33:31.607370+00:00
[2023-09-19T08:33:31.631+0000] {processor.py:176} INFO - Processing /home/airflow/.local/lib/python3.7/site-packages/airflow/example_dags/example_latest_only.py took 0.260 seconds
[2023-09-19T08:34:02.298+0000] {processor.py:154} INFO - Started process (PID=135) to work on /home/airflow/.local/lib/python3.7/site-packages/airflow/example_dags/example_latest_only.py
[2023-09-19T08:34:02.300+0000] {processor.py:756} INFO - Processing file /home/airflow/.local/lib/python3.7/site-packages/airflow/example_dags/example_latest_only.py for tasks to queue
[2023-09-19T08:34:02.302+0000] {logging_mixin.py:120} INFO - [2023-09-19T08:34:02.302+0000] {dagbag.py:537} INFO - Filling up the DagBag from /home/airflow/.local/lib/python3.7/site-packages/airflow/example_dags/example_latest_only.py
[2023-09-19T08:34:02.323+0000] {processor.py:766} INFO - DAG(s) dict_keys(['latest_only']) retrieved from /home/airflow/.local/lib/python3.7/site-packages/airflow/example_dags/example_latest_only.py
[2023-09-19T08:34:02.371+0000] {logging_mixin.py:120} INFO - [2023-09-19T08:34:02.371+0000] {dag.py:2585} INFO - Sync 1 DAGs
[2023-09-19T08:34:02.400+0000] {logging_mixin.py:120} INFO - [2023-09-19T08:34:02.399+0000] {dag.py:3340} INFO - Setting next_dagrun for latest_only to 2023-09-19T04:34:02.399426+00:00, run_after=2023-09-19T08:34:02.399426+00:00
[2023-09-19T08:34:02.426+0000] {processor.py:176} INFO - Processing /home/airflow/.local/lib/python3.7/site-packages/airflow/example_dags/example_latest_only.py took 0.132 seconds
[2023-09-19T08:34:32.703+0000] {processor.py:154} INFO - Started process (PID=190) to work on /home/airflow/.local/lib/python3.7/site-packages/airflow/example_dags/example_latest_only.py
[2023-09-19T08:34:32.704+0000] {processor.py:756} INFO - Processing file /home/airflow/.local/lib/python3.7/site-packages/airflow/example_dags/example_latest_only.py for tasks to queue
[2023-09-19T08:34:32.705+0000] {logging_mixin.py:120} INFO - [2023-09-19T08:34:32.705+0000] {dagbag.py:537} INFO - Filling up the DagBag from /home/airflow/.local/lib/python3.7/site-packages/airflow/example_dags/example_latest_only.py
[2023-09-19T08:34:32.719+0000] {processor.py:766} INFO - DAG(s) dict_keys(['latest_only']) retrieved from /home/airflow/.local/lib/python3.7/site-packages/airflow/example_dags/example_latest_only.py
[2023-09-19T08:34:32.758+0000] {logging_mixin.py:120} INFO - [2023-09-19T08:34:32.758+0000] {dag.py:2585} INFO - Sync 1 DAGs
[2023-09-19T08:34:32.783+0000] {logging_mixin.py:120} INFO - [2023-09-19T08:34:32.783+0000] {dag.py:3340} INFO - Setting next_dagrun for latest_only to 2023-09-19T04:34:32.782873+00:00, run_after=2023-09-19T08:34:32.782873+00:00
[2023-09-19T08:34:32.803+0000] {processor.py:176} INFO - Processing /home/airflow/.local/lib/python3.7/site-packages/airflow/example_dags/example_latest_only.py took 0.103 seconds
[2023-09-19T08:35:03.237+0000] {processor.py:154} INFO - Started process (PID=253) to work on /home/airflow/.local/lib/python3.7/site-packages/airflow/example_dags/example_latest_only.py
[2023-09-19T08:35:03.238+0000] {processor.py:756} INFO - Processing file /home/airflow/.local/lib/python3.7/site-packages/airflow/example_dags/example_latest_only.py for tasks to queue
[2023-09-19T08:35:03.239+0000] {logging_mixin.py:120} INFO - [2023-09-19T08:35:03.239+0000] {dagbag.py:537} INFO - Filling up the DagBag from /home/airflow/.local/lib/python3.7/site-packages/airflow/example_dags/example_latest_only.py
[2023-09-19T08:35:03.252+0000] {processor.py:766} INFO - DAG(s) dict_keys(['latest_only']) retrieved from /home/airflow/.local/lib/python3.7/site-packages/airflow/example_dags/example_latest_only.py
[2023-09-19T08:35:03.301+0000] {logging_mixin.py:120} INFO - [2023-09-19T08:35:03.300+0000] {dag.py:2585} INFO - Sync 1 DAGs
[2023-09-19T08:35:03.332+0000] {logging_mixin.py:120} INFO - [2023-09-19T08:35:03.332+0000] {dag.py:3340} INFO - Setting next_dagrun for latest_only to 2023-09-19T04:35:03.331764+00:00, run_after=2023-09-19T08:35:03.331764+00:00
[2023-09-19T08:35:03.366+0000] {processor.py:176} INFO - Processing /home/airflow/.local/lib/python3.7/site-packages/airflow/example_dags/example_latest_only.py took 0.131 seconds
[2023-09-19T08:35:34.812+0000] {processor.py:154} INFO - Started process (PID=316) to work on /home/airflow/.local/lib/python3.7/site-packages/airflow/example_dags/example_latest_only.py
[2023-09-19T08:35:34.813+0000] {processor.py:756} INFO - Processing file /home/airflow/.local/lib/python3.7/site-packages/airflow/example_dags/example_latest_only.py for tasks to queue
[2023-09-19T08:35:34.815+0000] {logging_mixin.py:120} INFO - [2023-09-19T08:35:34.815+0000] {dagbag.py:537} INFO - Filling up the DagBag from /home/airflow/.local/lib/python3.7/site-packages/airflow/example_dags/example_latest_only.py
[2023-09-19T08:35:34.837+0000] {processor.py:766} INFO - DAG(s) dict_keys(['latest_only']) retrieved from /home/airflow/.local/lib/python3.7/site-packages/airflow/example_dags/example_latest_only.py
[2023-09-19T08:35:34.889+0000] {logging_mixin.py:120} INFO - [2023-09-19T08:35:34.888+0000] {dag.py:2585} INFO - Sync 1 DAGs
[2023-09-19T08:35:34.918+0000] {logging_mixin.py:120} INFO - [2023-09-19T08:35:34.918+0000] {dag.py:3340} INFO - Setting next_dagrun for latest_only to 2023-09-19T04:35:34.918180+00:00, run_after=2023-09-19T08:35:34.918180+00:00
[2023-09-19T08:35:34.942+0000] {processor.py:176} INFO - Processing /home/airflow/.local/lib/python3.7/site-packages/airflow/example_dags/example_latest_only.py took 0.135 seconds
