[2023-09-19T08:33:30.039+0000] {processor.py:154} INFO - Started process (PID=64) to work on /home/airflow/.local/lib/python3.7/site-packages/airflow/example_dags/example_complex.py
[2023-09-19T08:33:30.043+0000] {processor.py:756} INFO - Processing file /home/airflow/.local/lib/python3.7/site-packages/airflow/example_dags/example_complex.py for tasks to queue
[2023-09-19T08:33:30.045+0000] {logging_mixin.py:120} INFO - [2023-09-19T08:33:30.045+0000] {dagbag.py:537} INFO - Filling up the DagBag from /home/airflow/.local/lib/python3.7/site-packages/airflow/example_dags/example_complex.py
[2023-09-19T08:33:30.071+0000] {logging_mixin.py:120} INFO - [2023-09-19T08:33:30.070+0000] {taskmixin.py:205} WARNING - Dependency <Task(BashOperator): create_entry_group>, delete_entry_group already registered for DAG: example_complex
[2023-09-19T08:33:30.072+0000] {logging_mixin.py:120} INFO - [2023-09-19T08:33:30.072+0000] {taskmixin.py:205} WARNING - Dependency <Task(BashOperator): delete_entry_group>, create_entry_group already registered for DAG: example_complex
[2023-09-19T08:33:30.073+0000] {logging_mixin.py:120} INFO - [2023-09-19T08:33:30.073+0000] {taskmixin.py:205} WARNING - Dependency <Task(BashOperator): create_entry_gcs>, delete_entry already registered for DAG: example_complex
[2023-09-19T08:33:30.074+0000] {logging_mixin.py:120} INFO - [2023-09-19T08:33:30.073+0000] {taskmixin.py:205} WARNING - Dependency <Task(BashOperator): delete_entry>, create_entry_gcs already registered for DAG: example_complex
[2023-09-19T08:33:30.074+0000] {logging_mixin.py:120} INFO - [2023-09-19T08:33:30.074+0000] {taskmixin.py:205} WARNING - Dependency <Task(BashOperator): create_tag>, delete_tag already registered for DAG: example_complex
[2023-09-19T08:33:30.075+0000] {logging_mixin.py:120} INFO - [2023-09-19T08:33:30.075+0000] {taskmixin.py:205} WARNING - Dependency <Task(BashOperator): delete_tag>, create_tag already registered for DAG: example_complex
[2023-09-19T08:33:30.092+0000] {processor.py:766} INFO - DAG(s) dict_keys(['example_complex']) retrieved from /home/airflow/.local/lib/python3.7/site-packages/airflow/example_dags/example_complex.py
[2023-09-19T08:33:30.281+0000] {logging_mixin.py:120} INFO - [2023-09-19T08:33:30.280+0000] {manager.py:507} INFO - Created Permission View: can edit on DAG:example_complex
[2023-09-19T08:33:30.295+0000] {logging_mixin.py:120} INFO - [2023-09-19T08:33:30.294+0000] {manager.py:507} INFO - Created Permission View: can delete on DAG:example_complex
[2023-09-19T08:33:30.306+0000] {logging_mixin.py:120} INFO - [2023-09-19T08:33:30.306+0000] {manager.py:507} INFO - Created Permission View: can read on DAG:example_complex
[2023-09-19T08:33:30.307+0000] {logging_mixin.py:120} INFO - [2023-09-19T08:33:30.307+0000] {dag.py:2585} INFO - Sync 1 DAGs
[2023-09-19T08:33:30.325+0000] {logging_mixin.py:120} INFO - [2023-09-19T08:33:30.325+0000] {dag.py:2606} INFO - Creating ORM DAG for example_complex
[2023-09-19T08:33:30.339+0000] {logging_mixin.py:120} INFO - [2023-09-19T08:33:30.339+0000] {dag.py:3340} INFO - Setting next_dagrun for example_complex to None, run_after=None
[2023-09-19T08:33:30.375+0000] {processor.py:176} INFO - Processing /home/airflow/.local/lib/python3.7/site-packages/airflow/example_dags/example_complex.py took 0.341 seconds
[2023-09-19T08:34:00.439+0000] {processor.py:154} INFO - Started process (PID=118) to work on /home/airflow/.local/lib/python3.7/site-packages/airflow/example_dags/example_complex.py
[2023-09-19T08:34:00.440+0000] {processor.py:756} INFO - Processing file /home/airflow/.local/lib/python3.7/site-packages/airflow/example_dags/example_complex.py for tasks to queue
[2023-09-19T08:34:00.441+0000] {logging_mixin.py:120} INFO - [2023-09-19T08:34:00.440+0000] {dagbag.py:537} INFO - Filling up the DagBag from /home/airflow/.local/lib/python3.7/site-packages/airflow/example_dags/example_complex.py
[2023-09-19T08:34:00.452+0000] {logging_mixin.py:120} INFO - [2023-09-19T08:34:00.451+0000] {taskmixin.py:205} WARNING - Dependency <Task(BashOperator): create_entry_group>, delete_entry_group already registered for DAG: example_complex
[2023-09-19T08:34:00.453+0000] {logging_mixin.py:120} INFO - [2023-09-19T08:34:00.453+0000] {taskmixin.py:205} WARNING - Dependency <Task(BashOperator): delete_entry_group>, create_entry_group already registered for DAG: example_complex
[2023-09-19T08:34:00.453+0000] {logging_mixin.py:120} INFO - [2023-09-19T08:34:00.453+0000] {taskmixin.py:205} WARNING - Dependency <Task(BashOperator): create_entry_gcs>, delete_entry already registered for DAG: example_complex
[2023-09-19T08:34:00.454+0000] {logging_mixin.py:120} INFO - [2023-09-19T08:34:00.454+0000] {taskmixin.py:205} WARNING - Dependency <Task(BashOperator): delete_entry>, create_entry_gcs already registered for DAG: example_complex
[2023-09-19T08:34:00.455+0000] {logging_mixin.py:120} INFO - [2023-09-19T08:34:00.455+0000] {taskmixin.py:205} WARNING - Dependency <Task(BashOperator): create_tag>, delete_tag already registered for DAG: example_complex
[2023-09-19T08:34:00.455+0000] {logging_mixin.py:120} INFO - [2023-09-19T08:34:00.455+0000] {taskmixin.py:205} WARNING - Dependency <Task(BashOperator): delete_tag>, create_tag already registered for DAG: example_complex
[2023-09-19T08:34:00.463+0000] {processor.py:766} INFO - DAG(s) dict_keys(['example_complex']) retrieved from /home/airflow/.local/lib/python3.7/site-packages/airflow/example_dags/example_complex.py
[2023-09-19T08:34:00.504+0000] {logging_mixin.py:120} INFO - [2023-09-19T08:34:00.504+0000] {dag.py:2585} INFO - Sync 1 DAGs
[2023-09-19T08:34:00.525+0000] {logging_mixin.py:120} INFO - [2023-09-19T08:34:00.525+0000] {dag.py:3340} INFO - Setting next_dagrun for example_complex to None, run_after=None
[2023-09-19T08:34:00.552+0000] {processor.py:176} INFO - Processing /home/airflow/.local/lib/python3.7/site-packages/airflow/example_dags/example_complex.py took 0.116 seconds
[2023-09-19T08:34:31.147+0000] {processor.py:154} INFO - Started process (PID=182) to work on /home/airflow/.local/lib/python3.7/site-packages/airflow/example_dags/example_complex.py
[2023-09-19T08:34:31.149+0000] {processor.py:756} INFO - Processing file /home/airflow/.local/lib/python3.7/site-packages/airflow/example_dags/example_complex.py for tasks to queue
[2023-09-19T08:34:31.150+0000] {logging_mixin.py:120} INFO - [2023-09-19T08:34:31.150+0000] {dagbag.py:537} INFO - Filling up the DagBag from /home/airflow/.local/lib/python3.7/site-packages/airflow/example_dags/example_complex.py
[2023-09-19T08:34:31.161+0000] {logging_mixin.py:120} INFO - [2023-09-19T08:34:31.161+0000] {taskmixin.py:205} WARNING - Dependency <Task(BashOperator): create_entry_group>, delete_entry_group already registered for DAG: example_complex
[2023-09-19T08:34:31.162+0000] {logging_mixin.py:120} INFO - [2023-09-19T08:34:31.162+0000] {taskmixin.py:205} WARNING - Dependency <Task(BashOperator): delete_entry_group>, create_entry_group already registered for DAG: example_complex
[2023-09-19T08:34:31.163+0000] {logging_mixin.py:120} INFO - [2023-09-19T08:34:31.163+0000] {taskmixin.py:205} WARNING - Dependency <Task(BashOperator): create_entry_gcs>, delete_entry already registered for DAG: example_complex
[2023-09-19T08:34:31.163+0000] {logging_mixin.py:120} INFO - [2023-09-19T08:34:31.163+0000] {taskmixin.py:205} WARNING - Dependency <Task(BashOperator): delete_entry>, create_entry_gcs already registered for DAG: example_complex
[2023-09-19T08:34:31.164+0000] {logging_mixin.py:120} INFO - [2023-09-19T08:34:31.164+0000] {taskmixin.py:205} WARNING - Dependency <Task(BashOperator): create_tag>, delete_tag already registered for DAG: example_complex
[2023-09-19T08:34:31.164+0000] {logging_mixin.py:120} INFO - [2023-09-19T08:34:31.164+0000] {taskmixin.py:205} WARNING - Dependency <Task(BashOperator): delete_tag>, create_tag already registered for DAG: example_complex
[2023-09-19T08:34:31.172+0000] {processor.py:766} INFO - DAG(s) dict_keys(['example_complex']) retrieved from /home/airflow/.local/lib/python3.7/site-packages/airflow/example_dags/example_complex.py
[2023-09-19T08:34:31.217+0000] {logging_mixin.py:120} INFO - [2023-09-19T08:34:31.216+0000] {dag.py:2585} INFO - Sync 1 DAGs
[2023-09-19T08:34:31.243+0000] {logging_mixin.py:120} INFO - [2023-09-19T08:34:31.243+0000] {dag.py:3340} INFO - Setting next_dagrun for example_complex to None, run_after=None
[2023-09-19T08:34:31.262+0000] {processor.py:176} INFO - Processing /home/airflow/.local/lib/python3.7/site-packages/airflow/example_dags/example_complex.py took 0.119 seconds
[2023-09-19T08:35:01.715+0000] {processor.py:154} INFO - Started process (PID=245) to work on /home/airflow/.local/lib/python3.7/site-packages/airflow/example_dags/example_complex.py
[2023-09-19T08:35:01.717+0000] {processor.py:756} INFO - Processing file /home/airflow/.local/lib/python3.7/site-packages/airflow/example_dags/example_complex.py for tasks to queue
[2023-09-19T08:35:01.718+0000] {logging_mixin.py:120} INFO - [2023-09-19T08:35:01.717+0000] {dagbag.py:537} INFO - Filling up the DagBag from /home/airflow/.local/lib/python3.7/site-packages/airflow/example_dags/example_complex.py
[2023-09-19T08:35:01.729+0000] {logging_mixin.py:120} INFO - [2023-09-19T08:35:01.728+0000] {taskmixin.py:205} WARNING - Dependency <Task(BashOperator): create_entry_group>, delete_entry_group already registered for DAG: example_complex
[2023-09-19T08:35:01.730+0000] {logging_mixin.py:120} INFO - [2023-09-19T08:35:01.729+0000] {taskmixin.py:205} WARNING - Dependency <Task(BashOperator): delete_entry_group>, create_entry_group already registered for DAG: example_complex
[2023-09-19T08:35:01.730+0000] {logging_mixin.py:120} INFO - [2023-09-19T08:35:01.730+0000] {taskmixin.py:205} WARNING - Dependency <Task(BashOperator): create_entry_gcs>, delete_entry already registered for DAG: example_complex
[2023-09-19T08:35:01.731+0000] {logging_mixin.py:120} INFO - [2023-09-19T08:35:01.731+0000] {taskmixin.py:205} WARNING - Dependency <Task(BashOperator): delete_entry>, create_entry_gcs already registered for DAG: example_complex
[2023-09-19T08:35:01.732+0000] {logging_mixin.py:120} INFO - [2023-09-19T08:35:01.731+0000] {taskmixin.py:205} WARNING - Dependency <Task(BashOperator): create_tag>, delete_tag already registered for DAG: example_complex
[2023-09-19T08:35:01.732+0000] {logging_mixin.py:120} INFO - [2023-09-19T08:35:01.732+0000] {taskmixin.py:205} WARNING - Dependency <Task(BashOperator): delete_tag>, create_tag already registered for DAG: example_complex
[2023-09-19T08:35:01.739+0000] {processor.py:766} INFO - DAG(s) dict_keys(['example_complex']) retrieved from /home/airflow/.local/lib/python3.7/site-packages/airflow/example_dags/example_complex.py
[2023-09-19T08:35:01.787+0000] {logging_mixin.py:120} INFO - [2023-09-19T08:35:01.786+0000] {dag.py:2585} INFO - Sync 1 DAGs
[2023-09-19T08:35:01.814+0000] {logging_mixin.py:120} INFO - [2023-09-19T08:35:01.814+0000] {dag.py:3340} INFO - Setting next_dagrun for example_complex to None, run_after=None
[2023-09-19T08:35:01.835+0000] {processor.py:176} INFO - Processing /home/airflow/.local/lib/python3.7/site-packages/airflow/example_dags/example_complex.py took 0.123 seconds
[2023-09-19T08:35:32.354+0000] {processor.py:154} INFO - Started process (PID=301) to work on /home/airflow/.local/lib/python3.7/site-packages/airflow/example_dags/example_complex.py
[2023-09-19T08:35:32.357+0000] {processor.py:756} INFO - Processing file /home/airflow/.local/lib/python3.7/site-packages/airflow/example_dags/example_complex.py for tasks to queue
[2023-09-19T08:35:32.358+0000] {logging_mixin.py:120} INFO - [2023-09-19T08:35:32.358+0000] {dagbag.py:537} INFO - Filling up the DagBag from /home/airflow/.local/lib/python3.7/site-packages/airflow/example_dags/example_complex.py
[2023-09-19T08:35:32.375+0000] {logging_mixin.py:120} INFO - [2023-09-19T08:35:32.374+0000] {taskmixin.py:205} WARNING - Dependency <Task(BashOperator): create_entry_group>, delete_entry_group already registered for DAG: example_complex
[2023-09-19T08:35:32.375+0000] {logging_mixin.py:120} INFO - [2023-09-19T08:35:32.375+0000] {taskmixin.py:205} WARNING - Dependency <Task(BashOperator): delete_entry_group>, create_entry_group already registered for DAG: example_complex
[2023-09-19T08:35:32.376+0000] {logging_mixin.py:120} INFO - [2023-09-19T08:35:32.376+0000] {taskmixin.py:205} WARNING - Dependency <Task(BashOperator): create_entry_gcs>, delete_entry already registered for DAG: example_complex
[2023-09-19T08:35:32.377+0000] {logging_mixin.py:120} INFO - [2023-09-19T08:35:32.377+0000] {taskmixin.py:205} WARNING - Dependency <Task(BashOperator): delete_entry>, create_entry_gcs already registered for DAG: example_complex
[2023-09-19T08:35:32.378+0000] {logging_mixin.py:120} INFO - [2023-09-19T08:35:32.378+0000] {taskmixin.py:205} WARNING - Dependency <Task(BashOperator): create_tag>, delete_tag already registered for DAG: example_complex
[2023-09-19T08:35:32.378+0000] {logging_mixin.py:120} INFO - [2023-09-19T08:35:32.378+0000] {taskmixin.py:205} WARNING - Dependency <Task(BashOperator): delete_tag>, create_tag already registered for DAG: example_complex
[2023-09-19T08:35:32.387+0000] {processor.py:766} INFO - DAG(s) dict_keys(['example_complex']) retrieved from /home/airflow/.local/lib/python3.7/site-packages/airflow/example_dags/example_complex.py
[2023-09-19T08:35:32.448+0000] {logging_mixin.py:120} INFO - [2023-09-19T08:35:32.447+0000] {dag.py:2585} INFO - Sync 1 DAGs
[2023-09-19T08:35:32.492+0000] {logging_mixin.py:120} INFO - [2023-09-19T08:35:32.492+0000] {dag.py:3340} INFO - Setting next_dagrun for example_complex to None, run_after=None
[2023-09-19T08:35:32.524+0000] {processor.py:176} INFO - Processing /home/airflow/.local/lib/python3.7/site-packages/airflow/example_dags/example_complex.py took 0.174 seconds
