[2023-09-19T08:33:31.575+0000] {processor.py:154} INFO - Started process (PID=72) to work on /home/airflow/.local/lib/python3.7/site-packages/airflow/example_dags/example_python_operator.py
[2023-09-19T08:33:31.578+0000] {processor.py:756} INFO - Processing file /home/airflow/.local/lib/python3.7/site-packages/airflow/example_dags/example_python_operator.py for tasks to queue
[2023-09-19T08:33:31.579+0000] {logging_mixin.py:120} INFO - [2023-09-19T08:33:31.579+0000] {dagbag.py:537} INFO - Filling up the DagBag from /home/airflow/.local/lib/python3.7/site-packages/airflow/example_dags/example_python_operator.py
[2023-09-19T08:33:31.607+0000] {logging_mixin.py:120} INFO - [2023-09-19T08:33:31.606+0000] {taskmixin.py:205} WARNING - Dependency <Task(_PythonDecoratedOperator): print_the_context>, log_sql_query already registered for DAG: example_python_operator
[2023-09-19T08:33:31.608+0000] {logging_mixin.py:120} INFO - [2023-09-19T08:33:31.608+0000] {taskmixin.py:205} WARNING - Dependency <Task(_PythonDecoratedOperator): log_sql_query>, print_the_context already registered for DAG: example_python_operator
[2023-09-19T08:33:31.609+0000] {logging_mixin.py:120} INFO - [2023-09-19T08:33:31.609+0000] {taskmixin.py:205} WARNING - Dependency <Task(_PythonDecoratedOperator): print_the_context>, log_sql_query already registered for DAG: example_python_operator
[2023-09-19T08:33:31.610+0000] {logging_mixin.py:120} INFO - [2023-09-19T08:33:31.610+0000] {taskmixin.py:205} WARNING - Dependency <Task(_PythonDecoratedOperator): log_sql_query>, print_the_context already registered for DAG: example_python_operator
[2023-09-19T08:33:31.611+0000] {logging_mixin.py:120} INFO - [2023-09-19T08:33:31.611+0000] {taskmixin.py:205} WARNING - Dependency <Task(_PythonDecoratedOperator): print_the_context>, log_sql_query already registered for DAG: example_python_operator
[2023-09-19T08:33:31.612+0000] {logging_mixin.py:120} INFO - [2023-09-19T08:33:31.611+0000] {taskmixin.py:205} WARNING - Dependency <Task(_PythonDecoratedOperator): log_sql_query>, print_the_context already registered for DAG: example_python_operator
[2023-09-19T08:33:31.613+0000] {logging_mixin.py:120} INFO - [2023-09-19T08:33:31.613+0000] {taskmixin.py:205} WARNING - Dependency <Task(_PythonDecoratedOperator): print_the_context>, log_sql_query already registered for DAG: example_python_operator
[2023-09-19T08:33:31.613+0000] {logging_mixin.py:120} INFO - [2023-09-19T08:33:31.613+0000] {taskmixin.py:205} WARNING - Dependency <Task(_PythonDecoratedOperator): log_sql_query>, print_the_context already registered for DAG: example_python_operator
[2023-09-19T08:33:31.625+0000] {processor.py:766} INFO - DAG(s) dict_keys(['example_python_operator']) retrieved from /home/airflow/.local/lib/python3.7/site-packages/airflow/example_dags/example_python_operator.py
[2023-09-19T08:33:31.744+0000] {logging_mixin.py:120} INFO - [2023-09-19T08:33:31.744+0000] {manager.py:507} INFO - Created Permission View: can edit on DAG:example_python_operator
[2023-09-19T08:33:31.753+0000] {logging_mixin.py:120} INFO - [2023-09-19T08:33:31.753+0000] {manager.py:507} INFO - Created Permission View: can delete on DAG:example_python_operator
[2023-09-19T08:33:31.761+0000] {logging_mixin.py:120} INFO - [2023-09-19T08:33:31.760+0000] {manager.py:507} INFO - Created Permission View: can read on DAG:example_python_operator
[2023-09-19T08:33:31.761+0000] {logging_mixin.py:120} INFO - [2023-09-19T08:33:31.761+0000] {dag.py:2585} INFO - Sync 1 DAGs
[2023-09-19T08:33:31.776+0000] {logging_mixin.py:120} INFO - [2023-09-19T08:33:31.775+0000] {dag.py:2606} INFO - Creating ORM DAG for example_python_operator
[2023-09-19T08:33:31.788+0000] {logging_mixin.py:120} INFO - [2023-09-19T08:33:31.787+0000] {dag.py:3340} INFO - Setting next_dagrun for example_python_operator to None, run_after=None
[2023-09-19T08:33:31.807+0000] {processor.py:176} INFO - Processing /home/airflow/.local/lib/python3.7/site-packages/airflow/example_dags/example_python_operator.py took 0.238 seconds
[2023-09-19T08:34:02.418+0000] {processor.py:154} INFO - Started process (PID=136) to work on /home/airflow/.local/lib/python3.7/site-packages/airflow/example_dags/example_python_operator.py
[2023-09-19T08:34:02.420+0000] {processor.py:756} INFO - Processing file /home/airflow/.local/lib/python3.7/site-packages/airflow/example_dags/example_python_operator.py for tasks to queue
[2023-09-19T08:34:02.421+0000] {logging_mixin.py:120} INFO - [2023-09-19T08:34:02.421+0000] {dagbag.py:537} INFO - Filling up the DagBag from /home/airflow/.local/lib/python3.7/site-packages/airflow/example_dags/example_python_operator.py
[2023-09-19T08:34:02.441+0000] {logging_mixin.py:120} INFO - [2023-09-19T08:34:02.441+0000] {taskmixin.py:205} WARNING - Dependency <Task(_PythonDecoratedOperator): print_the_context>, log_sql_query already registered for DAG: example_python_operator
[2023-09-19T08:34:02.442+0000] {logging_mixin.py:120} INFO - [2023-09-19T08:34:02.442+0000] {taskmixin.py:205} WARNING - Dependency <Task(_PythonDecoratedOperator): log_sql_query>, print_the_context already registered for DAG: example_python_operator
[2023-09-19T08:34:02.443+0000] {logging_mixin.py:120} INFO - [2023-09-19T08:34:02.443+0000] {taskmixin.py:205} WARNING - Dependency <Task(_PythonDecoratedOperator): print_the_context>, log_sql_query already registered for DAG: example_python_operator
[2023-09-19T08:34:02.444+0000] {logging_mixin.py:120} INFO - [2023-09-19T08:34:02.444+0000] {taskmixin.py:205} WARNING - Dependency <Task(_PythonDecoratedOperator): log_sql_query>, print_the_context already registered for DAG: example_python_operator
[2023-09-19T08:34:02.445+0000] {logging_mixin.py:120} INFO - [2023-09-19T08:34:02.445+0000] {taskmixin.py:205} WARNING - Dependency <Task(_PythonDecoratedOperator): print_the_context>, log_sql_query already registered for DAG: example_python_operator
[2023-09-19T08:34:02.446+0000] {logging_mixin.py:120} INFO - [2023-09-19T08:34:02.446+0000] {taskmixin.py:205} WARNING - Dependency <Task(_PythonDecoratedOperator): log_sql_query>, print_the_context already registered for DAG: example_python_operator
[2023-09-19T08:34:02.447+0000] {logging_mixin.py:120} INFO - [2023-09-19T08:34:02.447+0000] {taskmixin.py:205} WARNING - Dependency <Task(_PythonDecoratedOperator): print_the_context>, log_sql_query already registered for DAG: example_python_operator
[2023-09-19T08:34:02.448+0000] {logging_mixin.py:120} INFO - [2023-09-19T08:34:02.447+0000] {taskmixin.py:205} WARNING - Dependency <Task(_PythonDecoratedOperator): log_sql_query>, print_the_context already registered for DAG: example_python_operator
[2023-09-19T08:34:02.456+0000] {processor.py:766} INFO - DAG(s) dict_keys(['example_python_operator']) retrieved from /home/airflow/.local/lib/python3.7/site-packages/airflow/example_dags/example_python_operator.py
[2023-09-19T08:34:02.503+0000] {logging_mixin.py:120} INFO - [2023-09-19T08:34:02.502+0000] {dag.py:2585} INFO - Sync 1 DAGs
[2023-09-19T08:34:02.537+0000] {logging_mixin.py:120} INFO - [2023-09-19T08:34:02.537+0000] {dag.py:3340} INFO - Setting next_dagrun for example_python_operator to None, run_after=None
[2023-09-19T08:34:02.595+0000] {processor.py:176} INFO - Processing /home/airflow/.local/lib/python3.7/site-packages/airflow/example_dags/example_python_operator.py took 0.181 seconds
[2023-09-19T08:34:32.825+0000] {processor.py:154} INFO - Started process (PID=191) to work on /home/airflow/.local/lib/python3.7/site-packages/airflow/example_dags/example_python_operator.py
[2023-09-19T08:34:32.826+0000] {processor.py:756} INFO - Processing file /home/airflow/.local/lib/python3.7/site-packages/airflow/example_dags/example_python_operator.py for tasks to queue
[2023-09-19T08:34:32.827+0000] {logging_mixin.py:120} INFO - [2023-09-19T08:34:32.827+0000] {dagbag.py:537} INFO - Filling up the DagBag from /home/airflow/.local/lib/python3.7/site-packages/airflow/example_dags/example_python_operator.py
[2023-09-19T08:34:32.844+0000] {logging_mixin.py:120} INFO - [2023-09-19T08:34:32.843+0000] {taskmixin.py:205} WARNING - Dependency <Task(_PythonDecoratedOperator): print_the_context>, log_sql_query already registered for DAG: example_python_operator
[2023-09-19T08:34:32.845+0000] {logging_mixin.py:120} INFO - [2023-09-19T08:34:32.844+0000] {taskmixin.py:205} WARNING - Dependency <Task(_PythonDecoratedOperator): log_sql_query>, print_the_context already registered for DAG: example_python_operator
[2023-09-19T08:34:32.845+0000] {logging_mixin.py:120} INFO - [2023-09-19T08:34:32.845+0000] {taskmixin.py:205} WARNING - Dependency <Task(_PythonDecoratedOperator): print_the_context>, log_sql_query already registered for DAG: example_python_operator
[2023-09-19T08:34:32.846+0000] {logging_mixin.py:120} INFO - [2023-09-19T08:34:32.846+0000] {taskmixin.py:205} WARNING - Dependency <Task(_PythonDecoratedOperator): log_sql_query>, print_the_context already registered for DAG: example_python_operator
[2023-09-19T08:34:32.847+0000] {logging_mixin.py:120} INFO - [2023-09-19T08:34:32.847+0000] {taskmixin.py:205} WARNING - Dependency <Task(_PythonDecoratedOperator): print_the_context>, log_sql_query already registered for DAG: example_python_operator
[2023-09-19T08:34:32.848+0000] {logging_mixin.py:120} INFO - [2023-09-19T08:34:32.848+0000] {taskmixin.py:205} WARNING - Dependency <Task(_PythonDecoratedOperator): log_sql_query>, print_the_context already registered for DAG: example_python_operator
[2023-09-19T08:34:32.849+0000] {logging_mixin.py:120} INFO - [2023-09-19T08:34:32.849+0000] {taskmixin.py:205} WARNING - Dependency <Task(_PythonDecoratedOperator): print_the_context>, log_sql_query already registered for DAG: example_python_operator
[2023-09-19T08:34:32.849+0000] {logging_mixin.py:120} INFO - [2023-09-19T08:34:32.849+0000] {taskmixin.py:205} WARNING - Dependency <Task(_PythonDecoratedOperator): log_sql_query>, print_the_context already registered for DAG: example_python_operator
[2023-09-19T08:34:32.856+0000] {processor.py:766} INFO - DAG(s) dict_keys(['example_python_operator']) retrieved from /home/airflow/.local/lib/python3.7/site-packages/airflow/example_dags/example_python_operator.py
[2023-09-19T08:34:32.897+0000] {logging_mixin.py:120} INFO - [2023-09-19T08:34:32.896+0000] {dag.py:2585} INFO - Sync 1 DAGs
[2023-09-19T08:34:32.919+0000] {logging_mixin.py:120} INFO - [2023-09-19T08:34:32.919+0000] {dag.py:3340} INFO - Setting next_dagrun for example_python_operator to None, run_after=None
[2023-09-19T08:34:32.940+0000] {processor.py:176} INFO - Processing /home/airflow/.local/lib/python3.7/site-packages/airflow/example_dags/example_python_operator.py took 0.118 seconds
[2023-09-19T08:35:03.377+0000] {processor.py:154} INFO - Started process (PID=254) to work on /home/airflow/.local/lib/python3.7/site-packages/airflow/example_dags/example_python_operator.py
[2023-09-19T08:35:03.379+0000] {processor.py:756} INFO - Processing file /home/airflow/.local/lib/python3.7/site-packages/airflow/example_dags/example_python_operator.py for tasks to queue
[2023-09-19T08:35:03.380+0000] {logging_mixin.py:120} INFO - [2023-09-19T08:35:03.380+0000] {dagbag.py:537} INFO - Filling up the DagBag from /home/airflow/.local/lib/python3.7/site-packages/airflow/example_dags/example_python_operator.py
[2023-09-19T08:35:03.403+0000] {logging_mixin.py:120} INFO - [2023-09-19T08:35:03.402+0000] {taskmixin.py:205} WARNING - Dependency <Task(_PythonDecoratedOperator): print_the_context>, log_sql_query already registered for DAG: example_python_operator
[2023-09-19T08:35:03.404+0000] {logging_mixin.py:120} INFO - [2023-09-19T08:35:03.403+0000] {taskmixin.py:205} WARNING - Dependency <Task(_PythonDecoratedOperator): log_sql_query>, print_the_context already registered for DAG: example_python_operator
[2023-09-19T08:35:03.405+0000] {logging_mixin.py:120} INFO - [2023-09-19T08:35:03.405+0000] {taskmixin.py:205} WARNING - Dependency <Task(_PythonDecoratedOperator): print_the_context>, log_sql_query already registered for DAG: example_python_operator
[2023-09-19T08:35:03.406+0000] {logging_mixin.py:120} INFO - [2023-09-19T08:35:03.405+0000] {taskmixin.py:205} WARNING - Dependency <Task(_PythonDecoratedOperator): log_sql_query>, print_the_context already registered for DAG: example_python_operator
[2023-09-19T08:35:03.407+0000] {logging_mixin.py:120} INFO - [2023-09-19T08:35:03.407+0000] {taskmixin.py:205} WARNING - Dependency <Task(_PythonDecoratedOperator): print_the_context>, log_sql_query already registered for DAG: example_python_operator
[2023-09-19T08:35:03.407+0000] {logging_mixin.py:120} INFO - [2023-09-19T08:35:03.407+0000] {taskmixin.py:205} WARNING - Dependency <Task(_PythonDecoratedOperator): log_sql_query>, print_the_context already registered for DAG: example_python_operator
[2023-09-19T08:35:03.409+0000] {logging_mixin.py:120} INFO - [2023-09-19T08:35:03.409+0000] {taskmixin.py:205} WARNING - Dependency <Task(_PythonDecoratedOperator): print_the_context>, log_sql_query already registered for DAG: example_python_operator
[2023-09-19T08:35:03.410+0000] {logging_mixin.py:120} INFO - [2023-09-19T08:35:03.410+0000] {taskmixin.py:205} WARNING - Dependency <Task(_PythonDecoratedOperator): log_sql_query>, print_the_context already registered for DAG: example_python_operator
[2023-09-19T08:35:03.419+0000] {processor.py:766} INFO - DAG(s) dict_keys(['example_python_operator']) retrieved from /home/airflow/.local/lib/python3.7/site-packages/airflow/example_dags/example_python_operator.py
[2023-09-19T08:35:03.472+0000] {logging_mixin.py:120} INFO - [2023-09-19T08:35:03.472+0000] {dag.py:2585} INFO - Sync 1 DAGs
[2023-09-19T08:35:03.495+0000] {logging_mixin.py:120} INFO - [2023-09-19T08:35:03.494+0000] {dag.py:3340} INFO - Setting next_dagrun for example_python_operator to None, run_after=None
[2023-09-19T08:35:03.526+0000] {processor.py:176} INFO - Processing /home/airflow/.local/lib/python3.7/site-packages/airflow/example_dags/example_python_operator.py took 0.154 seconds
[2023-09-19T08:35:34.836+0000] {processor.py:154} INFO - Started process (PID=317) to work on /home/airflow/.local/lib/python3.7/site-packages/airflow/example_dags/example_python_operator.py
[2023-09-19T08:35:34.838+0000] {processor.py:756} INFO - Processing file /home/airflow/.local/lib/python3.7/site-packages/airflow/example_dags/example_python_operator.py for tasks to queue
[2023-09-19T08:35:34.839+0000] {logging_mixin.py:120} INFO - [2023-09-19T08:35:34.839+0000] {dagbag.py:537} INFO - Filling up the DagBag from /home/airflow/.local/lib/python3.7/site-packages/airflow/example_dags/example_python_operator.py
[2023-09-19T08:35:34.860+0000] {logging_mixin.py:120} INFO - [2023-09-19T08:35:34.860+0000] {taskmixin.py:205} WARNING - Dependency <Task(_PythonDecoratedOperator): print_the_context>, log_sql_query already registered for DAG: example_python_operator
[2023-09-19T08:35:34.861+0000] {logging_mixin.py:120} INFO - [2023-09-19T08:35:34.861+0000] {taskmixin.py:205} WARNING - Dependency <Task(_PythonDecoratedOperator): log_sql_query>, print_the_context already registered for DAG: example_python_operator
[2023-09-19T08:35:34.863+0000] {logging_mixin.py:120} INFO - [2023-09-19T08:35:34.863+0000] {taskmixin.py:205} WARNING - Dependency <Task(_PythonDecoratedOperator): print_the_context>, log_sql_query already registered for DAG: example_python_operator
[2023-09-19T08:35:34.864+0000] {logging_mixin.py:120} INFO - [2023-09-19T08:35:34.864+0000] {taskmixin.py:205} WARNING - Dependency <Task(_PythonDecoratedOperator): log_sql_query>, print_the_context already registered for DAG: example_python_operator
[2023-09-19T08:35:34.866+0000] {logging_mixin.py:120} INFO - [2023-09-19T08:35:34.866+0000] {taskmixin.py:205} WARNING - Dependency <Task(_PythonDecoratedOperator): print_the_context>, log_sql_query already registered for DAG: example_python_operator
[2023-09-19T08:35:34.867+0000] {logging_mixin.py:120} INFO - [2023-09-19T08:35:34.867+0000] {taskmixin.py:205} WARNING - Dependency <Task(_PythonDecoratedOperator): log_sql_query>, print_the_context already registered for DAG: example_python_operator
[2023-09-19T08:35:34.869+0000] {logging_mixin.py:120} INFO - [2023-09-19T08:35:34.868+0000] {taskmixin.py:205} WARNING - Dependency <Task(_PythonDecoratedOperator): print_the_context>, log_sql_query already registered for DAG: example_python_operator
[2023-09-19T08:35:34.870+0000] {logging_mixin.py:120} INFO - [2023-09-19T08:35:34.869+0000] {taskmixin.py:205} WARNING - Dependency <Task(_PythonDecoratedOperator): log_sql_query>, print_the_context already registered for DAG: example_python_operator
[2023-09-19T08:35:34.878+0000] {processor.py:766} INFO - DAG(s) dict_keys(['example_python_operator']) retrieved from /home/airflow/.local/lib/python3.7/site-packages/airflow/example_dags/example_python_operator.py
[2023-09-19T08:35:34.929+0000] {logging_mixin.py:120} INFO - [2023-09-19T08:35:34.929+0000] {dag.py:2585} INFO - Sync 1 DAGs
[2023-09-19T08:35:34.960+0000] {logging_mixin.py:120} INFO - [2023-09-19T08:35:34.960+0000] {dag.py:3340} INFO - Setting next_dagrun for example_python_operator to None, run_after=None
[2023-09-19T08:35:35.003+0000] {processor.py:176} INFO - Processing /home/airflow/.local/lib/python3.7/site-packages/airflow/example_dags/example_python_operator.py took 0.173 seconds
