[2023-09-19T08:33:31.661+0000] {processor.py:154} INFO - Started process (PID=73) to work on /home/airflow/.local/lib/python3.7/site-packages/airflow/example_dags/example_sla_dag.py
[2023-09-19T08:33:31.662+0000] {processor.py:756} INFO - Processing file /home/airflow/.local/lib/python3.7/site-packages/airflow/example_dags/example_sla_dag.py for tasks to queue
[2023-09-19T08:33:31.663+0000] {logging_mixin.py:120} INFO - [2023-09-19T08:33:31.663+0000] {dagbag.py:537} INFO - Filling up the DagBag from /home/airflow/.local/lib/python3.7/site-packages/airflow/example_dags/example_sla_dag.py
[2023-09-19T08:33:31.687+0000] {processor.py:766} INFO - DAG(s) dict_keys(['example_sla_dag']) retrieved from /home/airflow/.local/lib/python3.7/site-packages/airflow/example_dags/example_sla_dag.py
[2023-09-19T08:33:31.802+0000] {logging_mixin.py:120} INFO - [2023-09-19T08:33:31.802+0000] {manager.py:507} INFO - Created Permission View: can edit on DAG:example_sla_dag
[2023-09-19T08:33:31.812+0000] {logging_mixin.py:120} INFO - [2023-09-19T08:33:31.812+0000] {manager.py:507} INFO - Created Permission View: can delete on DAG:example_sla_dag
[2023-09-19T08:33:31.822+0000] {logging_mixin.py:120} INFO - [2023-09-19T08:33:31.822+0000] {manager.py:507} INFO - Created Permission View: can read on DAG:example_sla_dag
[2023-09-19T08:33:31.823+0000] {logging_mixin.py:120} INFO - [2023-09-19T08:33:31.823+0000] {dag.py:2585} INFO - Sync 1 DAGs
[2023-09-19T08:33:31.835+0000] {logging_mixin.py:120} INFO - [2023-09-19T08:33:31.835+0000] {dag.py:2606} INFO - Creating ORM DAG for example_sla_dag
[2023-09-19T08:33:31.850+0000] {logging_mixin.py:120} INFO - [2023-09-19T08:33:31.850+0000] {dag.py:3340} INFO - Setting next_dagrun for example_sla_dag to 2023-09-19T08:30:00+00:00, run_after=2023-09-19T08:32:00+00:00
[2023-09-19T08:33:31.866+0000] {processor.py:176} INFO - Processing /home/airflow/.local/lib/python3.7/site-packages/airflow/example_dags/example_sla_dag.py took 0.209 seconds
[2023-09-19T08:34:02.455+0000] {processor.py:154} INFO - Started process (PID=137) to work on /home/airflow/.local/lib/python3.7/site-packages/airflow/example_dags/example_sla_dag.py
[2023-09-19T08:34:02.457+0000] {processor.py:756} INFO - Processing file /home/airflow/.local/lib/python3.7/site-packages/airflow/example_dags/example_sla_dag.py for tasks to queue
[2023-09-19T08:34:02.458+0000] {logging_mixin.py:120} INFO - [2023-09-19T08:34:02.458+0000] {dagbag.py:537} INFO - Filling up the DagBag from /home/airflow/.local/lib/python3.7/site-packages/airflow/example_dags/example_sla_dag.py
[2023-09-19T08:34:02.485+0000] {processor.py:766} INFO - DAG(s) dict_keys(['example_sla_dag']) retrieved from /home/airflow/.local/lib/python3.7/site-packages/airflow/example_dags/example_sla_dag.py
[2023-09-19T08:34:02.537+0000] {logging_mixin.py:120} INFO - [2023-09-19T08:34:02.536+0000] {dag.py:2585} INFO - Sync 1 DAGs
[2023-09-19T08:34:02.583+0000] {logging_mixin.py:120} INFO - [2023-09-19T08:34:02.583+0000] {dag.py:3340} INFO - Setting next_dagrun for example_sla_dag to 2023-09-19T08:32:00+00:00, run_after=2023-09-19T08:34:00+00:00
[2023-09-19T08:34:02.621+0000] {processor.py:176} INFO - Processing /home/airflow/.local/lib/python3.7/site-packages/airflow/example_dags/example_sla_dag.py took 0.169 seconds
[2023-09-19T08:34:32.833+0000] {processor.py:154} INFO - Started process (PID=192) to work on /home/airflow/.local/lib/python3.7/site-packages/airflow/example_dags/example_sla_dag.py
[2023-09-19T08:34:32.834+0000] {processor.py:756} INFO - Processing file /home/airflow/.local/lib/python3.7/site-packages/airflow/example_dags/example_sla_dag.py for tasks to queue
[2023-09-19T08:34:32.835+0000] {logging_mixin.py:120} INFO - [2023-09-19T08:34:32.835+0000] {dagbag.py:537} INFO - Filling up the DagBag from /home/airflow/.local/lib/python3.7/site-packages/airflow/example_dags/example_sla_dag.py
[2023-09-19T08:34:32.857+0000] {processor.py:766} INFO - DAG(s) dict_keys(['example_sla_dag']) retrieved from /home/airflow/.local/lib/python3.7/site-packages/airflow/example_dags/example_sla_dag.py
[2023-09-19T08:34:32.896+0000] {logging_mixin.py:120} INFO - [2023-09-19T08:34:32.895+0000] {dag.py:2585} INFO - Sync 1 DAGs
[2023-09-19T08:34:32.922+0000] {logging_mixin.py:120} INFO - [2023-09-19T08:34:32.922+0000] {dag.py:3340} INFO - Setting next_dagrun for example_sla_dag to 2023-09-19T08:32:00+00:00, run_after=2023-09-19T08:34:00+00:00
[2023-09-19T08:34:32.940+0000] {processor.py:176} INFO - Processing /home/airflow/.local/lib/python3.7/site-packages/airflow/example_dags/example_sla_dag.py took 0.110 seconds
[2023-09-19T08:35:03.401+0000] {processor.py:154} INFO - Started process (PID=255) to work on /home/airflow/.local/lib/python3.7/site-packages/airflow/example_dags/example_sla_dag.py
[2023-09-19T08:35:03.402+0000] {processor.py:756} INFO - Processing file /home/airflow/.local/lib/python3.7/site-packages/airflow/example_dags/example_sla_dag.py for tasks to queue
[2023-09-19T08:35:03.404+0000] {logging_mixin.py:120} INFO - [2023-09-19T08:35:03.403+0000] {dagbag.py:537} INFO - Filling up the DagBag from /home/airflow/.local/lib/python3.7/site-packages/airflow/example_dags/example_sla_dag.py
[2023-09-19T08:35:03.430+0000] {processor.py:766} INFO - DAG(s) dict_keys(['example_sla_dag']) retrieved from /home/airflow/.local/lib/python3.7/site-packages/airflow/example_dags/example_sla_dag.py
[2023-09-19T08:35:03.478+0000] {logging_mixin.py:120} INFO - [2023-09-19T08:35:03.478+0000] {dag.py:2585} INFO - Sync 1 DAGs
[2023-09-19T08:35:03.506+0000] {logging_mixin.py:120} INFO - [2023-09-19T08:35:03.506+0000] {dag.py:3340} INFO - Setting next_dagrun for example_sla_dag to 2023-09-19T08:32:00+00:00, run_after=2023-09-19T08:34:00+00:00
[2023-09-19T08:35:03.529+0000] {processor.py:176} INFO - Processing /home/airflow/.local/lib/python3.7/site-packages/airflow/example_dags/example_sla_dag.py took 0.134 seconds
[2023-09-19T08:35:34.980+0000] {processor.py:154} INFO - Started process (PID=318) to work on /home/airflow/.local/lib/python3.7/site-packages/airflow/example_dags/example_sla_dag.py
[2023-09-19T08:35:34.983+0000] {processor.py:756} INFO - Processing file /home/airflow/.local/lib/python3.7/site-packages/airflow/example_dags/example_sla_dag.py for tasks to queue
[2023-09-19T08:35:34.985+0000] {logging_mixin.py:120} INFO - [2023-09-19T08:35:34.985+0000] {dagbag.py:537} INFO - Filling up the DagBag from /home/airflow/.local/lib/python3.7/site-packages/airflow/example_dags/example_sla_dag.py
[2023-09-19T08:35:35.023+0000] {processor.py:766} INFO - DAG(s) dict_keys(['example_sla_dag']) retrieved from /home/airflow/.local/lib/python3.7/site-packages/airflow/example_dags/example_sla_dag.py
[2023-09-19T08:35:35.086+0000] {logging_mixin.py:120} INFO - [2023-09-19T08:35:35.086+0000] {dag.py:2585} INFO - Sync 1 DAGs
[2023-09-19T08:35:35.126+0000] {logging_mixin.py:120} INFO - [2023-09-19T08:35:35.126+0000] {dag.py:3340} INFO - Setting next_dagrun for example_sla_dag to 2023-09-19T08:32:00+00:00, run_after=2023-09-19T08:34:00+00:00
[2023-09-19T08:35:35.168+0000] {processor.py:176} INFO - Processing /home/airflow/.local/lib/python3.7/site-packages/airflow/example_dags/example_sla_dag.py took 0.194 seconds
