[2023-09-19T08:33:27.474+0000] {processor.py:154} INFO - Started process (PID=55) to work on /home/airflow/.local/lib/python3.7/site-packages/airflow/example_dags/example_short_circuit_operator.py
[2023-09-19T08:33:27.475+0000] {processor.py:756} INFO - Processing file /home/airflow/.local/lib/python3.7/site-packages/airflow/example_dags/example_short_circuit_operator.py for tasks to queue
[2023-09-19T08:33:27.477+0000] {logging_mixin.py:120} INFO - [2023-09-19T08:33:27.477+0000] {dagbag.py:537} INFO - Filling up the DagBag from /home/airflow/.local/lib/python3.7/site-packages/airflow/example_dags/example_short_circuit_operator.py
[2023-09-19T08:33:27.543+0000] {processor.py:766} INFO - DAG(s) dict_keys(['example_short_circuit_operator']) retrieved from /home/airflow/.local/lib/python3.7/site-packages/airflow/example_dags/example_short_circuit_operator.py
[2023-09-19T08:33:27.925+0000] {logging_mixin.py:120} INFO - [2023-09-19T08:33:27.924+0000] {manager.py:507} INFO - Created Permission View: can edit on DAG:example_short_circuit_operator
[2023-09-19T08:33:27.947+0000] {logging_mixin.py:120} INFO - [2023-09-19T08:33:27.946+0000] {manager.py:507} INFO - Created Permission View: can delete on DAG:example_short_circuit_operator
[2023-09-19T08:33:27.966+0000] {logging_mixin.py:120} INFO - [2023-09-19T08:33:27.965+0000] {manager.py:507} INFO - Created Permission View: can read on DAG:example_short_circuit_operator
[2023-09-19T08:33:27.967+0000] {logging_mixin.py:120} INFO - [2023-09-19T08:33:27.967+0000] {dag.py:2585} INFO - Sync 1 DAGs
[2023-09-19T08:33:27.990+0000] {logging_mixin.py:120} INFO - [2023-09-19T08:33:27.990+0000] {dag.py:2606} INFO - Creating ORM DAG for example_short_circuit_operator
[2023-09-19T08:33:28.014+0000] {logging_mixin.py:120} INFO - [2023-09-19T08:33:28.014+0000] {dag.py:3340} INFO - Setting next_dagrun for example_short_circuit_operator to 2023-09-18T08:33:28.013282+00:00, run_after=2023-09-19T08:33:28.013282+00:00
[2023-09-19T08:33:28.086+0000] {processor.py:176} INFO - Processing /home/airflow/.local/lib/python3.7/site-packages/airflow/example_dags/example_short_circuit_operator.py took 0.617 seconds
[2023-09-19T08:33:58.501+0000] {processor.py:154} INFO - Started process (PID=110) to work on /home/airflow/.local/lib/python3.7/site-packages/airflow/example_dags/example_short_circuit_operator.py
[2023-09-19T08:33:58.502+0000] {processor.py:756} INFO - Processing file /home/airflow/.local/lib/python3.7/site-packages/airflow/example_dags/example_short_circuit_operator.py for tasks to queue
[2023-09-19T08:33:58.504+0000] {logging_mixin.py:120} INFO - [2023-09-19T08:33:58.504+0000] {dagbag.py:537} INFO - Filling up the DagBag from /home/airflow/.local/lib/python3.7/site-packages/airflow/example_dags/example_short_circuit_operator.py
[2023-09-19T08:33:58.529+0000] {processor.py:766} INFO - DAG(s) dict_keys(['example_short_circuit_operator']) retrieved from /home/airflow/.local/lib/python3.7/site-packages/airflow/example_dags/example_short_circuit_operator.py
[2023-09-19T08:33:58.604+0000] {logging_mixin.py:120} INFO - [2023-09-19T08:33:58.604+0000] {dag.py:2585} INFO - Sync 1 DAGs
[2023-09-19T08:33:58.674+0000] {logging_mixin.py:120} INFO - [2023-09-19T08:33:58.673+0000] {dag.py:3340} INFO - Setting next_dagrun for example_short_circuit_operator to 2023-09-18T08:33:58.673450+00:00, run_after=2023-09-19T08:33:58.673450+00:00
[2023-09-19T08:33:58.704+0000] {processor.py:176} INFO - Processing /home/airflow/.local/lib/python3.7/site-packages/airflow/example_dags/example_short_circuit_operator.py took 0.208 seconds
[2023-09-19T08:34:29.392+0000] {processor.py:154} INFO - Started process (PID=174) to work on /home/airflow/.local/lib/python3.7/site-packages/airflow/example_dags/example_short_circuit_operator.py
[2023-09-19T08:34:29.394+0000] {processor.py:756} INFO - Processing file /home/airflow/.local/lib/python3.7/site-packages/airflow/example_dags/example_short_circuit_operator.py for tasks to queue
[2023-09-19T08:34:29.395+0000] {logging_mixin.py:120} INFO - [2023-09-19T08:34:29.395+0000] {dagbag.py:537} INFO - Filling up the DagBag from /home/airflow/.local/lib/python3.7/site-packages/airflow/example_dags/example_short_circuit_operator.py
[2023-09-19T08:34:29.415+0000] {processor.py:766} INFO - DAG(s) dict_keys(['example_short_circuit_operator']) retrieved from /home/airflow/.local/lib/python3.7/site-packages/airflow/example_dags/example_short_circuit_operator.py
[2023-09-19T08:34:29.466+0000] {logging_mixin.py:120} INFO - [2023-09-19T08:34:29.466+0000] {dag.py:2585} INFO - Sync 1 DAGs
[2023-09-19T08:34:29.503+0000] {logging_mixin.py:120} INFO - [2023-09-19T08:34:29.502+0000] {dag.py:3340} INFO - Setting next_dagrun for example_short_circuit_operator to 2023-09-18T08:34:29.502444+00:00, run_after=2023-09-19T08:34:29.502444+00:00
[2023-09-19T08:34:29.597+0000] {processor.py:176} INFO - Processing /home/airflow/.local/lib/python3.7/site-packages/airflow/example_dags/example_short_circuit_operator.py took 0.209 seconds
[2023-09-19T08:34:59.893+0000] {processor.py:154} INFO - Started process (PID=237) to work on /home/airflow/.local/lib/python3.7/site-packages/airflow/example_dags/example_short_circuit_operator.py
[2023-09-19T08:34:59.894+0000] {processor.py:756} INFO - Processing file /home/airflow/.local/lib/python3.7/site-packages/airflow/example_dags/example_short_circuit_operator.py for tasks to queue
[2023-09-19T08:34:59.895+0000] {logging_mixin.py:120} INFO - [2023-09-19T08:34:59.895+0000] {dagbag.py:537} INFO - Filling up the DagBag from /home/airflow/.local/lib/python3.7/site-packages/airflow/example_dags/example_short_circuit_operator.py
[2023-09-19T08:34:59.915+0000] {processor.py:766} INFO - DAG(s) dict_keys(['example_short_circuit_operator']) retrieved from /home/airflow/.local/lib/python3.7/site-packages/airflow/example_dags/example_short_circuit_operator.py
[2023-09-19T08:34:59.968+0000] {logging_mixin.py:120} INFO - [2023-09-19T08:34:59.968+0000] {dag.py:2585} INFO - Sync 1 DAGs
[2023-09-19T08:34:59.992+0000] {logging_mixin.py:120} INFO - [2023-09-19T08:34:59.992+0000] {dag.py:3340} INFO - Setting next_dagrun for example_short_circuit_operator to 2023-09-18T08:34:59.992011+00:00, run_after=2023-09-19T08:34:59.992011+00:00
[2023-09-19T08:35:00.029+0000] {processor.py:176} INFO - Processing /home/airflow/.local/lib/python3.7/site-packages/airflow/example_dags/example_short_circuit_operator.py took 0.140 seconds
[2023-09-19T08:35:30.318+0000] {processor.py:154} INFO - Started process (PID=291) to work on /home/airflow/.local/lib/python3.7/site-packages/airflow/example_dags/example_short_circuit_operator.py
[2023-09-19T08:35:30.319+0000] {processor.py:756} INFO - Processing file /home/airflow/.local/lib/python3.7/site-packages/airflow/example_dags/example_short_circuit_operator.py for tasks to queue
[2023-09-19T08:35:30.320+0000] {logging_mixin.py:120} INFO - [2023-09-19T08:35:30.320+0000] {dagbag.py:537} INFO - Filling up the DagBag from /home/airflow/.local/lib/python3.7/site-packages/airflow/example_dags/example_short_circuit_operator.py
[2023-09-19T08:35:30.335+0000] {processor.py:766} INFO - DAG(s) dict_keys(['example_short_circuit_operator']) retrieved from /home/airflow/.local/lib/python3.7/site-packages/airflow/example_dags/example_short_circuit_operator.py
[2023-09-19T08:35:30.382+0000] {logging_mixin.py:120} INFO - [2023-09-19T08:35:30.382+0000] {dag.py:2585} INFO - Sync 1 DAGs
[2023-09-19T08:35:30.408+0000] {logging_mixin.py:120} INFO - [2023-09-19T08:35:30.408+0000] {dag.py:3340} INFO - Setting next_dagrun for example_short_circuit_operator to 2023-09-18T08:35:30.408344+00:00, run_after=2023-09-19T08:35:30.408344+00:00
[2023-09-19T08:35:30.487+0000] {processor.py:176} INFO - Processing /home/airflow/.local/lib/python3.7/site-packages/airflow/example_dags/example_short_circuit_operator.py took 0.173 seconds
