[2023-09-19T08:33:31.834+0000] {processor.py:154} INFO - Started process (PID=74) to work on /home/airflow/.local/lib/python3.7/site-packages/airflow/example_dags/example_branch_operator.py
[2023-09-19T08:33:31.835+0000] {processor.py:756} INFO - Processing file /home/airflow/.local/lib/python3.7/site-packages/airflow/example_dags/example_branch_operator.py for tasks to queue
[2023-09-19T08:33:31.836+0000] {logging_mixin.py:120} INFO - [2023-09-19T08:33:31.836+0000] {dagbag.py:537} INFO - Filling up the DagBag from /home/airflow/.local/lib/python3.7/site-packages/airflow/example_dags/example_branch_operator.py
[2023-09-19T08:33:31.854+0000] {processor.py:766} INFO - DAG(s) dict_keys(['example_branch_operator']) retrieved from /home/airflow/.local/lib/python3.7/site-packages/airflow/example_dags/example_branch_operator.py
[2023-09-19T08:33:31.976+0000] {logging_mixin.py:120} INFO - [2023-09-19T08:33:31.976+0000] {manager.py:507} INFO - Created Permission View: can edit on DAG:example_branch_operator
[2023-09-19T08:33:31.985+0000] {logging_mixin.py:120} INFO - [2023-09-19T08:33:31.985+0000] {manager.py:507} INFO - Created Permission View: can delete on DAG:example_branch_operator
[2023-09-19T08:33:31.993+0000] {logging_mixin.py:120} INFO - [2023-09-19T08:33:31.993+0000] {manager.py:507} INFO - Created Permission View: can read on DAG:example_branch_operator
[2023-09-19T08:33:31.994+0000] {logging_mixin.py:120} INFO - [2023-09-19T08:33:31.994+0000] {dag.py:2585} INFO - Sync 1 DAGs
[2023-09-19T08:33:32.008+0000] {logging_mixin.py:120} INFO - [2023-09-19T08:33:32.008+0000] {dag.py:2606} INFO - Creating ORM DAG for example_branch_operator
[2023-09-19T08:33:32.028+0000] {logging_mixin.py:120} INFO - [2023-09-19T08:33:32.028+0000] {dag.py:3340} INFO - Setting next_dagrun for example_branch_operator to 2023-09-18T00:00:00+00:00, run_after=2023-09-19T00:00:00+00:00
[2023-09-19T08:33:32.057+0000] {processor.py:176} INFO - Processing /home/airflow/.local/lib/python3.7/site-packages/airflow/example_dags/example_branch_operator.py took 0.227 seconds
[2023-09-19T08:34:02.628+0000] {processor.py:154} INFO - Started process (PID=138) to work on /home/airflow/.local/lib/python3.7/site-packages/airflow/example_dags/example_branch_operator.py
[2023-09-19T08:34:02.629+0000] {processor.py:756} INFO - Processing file /home/airflow/.local/lib/python3.7/site-packages/airflow/example_dags/example_branch_operator.py for tasks to queue
[2023-09-19T08:34:02.631+0000] {logging_mixin.py:120} INFO - [2023-09-19T08:34:02.631+0000] {dagbag.py:537} INFO - Filling up the DagBag from /home/airflow/.local/lib/python3.7/site-packages/airflow/example_dags/example_branch_operator.py
[2023-09-19T08:34:02.659+0000] {processor.py:766} INFO - DAG(s) dict_keys(['example_branch_operator']) retrieved from /home/airflow/.local/lib/python3.7/site-packages/airflow/example_dags/example_branch_operator.py
[2023-09-19T08:34:02.710+0000] {logging_mixin.py:120} INFO - [2023-09-19T08:34:02.710+0000] {dag.py:2585} INFO - Sync 1 DAGs
[2023-09-19T08:34:02.741+0000] {logging_mixin.py:120} INFO - [2023-09-19T08:34:02.740+0000] {dag.py:3340} INFO - Setting next_dagrun for example_branch_operator to 2023-09-18T00:00:00+00:00, run_after=2023-09-19T00:00:00+00:00
[2023-09-19T08:34:02.773+0000] {processor.py:176} INFO - Processing /home/airflow/.local/lib/python3.7/site-packages/airflow/example_dags/example_branch_operator.py took 0.148 seconds
[2023-09-19T08:34:32.975+0000] {processor.py:154} INFO - Started process (PID=193) to work on /home/airflow/.local/lib/python3.7/site-packages/airflow/example_dags/example_branch_operator.py
[2023-09-19T08:34:32.976+0000] {processor.py:756} INFO - Processing file /home/airflow/.local/lib/python3.7/site-packages/airflow/example_dags/example_branch_operator.py for tasks to queue
[2023-09-19T08:34:32.977+0000] {logging_mixin.py:120} INFO - [2023-09-19T08:34:32.977+0000] {dagbag.py:537} INFO - Filling up the DagBag from /home/airflow/.local/lib/python3.7/site-packages/airflow/example_dags/example_branch_operator.py
[2023-09-19T08:34:32.994+0000] {processor.py:766} INFO - DAG(s) dict_keys(['example_branch_operator']) retrieved from /home/airflow/.local/lib/python3.7/site-packages/airflow/example_dags/example_branch_operator.py
[2023-09-19T08:34:33.037+0000] {logging_mixin.py:120} INFO - [2023-09-19T08:34:33.037+0000] {dag.py:2585} INFO - Sync 1 DAGs
[2023-09-19T08:34:33.063+0000] {logging_mixin.py:120} INFO - [2023-09-19T08:34:33.063+0000] {dag.py:3340} INFO - Setting next_dagrun for example_branch_operator to 2023-09-18T00:00:00+00:00, run_after=2023-09-19T00:00:00+00:00
[2023-09-19T08:34:33.088+0000] {processor.py:176} INFO - Processing /home/airflow/.local/lib/python3.7/site-packages/airflow/example_dags/example_branch_operator.py took 0.117 seconds
[2023-09-19T08:35:03.560+0000] {processor.py:154} INFO - Started process (PID=256) to work on /home/airflow/.local/lib/python3.7/site-packages/airflow/example_dags/example_branch_operator.py
[2023-09-19T08:35:03.562+0000] {processor.py:756} INFO - Processing file /home/airflow/.local/lib/python3.7/site-packages/airflow/example_dags/example_branch_operator.py for tasks to queue
[2023-09-19T08:35:03.563+0000] {logging_mixin.py:120} INFO - [2023-09-19T08:35:03.562+0000] {dagbag.py:537} INFO - Filling up the DagBag from /home/airflow/.local/lib/python3.7/site-packages/airflow/example_dags/example_branch_operator.py
[2023-09-19T08:35:03.579+0000] {processor.py:766} INFO - DAG(s) dict_keys(['example_branch_operator']) retrieved from /home/airflow/.local/lib/python3.7/site-packages/airflow/example_dags/example_branch_operator.py
[2023-09-19T08:35:03.621+0000] {logging_mixin.py:120} INFO - [2023-09-19T08:35:03.621+0000] {dag.py:2585} INFO - Sync 1 DAGs
[2023-09-19T08:35:03.648+0000] {logging_mixin.py:120} INFO - [2023-09-19T08:35:03.648+0000] {dag.py:3340} INFO - Setting next_dagrun for example_branch_operator to 2023-09-18T00:00:00+00:00, run_after=2023-09-19T00:00:00+00:00
[2023-09-19T08:35:03.675+0000] {processor.py:176} INFO - Processing /home/airflow/.local/lib/python3.7/site-packages/airflow/example_dags/example_branch_operator.py took 0.118 seconds
[2023-09-19T08:35:35.044+0000] {processor.py:154} INFO - Started process (PID=319) to work on /home/airflow/.local/lib/python3.7/site-packages/airflow/example_dags/example_branch_operator.py
[2023-09-19T08:35:35.045+0000] {processor.py:756} INFO - Processing file /home/airflow/.local/lib/python3.7/site-packages/airflow/example_dags/example_branch_operator.py for tasks to queue
[2023-09-19T08:35:35.047+0000] {logging_mixin.py:120} INFO - [2023-09-19T08:35:35.046+0000] {dagbag.py:537} INFO - Filling up the DagBag from /home/airflow/.local/lib/python3.7/site-packages/airflow/example_dags/example_branch_operator.py
[2023-09-19T08:35:35.072+0000] {processor.py:766} INFO - DAG(s) dict_keys(['example_branch_operator']) retrieved from /home/airflow/.local/lib/python3.7/site-packages/airflow/example_dags/example_branch_operator.py
[2023-09-19T08:35:35.137+0000] {logging_mixin.py:120} INFO - [2023-09-19T08:35:35.137+0000] {dag.py:2585} INFO - Sync 1 DAGs
[2023-09-19T08:35:35.174+0000] {logging_mixin.py:120} INFO - [2023-09-19T08:35:35.174+0000] {dag.py:3340} INFO - Setting next_dagrun for example_branch_operator to 2023-09-18T00:00:00+00:00, run_after=2023-09-19T00:00:00+00:00
[2023-09-19T08:35:35.212+0000] {processor.py:176} INFO - Processing /home/airflow/.local/lib/python3.7/site-packages/airflow/example_dags/example_branch_operator.py took 0.172 seconds
