[2023-09-19T08:33:33.194+0000] {processor.py:154} INFO - Started process (PID=80) to work on /home/airflow/.local/lib/python3.7/site-packages/airflow/example_dags/example_branch_python_dop_operator_3.py
[2023-09-19T08:33:33.196+0000] {processor.py:756} INFO - Processing file /home/airflow/.local/lib/python3.7/site-packages/airflow/example_dags/example_branch_python_dop_operator_3.py for tasks to queue
[2023-09-19T08:33:33.198+0000] {logging_mixin.py:120} INFO - [2023-09-19T08:33:33.198+0000] {dagbag.py:537} INFO - Filling up the DagBag from /home/airflow/.local/lib/python3.7/site-packages/airflow/example_dags/example_branch_python_dop_operator_3.py
[2023-09-19T08:33:33.246+0000] {processor.py:766} INFO - DAG(s) dict_keys(['example_branch_dop_operator_v3']) retrieved from /home/airflow/.local/lib/python3.7/site-packages/airflow/example_dags/example_branch_python_dop_operator_3.py
[2023-09-19T08:33:33.588+0000] {logging_mixin.py:120} INFO - [2023-09-19T08:33:33.585+0000] {manager.py:507} INFO - Created Permission View: can edit on DAG:example_branch_dop_operator_v3
[2023-09-19T08:33:33.614+0000] {logging_mixin.py:120} INFO - [2023-09-19T08:33:33.614+0000] {manager.py:507} INFO - Created Permission View: can delete on DAG:example_branch_dop_operator_v3
[2023-09-19T08:33:33.636+0000] {logging_mixin.py:120} INFO - [2023-09-19T08:33:33.636+0000] {manager.py:507} INFO - Created Permission View: can read on DAG:example_branch_dop_operator_v3
[2023-09-19T08:33:33.637+0000] {logging_mixin.py:120} INFO - [2023-09-19T08:33:33.637+0000] {dag.py:2585} INFO - Sync 1 DAGs
[2023-09-19T08:33:33.662+0000] {logging_mixin.py:120} INFO - [2023-09-19T08:33:33.661+0000] {dag.py:2606} INFO - Creating ORM DAG for example_branch_dop_operator_v3
[2023-09-19T08:33:33.685+0000] {logging_mixin.py:120} INFO - [2023-09-19T08:33:33.685+0000] {dag.py:3340} INFO - Setting next_dagrun for example_branch_dop_operator_v3 to 2023-09-19T08:32:00+00:00, run_after=2023-09-19T08:33:00+00:00
[2023-09-19T08:33:33.715+0000] {processor.py:176} INFO - Processing /home/airflow/.local/lib/python3.7/site-packages/airflow/example_dags/example_branch_python_dop_operator_3.py took 0.524 seconds
[2023-09-19T08:34:04.203+0000] {processor.py:154} INFO - Started process (PID=144) to work on /home/airflow/.local/lib/python3.7/site-packages/airflow/example_dags/example_branch_python_dop_operator_3.py
[2023-09-19T08:34:04.205+0000] {processor.py:756} INFO - Processing file /home/airflow/.local/lib/python3.7/site-packages/airflow/example_dags/example_branch_python_dop_operator_3.py for tasks to queue
[2023-09-19T08:34:04.206+0000] {logging_mixin.py:120} INFO - [2023-09-19T08:34:04.206+0000] {dagbag.py:537} INFO - Filling up the DagBag from /home/airflow/.local/lib/python3.7/site-packages/airflow/example_dags/example_branch_python_dop_operator_3.py
[2023-09-19T08:34:04.230+0000] {processor.py:766} INFO - DAG(s) dict_keys(['example_branch_dop_operator_v3']) retrieved from /home/airflow/.local/lib/python3.7/site-packages/airflow/example_dags/example_branch_python_dop_operator_3.py
[2023-09-19T08:34:04.284+0000] {logging_mixin.py:120} INFO - [2023-09-19T08:34:04.283+0000] {dag.py:2585} INFO - Sync 1 DAGs
[2023-09-19T08:34:04.316+0000] {logging_mixin.py:120} INFO - [2023-09-19T08:34:04.316+0000] {dag.py:3340} INFO - Setting next_dagrun for example_branch_dop_operator_v3 to 2023-09-19T08:33:00+00:00, run_after=2023-09-19T08:34:00+00:00
[2023-09-19T08:34:04.352+0000] {processor.py:176} INFO - Processing /home/airflow/.local/lib/python3.7/site-packages/airflow/example_dags/example_branch_python_dop_operator_3.py took 0.153 seconds
[2023-09-19T08:34:34.725+0000] {processor.py:154} INFO - Started process (PID=199) to work on /home/airflow/.local/lib/python3.7/site-packages/airflow/example_dags/example_branch_python_dop_operator_3.py
[2023-09-19T08:34:34.726+0000] {processor.py:756} INFO - Processing file /home/airflow/.local/lib/python3.7/site-packages/airflow/example_dags/example_branch_python_dop_operator_3.py for tasks to queue
[2023-09-19T08:34:34.727+0000] {logging_mixin.py:120} INFO - [2023-09-19T08:34:34.727+0000] {dagbag.py:537} INFO - Filling up the DagBag from /home/airflow/.local/lib/python3.7/site-packages/airflow/example_dags/example_branch_python_dop_operator_3.py
[2023-09-19T08:34:34.752+0000] {processor.py:766} INFO - DAG(s) dict_keys(['example_branch_dop_operator_v3']) retrieved from /home/airflow/.local/lib/python3.7/site-packages/airflow/example_dags/example_branch_python_dop_operator_3.py
[2023-09-19T08:34:34.804+0000] {logging_mixin.py:120} INFO - [2023-09-19T08:34:34.804+0000] {dag.py:2585} INFO - Sync 1 DAGs
[2023-09-19T08:34:34.835+0000] {logging_mixin.py:120} INFO - [2023-09-19T08:34:34.835+0000] {dag.py:3340} INFO - Setting next_dagrun for example_branch_dop_operator_v3 to 2023-09-19T08:33:00+00:00, run_after=2023-09-19T08:34:00+00:00
[2023-09-19T08:34:34.867+0000] {processor.py:176} INFO - Processing /home/airflow/.local/lib/python3.7/site-packages/airflow/example_dags/example_branch_python_dop_operator_3.py took 0.146 seconds
[2023-09-19T08:35:05.335+0000] {processor.py:154} INFO - Started process (PID=262) to work on /home/airflow/.local/lib/python3.7/site-packages/airflow/example_dags/example_branch_python_dop_operator_3.py
[2023-09-19T08:35:05.336+0000] {processor.py:756} INFO - Processing file /home/airflow/.local/lib/python3.7/site-packages/airflow/example_dags/example_branch_python_dop_operator_3.py for tasks to queue
[2023-09-19T08:35:05.337+0000] {logging_mixin.py:120} INFO - [2023-09-19T08:35:05.337+0000] {dagbag.py:537} INFO - Filling up the DagBag from /home/airflow/.local/lib/python3.7/site-packages/airflow/example_dags/example_branch_python_dop_operator_3.py
[2023-09-19T08:35:05.361+0000] {processor.py:766} INFO - DAG(s) dict_keys(['example_branch_dop_operator_v3']) retrieved from /home/airflow/.local/lib/python3.7/site-packages/airflow/example_dags/example_branch_python_dop_operator_3.py
[2023-09-19T08:35:05.405+0000] {logging_mixin.py:120} INFO - [2023-09-19T08:35:05.405+0000] {dag.py:2585} INFO - Sync 1 DAGs
[2023-09-19T08:35:05.435+0000] {logging_mixin.py:120} INFO - [2023-09-19T08:35:05.435+0000] {dag.py:3340} INFO - Setting next_dagrun for example_branch_dop_operator_v3 to 2023-09-19T08:34:00+00:00, run_after=2023-09-19T08:35:00+00:00
[2023-09-19T08:35:05.462+0000] {processor.py:176} INFO - Processing /home/airflow/.local/lib/python3.7/site-packages/airflow/example_dags/example_branch_python_dop_operator_3.py took 0.131 seconds
[2023-09-19T08:35:35.838+0000] {processor.py:154} INFO - Started process (PID=325) to work on /home/airflow/.local/lib/python3.7/site-packages/airflow/example_dags/example_branch_python_dop_operator_3.py
[2023-09-19T08:35:35.841+0000] {processor.py:756} INFO - Processing file /home/airflow/.local/lib/python3.7/site-packages/airflow/example_dags/example_branch_python_dop_operator_3.py for tasks to queue
[2023-09-19T08:35:35.843+0000] {logging_mixin.py:120} INFO - [2023-09-19T08:35:35.842+0000] {dagbag.py:537} INFO - Filling up the DagBag from /home/airflow/.local/lib/python3.7/site-packages/airflow/example_dags/example_branch_python_dop_operator_3.py
[2023-09-19T08:35:35.872+0000] {processor.py:766} INFO - DAG(s) dict_keys(['example_branch_dop_operator_v3']) retrieved from /home/airflow/.local/lib/python3.7/site-packages/airflow/example_dags/example_branch_python_dop_operator_3.py
[2023-09-19T08:35:35.929+0000] {logging_mixin.py:120} INFO - [2023-09-19T08:35:35.928+0000] {dag.py:2585} INFO - Sync 1 DAGs
[2023-09-19T08:35:35.967+0000] {logging_mixin.py:120} INFO - [2023-09-19T08:35:35.967+0000] {dag.py:3340} INFO - Setting next_dagrun for example_branch_dop_operator_v3 to 2023-09-19T08:34:00+00:00, run_after=2023-09-19T08:35:00+00:00
[2023-09-19T08:35:36.000+0000] {processor.py:176} INFO - Processing /home/airflow/.local/lib/python3.7/site-packages/airflow/example_dags/example_branch_python_dop_operator_3.py took 0.167 seconds
