[2023-09-19T08:33:33.237+0000] {processor.py:154} INFO - Started process (PID=81) to work on /home/airflow/.local/lib/python3.7/site-packages/airflow/example_dags/example_local_kubernetes_executor.py
[2023-09-19T08:33:33.239+0000] {processor.py:756} INFO - Processing file /home/airflow/.local/lib/python3.7/site-packages/airflow/example_dags/example_local_kubernetes_executor.py for tasks to queue
[2023-09-19T08:33:33.241+0000] {logging_mixin.py:120} INFO - [2023-09-19T08:33:33.241+0000] {dagbag.py:537} INFO - Filling up the DagBag from /home/airflow/.local/lib/python3.7/site-packages/airflow/example_dags/example_local_kubernetes_executor.py
[2023-09-19T08:33:33.288+0000] {processor.py:766} INFO - DAG(s) dict_keys(['example_local_kubernetes_executor']) retrieved from /home/airflow/.local/lib/python3.7/site-packages/airflow/example_dags/example_local_kubernetes_executor.py
[2023-09-19T08:33:33.586+0000] {logging_mixin.py:120} INFO - [2023-09-19T08:33:33.585+0000] {manager.py:507} INFO - Created Permission View: can edit on DAG:example_local_kubernetes_executor
[2023-09-19T08:33:33.616+0000] {logging_mixin.py:120} INFO - [2023-09-19T08:33:33.616+0000] {manager.py:507} INFO - Created Permission View: can delete on DAG:example_local_kubernetes_executor
[2023-09-19T08:33:33.635+0000] {logging_mixin.py:120} INFO - [2023-09-19T08:33:33.635+0000] {manager.py:507} INFO - Created Permission View: can read on DAG:example_local_kubernetes_executor
[2023-09-19T08:33:33.636+0000] {logging_mixin.py:120} INFO - [2023-09-19T08:33:33.636+0000] {dag.py:2585} INFO - Sync 1 DAGs
[2023-09-19T08:33:33.659+0000] {logging_mixin.py:120} INFO - [2023-09-19T08:33:33.658+0000] {dag.py:2606} INFO - Creating ORM DAG for example_local_kubernetes_executor
[2023-09-19T08:33:33.680+0000] {logging_mixin.py:120} INFO - [2023-09-19T08:33:33.680+0000] {dag.py:3340} INFO - Setting next_dagrun for example_local_kubernetes_executor to None, run_after=None
[2023-09-19T08:33:33.707+0000] {processor.py:176} INFO - Processing /home/airflow/.local/lib/python3.7/site-packages/airflow/example_dags/example_local_kubernetes_executor.py took 0.478 seconds
[2023-09-19T08:34:04.467+0000] {processor.py:154} INFO - Started process (PID=145) to work on /home/airflow/.local/lib/python3.7/site-packages/airflow/example_dags/example_local_kubernetes_executor.py
[2023-09-19T08:34:04.469+0000] {processor.py:756} INFO - Processing file /home/airflow/.local/lib/python3.7/site-packages/airflow/example_dags/example_local_kubernetes_executor.py for tasks to queue
[2023-09-19T08:34:04.471+0000] {logging_mixin.py:120} INFO - [2023-09-19T08:34:04.471+0000] {dagbag.py:537} INFO - Filling up the DagBag from /home/airflow/.local/lib/python3.7/site-packages/airflow/example_dags/example_local_kubernetes_executor.py
[2023-09-19T08:34:04.516+0000] {processor.py:766} INFO - DAG(s) dict_keys(['example_local_kubernetes_executor']) retrieved from /home/airflow/.local/lib/python3.7/site-packages/airflow/example_dags/example_local_kubernetes_executor.py
[2023-09-19T08:34:04.582+0000] {logging_mixin.py:120} INFO - [2023-09-19T08:34:04.582+0000] {dag.py:2585} INFO - Sync 1 DAGs
[2023-09-19T08:34:04.611+0000] {logging_mixin.py:120} INFO - [2023-09-19T08:34:04.611+0000] {dag.py:3340} INFO - Setting next_dagrun for example_local_kubernetes_executor to None, run_after=None
[2023-09-19T08:34:04.641+0000] {processor.py:176} INFO - Processing /home/airflow/.local/lib/python3.7/site-packages/airflow/example_dags/example_local_kubernetes_executor.py took 0.179 seconds
[2023-09-19T08:34:34.912+0000] {processor.py:154} INFO - Started process (PID=200) to work on /home/airflow/.local/lib/python3.7/site-packages/airflow/example_dags/example_local_kubernetes_executor.py
[2023-09-19T08:34:34.914+0000] {processor.py:756} INFO - Processing file /home/airflow/.local/lib/python3.7/site-packages/airflow/example_dags/example_local_kubernetes_executor.py for tasks to queue
[2023-09-19T08:34:34.916+0000] {logging_mixin.py:120} INFO - [2023-09-19T08:34:34.915+0000] {dagbag.py:537} INFO - Filling up the DagBag from /home/airflow/.local/lib/python3.7/site-packages/airflow/example_dags/example_local_kubernetes_executor.py
[2023-09-19T08:34:34.941+0000] {processor.py:766} INFO - DAG(s) dict_keys(['example_local_kubernetes_executor']) retrieved from /home/airflow/.local/lib/python3.7/site-packages/airflow/example_dags/example_local_kubernetes_executor.py
[2023-09-19T08:34:34.988+0000] {logging_mixin.py:120} INFO - [2023-09-19T08:34:34.988+0000] {dag.py:2585} INFO - Sync 1 DAGs
[2023-09-19T08:34:35.020+0000] {logging_mixin.py:120} INFO - [2023-09-19T08:34:35.019+0000] {dag.py:3340} INFO - Setting next_dagrun for example_local_kubernetes_executor to None, run_after=None
[2023-09-19T08:34:35.048+0000] {processor.py:176} INFO - Processing /home/airflow/.local/lib/python3.7/site-packages/airflow/example_dags/example_local_kubernetes_executor.py took 0.141 seconds
[2023-09-19T08:35:05.496+0000] {processor.py:154} INFO - Started process (PID=263) to work on /home/airflow/.local/lib/python3.7/site-packages/airflow/example_dags/example_local_kubernetes_executor.py
[2023-09-19T08:35:05.497+0000] {processor.py:756} INFO - Processing file /home/airflow/.local/lib/python3.7/site-packages/airflow/example_dags/example_local_kubernetes_executor.py for tasks to queue
[2023-09-19T08:35:05.499+0000] {logging_mixin.py:120} INFO - [2023-09-19T08:35:05.499+0000] {dagbag.py:537} INFO - Filling up the DagBag from /home/airflow/.local/lib/python3.7/site-packages/airflow/example_dags/example_local_kubernetes_executor.py
[2023-09-19T08:35:05.524+0000] {processor.py:766} INFO - DAG(s) dict_keys(['example_local_kubernetes_executor']) retrieved from /home/airflow/.local/lib/python3.7/site-packages/airflow/example_dags/example_local_kubernetes_executor.py
[2023-09-19T08:35:05.567+0000] {logging_mixin.py:120} INFO - [2023-09-19T08:35:05.567+0000] {dag.py:2585} INFO - Sync 1 DAGs
[2023-09-19T08:35:05.589+0000] {logging_mixin.py:120} INFO - [2023-09-19T08:35:05.589+0000] {dag.py:3340} INFO - Setting next_dagrun for example_local_kubernetes_executor to None, run_after=None
[2023-09-19T08:35:05.613+0000] {processor.py:176} INFO - Processing /home/airflow/.local/lib/python3.7/site-packages/airflow/example_dags/example_local_kubernetes_executor.py took 0.120 seconds
[2023-09-19T08:35:36.040+0000] {processor.py:154} INFO - Started process (PID=327) to work on /home/airflow/.local/lib/python3.7/site-packages/airflow/example_dags/example_local_kubernetes_executor.py
[2023-09-19T08:35:36.042+0000] {processor.py:756} INFO - Processing file /home/airflow/.local/lib/python3.7/site-packages/airflow/example_dags/example_local_kubernetes_executor.py for tasks to queue
[2023-09-19T08:35:36.043+0000] {logging_mixin.py:120} INFO - [2023-09-19T08:35:36.043+0000] {dagbag.py:537} INFO - Filling up the DagBag from /home/airflow/.local/lib/python3.7/site-packages/airflow/example_dags/example_local_kubernetes_executor.py
[2023-09-19T08:35:36.076+0000] {processor.py:766} INFO - DAG(s) dict_keys(['example_local_kubernetes_executor']) retrieved from /home/airflow/.local/lib/python3.7/site-packages/airflow/example_dags/example_local_kubernetes_executor.py
[2023-09-19T08:35:36.124+0000] {logging_mixin.py:120} INFO - [2023-09-19T08:35:36.124+0000] {dag.py:2585} INFO - Sync 1 DAGs
[2023-09-19T08:35:36.152+0000] {logging_mixin.py:120} INFO - [2023-09-19T08:35:36.152+0000] {dag.py:3340} INFO - Setting next_dagrun for example_local_kubernetes_executor to None, run_after=None
[2023-09-19T08:35:36.174+0000] {processor.py:176} INFO - Processing /home/airflow/.local/lib/python3.7/site-packages/airflow/example_dags/example_local_kubernetes_executor.py took 0.138 seconds
