[2023-09-19T08:33:31.044+0000] {processor.py:154} INFO - Started process (PID=69) to work on /home/airflow/.local/lib/python3.7/site-packages/airflow/example_dags/example_branch_day_of_week_operator.py
[2023-09-19T08:33:31.045+0000] {processor.py:756} INFO - Processing file /home/airflow/.local/lib/python3.7/site-packages/airflow/example_dags/example_branch_day_of_week_operator.py for tasks to queue
[2023-09-19T08:33:31.046+0000] {logging_mixin.py:120} INFO - [2023-09-19T08:33:31.046+0000] {dagbag.py:537} INFO - Filling up the DagBag from /home/airflow/.local/lib/python3.7/site-packages/airflow/example_dags/example_branch_day_of_week_operator.py
[2023-09-19T08:33:31.070+0000] {processor.py:766} INFO - DAG(s) dict_keys(['example_weekday_branch_operator']) retrieved from /home/airflow/.local/lib/python3.7/site-packages/airflow/example_dags/example_branch_day_of_week_operator.py
[2023-09-19T08:33:31.250+0000] {logging_mixin.py:120} INFO - [2023-09-19T08:33:31.250+0000] {manager.py:507} INFO - Created Permission View: can edit on DAG:example_weekday_branch_operator
[2023-09-19T08:33:31.271+0000] {logging_mixin.py:120} INFO - [2023-09-19T08:33:31.271+0000] {manager.py:507} INFO - Created Permission View: can delete on DAG:example_weekday_branch_operator
[2023-09-19T08:33:31.287+0000] {logging_mixin.py:120} INFO - [2023-09-19T08:33:31.286+0000] {manager.py:507} INFO - Created Permission View: can read on DAG:example_weekday_branch_operator
[2023-09-19T08:33:31.287+0000] {logging_mixin.py:120} INFO - [2023-09-19T08:33:31.287+0000] {dag.py:2585} INFO - Sync 1 DAGs
[2023-09-19T08:33:31.304+0000] {logging_mixin.py:120} INFO - [2023-09-19T08:33:31.303+0000] {dag.py:2606} INFO - Creating ORM DAG for example_weekday_branch_operator
[2023-09-19T08:33:31.320+0000] {logging_mixin.py:120} INFO - [2023-09-19T08:33:31.320+0000] {dag.py:3340} INFO - Setting next_dagrun for example_weekday_branch_operator to 2023-09-18T00:00:00+00:00, run_after=2023-09-19T00:00:00+00:00
[2023-09-19T08:33:31.343+0000] {processor.py:176} INFO - Processing /home/airflow/.local/lib/python3.7/site-packages/airflow/example_dags/example_branch_day_of_week_operator.py took 0.304 seconds
[2023-09-19T08:34:02.042+0000] {processor.py:154} INFO - Started process (PID=133) to work on /home/airflow/.local/lib/python3.7/site-packages/airflow/example_dags/example_branch_day_of_week_operator.py
[2023-09-19T08:34:02.044+0000] {processor.py:756} INFO - Processing file /home/airflow/.local/lib/python3.7/site-packages/airflow/example_dags/example_branch_day_of_week_operator.py for tasks to queue
[2023-09-19T08:34:02.047+0000] {logging_mixin.py:120} INFO - [2023-09-19T08:34:02.046+0000] {dagbag.py:537} INFO - Filling up the DagBag from /home/airflow/.local/lib/python3.7/site-packages/airflow/example_dags/example_branch_day_of_week_operator.py
[2023-09-19T08:34:02.089+0000] {processor.py:766} INFO - DAG(s) dict_keys(['example_weekday_branch_operator']) retrieved from /home/airflow/.local/lib/python3.7/site-packages/airflow/example_dags/example_branch_day_of_week_operator.py
[2023-09-19T08:34:02.165+0000] {logging_mixin.py:120} INFO - [2023-09-19T08:34:02.165+0000] {dag.py:2585} INFO - Sync 1 DAGs
[2023-09-19T08:34:02.224+0000] {logging_mixin.py:120} INFO - [2023-09-19T08:34:02.224+0000] {dag.py:3340} INFO - Setting next_dagrun for example_weekday_branch_operator to 2023-09-18T00:00:00+00:00, run_after=2023-09-19T00:00:00+00:00
[2023-09-19T08:34:02.259+0000] {processor.py:176} INFO - Processing /home/airflow/.local/lib/python3.7/site-packages/airflow/example_dags/example_branch_day_of_week_operator.py took 0.222 seconds
[2023-09-19T08:34:32.562+0000] {processor.py:154} INFO - Started process (PID=188) to work on /home/airflow/.local/lib/python3.7/site-packages/airflow/example_dags/example_branch_day_of_week_operator.py
[2023-09-19T08:34:32.563+0000] {processor.py:756} INFO - Processing file /home/airflow/.local/lib/python3.7/site-packages/airflow/example_dags/example_branch_day_of_week_operator.py for tasks to queue
[2023-09-19T08:34:32.564+0000] {logging_mixin.py:120} INFO - [2023-09-19T08:34:32.563+0000] {dagbag.py:537} INFO - Filling up the DagBag from /home/airflow/.local/lib/python3.7/site-packages/airflow/example_dags/example_branch_day_of_week_operator.py
[2023-09-19T08:34:32.581+0000] {processor.py:766} INFO - DAG(s) dict_keys(['example_weekday_branch_operator']) retrieved from /home/airflow/.local/lib/python3.7/site-packages/airflow/example_dags/example_branch_day_of_week_operator.py
[2023-09-19T08:34:32.622+0000] {logging_mixin.py:120} INFO - [2023-09-19T08:34:32.621+0000] {dag.py:2585} INFO - Sync 1 DAGs
[2023-09-19T08:34:32.648+0000] {logging_mixin.py:120} INFO - [2023-09-19T08:34:32.648+0000] {dag.py:3340} INFO - Setting next_dagrun for example_weekday_branch_operator to 2023-09-18T00:00:00+00:00, run_after=2023-09-19T00:00:00+00:00
[2023-09-19T08:34:32.671+0000] {processor.py:176} INFO - Processing /home/airflow/.local/lib/python3.7/site-packages/airflow/example_dags/example_branch_day_of_week_operator.py took 0.113 seconds
[2023-09-19T08:35:03.112+0000] {processor.py:154} INFO - Started process (PID=251) to work on /home/airflow/.local/lib/python3.7/site-packages/airflow/example_dags/example_branch_day_of_week_operator.py
[2023-09-19T08:35:03.113+0000] {processor.py:756} INFO - Processing file /home/airflow/.local/lib/python3.7/site-packages/airflow/example_dags/example_branch_day_of_week_operator.py for tasks to queue
[2023-09-19T08:35:03.114+0000] {logging_mixin.py:120} INFO - [2023-09-19T08:35:03.114+0000] {dagbag.py:537} INFO - Filling up the DagBag from /home/airflow/.local/lib/python3.7/site-packages/airflow/example_dags/example_branch_day_of_week_operator.py
[2023-09-19T08:35:03.128+0000] {processor.py:766} INFO - DAG(s) dict_keys(['example_weekday_branch_operator']) retrieved from /home/airflow/.local/lib/python3.7/site-packages/airflow/example_dags/example_branch_day_of_week_operator.py
[2023-09-19T08:35:03.167+0000] {logging_mixin.py:120} INFO - [2023-09-19T08:35:03.167+0000] {dag.py:2585} INFO - Sync 1 DAGs
[2023-09-19T08:35:03.190+0000] {logging_mixin.py:120} INFO - [2023-09-19T08:35:03.190+0000] {dag.py:3340} INFO - Setting next_dagrun for example_weekday_branch_operator to 2023-09-18T00:00:00+00:00, run_after=2023-09-19T00:00:00+00:00
[2023-09-19T08:35:03.212+0000] {processor.py:176} INFO - Processing /home/airflow/.local/lib/python3.7/site-packages/airflow/example_dags/example_branch_day_of_week_operator.py took 0.103 seconds
[2023-09-19T08:35:34.470+0000] {processor.py:154} INFO - Started process (PID=314) to work on /home/airflow/.local/lib/python3.7/site-packages/airflow/example_dags/example_branch_day_of_week_operator.py
[2023-09-19T08:35:34.476+0000] {processor.py:756} INFO - Processing file /home/airflow/.local/lib/python3.7/site-packages/airflow/example_dags/example_branch_day_of_week_operator.py for tasks to queue
[2023-09-19T08:35:34.478+0000] {logging_mixin.py:120} INFO - [2023-09-19T08:35:34.477+0000] {dagbag.py:537} INFO - Filling up the DagBag from /home/airflow/.local/lib/python3.7/site-packages/airflow/example_dags/example_branch_day_of_week_operator.py
[2023-09-19T08:35:34.524+0000] {processor.py:766} INFO - DAG(s) dict_keys(['example_weekday_branch_operator']) retrieved from /home/airflow/.local/lib/python3.7/site-packages/airflow/example_dags/example_branch_day_of_week_operator.py
[2023-09-19T08:35:34.642+0000] {logging_mixin.py:120} INFO - [2023-09-19T08:35:34.642+0000] {dag.py:2585} INFO - Sync 1 DAGs
[2023-09-19T08:35:34.708+0000] {logging_mixin.py:120} INFO - [2023-09-19T08:35:34.708+0000] {dag.py:3340} INFO - Setting next_dagrun for example_weekday_branch_operator to 2023-09-18T00:00:00+00:00, run_after=2023-09-19T00:00:00+00:00
[2023-09-19T08:35:34.776+0000] {processor.py:176} INFO - Processing /home/airflow/.local/lib/python3.7/site-packages/airflow/example_dags/example_branch_day_of_week_operator.py took 0.312 seconds
