[2023-09-19T08:33:34.125+0000] {processor.py:154} INFO - Started process (PID=84) to work on /home/airflow/.local/lib/python3.7/site-packages/airflow/example_dags/example_trigger_target_dag.py
[2023-09-19T08:33:34.126+0000] {processor.py:756} INFO - Processing file /home/airflow/.local/lib/python3.7/site-packages/airflow/example_dags/example_trigger_target_dag.py for tasks to queue
[2023-09-19T08:33:34.128+0000] {logging_mixin.py:120} INFO - [2023-09-19T08:33:34.128+0000] {dagbag.py:537} INFO - Filling up the DagBag from /home/airflow/.local/lib/python3.7/site-packages/airflow/example_dags/example_trigger_target_dag.py
[2023-09-19T08:33:34.160+0000] {processor.py:766} INFO - DAG(s) dict_keys(['example_trigger_target_dag']) retrieved from /home/airflow/.local/lib/python3.7/site-packages/airflow/example_dags/example_trigger_target_dag.py
[2023-09-19T08:33:34.356+0000] {logging_mixin.py:120} INFO - [2023-09-19T08:33:34.355+0000] {manager.py:507} INFO - Created Permission View: can edit on DAG:example_trigger_target_dag
[2023-09-19T08:33:34.376+0000] {logging_mixin.py:120} INFO - [2023-09-19T08:33:34.376+0000] {manager.py:507} INFO - Created Permission View: can delete on DAG:example_trigger_target_dag
[2023-09-19T08:33:34.391+0000] {logging_mixin.py:120} INFO - [2023-09-19T08:33:34.391+0000] {manager.py:507} INFO - Created Permission View: can read on DAG:example_trigger_target_dag
[2023-09-19T08:33:34.392+0000] {logging_mixin.py:120} INFO - [2023-09-19T08:33:34.392+0000] {dag.py:2585} INFO - Sync 1 DAGs
[2023-09-19T08:33:34.411+0000] {logging_mixin.py:120} INFO - [2023-09-19T08:33:34.410+0000] {dag.py:2606} INFO - Creating ORM DAG for example_trigger_target_dag
[2023-09-19T08:33:34.427+0000] {logging_mixin.py:120} INFO - [2023-09-19T08:33:34.427+0000] {dag.py:3340} INFO - Setting next_dagrun for example_trigger_target_dag to None, run_after=None
[2023-09-19T08:33:34.456+0000] {processor.py:176} INFO - Processing /home/airflow/.local/lib/python3.7/site-packages/airflow/example_dags/example_trigger_target_dag.py took 0.336 seconds
[2023-09-19T08:34:04.843+0000] {processor.py:154} INFO - Started process (PID=148) to work on /home/airflow/.local/lib/python3.7/site-packages/airflow/example_dags/example_trigger_target_dag.py
[2023-09-19T08:34:04.844+0000] {processor.py:756} INFO - Processing file /home/airflow/.local/lib/python3.7/site-packages/airflow/example_dags/example_trigger_target_dag.py for tasks to queue
[2023-09-19T08:34:04.845+0000] {logging_mixin.py:120} INFO - [2023-09-19T08:34:04.845+0000] {dagbag.py:537} INFO - Filling up the DagBag from /home/airflow/.local/lib/python3.7/site-packages/airflow/example_dags/example_trigger_target_dag.py
[2023-09-19T08:34:04.873+0000] {processor.py:766} INFO - DAG(s) dict_keys(['example_trigger_target_dag']) retrieved from /home/airflow/.local/lib/python3.7/site-packages/airflow/example_dags/example_trigger_target_dag.py
[2023-09-19T08:34:04.923+0000] {logging_mixin.py:120} INFO - [2023-09-19T08:34:04.923+0000] {dag.py:2585} INFO - Sync 1 DAGs
[2023-09-19T08:34:04.952+0000] {logging_mixin.py:120} INFO - [2023-09-19T08:34:04.952+0000] {dag.py:3340} INFO - Setting next_dagrun for example_trigger_target_dag to None, run_after=None
[2023-09-19T08:34:04.984+0000] {processor.py:176} INFO - Processing /home/airflow/.local/lib/python3.7/site-packages/airflow/example_dags/example_trigger_target_dag.py took 0.146 seconds
[2023-09-19T08:34:35.241+0000] {processor.py:154} INFO - Started process (PID=203) to work on /home/airflow/.local/lib/python3.7/site-packages/airflow/example_dags/example_trigger_target_dag.py
[2023-09-19T08:34:35.243+0000] {processor.py:756} INFO - Processing file /home/airflow/.local/lib/python3.7/site-packages/airflow/example_dags/example_trigger_target_dag.py for tasks to queue
[2023-09-19T08:34:35.244+0000] {logging_mixin.py:120} INFO - [2023-09-19T08:34:35.244+0000] {dagbag.py:537} INFO - Filling up the DagBag from /home/airflow/.local/lib/python3.7/site-packages/airflow/example_dags/example_trigger_target_dag.py
[2023-09-19T08:34:35.282+0000] {processor.py:766} INFO - DAG(s) dict_keys(['example_trigger_target_dag']) retrieved from /home/airflow/.local/lib/python3.7/site-packages/airflow/example_dags/example_trigger_target_dag.py
[2023-09-19T08:34:35.383+0000] {logging_mixin.py:120} INFO - [2023-09-19T08:34:35.383+0000] {dag.py:2585} INFO - Sync 1 DAGs
[2023-09-19T08:34:35.415+0000] {logging_mixin.py:120} INFO - [2023-09-19T08:34:35.414+0000] {dag.py:3340} INFO - Setting next_dagrun for example_trigger_target_dag to None, run_after=None
[2023-09-19T08:34:35.439+0000] {processor.py:176} INFO - Processing /home/airflow/.local/lib/python3.7/site-packages/airflow/example_dags/example_trigger_target_dag.py took 0.201 seconds
[2023-09-19T08:35:05.645+0000] {processor.py:154} INFO - Started process (PID=266) to work on /home/airflow/.local/lib/python3.7/site-packages/airflow/example_dags/example_trigger_target_dag.py
[2023-09-19T08:35:05.647+0000] {processor.py:756} INFO - Processing file /home/airflow/.local/lib/python3.7/site-packages/airflow/example_dags/example_trigger_target_dag.py for tasks to queue
[2023-09-19T08:35:05.648+0000] {logging_mixin.py:120} INFO - [2023-09-19T08:35:05.648+0000] {dagbag.py:537} INFO - Filling up the DagBag from /home/airflow/.local/lib/python3.7/site-packages/airflow/example_dags/example_trigger_target_dag.py
[2023-09-19T08:35:05.667+0000] {processor.py:766} INFO - DAG(s) dict_keys(['example_trigger_target_dag']) retrieved from /home/airflow/.local/lib/python3.7/site-packages/airflow/example_dags/example_trigger_target_dag.py
[2023-09-19T08:35:05.709+0000] {logging_mixin.py:120} INFO - [2023-09-19T08:35:05.709+0000] {dag.py:2585} INFO - Sync 1 DAGs
[2023-09-19T08:35:05.730+0000] {logging_mixin.py:120} INFO - [2023-09-19T08:35:05.730+0000] {dag.py:3340} INFO - Setting next_dagrun for example_trigger_target_dag to None, run_after=None
[2023-09-19T08:35:05.751+0000] {processor.py:176} INFO - Processing /home/airflow/.local/lib/python3.7/site-packages/airflow/example_dags/example_trigger_target_dag.py took 0.109 seconds
[2023-09-19T08:35:36.210+0000] {processor.py:154} INFO - Started process (PID=329) to work on /home/airflow/.local/lib/python3.7/site-packages/airflow/example_dags/example_trigger_target_dag.py
[2023-09-19T08:35:36.211+0000] {processor.py:756} INFO - Processing file /home/airflow/.local/lib/python3.7/site-packages/airflow/example_dags/example_trigger_target_dag.py for tasks to queue
[2023-09-19T08:35:36.213+0000] {logging_mixin.py:120} INFO - [2023-09-19T08:35:36.212+0000] {dagbag.py:537} INFO - Filling up the DagBag from /home/airflow/.local/lib/python3.7/site-packages/airflow/example_dags/example_trigger_target_dag.py
[2023-09-19T08:35:36.234+0000] {processor.py:766} INFO - DAG(s) dict_keys(['example_trigger_target_dag']) retrieved from /home/airflow/.local/lib/python3.7/site-packages/airflow/example_dags/example_trigger_target_dag.py
[2023-09-19T08:35:36.288+0000] {logging_mixin.py:120} INFO - [2023-09-19T08:35:36.288+0000] {dag.py:2585} INFO - Sync 1 DAGs
[2023-09-19T08:35:36.323+0000] {logging_mixin.py:120} INFO - [2023-09-19T08:35:36.323+0000] {dag.py:3340} INFO - Setting next_dagrun for example_trigger_target_dag to None, run_after=None
[2023-09-19T08:35:36.357+0000] {processor.py:176} INFO - Processing /home/airflow/.local/lib/python3.7/site-packages/airflow/example_dags/example_trigger_target_dag.py took 0.150 seconds
