[2023-09-19T08:33:30.411+0000] {processor.py:154} INFO - Started process (PID=65) to work on /home/airflow/.local/lib/python3.7/site-packages/airflow/example_dags/example_skip_dag.py
[2023-09-19T08:33:30.413+0000] {processor.py:756} INFO - Processing file /home/airflow/.local/lib/python3.7/site-packages/airflow/example_dags/example_skip_dag.py for tasks to queue
[2023-09-19T08:33:30.415+0000] {logging_mixin.py:120} INFO - [2023-09-19T08:33:30.415+0000] {dagbag.py:537} INFO - Filling up the DagBag from /home/airflow/.local/lib/python3.7/site-packages/airflow/example_dags/example_skip_dag.py
[2023-09-19T08:33:30.432+0000] {processor.py:766} INFO - DAG(s) dict_keys(['example_skip_dag']) retrieved from /home/airflow/.local/lib/python3.7/site-packages/airflow/example_dags/example_skip_dag.py
[2023-09-19T08:33:30.626+0000] {logging_mixin.py:120} INFO - [2023-09-19T08:33:30.625+0000] {manager.py:507} INFO - Created Permission View: can edit on DAG:example_skip_dag
[2023-09-19T08:33:30.644+0000] {logging_mixin.py:120} INFO - [2023-09-19T08:33:30.644+0000] {manager.py:507} INFO - Created Permission View: can delete on DAG:example_skip_dag
[2023-09-19T08:33:30.658+0000] {logging_mixin.py:120} INFO - [2023-09-19T08:33:30.658+0000] {manager.py:507} INFO - Created Permission View: can read on DAG:example_skip_dag
[2023-09-19T08:33:30.659+0000] {logging_mixin.py:120} INFO - [2023-09-19T08:33:30.658+0000] {dag.py:2585} INFO - Sync 1 DAGs
[2023-09-19T08:33:30.673+0000] {logging_mixin.py:120} INFO - [2023-09-19T08:33:30.673+0000] {dag.py:2606} INFO - Creating ORM DAG for example_skip_dag
[2023-09-19T08:33:30.687+0000] {logging_mixin.py:120} INFO - [2023-09-19T08:33:30.687+0000] {dag.py:3340} INFO - Setting next_dagrun for example_skip_dag to 2023-09-18T08:33:30.687386+00:00, run_after=2023-09-19T08:33:30.687386+00:00
[2023-09-19T08:33:30.718+0000] {processor.py:176} INFO - Processing /home/airflow/.local/lib/python3.7/site-packages/airflow/example_dags/example_skip_dag.py took 0.310 seconds
[2023-09-19T08:34:01.452+0000] {processor.py:154} INFO - Started process (PID=129) to work on /home/airflow/.local/lib/python3.7/site-packages/airflow/example_dags/example_skip_dag.py
[2023-09-19T08:34:01.454+0000] {processor.py:756} INFO - Processing file /home/airflow/.local/lib/python3.7/site-packages/airflow/example_dags/example_skip_dag.py for tasks to queue
[2023-09-19T08:34:01.455+0000] {logging_mixin.py:120} INFO - [2023-09-19T08:34:01.455+0000] {dagbag.py:537} INFO - Filling up the DagBag from /home/airflow/.local/lib/python3.7/site-packages/airflow/example_dags/example_skip_dag.py
[2023-09-19T08:34:01.475+0000] {processor.py:766} INFO - DAG(s) dict_keys(['example_skip_dag']) retrieved from /home/airflow/.local/lib/python3.7/site-packages/airflow/example_dags/example_skip_dag.py
[2023-09-19T08:34:01.526+0000] {logging_mixin.py:120} INFO - [2023-09-19T08:34:01.526+0000] {dag.py:2585} INFO - Sync 1 DAGs
[2023-09-19T08:34:01.555+0000] {logging_mixin.py:120} INFO - [2023-09-19T08:34:01.555+0000] {dag.py:3340} INFO - Setting next_dagrun for example_skip_dag to 2023-09-18T08:34:01.554879+00:00, run_after=2023-09-19T08:34:01.554879+00:00
[2023-09-19T08:34:01.586+0000] {processor.py:176} INFO - Processing /home/airflow/.local/lib/python3.7/site-packages/airflow/example_dags/example_skip_dag.py took 0.139 seconds
[2023-09-19T08:34:32.264+0000] {processor.py:154} INFO - Started process (PID=184) to work on /home/airflow/.local/lib/python3.7/site-packages/airflow/example_dags/example_skip_dag.py
[2023-09-19T08:34:32.265+0000] {processor.py:756} INFO - Processing file /home/airflow/.local/lib/python3.7/site-packages/airflow/example_dags/example_skip_dag.py for tasks to queue
[2023-09-19T08:34:32.266+0000] {logging_mixin.py:120} INFO - [2023-09-19T08:34:32.266+0000] {dagbag.py:537} INFO - Filling up the DagBag from /home/airflow/.local/lib/python3.7/site-packages/airflow/example_dags/example_skip_dag.py
[2023-09-19T08:34:32.280+0000] {processor.py:766} INFO - DAG(s) dict_keys(['example_skip_dag']) retrieved from /home/airflow/.local/lib/python3.7/site-packages/airflow/example_dags/example_skip_dag.py
[2023-09-19T08:34:32.319+0000] {logging_mixin.py:120} INFO - [2023-09-19T08:34:32.319+0000] {dag.py:2585} INFO - Sync 1 DAGs
[2023-09-19T08:34:32.342+0000] {logging_mixin.py:120} INFO - [2023-09-19T08:34:32.342+0000] {dag.py:3340} INFO - Setting next_dagrun for example_skip_dag to 2023-09-18T08:34:32.342532+00:00, run_after=2023-09-19T08:34:32.342532+00:00
[2023-09-19T08:34:32.370+0000] {processor.py:176} INFO - Processing /home/airflow/.local/lib/python3.7/site-packages/airflow/example_dags/example_skip_dag.py took 0.109 seconds
[2023-09-19T08:35:02.832+0000] {processor.py:154} INFO - Started process (PID=247) to work on /home/airflow/.local/lib/python3.7/site-packages/airflow/example_dags/example_skip_dag.py
[2023-09-19T08:35:02.838+0000] {processor.py:756} INFO - Processing file /home/airflow/.local/lib/python3.7/site-packages/airflow/example_dags/example_skip_dag.py for tasks to queue
[2023-09-19T08:35:02.839+0000] {logging_mixin.py:120} INFO - [2023-09-19T08:35:02.839+0000] {dagbag.py:537} INFO - Filling up the DagBag from /home/airflow/.local/lib/python3.7/site-packages/airflow/example_dags/example_skip_dag.py
[2023-09-19T08:35:02.852+0000] {processor.py:766} INFO - DAG(s) dict_keys(['example_skip_dag']) retrieved from /home/airflow/.local/lib/python3.7/site-packages/airflow/example_dags/example_skip_dag.py
[2023-09-19T08:35:02.888+0000] {logging_mixin.py:120} INFO - [2023-09-19T08:35:02.887+0000] {dag.py:2585} INFO - Sync 1 DAGs
[2023-09-19T08:35:02.907+0000] {logging_mixin.py:120} INFO - [2023-09-19T08:35:02.907+0000] {dag.py:3340} INFO - Setting next_dagrun for example_skip_dag to 2023-09-18T08:35:02.907526+00:00, run_after=2023-09-19T08:35:02.907526+00:00
[2023-09-19T08:35:02.929+0000] {processor.py:176} INFO - Processing /home/airflow/.local/lib/python3.7/site-packages/airflow/example_dags/example_skip_dag.py took 0.101 seconds
[2023-09-19T08:35:33.535+0000] {processor.py:154} INFO - Started process (PID=310) to work on /home/airflow/.local/lib/python3.7/site-packages/airflow/example_dags/example_skip_dag.py
[2023-09-19T08:35:33.538+0000] {processor.py:756} INFO - Processing file /home/airflow/.local/lib/python3.7/site-packages/airflow/example_dags/example_skip_dag.py for tasks to queue
[2023-09-19T08:35:33.540+0000] {logging_mixin.py:120} INFO - [2023-09-19T08:35:33.539+0000] {dagbag.py:537} INFO - Filling up the DagBag from /home/airflow/.local/lib/python3.7/site-packages/airflow/example_dags/example_skip_dag.py
[2023-09-19T08:35:33.570+0000] {processor.py:766} INFO - DAG(s) dict_keys(['example_skip_dag']) retrieved from /home/airflow/.local/lib/python3.7/site-packages/airflow/example_dags/example_skip_dag.py
[2023-09-19T08:35:33.640+0000] {logging_mixin.py:120} INFO - [2023-09-19T08:35:33.640+0000] {dag.py:2585} INFO - Sync 1 DAGs
[2023-09-19T08:35:33.680+0000] {logging_mixin.py:120} INFO - [2023-09-19T08:35:33.680+0000] {dag.py:3340} INFO - Setting next_dagrun for example_skip_dag to 2023-09-18T08:35:33.679488+00:00, run_after=2023-09-19T08:35:33.679488+00:00
[2023-09-19T08:35:33.773+0000] {processor.py:176} INFO - Processing /home/airflow/.local/lib/python3.7/site-packages/airflow/example_dags/example_skip_dag.py took 0.248 seconds
