[2023-09-19T08:33:31.893+0000] {processor.py:154} INFO - Started process (PID=75) to work on /home/airflow/.local/lib/python3.7/site-packages/airflow/example_dags/example_nested_branch_dag.py
[2023-09-19T08:33:31.894+0000] {processor.py:756} INFO - Processing file /home/airflow/.local/lib/python3.7/site-packages/airflow/example_dags/example_nested_branch_dag.py for tasks to queue
[2023-09-19T08:33:31.895+0000] {logging_mixin.py:120} INFO - [2023-09-19T08:33:31.895+0000] {dagbag.py:537} INFO - Filling up the DagBag from /home/airflow/.local/lib/python3.7/site-packages/airflow/example_dags/example_nested_branch_dag.py
[2023-09-19T08:33:31.923+0000] {processor.py:766} INFO - DAG(s) dict_keys(['example_nested_branch_dag']) retrieved from /home/airflow/.local/lib/python3.7/site-packages/airflow/example_dags/example_nested_branch_dag.py
[2023-09-19T08:33:32.057+0000] {logging_mixin.py:120} INFO - [2023-09-19T08:33:32.057+0000] {manager.py:507} INFO - Created Permission View: can edit on DAG:example_nested_branch_dag
[2023-09-19T08:33:32.072+0000] {logging_mixin.py:120} INFO - [2023-09-19T08:33:32.071+0000] {manager.py:507} INFO - Created Permission View: can delete on DAG:example_nested_branch_dag
[2023-09-19T08:33:32.082+0000] {logging_mixin.py:120} INFO - [2023-09-19T08:33:32.082+0000] {manager.py:507} INFO - Created Permission View: can read on DAG:example_nested_branch_dag
[2023-09-19T08:33:32.083+0000] {logging_mixin.py:120} INFO - [2023-09-19T08:33:32.082+0000] {dag.py:2585} INFO - Sync 1 DAGs
[2023-09-19T08:33:32.096+0000] {logging_mixin.py:120} INFO - [2023-09-19T08:33:32.096+0000] {dag.py:2606} INFO - Creating ORM DAG for example_nested_branch_dag
[2023-09-19T08:33:32.110+0000] {logging_mixin.py:120} INFO - [2023-09-19T08:33:32.110+0000] {dag.py:3340} INFO - Setting next_dagrun for example_nested_branch_dag to 2023-09-18T00:00:00+00:00, run_after=2023-09-19T00:00:00+00:00
[2023-09-19T08:33:32.152+0000] {processor.py:176} INFO - Processing /home/airflow/.local/lib/python3.7/site-packages/airflow/example_dags/example_nested_branch_dag.py took 0.262 seconds
[2023-09-19T08:34:02.658+0000] {processor.py:154} INFO - Started process (PID=139) to work on /home/airflow/.local/lib/python3.7/site-packages/airflow/example_dags/example_nested_branch_dag.py
[2023-09-19T08:34:02.660+0000] {processor.py:756} INFO - Processing file /home/airflow/.local/lib/python3.7/site-packages/airflow/example_dags/example_nested_branch_dag.py for tasks to queue
[2023-09-19T08:34:02.661+0000] {logging_mixin.py:120} INFO - [2023-09-19T08:34:02.661+0000] {dagbag.py:537} INFO - Filling up the DagBag from /home/airflow/.local/lib/python3.7/site-packages/airflow/example_dags/example_nested_branch_dag.py
[2023-09-19T08:34:02.695+0000] {processor.py:766} INFO - DAG(s) dict_keys(['example_nested_branch_dag']) retrieved from /home/airflow/.local/lib/python3.7/site-packages/airflow/example_dags/example_nested_branch_dag.py
[2023-09-19T08:34:02.740+0000] {logging_mixin.py:120} INFO - [2023-09-19T08:34:02.740+0000] {dag.py:2585} INFO - Sync 1 DAGs
[2023-09-19T08:34:02.769+0000] {logging_mixin.py:120} INFO - [2023-09-19T08:34:02.768+0000] {dag.py:3340} INFO - Setting next_dagrun for example_nested_branch_dag to 2023-09-18T00:00:00+00:00, run_after=2023-09-19T00:00:00+00:00
[2023-09-19T08:34:02.802+0000] {processor.py:176} INFO - Processing /home/airflow/.local/lib/python3.7/site-packages/airflow/example_dags/example_nested_branch_dag.py took 0.147 seconds
[2023-09-19T08:34:33.118+0000] {processor.py:154} INFO - Started process (PID=194) to work on /home/airflow/.local/lib/python3.7/site-packages/airflow/example_dags/example_nested_branch_dag.py
[2023-09-19T08:34:33.119+0000] {processor.py:756} INFO - Processing file /home/airflow/.local/lib/python3.7/site-packages/airflow/example_dags/example_nested_branch_dag.py for tasks to queue
[2023-09-19T08:34:33.120+0000] {logging_mixin.py:120} INFO - [2023-09-19T08:34:33.120+0000] {dagbag.py:537} INFO - Filling up the DagBag from /home/airflow/.local/lib/python3.7/site-packages/airflow/example_dags/example_nested_branch_dag.py
[2023-09-19T08:34:33.142+0000] {processor.py:766} INFO - DAG(s) dict_keys(['example_nested_branch_dag']) retrieved from /home/airflow/.local/lib/python3.7/site-packages/airflow/example_dags/example_nested_branch_dag.py
[2023-09-19T08:34:33.185+0000] {logging_mixin.py:120} INFO - [2023-09-19T08:34:33.185+0000] {dag.py:2585} INFO - Sync 1 DAGs
[2023-09-19T08:34:33.210+0000] {logging_mixin.py:120} INFO - [2023-09-19T08:34:33.210+0000] {dag.py:3340} INFO - Setting next_dagrun for example_nested_branch_dag to 2023-09-18T00:00:00+00:00, run_after=2023-09-19T00:00:00+00:00
[2023-09-19T08:34:33.230+0000] {processor.py:176} INFO - Processing /home/airflow/.local/lib/python3.7/site-packages/airflow/example_dags/example_nested_branch_dag.py took 0.115 seconds
[2023-09-19T08:35:03.707+0000] {processor.py:154} INFO - Started process (PID=257) to work on /home/airflow/.local/lib/python3.7/site-packages/airflow/example_dags/example_nested_branch_dag.py
[2023-09-19T08:35:03.709+0000] {processor.py:756} INFO - Processing file /home/airflow/.local/lib/python3.7/site-packages/airflow/example_dags/example_nested_branch_dag.py for tasks to queue
[2023-09-19T08:35:03.709+0000] {logging_mixin.py:120} INFO - [2023-09-19T08:35:03.709+0000] {dagbag.py:537} INFO - Filling up the DagBag from /home/airflow/.local/lib/python3.7/site-packages/airflow/example_dags/example_nested_branch_dag.py
[2023-09-19T08:35:03.736+0000] {processor.py:766} INFO - DAG(s) dict_keys(['example_nested_branch_dag']) retrieved from /home/airflow/.local/lib/python3.7/site-packages/airflow/example_dags/example_nested_branch_dag.py
[2023-09-19T08:35:03.787+0000] {logging_mixin.py:120} INFO - [2023-09-19T08:35:03.787+0000] {dag.py:2585} INFO - Sync 1 DAGs
[2023-09-19T08:35:03.813+0000] {logging_mixin.py:120} INFO - [2023-09-19T08:35:03.813+0000] {dag.py:3340} INFO - Setting next_dagrun for example_nested_branch_dag to 2023-09-18T00:00:00+00:00, run_after=2023-09-19T00:00:00+00:00
[2023-09-19T08:35:03.841+0000] {processor.py:176} INFO - Processing /home/airflow/.local/lib/python3.7/site-packages/airflow/example_dags/example_nested_branch_dag.py took 0.137 seconds
[2023-09-19T08:35:35.203+0000] {processor.py:154} INFO - Started process (PID=320) to work on /home/airflow/.local/lib/python3.7/site-packages/airflow/example_dags/example_nested_branch_dag.py
[2023-09-19T08:35:35.205+0000] {processor.py:756} INFO - Processing file /home/airflow/.local/lib/python3.7/site-packages/airflow/example_dags/example_nested_branch_dag.py for tasks to queue
[2023-09-19T08:35:35.206+0000] {logging_mixin.py:120} INFO - [2023-09-19T08:35:35.206+0000] {dagbag.py:537} INFO - Filling up the DagBag from /home/airflow/.local/lib/python3.7/site-packages/airflow/example_dags/example_nested_branch_dag.py
[2023-09-19T08:35:35.250+0000] {processor.py:766} INFO - DAG(s) dict_keys(['example_nested_branch_dag']) retrieved from /home/airflow/.local/lib/python3.7/site-packages/airflow/example_dags/example_nested_branch_dag.py
[2023-09-19T08:35:35.316+0000] {logging_mixin.py:120} INFO - [2023-09-19T08:35:35.315+0000] {dag.py:2585} INFO - Sync 1 DAGs
[2023-09-19T08:35:35.346+0000] {logging_mixin.py:120} INFO - [2023-09-19T08:35:35.345+0000] {dag.py:3340} INFO - Setting next_dagrun for example_nested_branch_dag to 2023-09-18T00:00:00+00:00, run_after=2023-09-19T00:00:00+00:00
[2023-09-19T08:35:35.387+0000] {processor.py:176} INFO - Processing /home/airflow/.local/lib/python3.7/site-packages/airflow/example_dags/example_nested_branch_dag.py took 0.188 seconds
