[2023-09-19T08:33:32.089+0000] {processor.py:154} INFO - Started process (PID=76) to work on /home/airflow/.local/lib/python3.7/site-packages/airflow/example_dags/example_time_delta_sensor_async.py
[2023-09-19T08:33:32.090+0000] {processor.py:756} INFO - Processing file /home/airflow/.local/lib/python3.7/site-packages/airflow/example_dags/example_time_delta_sensor_async.py for tasks to queue
[2023-09-19T08:33:32.092+0000] {logging_mixin.py:120} INFO - [2023-09-19T08:33:32.092+0000] {dagbag.py:537} INFO - Filling up the DagBag from /home/airflow/.local/lib/python3.7/site-packages/airflow/example_dags/example_time_delta_sensor_async.py
[2023-09-19T08:33:32.108+0000] {processor.py:766} INFO - DAG(s) dict_keys(['example_time_delta_sensor_async']) retrieved from /home/airflow/.local/lib/python3.7/site-packages/airflow/example_dags/example_time_delta_sensor_async.py
[2023-09-19T08:33:32.523+0000] {logging_mixin.py:120} INFO - [2023-09-19T08:33:32.523+0000] {manager.py:507} INFO - Created Permission View: can edit on DAG:example_time_delta_sensor_async
[2023-09-19T08:33:32.539+0000] {logging_mixin.py:120} INFO - [2023-09-19T08:33:32.538+0000] {manager.py:507} INFO - Created Permission View: can delete on DAG:example_time_delta_sensor_async
[2023-09-19T08:33:32.552+0000] {logging_mixin.py:120} INFO - [2023-09-19T08:33:32.552+0000] {manager.py:507} INFO - Created Permission View: can read on DAG:example_time_delta_sensor_async
[2023-09-19T08:33:32.553+0000] {logging_mixin.py:120} INFO - [2023-09-19T08:33:32.553+0000] {dag.py:2585} INFO - Sync 1 DAGs
[2023-09-19T08:33:32.577+0000] {logging_mixin.py:120} INFO - [2023-09-19T08:33:32.576+0000] {dag.py:2606} INFO - Creating ORM DAG for example_time_delta_sensor_async
[2023-09-19T08:33:32.608+0000] {logging_mixin.py:120} INFO - [2023-09-19T08:33:32.607+0000] {dag.py:3340} INFO - Setting next_dagrun for example_time_delta_sensor_async to None, run_after=None
[2023-09-19T08:33:32.661+0000] {processor.py:176} INFO - Processing /home/airflow/.local/lib/python3.7/site-packages/airflow/example_dags/example_time_delta_sensor_async.py took 0.575 seconds
[2023-09-19T08:34:02.809+0000] {processor.py:154} INFO - Started process (PID=140) to work on /home/airflow/.local/lib/python3.7/site-packages/airflow/example_dags/example_time_delta_sensor_async.py
[2023-09-19T08:34:02.811+0000] {processor.py:756} INFO - Processing file /home/airflow/.local/lib/python3.7/site-packages/airflow/example_dags/example_time_delta_sensor_async.py for tasks to queue
[2023-09-19T08:34:02.812+0000] {logging_mixin.py:120} INFO - [2023-09-19T08:34:02.812+0000] {dagbag.py:537} INFO - Filling up the DagBag from /home/airflow/.local/lib/python3.7/site-packages/airflow/example_dags/example_time_delta_sensor_async.py
[2023-09-19T08:34:02.832+0000] {processor.py:766} INFO - DAG(s) dict_keys(['example_time_delta_sensor_async']) retrieved from /home/airflow/.local/lib/python3.7/site-packages/airflow/example_dags/example_time_delta_sensor_async.py
[2023-09-19T08:34:03.021+0000] {logging_mixin.py:120} INFO - [2023-09-19T08:34:03.021+0000] {dag.py:2585} INFO - Sync 1 DAGs
[2023-09-19T08:34:03.046+0000] {logging_mixin.py:120} INFO - [2023-09-19T08:34:03.046+0000] {dag.py:3340} INFO - Setting next_dagrun for example_time_delta_sensor_async to None, run_after=None
[2023-09-19T08:34:03.066+0000] {processor.py:176} INFO - Processing /home/airflow/.local/lib/python3.7/site-packages/airflow/example_dags/example_time_delta_sensor_async.py took 0.261 seconds
[2023-09-19T08:34:33.118+0000] {processor.py:154} INFO - Started process (PID=195) to work on /home/airflow/.local/lib/python3.7/site-packages/airflow/example_dags/example_time_delta_sensor_async.py
[2023-09-19T08:34:33.119+0000] {processor.py:756} INFO - Processing file /home/airflow/.local/lib/python3.7/site-packages/airflow/example_dags/example_time_delta_sensor_async.py for tasks to queue
[2023-09-19T08:34:33.120+0000] {logging_mixin.py:120} INFO - [2023-09-19T08:34:33.120+0000] {dagbag.py:537} INFO - Filling up the DagBag from /home/airflow/.local/lib/python3.7/site-packages/airflow/example_dags/example_time_delta_sensor_async.py
[2023-09-19T08:34:33.132+0000] {processor.py:766} INFO - DAG(s) dict_keys(['example_time_delta_sensor_async']) retrieved from /home/airflow/.local/lib/python3.7/site-packages/airflow/example_dags/example_time_delta_sensor_async.py
[2023-09-19T08:34:33.333+0000] {logging_mixin.py:120} INFO - [2023-09-19T08:34:33.333+0000] {dag.py:2585} INFO - Sync 1 DAGs
[2023-09-19T08:34:33.372+0000] {logging_mixin.py:120} INFO - [2023-09-19T08:34:33.372+0000] {dag.py:3340} INFO - Setting next_dagrun for example_time_delta_sensor_async to None, run_after=None
[2023-09-19T08:34:33.411+0000] {processor.py:176} INFO - Processing /home/airflow/.local/lib/python3.7/site-packages/airflow/example_dags/example_time_delta_sensor_async.py took 0.297 seconds
[2023-09-19T08:35:03.707+0000] {processor.py:154} INFO - Started process (PID=258) to work on /home/airflow/.local/lib/python3.7/site-packages/airflow/example_dags/example_time_delta_sensor_async.py
[2023-09-19T08:35:03.709+0000] {processor.py:756} INFO - Processing file /home/airflow/.local/lib/python3.7/site-packages/airflow/example_dags/example_time_delta_sensor_async.py for tasks to queue
[2023-09-19T08:35:03.709+0000] {logging_mixin.py:120} INFO - [2023-09-19T08:35:03.709+0000] {dagbag.py:537} INFO - Filling up the DagBag from /home/airflow/.local/lib/python3.7/site-packages/airflow/example_dags/example_time_delta_sensor_async.py
[2023-09-19T08:35:03.721+0000] {processor.py:766} INFO - DAG(s) dict_keys(['example_time_delta_sensor_async']) retrieved from /home/airflow/.local/lib/python3.7/site-packages/airflow/example_dags/example_time_delta_sensor_async.py
[2023-09-19T08:35:03.905+0000] {logging_mixin.py:120} INFO - [2023-09-19T08:35:03.905+0000] {dag.py:2585} INFO - Sync 1 DAGs
[2023-09-19T08:35:03.930+0000] {logging_mixin.py:120} INFO - [2023-09-19T08:35:03.930+0000] {dag.py:3340} INFO - Setting next_dagrun for example_time_delta_sensor_async to None, run_after=None
[2023-09-19T08:35:03.960+0000] {processor.py:176} INFO - Processing /home/airflow/.local/lib/python3.7/site-packages/airflow/example_dags/example_time_delta_sensor_async.py took 0.256 seconds
[2023-09-19T08:35:35.259+0000] {processor.py:154} INFO - Started process (PID=321) to work on /home/airflow/.local/lib/python3.7/site-packages/airflow/example_dags/example_time_delta_sensor_async.py
[2023-09-19T08:35:35.261+0000] {processor.py:756} INFO - Processing file /home/airflow/.local/lib/python3.7/site-packages/airflow/example_dags/example_time_delta_sensor_async.py for tasks to queue
[2023-09-19T08:35:35.263+0000] {logging_mixin.py:120} INFO - [2023-09-19T08:35:35.263+0000] {dagbag.py:537} INFO - Filling up the DagBag from /home/airflow/.local/lib/python3.7/site-packages/airflow/example_dags/example_time_delta_sensor_async.py
[2023-09-19T08:35:35.285+0000] {processor.py:766} INFO - DAG(s) dict_keys(['example_time_delta_sensor_async']) retrieved from /home/airflow/.local/lib/python3.7/site-packages/airflow/example_dags/example_time_delta_sensor_async.py
[2023-09-19T08:35:35.520+0000] {logging_mixin.py:120} INFO - [2023-09-19T08:35:35.519+0000] {dag.py:2585} INFO - Sync 1 DAGs
[2023-09-19T08:35:35.570+0000] {logging_mixin.py:120} INFO - [2023-09-19T08:35:35.570+0000] {dag.py:3340} INFO - Setting next_dagrun for example_time_delta_sensor_async to None, run_after=None
[2023-09-19T08:35:35.600+0000] {processor.py:176} INFO - Processing /home/airflow/.local/lib/python3.7/site-packages/airflow/example_dags/example_time_delta_sensor_async.py took 0.346 seconds
