[2023-09-19T08:33:30.633+0000] {processor.py:154} INFO - Started process (PID=66) to work on /home/airflow/.local/lib/python3.7/site-packages/airflow/example_dags/tutorial.py
[2023-09-19T08:33:30.635+0000] {processor.py:756} INFO - Processing file /home/airflow/.local/lib/python3.7/site-packages/airflow/example_dags/tutorial.py for tasks to queue
[2023-09-19T08:33:30.637+0000] {logging_mixin.py:120} INFO - [2023-09-19T08:33:30.636+0000] {dagbag.py:537} INFO - Filling up the DagBag from /home/airflow/.local/lib/python3.7/site-packages/airflow/example_dags/tutorial.py
[2023-09-19T08:33:30.656+0000] {processor.py:766} INFO - DAG(s) dict_keys(['tutorial']) retrieved from /home/airflow/.local/lib/python3.7/site-packages/airflow/example_dags/tutorial.py
[2023-09-19T08:33:30.817+0000] {logging_mixin.py:120} INFO - [2023-09-19T08:33:30.817+0000] {manager.py:507} INFO - Created Permission View: can edit on DAG:tutorial
[2023-09-19T08:33:30.829+0000] {logging_mixin.py:120} INFO - [2023-09-19T08:33:30.829+0000] {manager.py:507} INFO - Created Permission View: can delete on DAG:tutorial
[2023-09-19T08:33:30.839+0000] {logging_mixin.py:120} INFO - [2023-09-19T08:33:30.839+0000] {manager.py:507} INFO - Created Permission View: can read on DAG:tutorial
[2023-09-19T08:33:30.840+0000] {logging_mixin.py:120} INFO - [2023-09-19T08:33:30.840+0000] {dag.py:2585} INFO - Sync 1 DAGs
[2023-09-19T08:33:30.856+0000] {logging_mixin.py:120} INFO - [2023-09-19T08:33:30.856+0000] {dag.py:2606} INFO - Creating ORM DAG for tutorial
[2023-09-19T08:33:30.871+0000] {logging_mixin.py:120} INFO - [2023-09-19T08:33:30.871+0000] {dag.py:3340} INFO - Setting next_dagrun for tutorial to 2023-09-18T08:33:30.871203+00:00, run_after=2023-09-19T08:33:30.871203+00:00
[2023-09-19T08:33:30.905+0000] {processor.py:176} INFO - Processing /home/airflow/.local/lib/python3.7/site-packages/airflow/example_dags/tutorial.py took 0.277 seconds
[2023-09-19T08:34:01.623+0000] {processor.py:154} INFO - Started process (PID=130) to work on /home/airflow/.local/lib/python3.7/site-packages/airflow/example_dags/tutorial.py
[2023-09-19T08:34:01.625+0000] {processor.py:756} INFO - Processing file /home/airflow/.local/lib/python3.7/site-packages/airflow/example_dags/tutorial.py for tasks to queue
[2023-09-19T08:34:01.627+0000] {logging_mixin.py:120} INFO - [2023-09-19T08:34:01.627+0000] {dagbag.py:537} INFO - Filling up the DagBag from /home/airflow/.local/lib/python3.7/site-packages/airflow/example_dags/tutorial.py
[2023-09-19T08:34:01.653+0000] {processor.py:766} INFO - DAG(s) dict_keys(['tutorial']) retrieved from /home/airflow/.local/lib/python3.7/site-packages/airflow/example_dags/tutorial.py
[2023-09-19T08:34:01.718+0000] {logging_mixin.py:120} INFO - [2023-09-19T08:34:01.718+0000] {dag.py:2585} INFO - Sync 1 DAGs
[2023-09-19T08:34:01.774+0000] {logging_mixin.py:120} INFO - [2023-09-19T08:34:01.774+0000] {dag.py:3340} INFO - Setting next_dagrun for tutorial to 2023-09-18T08:34:01.773597+00:00, run_after=2023-09-19T08:34:01.773597+00:00
[2023-09-19T08:34:01.868+0000] {processor.py:176} INFO - Processing /home/airflow/.local/lib/python3.7/site-packages/airflow/example_dags/tutorial.py took 0.249 seconds
[2023-09-19T08:34:32.397+0000] {processor.py:154} INFO - Started process (PID=185) to work on /home/airflow/.local/lib/python3.7/site-packages/airflow/example_dags/tutorial.py
[2023-09-19T08:34:32.398+0000] {processor.py:756} INFO - Processing file /home/airflow/.local/lib/python3.7/site-packages/airflow/example_dags/tutorial.py for tasks to queue
[2023-09-19T08:34:32.400+0000] {logging_mixin.py:120} INFO - [2023-09-19T08:34:32.399+0000] {dagbag.py:537} INFO - Filling up the DagBag from /home/airflow/.local/lib/python3.7/site-packages/airflow/example_dags/tutorial.py
[2023-09-19T08:34:32.415+0000] {processor.py:766} INFO - DAG(s) dict_keys(['tutorial']) retrieved from /home/airflow/.local/lib/python3.7/site-packages/airflow/example_dags/tutorial.py
[2023-09-19T08:34:32.458+0000] {logging_mixin.py:120} INFO - [2023-09-19T08:34:32.458+0000] {dag.py:2585} INFO - Sync 1 DAGs
[2023-09-19T08:34:32.484+0000] {logging_mixin.py:120} INFO - [2023-09-19T08:34:32.484+0000] {dag.py:3340} INFO - Setting next_dagrun for tutorial to 2023-09-18T08:34:32.484100+00:00, run_after=2023-09-19T08:34:32.484100+00:00
[2023-09-19T08:34:32.503+0000] {processor.py:176} INFO - Processing /home/airflow/.local/lib/python3.7/site-packages/airflow/example_dags/tutorial.py took 0.109 seconds
[2023-09-19T08:35:02.953+0000] {processor.py:154} INFO - Started process (PID=248) to work on /home/airflow/.local/lib/python3.7/site-packages/airflow/example_dags/tutorial.py
[2023-09-19T08:35:02.954+0000] {processor.py:756} INFO - Processing file /home/airflow/.local/lib/python3.7/site-packages/airflow/example_dags/tutorial.py for tasks to queue
[2023-09-19T08:35:02.955+0000] {logging_mixin.py:120} INFO - [2023-09-19T08:35:02.955+0000] {dagbag.py:537} INFO - Filling up the DagBag from /home/airflow/.local/lib/python3.7/site-packages/airflow/example_dags/tutorial.py
[2023-09-19T08:35:02.969+0000] {processor.py:766} INFO - DAG(s) dict_keys(['tutorial']) retrieved from /home/airflow/.local/lib/python3.7/site-packages/airflow/example_dags/tutorial.py
[2023-09-19T08:35:03.010+0000] {logging_mixin.py:120} INFO - [2023-09-19T08:35:03.010+0000] {dag.py:2585} INFO - Sync 1 DAGs
[2023-09-19T08:35:03.032+0000] {logging_mixin.py:120} INFO - [2023-09-19T08:35:03.032+0000] {dag.py:3340} INFO - Setting next_dagrun for tutorial to 2023-09-18T08:35:03.032136+00:00, run_after=2023-09-19T08:35:03.032136+00:00
[2023-09-19T08:35:03.052+0000] {processor.py:176} INFO - Processing /home/airflow/.local/lib/python3.7/site-packages/airflow/example_dags/tutorial.py took 0.101 seconds
[2023-09-19T08:35:33.820+0000] {processor.py:154} INFO - Started process (PID=311) to work on /home/airflow/.local/lib/python3.7/site-packages/airflow/example_dags/tutorial.py
[2023-09-19T08:35:33.822+0000] {processor.py:756} INFO - Processing file /home/airflow/.local/lib/python3.7/site-packages/airflow/example_dags/tutorial.py for tasks to queue
[2023-09-19T08:35:33.823+0000] {logging_mixin.py:120} INFO - [2023-09-19T08:35:33.823+0000] {dagbag.py:537} INFO - Filling up the DagBag from /home/airflow/.local/lib/python3.7/site-packages/airflow/example_dags/tutorial.py
[2023-09-19T08:35:33.843+0000] {processor.py:766} INFO - DAG(s) dict_keys(['tutorial']) retrieved from /home/airflow/.local/lib/python3.7/site-packages/airflow/example_dags/tutorial.py
[2023-09-19T08:35:33.902+0000] {logging_mixin.py:120} INFO - [2023-09-19T08:35:33.902+0000] {dag.py:2585} INFO - Sync 1 DAGs
[2023-09-19T08:35:33.942+0000] {logging_mixin.py:120} INFO - [2023-09-19T08:35:33.941+0000] {dag.py:3340} INFO - Setting next_dagrun for tutorial to 2023-09-18T08:35:33.941409+00:00, run_after=2023-09-19T08:35:33.941409+00:00
[2023-09-19T08:35:34.019+0000] {processor.py:176} INFO - Processing /home/airflow/.local/lib/python3.7/site-packages/airflow/example_dags/tutorial.py took 0.203 seconds
