[2023-09-19T08:33:31.272+0000] {processor.py:154} INFO - Started process (PID=70) to work on /home/airflow/.local/lib/python3.7/site-packages/airflow/example_dags/tutorial_taskflow_api.py
[2023-09-19T08:33:31.274+0000] {processor.py:756} INFO - Processing file /home/airflow/.local/lib/python3.7/site-packages/airflow/example_dags/tutorial_taskflow_api.py for tasks to queue
[2023-09-19T08:33:31.275+0000] {logging_mixin.py:120} INFO - [2023-09-19T08:33:31.275+0000] {dagbag.py:537} INFO - Filling up the DagBag from /home/airflow/.local/lib/python3.7/site-packages/airflow/example_dags/tutorial_taskflow_api.py
[2023-09-19T08:33:31.304+0000] {processor.py:766} INFO - DAG(s) dict_keys(['tutorial_taskflow_api']) retrieved from /home/airflow/.local/lib/python3.7/site-packages/airflow/example_dags/tutorial_taskflow_api.py
[2023-09-19T08:33:31.445+0000] {logging_mixin.py:120} INFO - [2023-09-19T08:33:31.445+0000] {manager.py:507} INFO - Created Permission View: can edit on DAG:tutorial_taskflow_api
[2023-09-19T08:33:31.463+0000] {logging_mixin.py:120} INFO - [2023-09-19T08:33:31.463+0000] {manager.py:507} INFO - Created Permission View: can delete on DAG:tutorial_taskflow_api
[2023-09-19T08:33:31.475+0000] {logging_mixin.py:120} INFO - [2023-09-19T08:33:31.475+0000] {manager.py:507} INFO - Created Permission View: can read on DAG:tutorial_taskflow_api
[2023-09-19T08:33:31.476+0000] {logging_mixin.py:120} INFO - [2023-09-19T08:33:31.476+0000] {dag.py:2585} INFO - Sync 1 DAGs
[2023-09-19T08:33:31.490+0000] {logging_mixin.py:120} INFO - [2023-09-19T08:33:31.490+0000] {dag.py:2606} INFO - Creating ORM DAG for tutorial_taskflow_api
[2023-09-19T08:33:31.504+0000] {logging_mixin.py:120} INFO - [2023-09-19T08:33:31.504+0000] {dag.py:3340} INFO - Setting next_dagrun for tutorial_taskflow_api to None, run_after=None
[2023-09-19T08:33:31.530+0000] {processor.py:176} INFO - Processing /home/airflow/.local/lib/python3.7/site-packages/airflow/example_dags/tutorial_taskflow_api.py took 0.262 seconds
[2023-09-19T08:34:02.227+0000] {processor.py:154} INFO - Started process (PID=134) to work on /home/airflow/.local/lib/python3.7/site-packages/airflow/example_dags/tutorial_taskflow_api.py
[2023-09-19T08:34:02.229+0000] {processor.py:756} INFO - Processing file /home/airflow/.local/lib/python3.7/site-packages/airflow/example_dags/tutorial_taskflow_api.py for tasks to queue
[2023-09-19T08:34:02.232+0000] {logging_mixin.py:120} INFO - [2023-09-19T08:34:02.231+0000] {dagbag.py:537} INFO - Filling up the DagBag from /home/airflow/.local/lib/python3.7/site-packages/airflow/example_dags/tutorial_taskflow_api.py
[2023-09-19T08:34:02.261+0000] {processor.py:766} INFO - DAG(s) dict_keys(['tutorial_taskflow_api']) retrieved from /home/airflow/.local/lib/python3.7/site-packages/airflow/example_dags/tutorial_taskflow_api.py
[2023-09-19T08:34:02.324+0000] {logging_mixin.py:120} INFO - [2023-09-19T08:34:02.324+0000] {dag.py:2585} INFO - Sync 1 DAGs
[2023-09-19T08:34:02.357+0000] {logging_mixin.py:120} INFO - [2023-09-19T08:34:02.357+0000] {dag.py:3340} INFO - Setting next_dagrun for tutorial_taskflow_api to None, run_after=None
[2023-09-19T08:34:02.387+0000] {processor.py:176} INFO - Processing /home/airflow/.local/lib/python3.7/site-packages/airflow/example_dags/tutorial_taskflow_api.py took 0.166 seconds
[2023-09-19T08:34:32.681+0000] {processor.py:154} INFO - Started process (PID=189) to work on /home/airflow/.local/lib/python3.7/site-packages/airflow/example_dags/tutorial_taskflow_api.py
[2023-09-19T08:34:32.682+0000] {processor.py:756} INFO - Processing file /home/airflow/.local/lib/python3.7/site-packages/airflow/example_dags/tutorial_taskflow_api.py for tasks to queue
[2023-09-19T08:34:32.684+0000] {logging_mixin.py:120} INFO - [2023-09-19T08:34:32.683+0000] {dagbag.py:537} INFO - Filling up the DagBag from /home/airflow/.local/lib/python3.7/site-packages/airflow/example_dags/tutorial_taskflow_api.py
[2023-09-19T08:34:32.705+0000] {processor.py:766} INFO - DAG(s) dict_keys(['tutorial_taskflow_api']) retrieved from /home/airflow/.local/lib/python3.7/site-packages/airflow/example_dags/tutorial_taskflow_api.py
[2023-09-19T08:34:32.745+0000] {logging_mixin.py:120} INFO - [2023-09-19T08:34:32.745+0000] {dag.py:2585} INFO - Sync 1 DAGs
[2023-09-19T08:34:32.768+0000] {logging_mixin.py:120} INFO - [2023-09-19T08:34:32.768+0000] {dag.py:3340} INFO - Setting next_dagrun for tutorial_taskflow_api to None, run_after=None
[2023-09-19T08:34:32.794+0000] {processor.py:176} INFO - Processing /home/airflow/.local/lib/python3.7/site-packages/airflow/example_dags/tutorial_taskflow_api.py took 0.117 seconds
[2023-09-19T08:35:03.205+0000] {processor.py:154} INFO - Started process (PID=252) to work on /home/airflow/.local/lib/python3.7/site-packages/airflow/example_dags/tutorial_taskflow_api.py
[2023-09-19T08:35:03.206+0000] {processor.py:756} INFO - Processing file /home/airflow/.local/lib/python3.7/site-packages/airflow/example_dags/tutorial_taskflow_api.py for tasks to queue
[2023-09-19T08:35:03.207+0000] {logging_mixin.py:120} INFO - [2023-09-19T08:35:03.207+0000] {dagbag.py:537} INFO - Filling up the DagBag from /home/airflow/.local/lib/python3.7/site-packages/airflow/example_dags/tutorial_taskflow_api.py
[2023-09-19T08:35:03.229+0000] {processor.py:766} INFO - DAG(s) dict_keys(['tutorial_taskflow_api']) retrieved from /home/airflow/.local/lib/python3.7/site-packages/airflow/example_dags/tutorial_taskflow_api.py
[2023-09-19T08:35:03.273+0000] {logging_mixin.py:120} INFO - [2023-09-19T08:35:03.273+0000] {dag.py:2585} INFO - Sync 1 DAGs
[2023-09-19T08:35:03.307+0000] {logging_mixin.py:120} INFO - [2023-09-19T08:35:03.306+0000] {dag.py:3340} INFO - Setting next_dagrun for tutorial_taskflow_api to None, run_after=None
[2023-09-19T08:35:03.341+0000] {processor.py:176} INFO - Processing /home/airflow/.local/lib/python3.7/site-packages/airflow/example_dags/tutorial_taskflow_api.py took 0.140 seconds
[2023-09-19T08:35:34.506+0000] {processor.py:154} INFO - Started process (PID=315) to work on /home/airflow/.local/lib/python3.7/site-packages/airflow/example_dags/tutorial_taskflow_api.py
[2023-09-19T08:35:34.510+0000] {processor.py:756} INFO - Processing file /home/airflow/.local/lib/python3.7/site-packages/airflow/example_dags/tutorial_taskflow_api.py for tasks to queue
[2023-09-19T08:35:34.513+0000] {logging_mixin.py:120} INFO - [2023-09-19T08:35:34.512+0000] {dagbag.py:537} INFO - Filling up the DagBag from /home/airflow/.local/lib/python3.7/site-packages/airflow/example_dags/tutorial_taskflow_api.py
[2023-09-19T08:35:34.587+0000] {processor.py:766} INFO - DAG(s) dict_keys(['tutorial_taskflow_api']) retrieved from /home/airflow/.local/lib/python3.7/site-packages/airflow/example_dags/tutorial_taskflow_api.py
[2023-09-19T08:35:34.683+0000] {logging_mixin.py:120} INFO - [2023-09-19T08:35:34.683+0000] {dag.py:2585} INFO - Sync 1 DAGs
[2023-09-19T08:35:34.749+0000] {logging_mixin.py:120} INFO - [2023-09-19T08:35:34.749+0000] {dag.py:3340} INFO - Setting next_dagrun for tutorial_taskflow_api to None, run_after=None
[2023-09-19T08:35:34.794+0000] {processor.py:176} INFO - Processing /home/airflow/.local/lib/python3.7/site-packages/airflow/example_dags/tutorial_taskflow_api.py took 0.297 seconds
