[2023-09-19T08:33:30.761+0000] {processor.py:154} INFO - Started process (PID=67) to work on /home/airflow/.local/lib/python3.7/site-packages/airflow/example_dags/tutorial_dag.py
[2023-09-19T08:33:30.763+0000] {processor.py:756} INFO - Processing file /home/airflow/.local/lib/python3.7/site-packages/airflow/example_dags/tutorial_dag.py for tasks to queue
[2023-09-19T08:33:30.765+0000] {logging_mixin.py:120} INFO - [2023-09-19T08:33:30.765+0000] {dagbag.py:537} INFO - Filling up the DagBag from /home/airflow/.local/lib/python3.7/site-packages/airflow/example_dags/tutorial_dag.py
[2023-09-19T08:33:30.783+0000] {processor.py:766} INFO - DAG(s) dict_keys(['tutorial_dag']) retrieved from /home/airflow/.local/lib/python3.7/site-packages/airflow/example_dags/tutorial_dag.py
[2023-09-19T08:33:30.931+0000] {logging_mixin.py:120} INFO - [2023-09-19T08:33:30.930+0000] {manager.py:507} INFO - Created Permission View: can edit on DAG:tutorial_dag
[2023-09-19T08:33:30.943+0000] {logging_mixin.py:120} INFO - [2023-09-19T08:33:30.943+0000] {manager.py:507} INFO - Created Permission View: can delete on DAG:tutorial_dag
[2023-09-19T08:33:30.956+0000] {logging_mixin.py:120} INFO - [2023-09-19T08:33:30.956+0000] {manager.py:507} INFO - Created Permission View: can read on DAG:tutorial_dag
[2023-09-19T08:33:30.957+0000] {logging_mixin.py:120} INFO - [2023-09-19T08:33:30.957+0000] {dag.py:2585} INFO - Sync 1 DAGs
[2023-09-19T08:33:30.971+0000] {logging_mixin.py:120} INFO - [2023-09-19T08:33:30.971+0000] {dag.py:2606} INFO - Creating ORM DAG for tutorial_dag
[2023-09-19T08:33:30.983+0000] {logging_mixin.py:120} INFO - [2023-09-19T08:33:30.983+0000] {dag.py:3340} INFO - Setting next_dagrun for tutorial_dag to None, run_after=None
[2023-09-19T08:33:31.009+0000] {processor.py:176} INFO - Processing /home/airflow/.local/lib/python3.7/site-packages/airflow/example_dags/tutorial_dag.py took 0.253 seconds
[2023-09-19T08:34:01.719+0000] {processor.py:154} INFO - Started process (PID=131) to work on /home/airflow/.local/lib/python3.7/site-packages/airflow/example_dags/tutorial_dag.py
[2023-09-19T08:34:01.720+0000] {processor.py:756} INFO - Processing file /home/airflow/.local/lib/python3.7/site-packages/airflow/example_dags/tutorial_dag.py for tasks to queue
[2023-09-19T08:34:01.722+0000] {logging_mixin.py:120} INFO - [2023-09-19T08:34:01.722+0000] {dagbag.py:537} INFO - Filling up the DagBag from /home/airflow/.local/lib/python3.7/site-packages/airflow/example_dags/tutorial_dag.py
[2023-09-19T08:34:01.749+0000] {processor.py:766} INFO - DAG(s) dict_keys(['tutorial_dag']) retrieved from /home/airflow/.local/lib/python3.7/site-packages/airflow/example_dags/tutorial_dag.py
[2023-09-19T08:34:01.874+0000] {logging_mixin.py:120} INFO - [2023-09-19T08:34:01.874+0000] {dag.py:2585} INFO - Sync 1 DAGs
[2023-09-19T08:34:01.946+0000] {logging_mixin.py:120} INFO - [2023-09-19T08:34:01.945+0000] {dag.py:3340} INFO - Setting next_dagrun for tutorial_dag to None, run_after=None
[2023-09-19T08:34:01.992+0000] {processor.py:176} INFO - Processing /home/airflow/.local/lib/python3.7/site-packages/airflow/example_dags/tutorial_dag.py took 0.278 seconds
[2023-09-19T08:34:32.430+0000] {processor.py:154} INFO - Started process (PID=186) to work on /home/airflow/.local/lib/python3.7/site-packages/airflow/example_dags/tutorial_dag.py
[2023-09-19T08:34:32.432+0000] {processor.py:756} INFO - Processing file /home/airflow/.local/lib/python3.7/site-packages/airflow/example_dags/tutorial_dag.py for tasks to queue
[2023-09-19T08:34:32.433+0000] {logging_mixin.py:120} INFO - [2023-09-19T08:34:32.433+0000] {dagbag.py:537} INFO - Filling up the DagBag from /home/airflow/.local/lib/python3.7/site-packages/airflow/example_dags/tutorial_dag.py
[2023-09-19T08:34:32.446+0000] {processor.py:766} INFO - DAG(s) dict_keys(['tutorial_dag']) retrieved from /home/airflow/.local/lib/python3.7/site-packages/airflow/example_dags/tutorial_dag.py
[2023-09-19T08:34:32.487+0000] {logging_mixin.py:120} INFO - [2023-09-19T08:34:32.487+0000] {dag.py:2585} INFO - Sync 1 DAGs
[2023-09-19T08:34:32.511+0000] {logging_mixin.py:120} INFO - [2023-09-19T08:34:32.511+0000] {dag.py:3340} INFO - Setting next_dagrun for tutorial_dag to None, run_after=None
[2023-09-19T08:34:32.535+0000] {processor.py:176} INFO - Processing /home/airflow/.local/lib/python3.7/site-packages/airflow/example_dags/tutorial_dag.py took 0.108 seconds
[2023-09-19T08:35:02.990+0000] {processor.py:154} INFO - Started process (PID=249) to work on /home/airflow/.local/lib/python3.7/site-packages/airflow/example_dags/tutorial_dag.py
[2023-09-19T08:35:02.991+0000] {processor.py:756} INFO - Processing file /home/airflow/.local/lib/python3.7/site-packages/airflow/example_dags/tutorial_dag.py for tasks to queue
[2023-09-19T08:35:02.992+0000] {logging_mixin.py:120} INFO - [2023-09-19T08:35:02.992+0000] {dagbag.py:537} INFO - Filling up the DagBag from /home/airflow/.local/lib/python3.7/site-packages/airflow/example_dags/tutorial_dag.py
[2023-09-19T08:35:03.004+0000] {processor.py:766} INFO - DAG(s) dict_keys(['tutorial_dag']) retrieved from /home/airflow/.local/lib/python3.7/site-packages/airflow/example_dags/tutorial_dag.py
[2023-09-19T08:35:03.041+0000] {logging_mixin.py:120} INFO - [2023-09-19T08:35:03.041+0000] {dag.py:2585} INFO - Sync 1 DAGs
[2023-09-19T08:35:03.064+0000] {logging_mixin.py:120} INFO - [2023-09-19T08:35:03.064+0000] {dag.py:3340} INFO - Setting next_dagrun for tutorial_dag to None, run_after=None
[2023-09-19T08:35:03.086+0000] {processor.py:176} INFO - Processing /home/airflow/.local/lib/python3.7/site-packages/airflow/example_dags/tutorial_dag.py took 0.099 seconds
[2023-09-19T08:35:34.155+0000] {processor.py:154} INFO - Started process (PID=312) to work on /home/airflow/.local/lib/python3.7/site-packages/airflow/example_dags/tutorial_dag.py
[2023-09-19T08:35:34.159+0000] {processor.py:756} INFO - Processing file /home/airflow/.local/lib/python3.7/site-packages/airflow/example_dags/tutorial_dag.py for tasks to queue
[2023-09-19T08:35:34.166+0000] {logging_mixin.py:120} INFO - [2023-09-19T08:35:34.164+0000] {dagbag.py:537} INFO - Filling up the DagBag from /home/airflow/.local/lib/python3.7/site-packages/airflow/example_dags/tutorial_dag.py
[2023-09-19T08:35:34.212+0000] {processor.py:766} INFO - DAG(s) dict_keys(['tutorial_dag']) retrieved from /home/airflow/.local/lib/python3.7/site-packages/airflow/example_dags/tutorial_dag.py
[2023-09-19T08:35:34.318+0000] {logging_mixin.py:120} INFO - [2023-09-19T08:35:34.317+0000] {dag.py:2585} INFO - Sync 1 DAGs
[2023-09-19T08:35:34.362+0000] {logging_mixin.py:120} INFO - [2023-09-19T08:35:34.362+0000] {dag.py:3340} INFO - Setting next_dagrun for tutorial_dag to None, run_after=None
[2023-09-19T08:35:34.413+0000] {processor.py:176} INFO - Processing /home/airflow/.local/lib/python3.7/site-packages/airflow/example_dags/tutorial_dag.py took 0.271 seconds
