[2023-10-03T11:33:10.034+0000] {taskinstance.py:1157} INFO - Dependencies all met for dep_context=non-requeueable deps ti=<TaskInstance: extract_data.transfer_database scheduled__2023-10-02T00:00:00+00:00 [queued]>
[2023-10-03T11:33:10.050+0000] {taskinstance.py:1157} INFO - Dependencies all met for dep_context=requeueable deps ti=<TaskInstance: extract_data.transfer_database scheduled__2023-10-02T00:00:00+00:00 [queued]>
[2023-10-03T11:33:10.051+0000] {taskinstance.py:1359} INFO - Starting attempt 1 of 1
[2023-10-03T11:33:10.073+0000] {taskinstance.py:1380} INFO - Executing <Task(GenericTransfer): transfer_database> on 2023-10-02 00:00:00+00:00
[2023-10-03T11:33:10.085+0000] {standard_task_runner.py:57} INFO - Started process 70 to run task
[2023-10-03T11:33:10.099+0000] {standard_task_runner.py:84} INFO - Running: ['***', 'tasks', 'run', 'extract_data', 'transfer_database', 'scheduled__2023-10-02T00:00:00+00:00', '--job-id', '113', '--raw', '--subdir', 'DAGS_FOLDER/transfer_data.py', '--cfg-path', '/tmp/tmp2cocr43i']
[2023-10-03T11:33:10.102+0000] {standard_task_runner.py:85} INFO - Job 113: Subtask transfer_database
[2023-10-03T11:33:10.247+0000] {task_command.py:415} INFO - Running <TaskInstance: extract_data.transfer_database scheduled__2023-10-02T00:00:00+00:00 [running]> on host eb8068a047da
[2023-10-03T11:33:10.369+0000] {taskinstance.py:1660} INFO - Exporting env vars: AIRFLOW_CTX_DAG_OWNER='***' AIRFLOW_CTX_DAG_ID='extract_data' AIRFLOW_CTX_TASK_ID='transfer_database' AIRFLOW_CTX_EXECUTION_DATE='2023-10-02T00:00:00+00:00' AIRFLOW_CTX_TRY_NUMBER='1' AIRFLOW_CTX_DAG_RUN_ID='scheduled__2023-10-02T00:00:00+00:00'
[2023-10-03T11:33:10.388+0000] {base.py:73} INFO - Using connection ID 'pgdatabase' for task execution.
[2023-10-03T11:33:10.415+0000] {base.py:73} INFO - Using connection ID 'postgres' for task execution.
[2023-10-03T11:33:10.416+0000] {generic_transfer.py:77} INFO - Extracting data from pgdatabase
[2023-10-03T11:33:10.416+0000] {generic_transfer.py:78} INFO - Executing: 
 SELECT state,account_length,area_code,phone_number,international_plan,voice_mail_plan,number_vmail_messages,total_day_minutes,total_day_calls,total_day_charge,total_eve_minutes,total_eve_calls,total_eve_charge,total_night_minutes,total_night_calls,total_night_charge,total_intl_minutes,total_intl_calls,total_intl_charge,customer_service_calls,churn FROM public.machine_learning_customerchurn WHERE customer_service_calls > 2;
[2023-10-03T11:33:10.428+0000] {base.py:73} INFO - Using connection ID 'pgdatabase' for task execution.
[2023-10-03T11:33:10.437+0000] {sql.py:418} INFO - Running statement: SELECT state,account_length,area_code,phone_number,international_plan,voice_mail_plan,number_vmail_messages,total_day_minutes,total_day_calls,total_day_charge,total_eve_minutes,total_eve_calls,total_eve_charge,total_night_minutes,total_night_calls,total_night_charge,total_intl_minutes,total_intl_calls,total_intl_charge,customer_service_calls,churn FROM public.machine_learning_customerchurn WHERE customer_service_calls > 2;, parameters: None
[2023-10-03T11:33:10.459+0000] {sql.py:427} INFO - Rows affected: 2088
[2023-10-03T11:33:10.466+0000] {generic_transfer.py:105} INFO - Inserting rows into postgres
[2023-10-03T11:33:10.476+0000] {base.py:73} INFO - Using connection ID 'postgres' for task execution.
[2023-10-03T11:33:10.803+0000] {sql.py:512} INFO - Loaded 1000 rows into machine_learning_customerchurn so far
[2023-10-03T11:33:11.109+0000] {sql.py:512} INFO - Loaded 2000 rows into machine_learning_customerchurn so far
[2023-10-03T11:33:11.146+0000] {sql.py:515} INFO - Done loading. Loaded a total of 2088 rows into machine_learning_customerchurn
[2023-10-03T11:33:11.232+0000] {taskinstance.py:1398} INFO - Marking task as SUCCESS. dag_id=extract_data, task_id=transfer_database, execution_date=20231002T000000, start_date=20231003T113310, end_date=20231003T113311
[2023-10-03T11:33:11.276+0000] {local_task_job_runner.py:228} INFO - Task exited with return code 0
[2023-10-03T11:33:11.304+0000] {taskinstance.py:2776} INFO - 0 downstream tasks scheduled from follow-on schedule check
