[2023-09-24T02:01:29.116+0000] {taskinstance.py:1165} INFO - Dependencies all met for <TaskInstance: create_tables.extr_data scheduled__2023-09-23T00:00:00+00:00 [queued]>
[2023-09-24T02:01:29.142+0000] {taskinstance.py:1165} INFO - Dependencies all met for <TaskInstance: create_tables.extr_data scheduled__2023-09-23T00:00:00+00:00 [queued]>
[2023-09-24T02:01:29.143+0000] {taskinstance.py:1362} INFO - 
--------------------------------------------------------------------------------
[2023-09-24T02:01:29.144+0000] {taskinstance.py:1363} INFO - Starting attempt 1 of 1
[2023-09-24T02:01:29.144+0000] {taskinstance.py:1364} INFO - 
--------------------------------------------------------------------------------
[2023-09-24T02:01:29.177+0000] {taskinstance.py:1383} INFO - Executing <Task(GenericTransfer): extr_data> on 2023-09-23 00:00:00+00:00
[2023-09-24T02:01:29.187+0000] {standard_task_runner.py:55} INFO - Started process 79 to run task
[2023-09-24T02:01:29.193+0000] {standard_task_runner.py:82} INFO - Running: ['***', 'tasks', 'run', 'create_tables', 'extr_data', 'scheduled__2023-09-23T00:00:00+00:00', '--job-id', '95', '--raw', '--subdir', 'DAGS_FOLDER/process_data.py', '--cfg-path', '/tmp/tmpt4vnbxx9']
[2023-09-24T02:01:29.194+0000] {standard_task_runner.py:83} INFO - Job 95: Subtask extr_data
[2023-09-24T02:01:29.338+0000] {task_command.py:376} INFO - Running <TaskInstance: create_tables.extr_data scheduled__2023-09-23T00:00:00+00:00 [running]> on host 20e0c20d2e1d
[2023-09-24T02:01:29.494+0000] {taskinstance.py:1592} INFO - Exporting the following env vars:
AIRFLOW_CTX_DAG_OWNER=***
AIRFLOW_CTX_DAG_ID=create_tables
AIRFLOW_CTX_TASK_ID=extr_data
AIRFLOW_CTX_EXECUTION_DATE=2023-09-23T00:00:00+00:00
AIRFLOW_CTX_TRY_NUMBER=1
AIRFLOW_CTX_DAG_RUN_ID=scheduled__2023-09-23T00:00:00+00:00
[2023-09-24T02:01:29.512+0000] {base.py:71} INFO - Using connection ID 'pgdatabase' for task execution.
[2023-09-24T02:01:29.939+0000] {base.py:71} INFO - Using connection ID 'postgres' for task execution.
[2023-09-24T02:01:30.253+0000] {generic_transfer.py:76} INFO - Extracting data from pgdatabase
[2023-09-24T02:01:30.254+0000] {generic_transfer.py:77} INFO - Executing: 
 SELECT state,account_length,area_code,phone_number,international_plan,voice_mail_plan,number_vmail_messages,total_day_minutes,total_day_calls,total_day_charge,total_eve_minutes,total_eve_calls,total_eve_charge,total_night_minutes,total_night_calls,total_night_charge,total_intl_minutes,total_intl_calls,total_intl_charge,customer_service_calls,churn FROM public.machine_learning_customerchurn WHERE customer_service_calls < 2;
[2023-09-24T02:01:30.264+0000] {base.py:71} INFO - Using connection ID 'pgdatabase' for task execution.
[2023-09-24T02:01:30.295+0000] {generic_transfer.py:94} INFO - Running preoperator
[2023-09-24T02:01:30.296+0000] {generic_transfer.py:95} INFO - TRUNCATE TABLE machine_learning_customerchurn;
[2023-09-24T02:01:30.308+0000] {base.py:71} INFO - Using connection ID 'postgres' for task execution.
[2023-09-24T02:01:30.314+0000] {sql.py:315} INFO - Running statement: TRUNCATE TABLE machine_learning_customerchurn;, parameters: None
[2023-09-24T02:01:30.324+0000] {generic_transfer.py:104} INFO - Inserting rows into postgres
[2023-09-24T02:01:30.334+0000] {base.py:71} INFO - Using connection ID 'postgres' for task execution.
[2023-09-24T02:01:30.719+0000] {sql.py:412} INFO - Loaded 1000 rows into machine_learning_customerchurn so far
[2023-09-24T02:01:30.982+0000] {sql.py:412} INFO - Loaded 2000 rows into machine_learning_customerchurn so far
[2023-09-24T02:01:31.197+0000] {sql.py:412} INFO - Loaded 3000 rows into machine_learning_customerchurn so far
[2023-09-24T02:01:31.336+0000] {sql.py:415} INFO - Done loading. Loaded a total of 3756 rows
[2023-09-24T02:01:31.348+0000] {taskinstance.py:1406} INFO - Marking task as SUCCESS. dag_id=create_tables, task_id=extr_data, execution_date=20230923T000000, start_date=20230924T020129, end_date=20230924T020131
[2023-09-24T02:01:31.375+0000] {local_task_job.py:164} INFO - Task exited with return code 0
[2023-09-24T02:01:31.397+0000] {local_task_job.py:273} INFO - 0 downstream tasks scheduled from follow-on schedule check
