[2023-09-23T12:54:14.824+0000] {taskinstance.py:1165} INFO - Dependencies all met for <TaskInstance: create_tables.extr_data manual__2023-09-23T12:54:12.321135+00:00 [queued]>
[2023-09-23T12:54:14.836+0000] {taskinstance.py:1165} INFO - Dependencies all met for <TaskInstance: create_tables.extr_data manual__2023-09-23T12:54:12.321135+00:00 [queued]>
[2023-09-23T12:54:14.837+0000] {taskinstance.py:1362} INFO - 
--------------------------------------------------------------------------------
[2023-09-23T12:54:14.838+0000] {taskinstance.py:1363} INFO - Starting attempt 1 of 1
[2023-09-23T12:54:14.839+0000] {taskinstance.py:1364} INFO - 
--------------------------------------------------------------------------------
[2023-09-23T12:54:14.853+0000] {taskinstance.py:1383} INFO - Executing <Task(GenericTransfer): extr_data> on 2023-09-23 12:54:12.321135+00:00
[2023-09-23T12:54:14.857+0000] {standard_task_runner.py:55} INFO - Started process 6975 to run task
[2023-09-23T12:54:14.860+0000] {standard_task_runner.py:82} INFO - Running: ['***', 'tasks', 'run', 'create_tables', 'extr_data', 'manual__2023-09-23T12:54:12.321135+00:00', '--job-id', '88', '--raw', '--subdir', 'DAGS_FOLDER/process_data.py', '--cfg-path', '/tmp/tmpzt8xik2p']
[2023-09-23T12:54:14.861+0000] {standard_task_runner.py:83} INFO - Job 88: Subtask extr_data
[2023-09-23T12:54:14.913+0000] {task_command.py:376} INFO - Running <TaskInstance: create_tables.extr_data manual__2023-09-23T12:54:12.321135+00:00 [running]> on host 20e0c20d2e1d
[2023-09-23T12:54:14.974+0000] {taskinstance.py:1592} INFO - Exporting the following env vars:
AIRFLOW_CTX_DAG_OWNER=***
AIRFLOW_CTX_DAG_ID=create_tables
AIRFLOW_CTX_TASK_ID=extr_data
AIRFLOW_CTX_EXECUTION_DATE=2023-09-23T12:54:12.321135+00:00
AIRFLOW_CTX_TRY_NUMBER=1
AIRFLOW_CTX_DAG_RUN_ID=manual__2023-09-23T12:54:12.321135+00:00
[2023-09-23T12:54:14.983+0000] {base.py:71} INFO - Using connection ID 'pgdatabase' for task execution.
[2023-09-23T12:54:15.132+0000] {base.py:71} INFO - Using connection ID 'postgres' for task execution.
[2023-09-23T12:54:15.258+0000] {generic_transfer.py:76} INFO - Extracting data from pgdatabase
[2023-09-23T12:54:15.258+0000] {generic_transfer.py:77} INFO - Executing: 
 SELECT state,account_length,area_code,phone_number,international_plan,voice_mail_plan,number_vmail_messages,total_day_minutes,total_day_calls,total_day_charge,total_eve_minutes,total_eve_calls,total_eve_charge,total_night_minutes,total_night_calls,total_night_charge,total_intl_minutes,total_intl_calls,total_intl_charge,customer_service_calls,churn FROM public.machine_learning_customerchurn WHERE customer_service_calls < 2;
[2023-09-23T12:54:15.264+0000] {base.py:71} INFO - Using connection ID 'pgdatabase' for task execution.
[2023-09-23T12:54:15.277+0000] {generic_transfer.py:94} INFO - Running preoperator
[2023-09-23T12:54:15.278+0000] {generic_transfer.py:95} INFO - TRUNCATE TABLE machine_learning_customerchurn;
[2023-09-23T12:54:15.284+0000] {base.py:71} INFO - Using connection ID 'postgres' for task execution.
[2023-09-23T12:54:15.287+0000] {sql.py:315} INFO - Running statement: TRUNCATE TABLE machine_learning_customerchurn;, parameters: None
[2023-09-23T12:54:15.340+0000] {generic_transfer.py:104} INFO - Inserting rows into postgres
[2023-09-23T12:54:15.346+0000] {base.py:71} INFO - Using connection ID 'postgres' for task execution.
[2023-09-23T12:54:15.536+0000] {sql.py:412} INFO - Loaded 1000 rows into machine_learning_customerchurn so far
[2023-09-23T12:54:15.672+0000] {sql.py:415} INFO - Done loading. Loaded a total of 1878 rows
[2023-09-23T12:54:15.680+0000] {taskinstance.py:1406} INFO - Marking task as SUCCESS. dag_id=create_tables, task_id=extr_data, execution_date=20230923T125412, start_date=20230923T125414, end_date=20230923T125415
[2023-09-23T12:54:15.715+0000] {local_task_job.py:164} INFO - Task exited with return code 0
[2023-09-23T12:54:15.732+0000] {local_task_job.py:273} INFO - 0 downstream tasks scheduled from follow-on schedule check
