[2023-09-22T23:51:52.288+0000] {taskinstance.py:1165} INFO - Dependencies all met for <TaskInstance: create_multi_table.transfer_data_pgdatabase_postgres scheduled__2023-09-21T00:00:00+00:00 [queued]>
[2023-09-22T23:51:52.298+0000] {taskinstance.py:1165} INFO - Dependencies all met for <TaskInstance: create_multi_table.transfer_data_pgdatabase_postgres scheduled__2023-09-21T00:00:00+00:00 [queued]>
[2023-09-22T23:51:52.299+0000] {taskinstance.py:1362} INFO - 
--------------------------------------------------------------------------------
[2023-09-22T23:51:52.300+0000] {taskinstance.py:1363} INFO - Starting attempt 1 of 1
[2023-09-22T23:51:52.300+0000] {taskinstance.py:1364} INFO - 
--------------------------------------------------------------------------------
[2023-09-22T23:51:52.313+0000] {taskinstance.py:1383} INFO - Executing <Task(GenericTransfer): transfer_data_pgdatabase_postgres> on 2023-09-21 00:00:00+00:00
[2023-09-22T23:51:52.318+0000] {standard_task_runner.py:55} INFO - Started process 904 to run task
[2023-09-22T23:51:52.320+0000] {standard_task_runner.py:82} INFO - Running: ['***', 'tasks', 'run', 'create_multi_table', 'transfer_data_pgdatabase_postgres', 'scheduled__2023-09-21T00:00:00+00:00', '--job-id', '50', '--raw', '--subdir', 'DAGS_FOLDER/crt_tbls_trs_data.py', '--cfg-path', '/tmp/tmpb6lcejuy']
[2023-09-22T23:51:52.321+0000] {standard_task_runner.py:83} INFO - Job 50: Subtask transfer_data_pgdatabase_postgres
[2023-09-22T23:51:52.368+0000] {task_command.py:376} INFO - Running <TaskInstance: create_multi_table.transfer_data_pgdatabase_postgres scheduled__2023-09-21T00:00:00+00:00 [running]> on host c71b9a166a04
[2023-09-22T23:51:52.417+0000] {taskinstance.py:1592} INFO - Exporting the following env vars:
AIRFLOW_CTX_DAG_OWNER=***
AIRFLOW_CTX_DAG_ID=create_multi_table
AIRFLOW_CTX_TASK_ID=transfer_data_pgdatabase_postgres
AIRFLOW_CTX_EXECUTION_DATE=2023-09-21T00:00:00+00:00
AIRFLOW_CTX_TRY_NUMBER=1
AIRFLOW_CTX_DAG_RUN_ID=scheduled__2023-09-21T00:00:00+00:00
[2023-09-22T23:51:52.425+0000] {base.py:71} INFO - Using connection ID 'pgdatabase' for task execution.
[2023-09-22T23:51:52.560+0000] {base.py:71} INFO - Using connection ID 'postgres' for task execution.
[2023-09-22T23:51:52.698+0000] {generic_transfer.py:76} INFO - Extracting data from pgdatabase
[2023-09-22T23:51:52.698+0000] {generic_transfer.py:77} INFO - Executing: 
 SELECT * FROM machine_learning_customerchurn;
[2023-09-22T23:51:52.705+0000] {base.py:71} INFO - Using connection ID 'pgdatabase' for task execution.
[2023-09-22T23:51:52.713+0000] {generic_transfer.py:104} INFO - Inserting rows into postgres
[2023-09-22T23:51:52.720+0000] {base.py:71} INFO - Using connection ID 'postgres' for task execution.
[2023-09-22T23:51:52.724+0000] {taskinstance.py:1851} ERROR - Task failed with exception
Traceback (most recent call last):
  File "/home/airflow/.local/lib/python3.7/site-packages/airflow/operators/generic_transfer.py", line 105, in execute
    insert_rows(table=self.destination_table, rows=results, **self.insert_args)
  File "/home/airflow/.local/lib/python3.7/site-packages/airflow/providers/common/sql/hooks/sql.py", line 409, in insert_rows
    cur.execute(sql, values)
psycopg2.errors.UndefinedTable: relation "machine_learing_customerchurn" does not exist
LINE 1: INSERT INTO machine_learing_customerchurn  VALUES (1,'MT',73...
                    ^

[2023-09-22T23:51:52.731+0000] {taskinstance.py:1406} INFO - Marking task as FAILED. dag_id=create_multi_table, task_id=transfer_data_pgdatabase_postgres, execution_date=20230921T000000, start_date=20230922T235152, end_date=20230922T235152
[2023-09-22T23:51:52.741+0000] {standard_task_runner.py:105} ERROR - Failed to execute job 50 for task transfer_data_pgdatabase_postgres (relation "machine_learing_customerchurn" does not exist
LINE 1: INSERT INTO machine_learing_customerchurn  VALUES (1,'MT',73...
                    ^
; 904)
[2023-09-22T23:51:52.774+0000] {local_task_job.py:164} INFO - Task exited with return code 1
[2023-09-22T23:51:52.790+0000] {local_task_job.py:273} INFO - 0 downstream tasks scheduled from follow-on schedule check
