[2023-09-23T12:27:17.371+0000] {taskinstance.py:1165} INFO - Dependencies all met for <TaskInstance: extract_data.transfer_database manual__2023-09-23T12:27:16.313382+00:00 [queued]>
[2023-09-23T12:27:17.385+0000] {taskinstance.py:1165} INFO - Dependencies all met for <TaskInstance: extract_data.transfer_database manual__2023-09-23T12:27:16.313382+00:00 [queued]>
[2023-09-23T12:27:17.386+0000] {taskinstance.py:1362} INFO - 
--------------------------------------------------------------------------------
[2023-09-23T12:27:17.386+0000] {taskinstance.py:1363} INFO - Starting attempt 1 of 1
[2023-09-23T12:27:17.387+0000] {taskinstance.py:1364} INFO - 
--------------------------------------------------------------------------------
[2023-09-23T12:27:17.401+0000] {taskinstance.py:1383} INFO - Executing <Task(GenericTransfer): transfer_database> on 2023-09-23 12:27:16.313382+00:00
[2023-09-23T12:27:17.433+0000] {standard_task_runner.py:55} INFO - Started process 5692 to run task
[2023-09-23T12:27:17.439+0000] {standard_task_runner.py:82} INFO - Running: ['***', 'tasks', 'run', 'extract_data', 'transfer_database', 'manual__2023-09-23T12:27:16.313382+00:00', '--job-id', '83', '--raw', '--subdir', 'DAGS_FOLDER/transfer_data.py', '--cfg-path', '/tmp/tmpe3ldgds0']
[2023-09-23T12:27:17.440+0000] {standard_task_runner.py:83} INFO - Job 83: Subtask transfer_database
[2023-09-23T12:27:17.508+0000] {task_command.py:376} INFO - Running <TaskInstance: extract_data.transfer_database manual__2023-09-23T12:27:16.313382+00:00 [running]> on host 20e0c20d2e1d
[2023-09-23T12:27:17.574+0000] {taskinstance.py:1592} INFO - Exporting the following env vars:
AIRFLOW_CTX_DAG_OWNER=***
AIRFLOW_CTX_DAG_ID=extract_data
AIRFLOW_CTX_TASK_ID=transfer_database
AIRFLOW_CTX_EXECUTION_DATE=2023-09-23T12:27:16.313382+00:00
AIRFLOW_CTX_TRY_NUMBER=1
AIRFLOW_CTX_DAG_RUN_ID=manual__2023-09-23T12:27:16.313382+00:00
[2023-09-23T12:27:17.584+0000] {base.py:71} INFO - Using connection ID 'pgdatabase' for task execution.
[2023-09-23T12:27:17.777+0000] {base.py:71} INFO - Using connection ID 'postgres' for task execution.
[2023-09-23T12:27:17.946+0000] {generic_transfer.py:76} INFO - Extracting data from pgdatabase
[2023-09-23T12:27:17.946+0000] {generic_transfer.py:77} INFO - Executing: 
 SELECT state,account_length,area_code,phone_number,international_plan,voice_mail_plan,number_vmail_messages,total_day_minutes,total_day_calls,total_day_charge,total_eve_minutes,total_eve_calls,total_eve_charge,total_night_minutes,total_night_calls,total_night_charge,total_intl_minutes,total_intl_calls,total_intl_charge,customer_service_calls,churn FROM public.machine_learning_customerchurn WHERE customer_service_calls > 2;
[2023-09-23T12:27:17.952+0000] {base.py:71} INFO - Using connection ID 'pgdatabase' for task execution.
[2023-09-23T12:27:17.963+0000] {generic_transfer.py:104} INFO - Inserting rows into postgres
[2023-09-23T12:27:17.970+0000] {base.py:71} INFO - Using connection ID 'postgres' for task execution.
[2023-09-23T12:27:18.141+0000] {sql.py:415} INFO - Done loading. Loaded a total of 704 rows
[2023-09-23T12:27:18.150+0000] {taskinstance.py:1406} INFO - Marking task as SUCCESS. dag_id=extract_data, task_id=transfer_database, execution_date=20230923T122716, start_date=20230923T122717, end_date=20230923T122718
[2023-09-23T12:27:18.172+0000] {local_task_job.py:164} INFO - Task exited with return code 0
[2023-09-23T12:27:18.190+0000] {local_task_job.py:273} INFO - 0 downstream tasks scheduled from follow-on schedule check
